<?xml version="1.0" encoding="utf-8" standalone="no"?>
<!--This file represents the results of running a test suite-->
<test-results name="bin/Debug/Core-Test.dll" total="669" failures="506" not-run="0" date="2015-01-05" time="02:34:17">
  <environment nunit-version="2.4.8.0" clr-version="4.0.30319.17020" os-version="Unix 14.0.0.0" platform="Unix" cwd="/Users/ericvergnaud/Development/Presto/C#/Core-Test" machine-name="mbpe-2.local" user="ericvergnaud" user-domain="mbpe-2.local" />
  <culture-info current-culture="fr-FR" current-uiculture="fr-FR" />
  <test-suite name="bin/Debug/Core-Test.dll" success="False" time="6.122" asserts="0">
    <results>
      <test-suite name="presto" success="False" time="6.120" asserts="0">
        <results>
          <test-suite name="boa" success="False" time="2.983" asserts="0">
            <results>
              <test-suite name="runtime" success="False" time="2.977" asserts="0">
                <results>
                  <test-suite name="TestAdd" success="False" time="0.415" asserts="0">
                    <results>
                      <test-case name="presto.boa.runtime.TestAdd.testAddCharacter" executed="True" success="False" time="0.264" asserts="1">
                        <failure>
                          <message><![CDATA[System.NullReferenceException : Object reference not set to an instance of an object]]></message>
                          <stack-trace><![CDATA[at presto.declaration.BaseMethodDeclaration.register (presto.runtime.Context context) [0x00000] in <filename unknown>:0
at presto.grammar.DeclarationList.register (presto.runtime.Context context) [0x00000] in <filename unknown>:0
at presto.parser.BaseBoaParserTest.loadResource (System.String resourceName) [0x00000] in <filename unknown>:0
at presto.parser.BaseBoaParserTest.runResource (System.String resourceName) [0x00000] in <filename unknown>:0
at presto.parser.BaseBoaParserTest.CheckOutput (System.String resourceName) [0x00000] in <filename unknown>:0
at presto.boa.runtime.TestAdd.testAddCharacter () [0x00000] in <filename unknown>:0
at (wrapper managed-to-native) System.Reflection.MonoMethod:InternalInvoke (System.Reflection.MonoMethod,object,object[],System.Exception&)
at System.Reflection.MonoMethod.Invoke (System.Object obj, BindingFlags invokeAttr, System.Reflection.Binder binder, System.Object[] parameters, System.Globalization.CultureInfo culture) [0x00000] in <filename unknown>:0
]]></stack-trace>
                        </failure>
                      </test-case>
                      <test-case name="presto.boa.runtime.TestAdd.testAddDate" executed="True" success="False" time="0.022" asserts="1">
                        <failure>
                          <message><![CDATA[System.NullReferenceException : Object reference not set to an instance of an object]]></message>
                          <stack-trace><![CDATA[at presto.declaration.BaseMethodDeclaration.register (presto.runtime.Context context) [0x00000] in <filename unknown>:0
at presto.grammar.DeclarationList.register (presto.runtime.Context context) [0x00000] in <filename unknown>:0
at presto.parser.BaseBoaParserTest.loadResource (System.String resourceName) [0x00000] in <filename unknown>:0
at presto.parser.BaseBoaParserTest.runResource (System.String resourceName) [0x00000] in <filename unknown>:0
at presto.parser.BaseBoaParserTest.CheckOutput (System.String resourceName) [0x00000] in <filename unknown>:0
at presto.boa.runtime.TestAdd.testAddDate () [0x00000] in <filename unknown>:0
at (wrapper managed-to-native) System.Reflection.MonoMethod:InternalInvoke (System.Reflection.MonoMethod,object,object[],System.Exception&)
at System.Reflection.MonoMethod.Invoke (System.Object obj, BindingFlags invokeAttr, System.Reflection.Binder binder, System.Object[] parameters, System.Globalization.CultureInfo culture) [0x00000] in <filename unknown>:0
]]></stack-trace>
                        </failure>
                      </test-case>
                      <test-case name="presto.boa.runtime.TestAdd.testAddDateTime" executed="True" success="False" time="0.003" asserts="1">
                        <failure>
                          <message><![CDATA[System.NullReferenceException : Object reference not set to an instance of an object]]></message>
                          <stack-trace><![CDATA[at presto.declaration.BaseMethodDeclaration.register (presto.runtime.Context context) [0x00000] in <filename unknown>:0
at presto.grammar.DeclarationList.register (presto.runtime.Context context) [0x00000] in <filename unknown>:0
at presto.parser.BaseBoaParserTest.loadResource (System.String resourceName) [0x00000] in <filename unknown>:0
at presto.parser.BaseBoaParserTest.runResource (System.String resourceName) [0x00000] in <filename unknown>:0
at presto.parser.BaseBoaParserTest.CheckOutput (System.String resourceName) [0x00000] in <filename unknown>:0
at presto.boa.runtime.TestAdd.testAddDateTime () [0x00000] in <filename unknown>:0
at (wrapper managed-to-native) System.Reflection.MonoMethod:InternalInvoke (System.Reflection.MonoMethod,object,object[],System.Exception&)
at System.Reflection.MonoMethod.Invoke (System.Object obj, BindingFlags invokeAttr, System.Reflection.Binder binder, System.Object[] parameters, System.Globalization.CultureInfo culture) [0x00000] in <filename unknown>:0
]]></stack-trace>
                        </failure>
                      </test-case>
                      <test-case name="presto.boa.runtime.TestAdd.testAddDecimal" executed="True" success="False" time="0.008" asserts="1">
                        <failure>
                          <message><![CDATA[System.NullReferenceException : Object reference not set to an instance of an object]]></message>
                          <stack-trace><![CDATA[at presto.declaration.BaseMethodDeclaration.register (presto.runtime.Context context) [0x00000] in <filename unknown>:0
at presto.grammar.DeclarationList.register (presto.runtime.Context context) [0x00000] in <filename unknown>:0
at presto.parser.BaseBoaParserTest.loadResource (System.String resourceName) [0x00000] in <filename unknown>:0
at presto.parser.BaseBoaParserTest.runResource (System.String resourceName) [0x00000] in <filename unknown>:0
at presto.parser.BaseBoaParserTest.CheckOutput (System.String resourceName) [0x00000] in <filename unknown>:0
at presto.boa.runtime.TestAdd.testAddDecimal () [0x00000] in <filename unknown>:0
at (wrapper managed-to-native) System.Reflection.MonoMethod:InternalInvoke (System.Reflection.MonoMethod,object,object[],System.Exception&)
at System.Reflection.MonoMethod.Invoke (System.Object obj, BindingFlags invokeAttr, System.Reflection.Binder binder, System.Object[] parameters, System.Globalization.CultureInfo culture) [0x00000] in <filename unknown>:0
]]></stack-trace>
                        </failure>
                      </test-case>
                      <test-case name="presto.boa.runtime.TestAdd.testAddDict" executed="True" success="False" time="0.011" asserts="1">
                        <failure>
                          <message><![CDATA[System.NullReferenceException : Object reference not set to an instance of an object]]></message>
                          <stack-trace><![CDATA[at presto.declaration.BaseMethodDeclaration.register (presto.runtime.Context context) [0x00000] in <filename unknown>:0
at presto.grammar.DeclarationList.register (presto.runtime.Context context) [0x00000] in <filename unknown>:0
at presto.parser.BaseBoaParserTest.loadResource (System.String resourceName) [0x00000] in <filename unknown>:0
at presto.parser.BaseBoaParserTest.runResource (System.String resourceName) [0x00000] in <filename unknown>:0
at presto.parser.BaseBoaParserTest.CheckOutput (System.String resourceName) [0x00000] in <filename unknown>:0
at presto.boa.runtime.TestAdd.testAddDict () [0x00000] in <filename unknown>:0
at (wrapper managed-to-native) System.Reflection.MonoMethod:InternalInvoke (System.Reflection.MonoMethod,object,object[],System.Exception&)
at System.Reflection.MonoMethod.Invoke (System.Object obj, BindingFlags invokeAttr, System.Reflection.Binder binder, System.Object[] parameters, System.Globalization.CultureInfo culture) [0x00000] in <filename unknown>:0
]]></stack-trace>
                        </failure>
                      </test-case>
                      <test-case name="presto.boa.runtime.TestAdd.testAddInteger" executed="True" success="False" time="0.003" asserts="1">
                        <failure>
                          <message><![CDATA[System.NullReferenceException : Object reference not set to an instance of an object]]></message>
                          <stack-trace><![CDATA[at presto.declaration.BaseMethodDeclaration.register (presto.runtime.Context context) [0x00000] in <filename unknown>:0
at presto.grammar.DeclarationList.register (presto.runtime.Context context) [0x00000] in <filename unknown>:0
at presto.parser.BaseBoaParserTest.loadResource (System.String resourceName) [0x00000] in <filename unknown>:0
at presto.parser.BaseBoaParserTest.runResource (System.String resourceName) [0x00000] in <filename unknown>:0
at presto.parser.BaseBoaParserTest.CheckOutput (System.String resourceName) [0x00000] in <filename unknown>:0
at presto.boa.runtime.TestAdd.testAddInteger () [0x00000] in <filename unknown>:0
at (wrapper managed-to-native) System.Reflection.MonoMethod:InternalInvoke (System.Reflection.MonoMethod,object,object[],System.Exception&)
at System.Reflection.MonoMethod.Invoke (System.Object obj, BindingFlags invokeAttr, System.Reflection.Binder binder, System.Object[] parameters, System.Globalization.CultureInfo culture) [0x00000] in <filename unknown>:0
]]></stack-trace>
                        </failure>
                      </test-case>
                      <test-case name="presto.boa.runtime.TestAdd.testAddList" executed="True" success="False" time="0.008" asserts="1">
                        <failure>
                          <message><![CDATA[System.NullReferenceException : Object reference not set to an instance of an object]]></message>
                          <stack-trace><![CDATA[at presto.declaration.BaseMethodDeclaration.register (presto.runtime.Context context) [0x00000] in <filename unknown>:0
at presto.grammar.DeclarationList.register (presto.runtime.Context context) [0x00000] in <filename unknown>:0
at presto.parser.BaseBoaParserTest.loadResource (System.String resourceName) [0x00000] in <filename unknown>:0
at presto.parser.BaseBoaParserTest.runResource (System.String resourceName) [0x00000] in <filename unknown>:0
at presto.parser.BaseBoaParserTest.CheckOutput (System.String resourceName) [0x00000] in <filename unknown>:0
at presto.boa.runtime.TestAdd.testAddList () [0x00000] in <filename unknown>:0
at (wrapper managed-to-native) System.Reflection.MonoMethod:InternalInvoke (System.Reflection.MonoMethod,object,object[],System.Exception&)
at System.Reflection.MonoMethod.Invoke (System.Object obj, BindingFlags invokeAttr, System.Reflection.Binder binder, System.Object[] parameters, System.Globalization.CultureInfo culture) [0x00000] in <filename unknown>:0
]]></stack-trace>
                        </failure>
                      </test-case>
                      <test-case name="presto.boa.runtime.TestAdd.testAddPeriod" executed="True" success="False" time="0.002" asserts="1">
                        <failure>
                          <message><![CDATA[System.NullReferenceException : Object reference not set to an instance of an object]]></message>
                          <stack-trace><![CDATA[at presto.declaration.BaseMethodDeclaration.register (presto.runtime.Context context) [0x00000] in <filename unknown>:0
at presto.grammar.DeclarationList.register (presto.runtime.Context context) [0x00000] in <filename unknown>:0
at presto.parser.BaseBoaParserTest.loadResource (System.String resourceName) [0x00000] in <filename unknown>:0
at presto.parser.BaseBoaParserTest.runResource (System.String resourceName) [0x00000] in <filename unknown>:0
at presto.parser.BaseBoaParserTest.CheckOutput (System.String resourceName) [0x00000] in <filename unknown>:0
at presto.boa.runtime.TestAdd.testAddPeriod () [0x00000] in <filename unknown>:0
at (wrapper managed-to-native) System.Reflection.MonoMethod:InternalInvoke (System.Reflection.MonoMethod,object,object[],System.Exception&)
at System.Reflection.MonoMethod.Invoke (System.Object obj, BindingFlags invokeAttr, System.Reflection.Binder binder, System.Object[] parameters, System.Globalization.CultureInfo culture) [0x00000] in <filename unknown>:0
]]></stack-trace>
                        </failure>
                      </test-case>
                      <test-case name="presto.boa.runtime.TestAdd.testAddText" executed="True" success="False" time="0.001" asserts="1">
                        <failure>
                          <message><![CDATA[System.NullReferenceException : Object reference not set to an instance of an object]]></message>
                          <stack-trace><![CDATA[at presto.declaration.BaseMethodDeclaration.register (presto.runtime.Context context) [0x00000] in <filename unknown>:0
at presto.grammar.DeclarationList.register (presto.runtime.Context context) [0x00000] in <filename unknown>:0
at presto.parser.BaseBoaParserTest.loadResource (System.String resourceName) [0x00000] in <filename unknown>:0
at presto.parser.BaseBoaParserTest.runResource (System.String resourceName) [0x00000] in <filename unknown>:0
at presto.parser.BaseBoaParserTest.CheckOutput (System.String resourceName) [0x00000] in <filename unknown>:0
at presto.boa.runtime.TestAdd.testAddText () [0x00000] in <filename unknown>:0
at (wrapper managed-to-native) System.Reflection.MonoMethod:InternalInvoke (System.Reflection.MonoMethod,object,object[],System.Exception&)
at System.Reflection.MonoMethod.Invoke (System.Object obj, BindingFlags invokeAttr, System.Reflection.Binder binder, System.Object[] parameters, System.Globalization.CultureInfo culture) [0x00000] in <filename unknown>:0
]]></stack-trace>
                        </failure>
                      </test-case>
                      <test-case name="presto.boa.runtime.TestAdd.testAddTime" executed="True" success="False" time="0.003" asserts="1">
                        <failure>
                          <message><![CDATA[System.NullReferenceException : Object reference not set to an instance of an object]]></message>
                          <stack-trace><![CDATA[at presto.declaration.BaseMethodDeclaration.register (presto.runtime.Context context) [0x00000] in <filename unknown>:0
at presto.grammar.DeclarationList.register (presto.runtime.Context context) [0x00000] in <filename unknown>:0
at presto.parser.BaseBoaParserTest.loadResource (System.String resourceName) [0x00000] in <filename unknown>:0
at presto.parser.BaseBoaParserTest.runResource (System.String resourceName) [0x00000] in <filename unknown>:0
at presto.parser.BaseBoaParserTest.CheckOutput (System.String resourceName) [0x00000] in <filename unknown>:0
at presto.boa.runtime.TestAdd.testAddTime () [0x00000] in <filename unknown>:0
at (wrapper managed-to-native) System.Reflection.MonoMethod:InternalInvoke (System.Reflection.MonoMethod,object,object[],System.Exception&)
at System.Reflection.MonoMethod.Invoke (System.Object obj, BindingFlags invokeAttr, System.Reflection.Binder binder, System.Object[] parameters, System.Globalization.CultureInfo culture) [0x00000] in <filename unknown>:0
]]></stack-trace>
                        </failure>
                      </test-case>
                      <test-case name="presto.boa.runtime.TestAdd.testAddTuple" executed="True" success="False" time="0.010" asserts="1">
                        <failure>
                          <message><![CDATA[System.NullReferenceException : Object reference not set to an instance of an object]]></message>
                          <stack-trace><![CDATA[at presto.declaration.BaseMethodDeclaration.register (presto.runtime.Context context) [0x00000] in <filename unknown>:0
at presto.grammar.DeclarationList.register (presto.runtime.Context context) [0x00000] in <filename unknown>:0
at presto.parser.BaseBoaParserTest.loadResource (System.String resourceName) [0x00000] in <filename unknown>:0
at presto.parser.BaseBoaParserTest.runResource (System.String resourceName) [0x00000] in <filename unknown>:0
at presto.parser.BaseBoaParserTest.CheckOutput (System.String resourceName) [0x00000] in <filename unknown>:0
at presto.boa.runtime.TestAdd.testAddTuple () [0x00000] in <filename unknown>:0
at (wrapper managed-to-native) System.Reflection.MonoMethod:InternalInvoke (System.Reflection.MonoMethod,object,object[],System.Exception&)
at System.Reflection.MonoMethod.Invoke (System.Object obj, BindingFlags invokeAttr, System.Reflection.Binder binder, System.Object[] parameters, System.Globalization.CultureInfo culture) [0x00000] in <filename unknown>:0
]]></stack-trace>
                        </failure>
                      </test-case>
                    </results>
                  </test-suite>
                  <test-suite name="TestAnonymousTypes" success="False" time="0.032" asserts="0">
                    <results>
                      <test-case name="presto.boa.runtime.TestAnonymousTypes.testAnonymousAnyType" executed="True" success="False" time="0.012" asserts="0">
                        <failure>
                          <message><![CDATA[System.NullReferenceException : Object reference not set to an instance of an object]]></message>
                          <stack-trace><![CDATA[at presto.declaration.AttributeDeclaration.register (presto.runtime.Context context) [0x00000] in <filename unknown>:0
at presto.grammar.DeclarationList.register (presto.runtime.Context context) [0x00000] in <filename unknown>:0
at presto.boa.runtime.TestAnonymousTypes.register () [0x00000] in <filename unknown>:0
at (wrapper managed-to-native) System.Reflection.MonoMethod:InternalInvoke (System.Reflection.MonoMethod,object,object[],System.Exception&)
at System.Reflection.MonoMethod.Invoke (System.Object obj, BindingFlags invokeAttr, System.Reflection.Binder binder, System.Object[] parameters, System.Globalization.CultureInfo culture) [0x00000] in <filename unknown>:0
]]></stack-trace>
                        </failure>
                      </test-case>
                      <test-case name="presto.boa.runtime.TestAnonymousTypes.testAnonymousAnyTypeWithAttribute" executed="True" success="False" time="0.001" asserts="0">
                        <failure>
                          <message><![CDATA[System.NullReferenceException : Object reference not set to an instance of an object]]></message>
                          <stack-trace><![CDATA[at presto.declaration.AttributeDeclaration.register (presto.runtime.Context context) [0x00000] in <filename unknown>:0
at presto.grammar.DeclarationList.register (presto.runtime.Context context) [0x00000] in <filename unknown>:0
at presto.boa.runtime.TestAnonymousTypes.register () [0x00000] in <filename unknown>:0
at (wrapper managed-to-native) System.Reflection.MonoMethod:InternalInvoke (System.Reflection.MonoMethod,object,object[],System.Exception&)
at System.Reflection.MonoMethod.Invoke (System.Object obj, BindingFlags invokeAttr, System.Reflection.Binder binder, System.Object[] parameters, System.Globalization.CultureInfo culture) [0x00000] in <filename unknown>:0
]]></stack-trace>
                        </failure>
                      </test-case>
                      <test-case name="presto.boa.runtime.TestAnonymousTypes.testAnonymousCategoryType" executed="True" success="False" time="0.000" asserts="0">
                        <failure>
                          <message><![CDATA[System.NullReferenceException : Object reference not set to an instance of an object]]></message>
                          <stack-trace><![CDATA[at presto.declaration.AttributeDeclaration.register (presto.runtime.Context context) [0x00000] in <filename unknown>:0
at presto.grammar.DeclarationList.register (presto.runtime.Context context) [0x00000] in <filename unknown>:0
at presto.boa.runtime.TestAnonymousTypes.register () [0x00000] in <filename unknown>:0
at (wrapper managed-to-native) System.Reflection.MonoMethod:InternalInvoke (System.Reflection.MonoMethod,object,object[],System.Exception&)
at System.Reflection.MonoMethod.Invoke (System.Object obj, BindingFlags invokeAttr, System.Reflection.Binder binder, System.Object[] parameters, System.Globalization.CultureInfo culture) [0x00000] in <filename unknown>:0
]]></stack-trace>
                        </failure>
                      </test-case>
                      <test-case name="presto.boa.runtime.TestAnonymousTypes.testAnonymousCategoryTypeWithAttribute" executed="True" success="False" time="0.000" asserts="0">
                        <failure>
                          <message><![CDATA[System.NullReferenceException : Object reference not set to an instance of an object]]></message>
                          <stack-trace><![CDATA[at presto.declaration.AttributeDeclaration.register (presto.runtime.Context context) [0x00000] in <filename unknown>:0
at presto.grammar.DeclarationList.register (presto.runtime.Context context) [0x00000] in <filename unknown>:0
at presto.boa.runtime.TestAnonymousTypes.register () [0x00000] in <filename unknown>:0
at (wrapper managed-to-native) System.Reflection.MonoMethod:InternalInvoke (System.Reflection.MonoMethod,object,object[],System.Exception&)
at System.Reflection.MonoMethod.Invoke (System.Object obj, BindingFlags invokeAttr, System.Reflection.Binder binder, System.Object[] parameters, System.Globalization.CultureInfo culture) [0x00000] in <filename unknown>:0
]]></stack-trace>
                        </failure>
                      </test-case>
                    </results>
                  </test-suite>
                  <test-suite name="TestBuiltIns" success="False" time="0.210" asserts="0">
                    <results>
                      <test-case name="presto.boa.runtime.TestBuiltIns.testDateDayOfMonth" executed="True" success="False" time="0.011" asserts="1">
                        <failure>
                          <message><![CDATA[System.NullReferenceException : Object reference not set to an instance of an object]]></message>
                          <stack-trace><![CDATA[at presto.declaration.BaseMethodDeclaration.register (presto.runtime.Context context) [0x00000] in <filename unknown>:0
at presto.grammar.DeclarationList.register (presto.runtime.Context context) [0x00000] in <filename unknown>:0
at presto.parser.BaseBoaParserTest.loadResource (System.String resourceName) [0x00000] in <filename unknown>:0
at presto.parser.BaseBoaParserTest.runResource (System.String resourceName) [0x00000] in <filename unknown>:0
at presto.parser.BaseBoaParserTest.CheckOutput (System.String resourceName) [0x00000] in <filename unknown>:0
at presto.boa.runtime.TestBuiltIns.testDateDayOfMonth () [0x00000] in <filename unknown>:0
at (wrapper managed-to-native) System.Reflection.MonoMethod:InternalInvoke (System.Reflection.MonoMethod,object,object[],System.Exception&)
at System.Reflection.MonoMethod.Invoke (System.Object obj, BindingFlags invokeAttr, System.Reflection.Binder binder, System.Object[] parameters, System.Globalization.CultureInfo culture) [0x00000] in <filename unknown>:0
]]></stack-trace>
                        </failure>
                      </test-case>
                      <test-case name="presto.boa.runtime.TestBuiltIns.testDateDayOfYear" executed="True" success="False" time="0.002" asserts="1">
                        <failure>
                          <message><![CDATA[System.NullReferenceException : Object reference not set to an instance of an object]]></message>
                          <stack-trace><![CDATA[at presto.declaration.BaseMethodDeclaration.register (presto.runtime.Context context) [0x00000] in <filename unknown>:0
at presto.grammar.DeclarationList.register (presto.runtime.Context context) [0x00000] in <filename unknown>:0
at presto.parser.BaseBoaParserTest.loadResource (System.String resourceName) [0x00000] in <filename unknown>:0
at presto.parser.BaseBoaParserTest.runResource (System.String resourceName) [0x00000] in <filename unknown>:0
at presto.parser.BaseBoaParserTest.CheckOutput (System.String resourceName) [0x00000] in <filename unknown>:0
at presto.boa.runtime.TestBuiltIns.testDateDayOfYear () [0x00000] in <filename unknown>:0
at (wrapper managed-to-native) System.Reflection.MonoMethod:InternalInvoke (System.Reflection.MonoMethod,object,object[],System.Exception&)
at System.Reflection.MonoMethod.Invoke (System.Object obj, BindingFlags invokeAttr, System.Reflection.Binder binder, System.Object[] parameters, System.Globalization.CultureInfo culture) [0x00000] in <filename unknown>:0
]]></stack-trace>
                        </failure>
                      </test-case>
                      <test-case name="presto.boa.runtime.TestBuiltIns.testDateMonth" executed="True" success="False" time="0.001" asserts="1">
                        <failure>
                          <message><![CDATA[System.NullReferenceException : Object reference not set to an instance of an object]]></message>
                          <stack-trace><![CDATA[at presto.declaration.BaseMethodDeclaration.register (presto.runtime.Context context) [0x00000] in <filename unknown>:0
at presto.grammar.DeclarationList.register (presto.runtime.Context context) [0x00000] in <filename unknown>:0
at presto.parser.BaseBoaParserTest.loadResource (System.String resourceName) [0x00000] in <filename unknown>:0
at presto.parser.BaseBoaParserTest.runResource (System.String resourceName) [0x00000] in <filename unknown>:0
at presto.parser.BaseBoaParserTest.CheckOutput (System.String resourceName) [0x00000] in <filename unknown>:0
at presto.boa.runtime.TestBuiltIns.testDateMonth () [0x00000] in <filename unknown>:0
at (wrapper managed-to-native) System.Reflection.MonoMethod:InternalInvoke (System.Reflection.MonoMethod,object,object[],System.Exception&)
at System.Reflection.MonoMethod.Invoke (System.Object obj, BindingFlags invokeAttr, System.Reflection.Binder binder, System.Object[] parameters, System.Globalization.CultureInfo culture) [0x00000] in <filename unknown>:0
]]></stack-trace>
                        </failure>
                      </test-case>
                      <test-case name="presto.boa.runtime.TestBuiltIns.testDateTimeDayOfMonth" executed="True" success="False" time="0.001" asserts="1">
                        <failure>
                          <message><![CDATA[System.NullReferenceException : Object reference not set to an instance of an object]]></message>
                          <stack-trace><![CDATA[at presto.declaration.BaseMethodDeclaration.register (presto.runtime.Context context) [0x00000] in <filename unknown>:0
at presto.grammar.DeclarationList.register (presto.runtime.Context context) [0x00000] in <filename unknown>:0
at presto.parser.BaseBoaParserTest.loadResource (System.String resourceName) [0x00000] in <filename unknown>:0
at presto.parser.BaseBoaParserTest.runResource (System.String resourceName) [0x00000] in <filename unknown>:0
at presto.parser.BaseBoaParserTest.CheckOutput (System.String resourceName) [0x00000] in <filename unknown>:0
at presto.boa.runtime.TestBuiltIns.testDateTimeDayOfMonth () [0x00000] in <filename unknown>:0
at (wrapper managed-to-native) System.Reflection.MonoMethod:InternalInvoke (System.Reflection.MonoMethod,object,object[],System.Exception&)
at System.Reflection.MonoMethod.Invoke (System.Object obj, BindingFlags invokeAttr, System.Reflection.Binder binder, System.Object[] parameters, System.Globalization.CultureInfo culture) [0x00000] in <filename unknown>:0
]]></stack-trace>
                        </failure>
                      </test-case>
                      <test-case name="presto.boa.runtime.TestBuiltIns.testDateTimeDayOfYear" executed="True" success="False" time="0.002" asserts="1">
                        <failure>
                          <message><![CDATA[System.NullReferenceException : Object reference not set to an instance of an object]]></message>
                          <stack-trace><![CDATA[at presto.declaration.BaseMethodDeclaration.register (presto.runtime.Context context) [0x00000] in <filename unknown>:0
at presto.grammar.DeclarationList.register (presto.runtime.Context context) [0x00000] in <filename unknown>:0
at presto.parser.BaseBoaParserTest.loadResource (System.String resourceName) [0x00000] in <filename unknown>:0
at presto.parser.BaseBoaParserTest.runResource (System.String resourceName) [0x00000] in <filename unknown>:0
at presto.parser.BaseBoaParserTest.CheckOutput (System.String resourceName) [0x00000] in <filename unknown>:0
at presto.boa.runtime.TestBuiltIns.testDateTimeDayOfYear () [0x00000] in <filename unknown>:0
at (wrapper managed-to-native) System.Reflection.MonoMethod:InternalInvoke (System.Reflection.MonoMethod,object,object[],System.Exception&)
at System.Reflection.MonoMethod.Invoke (System.Object obj, BindingFlags invokeAttr, System.Reflection.Binder binder, System.Object[] parameters, System.Globalization.CultureInfo culture) [0x00000] in <filename unknown>:0
]]></stack-trace>
                        </failure>
                      </test-case>
                      <test-case name="presto.boa.runtime.TestBuiltIns.testDateTimeHour" executed="True" success="False" time="0.001" asserts="1">
                        <failure>
                          <message><![CDATA[System.NullReferenceException : Object reference not set to an instance of an object]]></message>
                          <stack-trace><![CDATA[at presto.declaration.BaseMethodDeclaration.register (presto.runtime.Context context) [0x00000] in <filename unknown>:0
at presto.grammar.DeclarationList.register (presto.runtime.Context context) [0x00000] in <filename unknown>:0
at presto.parser.BaseBoaParserTest.loadResource (System.String resourceName) [0x00000] in <filename unknown>:0
at presto.parser.BaseBoaParserTest.runResource (System.String resourceName) [0x00000] in <filename unknown>:0
at presto.parser.BaseBoaParserTest.CheckOutput (System.String resourceName) [0x00000] in <filename unknown>:0
at presto.boa.runtime.TestBuiltIns.testDateTimeHour () [0x00000] in <filename unknown>:0
at (wrapper managed-to-native) System.Reflection.MonoMethod:InternalInvoke (System.Reflection.MonoMethod,object,object[],System.Exception&)
at System.Reflection.MonoMethod.Invoke (System.Object obj, BindingFlags invokeAttr, System.Reflection.Binder binder, System.Object[] parameters, System.Globalization.CultureInfo culture) [0x00000] in <filename unknown>:0
]]></stack-trace>
                        </failure>
                      </test-case>
                      <test-case name="presto.boa.runtime.TestBuiltIns.testDateTimeMinute" executed="True" success="False" time="0.001" asserts="1">
                        <failure>
                          <message><![CDATA[System.NullReferenceException : Object reference not set to an instance of an object]]></message>
                          <stack-trace><![CDATA[at presto.declaration.BaseMethodDeclaration.register (presto.runtime.Context context) [0x00000] in <filename unknown>:0
at presto.grammar.DeclarationList.register (presto.runtime.Context context) [0x00000] in <filename unknown>:0
at presto.parser.BaseBoaParserTest.loadResource (System.String resourceName) [0x00000] in <filename unknown>:0
at presto.parser.BaseBoaParserTest.runResource (System.String resourceName) [0x00000] in <filename unknown>:0
at presto.parser.BaseBoaParserTest.CheckOutput (System.String resourceName) [0x00000] in <filename unknown>:0
at presto.boa.runtime.TestBuiltIns.testDateTimeMinute () [0x00000] in <filename unknown>:0
at (wrapper managed-to-native) System.Reflection.MonoMethod:InternalInvoke (System.Reflection.MonoMethod,object,object[],System.Exception&)
at System.Reflection.MonoMethod.Invoke (System.Object obj, BindingFlags invokeAttr, System.Reflection.Binder binder, System.Object[] parameters, System.Globalization.CultureInfo culture) [0x00000] in <filename unknown>:0
]]></stack-trace>
                        </failure>
                      </test-case>
                      <test-case name="presto.boa.runtime.TestBuiltIns.testDateTimeMonth" executed="True" success="False" time="0.001" asserts="1">
                        <failure>
                          <message><![CDATA[System.NullReferenceException : Object reference not set to an instance of an object]]></message>
                          <stack-trace><![CDATA[at presto.declaration.BaseMethodDeclaration.register (presto.runtime.Context context) [0x00000] in <filename unknown>:0
at presto.grammar.DeclarationList.register (presto.runtime.Context context) [0x00000] in <filename unknown>:0
at presto.parser.BaseBoaParserTest.loadResource (System.String resourceName) [0x00000] in <filename unknown>:0
at presto.parser.BaseBoaParserTest.runResource (System.String resourceName) [0x00000] in <filename unknown>:0
at presto.parser.BaseBoaParserTest.CheckOutput (System.String resourceName) [0x00000] in <filename unknown>:0
at presto.boa.runtime.TestBuiltIns.testDateTimeMonth () [0x00000] in <filename unknown>:0
at (wrapper managed-to-native) System.Reflection.MonoMethod:InternalInvoke (System.Reflection.MonoMethod,object,object[],System.Exception&)
at System.Reflection.MonoMethod.Invoke (System.Object obj, BindingFlags invokeAttr, System.Reflection.Binder binder, System.Object[] parameters, System.Globalization.CultureInfo culture) [0x00000] in <filename unknown>:0
]]></stack-trace>
                        </failure>
                      </test-case>
                      <test-case name="presto.boa.runtime.TestBuiltIns.testDateTimeSecond" executed="True" success="False" time="0.001" asserts="1">
                        <failure>
                          <message><![CDATA[System.NullReferenceException : Object reference not set to an instance of an object]]></message>
                          <stack-trace><![CDATA[at presto.declaration.BaseMethodDeclaration.register (presto.runtime.Context context) [0x00000] in <filename unknown>:0
at presto.grammar.DeclarationList.register (presto.runtime.Context context) [0x00000] in <filename unknown>:0
at presto.parser.BaseBoaParserTest.loadResource (System.String resourceName) [0x00000] in <filename unknown>:0
at presto.parser.BaseBoaParserTest.runResource (System.String resourceName) [0x00000] in <filename unknown>:0
at presto.parser.BaseBoaParserTest.CheckOutput (System.String resourceName) [0x00000] in <filename unknown>:0
at presto.boa.runtime.TestBuiltIns.testDateTimeSecond () [0x00000] in <filename unknown>:0
at (wrapper managed-to-native) System.Reflection.MonoMethod:InternalInvoke (System.Reflection.MonoMethod,object,object[],System.Exception&)
at System.Reflection.MonoMethod.Invoke (System.Object obj, BindingFlags invokeAttr, System.Reflection.Binder binder, System.Object[] parameters, System.Globalization.CultureInfo culture) [0x00000] in <filename unknown>:0
]]></stack-trace>
                        </failure>
                      </test-case>
                      <test-case name="presto.boa.runtime.TestBuiltIns.testDateTimeTZName" executed="True" success="False" time="0.002" asserts="1">
                        <failure>
                          <message><![CDATA[System.NullReferenceException : Object reference not set to an instance of an object]]></message>
                          <stack-trace><![CDATA[at presto.declaration.BaseMethodDeclaration.register (presto.runtime.Context context) [0x00000] in <filename unknown>:0
at presto.grammar.DeclarationList.register (presto.runtime.Context context) [0x00000] in <filename unknown>:0
at presto.parser.BaseBoaParserTest.loadResource (System.String resourceName) [0x00000] in <filename unknown>:0
at presto.parser.BaseBoaParserTest.runResource (System.String resourceName) [0x00000] in <filename unknown>:0
at presto.boa.runtime.TestBuiltIns.testDateTimeTZName () [0x00000] in <filename unknown>:0
at (wrapper managed-to-native) System.Reflection.MonoMethod:InternalInvoke (System.Reflection.MonoMethod,object,object[],System.Exception&)
at System.Reflection.MonoMethod.Invoke (System.Object obj, BindingFlags invokeAttr, System.Reflection.Binder binder, System.Object[] parameters, System.Globalization.CultureInfo culture) [0x00000] in <filename unknown>:0
]]></stack-trace>
                        </failure>
                      </test-case>
                      <test-case name="presto.boa.runtime.TestBuiltIns.testDateTimeTZOffset" executed="True" success="False" time="0.001" asserts="1">
                        <failure>
                          <message><![CDATA[System.NullReferenceException : Object reference not set to an instance of an object]]></message>
                          <stack-trace><![CDATA[at presto.declaration.BaseMethodDeclaration.register (presto.runtime.Context context) [0x00000] in <filename unknown>:0
at presto.grammar.DeclarationList.register (presto.runtime.Context context) [0x00000] in <filename unknown>:0
at presto.parser.BaseBoaParserTest.loadResource (System.String resourceName) [0x00000] in <filename unknown>:0
at presto.parser.BaseBoaParserTest.runResource (System.String resourceName) [0x00000] in <filename unknown>:0
at presto.parser.BaseBoaParserTest.CheckOutput (System.String resourceName) [0x00000] in <filename unknown>:0
at presto.boa.runtime.TestBuiltIns.testDateTimeTZOffset () [0x00000] in <filename unknown>:0
at (wrapper managed-to-native) System.Reflection.MonoMethod:InternalInvoke (System.Reflection.MonoMethod,object,object[],System.Exception&)
at System.Reflection.MonoMethod.Invoke (System.Object obj, BindingFlags invokeAttr, System.Reflection.Binder binder, System.Object[] parameters, System.Globalization.CultureInfo culture) [0x00000] in <filename unknown>:0
]]></stack-trace>
                        </failure>
                      </test-case>
                      <test-case name="presto.boa.runtime.TestBuiltIns.testDateTimeYear" executed="True" success="False" time="0.001" asserts="1">
                        <failure>
                          <message><![CDATA[System.NullReferenceException : Object reference not set to an instance of an object]]></message>
                          <stack-trace><![CDATA[at presto.declaration.BaseMethodDeclaration.register (presto.runtime.Context context) [0x00000] in <filename unknown>:0
at presto.grammar.DeclarationList.register (presto.runtime.Context context) [0x00000] in <filename unknown>:0
at presto.parser.BaseBoaParserTest.loadResource (System.String resourceName) [0x00000] in <filename unknown>:0
at presto.parser.BaseBoaParserTest.runResource (System.String resourceName) [0x00000] in <filename unknown>:0
at presto.parser.BaseBoaParserTest.CheckOutput (System.String resourceName) [0x00000] in <filename unknown>:0
at presto.boa.runtime.TestBuiltIns.testDateTimeYear () [0x00000] in <filename unknown>:0
at (wrapper managed-to-native) System.Reflection.MonoMethod:InternalInvoke (System.Reflection.MonoMethod,object,object[],System.Exception&)
at System.Reflection.MonoMethod.Invoke (System.Object obj, BindingFlags invokeAttr, System.Reflection.Binder binder, System.Object[] parameters, System.Globalization.CultureInfo culture) [0x00000] in <filename unknown>:0
]]></stack-trace>
                        </failure>
                      </test-case>
                      <test-case name="presto.boa.runtime.TestBuiltIns.testDateYear" executed="True" success="False" time="0.002" asserts="1">
                        <failure>
                          <message><![CDATA[System.NullReferenceException : Object reference not set to an instance of an object]]></message>
                          <stack-trace><![CDATA[at presto.declaration.BaseMethodDeclaration.register (presto.runtime.Context context) [0x00000] in <filename unknown>:0
at presto.grammar.DeclarationList.register (presto.runtime.Context context) [0x00000] in <filename unknown>:0
at presto.parser.BaseBoaParserTest.loadResource (System.String resourceName) [0x00000] in <filename unknown>:0
at presto.parser.BaseBoaParserTest.runResource (System.String resourceName) [0x00000] in <filename unknown>:0
at presto.parser.BaseBoaParserTest.CheckOutput (System.String resourceName) [0x00000] in <filename unknown>:0
at presto.boa.runtime.TestBuiltIns.testDateYear () [0x00000] in <filename unknown>:0
at (wrapper managed-to-native) System.Reflection.MonoMethod:InternalInvoke (System.Reflection.MonoMethod,object,object[],System.Exception&)
at System.Reflection.MonoMethod.Invoke (System.Object obj, BindingFlags invokeAttr, System.Reflection.Binder binder, System.Object[] parameters, System.Globalization.CultureInfo culture) [0x00000] in <filename unknown>:0
]]></stack-trace>
                        </failure>
                      </test-case>
                      <test-case name="presto.boa.runtime.TestBuiltIns.testDictLength" executed="True" success="False" time="0.002" asserts="1">
                        <failure>
                          <message><![CDATA[System.NullReferenceException : Object reference not set to an instance of an object]]></message>
                          <stack-trace><![CDATA[at presto.declaration.BaseMethodDeclaration.register (presto.runtime.Context context) [0x00000] in <filename unknown>:0
at presto.grammar.DeclarationList.register (presto.runtime.Context context) [0x00000] in <filename unknown>:0
at presto.parser.BaseBoaParserTest.loadResource (System.String resourceName) [0x00000] in <filename unknown>:0
at presto.parser.BaseBoaParserTest.runResource (System.String resourceName) [0x00000] in <filename unknown>:0
at presto.parser.BaseBoaParserTest.CheckOutput (System.String resourceName) [0x00000] in <filename unknown>:0
at presto.boa.runtime.TestBuiltIns.testDictLength () [0x00000] in <filename unknown>:0
at (wrapper managed-to-native) System.Reflection.MonoMethod:InternalInvoke (System.Reflection.MonoMethod,object,object[],System.Exception&)
at System.Reflection.MonoMethod.Invoke (System.Object obj, BindingFlags invokeAttr, System.Reflection.Binder binder, System.Object[] parameters, System.Globalization.CultureInfo culture) [0x00000] in <filename unknown>:0
]]></stack-trace>
                        </failure>
                      </test-case>
                      <test-case name="presto.boa.runtime.TestBuiltIns.testEnumName" executed="True" success="False" time="0.018" asserts="1">
                        <failure>
                          <message><![CDATA[System.NullReferenceException : Object reference not set to an instance of an object]]></message>
                          <stack-trace><![CDATA[at presto.declaration.EnumeratedNativeDeclaration.register (presto.runtime.Context context) [0x00000] in <filename unknown>:0
at presto.grammar.DeclarationList.register (presto.runtime.Context context) [0x00000] in <filename unknown>:0
at presto.parser.BaseBoaParserTest.loadResource (System.String resourceName) [0x00000] in <filename unknown>:0
at presto.parser.BaseBoaParserTest.runResource (System.String resourceName) [0x00000] in <filename unknown>:0
at presto.parser.BaseBoaParserTest.CheckOutput (System.String resourceName) [0x00000] in <filename unknown>:0
at presto.boa.runtime.TestBuiltIns.testEnumName () [0x00000] in <filename unknown>:0
at (wrapper managed-to-native) System.Reflection.MonoMethod:InternalInvoke (System.Reflection.MonoMethod,object,object[],System.Exception&)
at System.Reflection.MonoMethod.Invoke (System.Object obj, BindingFlags invokeAttr, System.Reflection.Binder binder, System.Object[] parameters, System.Globalization.CultureInfo culture) [0x00000] in <filename unknown>:0
]]></stack-trace>
                        </failure>
                      </test-case>
                      <test-case name="presto.boa.runtime.TestBuiltIns.testEnumSymbols" executed="True" success="False" time="0.007" asserts="1">
                        <failure>
                          <message><![CDATA[System.NullReferenceException : Object reference not set to an instance of an object]]></message>
                          <stack-trace><![CDATA[at presto.declaration.EnumeratedNativeDeclaration.register (presto.runtime.Context context) [0x00000] in <filename unknown>:0
at presto.grammar.DeclarationList.register (presto.runtime.Context context) [0x00000] in <filename unknown>:0
at presto.parser.BaseBoaParserTest.loadResource (System.String resourceName) [0x00000] in <filename unknown>:0
at presto.parser.BaseBoaParserTest.runResource (System.String resourceName) [0x00000] in <filename unknown>:0
at presto.parser.BaseBoaParserTest.CheckOutput (System.String resourceName) [0x00000] in <filename unknown>:0
at presto.boa.runtime.TestBuiltIns.testEnumSymbols () [0x00000] in <filename unknown>:0
at (wrapper managed-to-native) System.Reflection.MonoMethod:InternalInvoke (System.Reflection.MonoMethod,object,object[],System.Exception&)
at System.Reflection.MonoMethod.Invoke (System.Object obj, BindingFlags invokeAttr, System.Reflection.Binder binder, System.Object[] parameters, System.Globalization.CultureInfo culture) [0x00000] in <filename unknown>:0
]]></stack-trace>
                        </failure>
                      </test-case>
                      <test-case name="presto.boa.runtime.TestBuiltIns.testEnumValue" executed="True" success="False" time="0.002" asserts="1">
                        <failure>
                          <message><![CDATA[System.NullReferenceException : Object reference not set to an instance of an object]]></message>
                          <stack-trace><![CDATA[at presto.declaration.EnumeratedNativeDeclaration.register (presto.runtime.Context context) [0x00000] in <filename unknown>:0
at presto.grammar.DeclarationList.register (presto.runtime.Context context) [0x00000] in <filename unknown>:0
at presto.parser.BaseBoaParserTest.loadResource (System.String resourceName) [0x00000] in <filename unknown>:0
at presto.parser.BaseBoaParserTest.runResource (System.String resourceName) [0x00000] in <filename unknown>:0
at presto.parser.BaseBoaParserTest.CheckOutput (System.String resourceName) [0x00000] in <filename unknown>:0
at presto.boa.runtime.TestBuiltIns.testEnumValue () [0x00000] in <filename unknown>:0
at (wrapper managed-to-native) System.Reflection.MonoMethod:InternalInvoke (System.Reflection.MonoMethod,object,object[],System.Exception&)
at System.Reflection.MonoMethod.Invoke (System.Object obj, BindingFlags invokeAttr, System.Reflection.Binder binder, System.Object[] parameters, System.Globalization.CultureInfo culture) [0x00000] in <filename unknown>:0
]]></stack-trace>
                        </failure>
                      </test-case>
                      <test-case name="presto.boa.runtime.TestBuiltIns.testListLength" executed="True" success="False" time="0.001" asserts="1">
                        <failure>
                          <message><![CDATA[System.NullReferenceException : Object reference not set to an instance of an object]]></message>
                          <stack-trace><![CDATA[at presto.declaration.BaseMethodDeclaration.register (presto.runtime.Context context) [0x00000] in <filename unknown>:0
at presto.grammar.DeclarationList.register (presto.runtime.Context context) [0x00000] in <filename unknown>:0
at presto.parser.BaseBoaParserTest.loadResource (System.String resourceName) [0x00000] in <filename unknown>:0
at presto.parser.BaseBoaParserTest.runResource (System.String resourceName) [0x00000] in <filename unknown>:0
at presto.parser.BaseBoaParserTest.CheckOutput (System.String resourceName) [0x00000] in <filename unknown>:0
at presto.boa.runtime.TestBuiltIns.testListLength () [0x00000] in <filename unknown>:0
at (wrapper managed-to-native) System.Reflection.MonoMethod:InternalInvoke (System.Reflection.MonoMethod,object,object[],System.Exception&)
at System.Reflection.MonoMethod.Invoke (System.Object obj, BindingFlags invokeAttr, System.Reflection.Binder binder, System.Object[] parameters, System.Globalization.CultureInfo culture) [0x00000] in <filename unknown>:0
]]></stack-trace>
                        </failure>
                      </test-case>
                      <test-case name="presto.boa.runtime.TestBuiltIns.testTextLength" executed="True" success="False" time="0.002" asserts="1">
                        <failure>
                          <message><![CDATA[System.NullReferenceException : Object reference not set to an instance of an object]]></message>
                          <stack-trace><![CDATA[at presto.declaration.BaseMethodDeclaration.register (presto.runtime.Context context) [0x00000] in <filename unknown>:0
at presto.grammar.DeclarationList.register (presto.runtime.Context context) [0x00000] in <filename unknown>:0
at presto.parser.BaseBoaParserTest.loadResource (System.String resourceName) [0x00000] in <filename unknown>:0
at presto.parser.BaseBoaParserTest.runResource (System.String resourceName) [0x00000] in <filename unknown>:0
at presto.parser.BaseBoaParserTest.CheckOutput (System.String resourceName) [0x00000] in <filename unknown>:0
at presto.boa.runtime.TestBuiltIns.testTextLength () [0x00000] in <filename unknown>:0
at (wrapper managed-to-native) System.Reflection.MonoMethod:InternalInvoke (System.Reflection.MonoMethod,object,object[],System.Exception&)
at System.Reflection.MonoMethod.Invoke (System.Object obj, BindingFlags invokeAttr, System.Reflection.Binder binder, System.Object[] parameters, System.Globalization.CultureInfo culture) [0x00000] in <filename unknown>:0
]]></stack-trace>
                        </failure>
                      </test-case>
                      <test-case name="presto.boa.runtime.TestBuiltIns.testTimeHour" executed="True" success="False" time="0.001" asserts="1">
                        <failure>
                          <message><![CDATA[System.NullReferenceException : Object reference not set to an instance of an object]]></message>
                          <stack-trace><![CDATA[at presto.declaration.BaseMethodDeclaration.register (presto.runtime.Context context) [0x00000] in <filename unknown>:0
at presto.grammar.DeclarationList.register (presto.runtime.Context context) [0x00000] in <filename unknown>:0
at presto.parser.BaseBoaParserTest.loadResource (System.String resourceName) [0x00000] in <filename unknown>:0
at presto.parser.BaseBoaParserTest.runResource (System.String resourceName) [0x00000] in <filename unknown>:0
at presto.parser.BaseBoaParserTest.CheckOutput (System.String resourceName) [0x00000] in <filename unknown>:0
at presto.boa.runtime.TestBuiltIns.testTimeHour () [0x00000] in <filename unknown>:0
at (wrapper managed-to-native) System.Reflection.MonoMethod:InternalInvoke (System.Reflection.MonoMethod,object,object[],System.Exception&)
at System.Reflection.MonoMethod.Invoke (System.Object obj, BindingFlags invokeAttr, System.Reflection.Binder binder, System.Object[] parameters, System.Globalization.CultureInfo culture) [0x00000] in <filename unknown>:0
]]></stack-trace>
                        </failure>
                      </test-case>
                      <test-case name="presto.boa.runtime.TestBuiltIns.testTimeMinute" executed="True" success="False" time="0.001" asserts="1">
                        <failure>
                          <message><![CDATA[System.NullReferenceException : Object reference not set to an instance of an object]]></message>
                          <stack-trace><![CDATA[at presto.declaration.BaseMethodDeclaration.register (presto.runtime.Context context) [0x00000] in <filename unknown>:0
at presto.grammar.DeclarationList.register (presto.runtime.Context context) [0x00000] in <filename unknown>:0
at presto.parser.BaseBoaParserTest.loadResource (System.String resourceName) [0x00000] in <filename unknown>:0
at presto.parser.BaseBoaParserTest.runResource (System.String resourceName) [0x00000] in <filename unknown>:0
at presto.parser.BaseBoaParserTest.CheckOutput (System.String resourceName) [0x00000] in <filename unknown>:0
at presto.boa.runtime.TestBuiltIns.testTimeMinute () [0x00000] in <filename unknown>:0
at (wrapper managed-to-native) System.Reflection.MonoMethod:InternalInvoke (System.Reflection.MonoMethod,object,object[],System.Exception&)
at System.Reflection.MonoMethod.Invoke (System.Object obj, BindingFlags invokeAttr, System.Reflection.Binder binder, System.Object[] parameters, System.Globalization.CultureInfo culture) [0x00000] in <filename unknown>:0
]]></stack-trace>
                        </failure>
                      </test-case>
                      <test-case name="presto.boa.runtime.TestBuiltIns.testTimeSecond" executed="True" success="False" time="0.001" asserts="1">
                        <failure>
                          <message><![CDATA[System.NullReferenceException : Object reference not set to an instance of an object]]></message>
                          <stack-trace><![CDATA[at presto.declaration.BaseMethodDeclaration.register (presto.runtime.Context context) [0x00000] in <filename unknown>:0
at presto.grammar.DeclarationList.register (presto.runtime.Context context) [0x00000] in <filename unknown>:0
at presto.parser.BaseBoaParserTest.loadResource (System.String resourceName) [0x00000] in <filename unknown>:0
at presto.parser.BaseBoaParserTest.runResource (System.String resourceName) [0x00000] in <filename unknown>:0
at presto.parser.BaseBoaParserTest.CheckOutput (System.String resourceName) [0x00000] in <filename unknown>:0
at presto.boa.runtime.TestBuiltIns.testTimeSecond () [0x00000] in <filename unknown>:0
at (wrapper managed-to-native) System.Reflection.MonoMethod:InternalInvoke (System.Reflection.MonoMethod,object,object[],System.Exception&)
at System.Reflection.MonoMethod.Invoke (System.Object obj, BindingFlags invokeAttr, System.Reflection.Binder binder, System.Object[] parameters, System.Globalization.CultureInfo culture) [0x00000] in <filename unknown>:0
]]></stack-trace>
                        </failure>
                      </test-case>
                      <test-case name="presto.boa.runtime.TestBuiltIns.testTupleLength" executed="True" success="False" time="0.007" asserts="1">
                        <failure>
                          <message><![CDATA[System.NullReferenceException : Object reference not set to an instance of an object]]></message>
                          <stack-trace><![CDATA[at presto.declaration.BaseMethodDeclaration.register (presto.runtime.Context context) [0x00000] in <filename unknown>:0
at presto.grammar.DeclarationList.register (presto.runtime.Context context) [0x00000] in <filename unknown>:0
at presto.parser.BaseBoaParserTest.loadResource (System.String resourceName) [0x00000] in <filename unknown>:0
at presto.parser.BaseBoaParserTest.runResource (System.String resourceName) [0x00000] in <filename unknown>:0
at presto.parser.BaseBoaParserTest.CheckOutput (System.String resourceName) [0x00000] in <filename unknown>:0
at presto.boa.runtime.TestBuiltIns.testTupleLength () [0x00000] in <filename unknown>:0
at (wrapper managed-to-native) System.Reflection.MonoMethod:InternalInvoke (System.Reflection.MonoMethod,object,object[],System.Exception&)
at System.Reflection.MonoMethod.Invoke (System.Object obj, BindingFlags invokeAttr, System.Reflection.Binder binder, System.Object[] parameters, System.Globalization.CultureInfo culture) [0x00000] in <filename unknown>:0
]]></stack-trace>
                        </failure>
                      </test-case>
                    </results>
                  </test-suite>
                  <test-suite name="TestCategories" success="False" time="0.052" asserts="0">
                    <results>
                      <test-case name="presto.boa.runtime.TestCategories.testCopyFromAscendant" executed="True" success="False" time="0.019" asserts="1">
                        <failure>
                          <message><![CDATA[System.NullReferenceException : Object reference not set to an instance of an object]]></message>
                          <stack-trace><![CDATA[at presto.declaration.AttributeDeclaration.register (presto.runtime.Context context) [0x00000] in <filename unknown>:0
at presto.grammar.DeclarationList.register (presto.runtime.Context context) [0x00000] in <filename unknown>:0
at presto.parser.BaseBoaParserTest.loadResource (System.String resourceName) [0x00000] in <filename unknown>:0
at presto.parser.BaseBoaParserTest.runResource (System.String resourceName) [0x00000] in <filename unknown>:0
at presto.parser.BaseBoaParserTest.CheckOutput (System.String resourceName) [0x00000] in <filename unknown>:0
at presto.boa.runtime.TestCategories.testCopyFromAscendant () [0x00000] in <filename unknown>:0
at (wrapper managed-to-native) System.Reflection.MonoMethod:InternalInvoke (System.Reflection.MonoMethod,object,object[],System.Exception&)
at System.Reflection.MonoMethod.Invoke (System.Object obj, BindingFlags invokeAttr, System.Reflection.Binder binder, System.Object[] parameters, System.Globalization.CultureInfo culture) [0x00000] in <filename unknown>:0
]]></stack-trace>
                        </failure>
                      </test-case>
                      <test-case name="presto.boa.runtime.TestCategories.testCopyFromAscendantWithOverride" executed="True" success="False" time="0.005" asserts="1">
                        <failure>
                          <message><![CDATA[System.NullReferenceException : Object reference not set to an instance of an object]]></message>
                          <stack-trace><![CDATA[at presto.declaration.AttributeDeclaration.register (presto.runtime.Context context) [0x00000] in <filename unknown>:0
at presto.grammar.DeclarationList.register (presto.runtime.Context context) [0x00000] in <filename unknown>:0
at presto.parser.BaseBoaParserTest.loadResource (System.String resourceName) [0x00000] in <filename unknown>:0
at presto.parser.BaseBoaParserTest.runResource (System.String resourceName) [0x00000] in <filename unknown>:0
at presto.parser.BaseBoaParserTest.CheckOutput (System.String resourceName) [0x00000] in <filename unknown>:0
at presto.boa.runtime.TestCategories.testCopyFromAscendantWithOverride () [0x00000] in <filename unknown>:0
at (wrapper managed-to-native) System.Reflection.MonoMethod:InternalInvoke (System.Reflection.MonoMethod,object,object[],System.Exception&)
at System.Reflection.MonoMethod.Invoke (System.Object obj, BindingFlags invokeAttr, System.Reflection.Binder binder, System.Object[] parameters, System.Globalization.CultureInfo culture) [0x00000] in <filename unknown>:0
]]></stack-trace>
                        </failure>
                      </test-case>
                      <test-case name="presto.boa.runtime.TestCategories.testCopyFromDescendant" executed="True" success="False" time="0.009" asserts="1">
                        <failure>
                          <message><![CDATA[System.NullReferenceException : Object reference not set to an instance of an object]]></message>
                          <stack-trace><![CDATA[at presto.declaration.AttributeDeclaration.register (presto.runtime.Context context) [0x00000] in <filename unknown>:0
at presto.grammar.DeclarationList.register (presto.runtime.Context context) [0x00000] in <filename unknown>:0
at presto.parser.BaseBoaParserTest.loadResource (System.String resourceName) [0x00000] in <filename unknown>:0
at presto.parser.BaseBoaParserTest.runResource (System.String resourceName) [0x00000] in <filename unknown>:0
at presto.parser.BaseBoaParserTest.CheckOutput (System.String resourceName) [0x00000] in <filename unknown>:0
at presto.boa.runtime.TestCategories.testCopyFromDescendant () [0x00000] in <filename unknown>:0
at (wrapper managed-to-native) System.Reflection.MonoMethod:InternalInvoke (System.Reflection.MonoMethod,object,object[],System.Exception&)
at System.Reflection.MonoMethod.Invoke (System.Object obj, BindingFlags invokeAttr, System.Reflection.Binder binder, System.Object[] parameters, System.Globalization.CultureInfo culture) [0x00000] in <filename unknown>:0
]]></stack-trace>
                        </failure>
                      </test-case>
                      <test-case name="presto.boa.runtime.TestCategories.testCopyFromDescendantWithOverride" executed="True" success="False" time="0.004" asserts="1">
                        <failure>
                          <message><![CDATA[System.NullReferenceException : Object reference not set to an instance of an object]]></message>
                          <stack-trace><![CDATA[at presto.declaration.AttributeDeclaration.register (presto.runtime.Context context) [0x00000] in <filename unknown>:0
at presto.grammar.DeclarationList.register (presto.runtime.Context context) [0x00000] in <filename unknown>:0
at presto.parser.BaseBoaParserTest.loadResource (System.String resourceName) [0x00000] in <filename unknown>:0
at presto.parser.BaseBoaParserTest.runResource (System.String resourceName) [0x00000] in <filename unknown>:0
at presto.parser.BaseBoaParserTest.CheckOutput (System.String resourceName) [0x00000] in <filename unknown>:0
at presto.boa.runtime.TestCategories.testCopyFromDescendantWithOverride () [0x00000] in <filename unknown>:0
at (wrapper managed-to-native) System.Reflection.MonoMethod:InternalInvoke (System.Reflection.MonoMethod,object,object[],System.Exception&)
at System.Reflection.MonoMethod.Invoke (System.Object obj, BindingFlags invokeAttr, System.Reflection.Binder binder, System.Object[] parameters, System.Globalization.CultureInfo culture) [0x00000] in <filename unknown>:0
]]></stack-trace>
                        </failure>
                      </test-case>
                    </results>
                  </test-suite>
                  <test-suite name="TestCheck" success="True" time="0.041" asserts="0">
                    <results>
                      <test-case name="presto.boa.runtime.TestCheck.testCategory" executed="True" success="True" time="0.005" asserts="0" />
                      <test-case name="presto.boa.runtime.TestCheck.testCategoryAttribute" executed="True" success="True" time="0.000" asserts="0" />
                      <test-case name="presto.boa.runtime.TestCheck.testCategoryWithUndeclaredAttribute" executed="True" success="True" time="0.000" asserts="0" />
                      <test-case name="presto.boa.runtime.TestCheck.testCategoryWithUndeclaredDerived" executed="True" success="True" time="0.000" asserts="0" />
                      <test-case name="presto.boa.runtime.TestCheck.testDict" executed="True" success="True" time="0.012" asserts="0" />
                      <test-case name="presto.boa.runtime.TestCheck.testList" executed="True" success="True" time="0.003" asserts="0" />
                      <test-case name="presto.boa.runtime.TestCheck.testMethod" executed="True" success="True" time="0.010" asserts="0" />
                      <test-case name="presto.boa.runtime.TestCheck.testMethodAttribute" executed="True" success="True" time="0.001" asserts="0" />
                      <test-case name="presto.boa.runtime.TestCheck.testMethodWithUndeclaredAttribute" executed="True" success="True" time="0.001" asserts="0" />
                      <test-case name="presto.boa.runtime.TestCheck.testNativeAttribute" executed="True" success="True" time="0.000" asserts="0" />
                      <test-case name="presto.boa.runtime.TestCheck.testUndeclaredCategoryAttribute" executed="True" success="True" time="0.000" asserts="0" />
                    </results>
                  </test-suite>
                  <test-suite name="TestClosures" success="False" time="0.043" asserts="0">
                    <results>
                      <test-case name="presto.boa.runtime.TestClosures.testGlobalClosureNoArg" executed="True" success="False" time="0.015" asserts="1">
                        <failure>
                          <message><![CDATA[System.NullReferenceException : Object reference not set to an instance of an object]]></message>
                          <stack-trace><![CDATA[at presto.declaration.BaseMethodDeclaration.register (presto.runtime.Context context) [0x00000] in <filename unknown>:0
at presto.grammar.DeclarationList.register (presto.runtime.Context context) [0x00000] in <filename unknown>:0
at presto.parser.BaseBoaParserTest.loadResource (System.String resourceName) [0x00000] in <filename unknown>:0
at presto.parser.BaseBoaParserTest.runResource (System.String resourceName) [0x00000] in <filename unknown>:0
at presto.parser.BaseBoaParserTest.CheckOutput (System.String resourceName) [0x00000] in <filename unknown>:0
at presto.boa.runtime.TestClosures.testGlobalClosureNoArg () [0x00000] in <filename unknown>:0
at (wrapper managed-to-native) System.Reflection.MonoMethod:InternalInvoke (System.Reflection.MonoMethod,object,object[],System.Exception&)
at System.Reflection.MonoMethod.Invoke (System.Object obj, BindingFlags invokeAttr, System.Reflection.Binder binder, System.Object[] parameters, System.Globalization.CultureInfo culture) [0x00000] in <filename unknown>:0
]]></stack-trace>
                        </failure>
                      </test-case>
                      <test-case name="presto.boa.runtime.TestClosures.testGlobalClosureWithArg" executed="True" success="False" time="0.003" asserts="1">
                        <failure>
                          <message><![CDATA[System.NullReferenceException : Object reference not set to an instance of an object]]></message>
                          <stack-trace><![CDATA[at presto.declaration.BaseMethodDeclaration.register (presto.runtime.Context context) [0x00000] in <filename unknown>:0
at presto.grammar.DeclarationList.register (presto.runtime.Context context) [0x00000] in <filename unknown>:0
at presto.parser.BaseBoaParserTest.loadResource (System.String resourceName) [0x00000] in <filename unknown>:0
at presto.parser.BaseBoaParserTest.runResource (System.String resourceName) [0x00000] in <filename unknown>:0
at presto.parser.BaseBoaParserTest.CheckOutput (System.String resourceName) [0x00000] in <filename unknown>:0
at presto.boa.runtime.TestClosures.testGlobalClosureWithArg () [0x00000] in <filename unknown>:0
at (wrapper managed-to-native) System.Reflection.MonoMethod:InternalInvoke (System.Reflection.MonoMethod,object,object[],System.Exception&)
at System.Reflection.MonoMethod.Invoke (System.Object obj, BindingFlags invokeAttr, System.Reflection.Binder binder, System.Object[] parameters, System.Globalization.CultureInfo culture) [0x00000] in <filename unknown>:0
]]></stack-trace>
                        </failure>
                      </test-case>
                      <test-case name="presto.boa.runtime.TestClosures.testInstanceClosureNoArg" executed="True" success="False" time="0.009" asserts="1">
                        <failure>
                          <message><![CDATA[System.NullReferenceException : Object reference not set to an instance of an object]]></message>
                          <stack-trace><![CDATA[at presto.declaration.BaseMethodDeclaration.register (presto.runtime.Context context) [0x00000] in <filename unknown>:0
at presto.grammar.DeclarationList.register (presto.runtime.Context context) [0x00000] in <filename unknown>:0
at presto.parser.BaseBoaParserTest.loadResource (System.String resourceName) [0x00000] in <filename unknown>:0
at presto.parser.BaseBoaParserTest.runResource (System.String resourceName) [0x00000] in <filename unknown>:0
at presto.parser.BaseBoaParserTest.CheckOutput (System.String resourceName) [0x00000] in <filename unknown>:0
at presto.boa.runtime.TestClosures.testInstanceClosureNoArg () [0x00000] in <filename unknown>:0
at (wrapper managed-to-native) System.Reflection.MonoMethod:InternalInvoke (System.Reflection.MonoMethod,object,object[],System.Exception&)
at System.Reflection.MonoMethod.Invoke (System.Object obj, BindingFlags invokeAttr, System.Reflection.Binder binder, System.Object[] parameters, System.Globalization.CultureInfo culture) [0x00000] in <filename unknown>:0
]]></stack-trace>
                        </failure>
                      </test-case>
                    </results>
                  </test-suite>
                  <test-suite name="TestConditions" success="False" time="0.042" asserts="0">
                    <results>
                      <test-case name="presto.boa.runtime.TestConditions.testComplexIf" executed="True" success="False" time="0.012" asserts="1">
                        <failure>
                          <message><![CDATA[System.NullReferenceException : Object reference not set to an instance of an object]]></message>
                          <stack-trace><![CDATA[at presto.declaration.BaseMethodDeclaration.register (presto.runtime.Context context) [0x00000] in <filename unknown>:0
at presto.grammar.DeclarationList.register (presto.runtime.Context context) [0x00000] in <filename unknown>:0
at presto.parser.BaseBoaParserTest.loadResource (System.String resourceName) [0x00000] in <filename unknown>:0
at presto.parser.BaseBoaParserTest.runResource (System.String resourceName) [0x00000] in <filename unknown>:0
at presto.parser.BaseBoaParserTest.CheckOutput (System.String resourceName) [0x00000] in <filename unknown>:0
at presto.boa.runtime.TestConditions.testComplexIf () [0x00000] in <filename unknown>:0
at (wrapper managed-to-native) System.Reflection.MonoMethod:InternalInvoke (System.Reflection.MonoMethod,object,object[],System.Exception&)
at System.Reflection.MonoMethod.Invoke (System.Object obj, BindingFlags invokeAttr, System.Reflection.Binder binder, System.Object[] parameters, System.Globalization.CultureInfo culture) [0x00000] in <filename unknown>:0
]]></stack-trace>
                        </failure>
                      </test-case>
                      <test-case name="presto.boa.runtime.TestConditions.testElseIf" executed="True" success="False" time="0.002" asserts="1">
                        <failure>
                          <message><![CDATA[System.NullReferenceException : Object reference not set to an instance of an object]]></message>
                          <stack-trace><![CDATA[at presto.declaration.BaseMethodDeclaration.register (presto.runtime.Context context) [0x00000] in <filename unknown>:0
at presto.grammar.DeclarationList.register (presto.runtime.Context context) [0x00000] in <filename unknown>:0
at presto.parser.BaseBoaParserTest.loadResource (System.String resourceName) [0x00000] in <filename unknown>:0
at presto.parser.BaseBoaParserTest.runResource (System.String resourceName) [0x00000] in <filename unknown>:0
at presto.parser.BaseBoaParserTest.CheckOutput (System.String resourceName) [0x00000] in <filename unknown>:0
at presto.boa.runtime.TestConditions.testElseIf () [0x00000] in <filename unknown>:0
at (wrapper managed-to-native) System.Reflection.MonoMethod:InternalInvoke (System.Reflection.MonoMethod,object,object[],System.Exception&)
at System.Reflection.MonoMethod.Invoke (System.Object obj, BindingFlags invokeAttr, System.Reflection.Binder binder, System.Object[] parameters, System.Globalization.CultureInfo culture) [0x00000] in <filename unknown>:0
]]></stack-trace>
                        </failure>
                      </test-case>
                      <test-case name="presto.boa.runtime.TestConditions.testSimpleIf" executed="True" success="False" time="0.002" asserts="1">
                        <failure>
                          <message><![CDATA[System.NullReferenceException : Object reference not set to an instance of an object]]></message>
                          <stack-trace><![CDATA[at presto.declaration.BaseMethodDeclaration.register (presto.runtime.Context context) [0x00000] in <filename unknown>:0
at presto.grammar.DeclarationList.register (presto.runtime.Context context) [0x00000] in <filename unknown>:0
at presto.parser.BaseBoaParserTest.loadResource (System.String resourceName) [0x00000] in <filename unknown>:0
at presto.parser.BaseBoaParserTest.runResource (System.String resourceName) [0x00000] in <filename unknown>:0
at presto.parser.BaseBoaParserTest.CheckOutput (System.String resourceName) [0x00000] in <filename unknown>:0
at presto.boa.runtime.TestConditions.testSimpleIf () [0x00000] in <filename unknown>:0
at (wrapper managed-to-native) System.Reflection.MonoMethod:InternalInvoke (System.Reflection.MonoMethod,object,object[],System.Exception&)
at System.Reflection.MonoMethod.Invoke (System.Object obj, BindingFlags invokeAttr, System.Reflection.Binder binder, System.Object[] parameters, System.Globalization.CultureInfo culture) [0x00000] in <filename unknown>:0
]]></stack-trace>
                        </failure>
                      </test-case>
                      <test-case name="presto.boa.runtime.TestConditions.testSwitch" executed="True" success="False" time="0.010" asserts="1">
                        <failure>
                          <message><![CDATA[System.NullReferenceException : Object reference not set to an instance of an object]]></message>
                          <stack-trace><![CDATA[at presto.declaration.BaseMethodDeclaration.register (presto.runtime.Context context) [0x00000] in <filename unknown>:0
at presto.grammar.DeclarationList.register (presto.runtime.Context context) [0x00000] in <filename unknown>:0
at presto.parser.BaseBoaParserTest.loadResource (System.String resourceName) [0x00000] in <filename unknown>:0
at presto.parser.BaseBoaParserTest.runResource (System.String resourceName) [0x00000] in <filename unknown>:0
at presto.parser.BaseBoaParserTest.CheckOutput (System.String resourceName) [0x00000] in <filename unknown>:0
at presto.boa.runtime.TestConditions.testSwitch () [0x00000] in <filename unknown>:0
at (wrapper managed-to-native) System.Reflection.MonoMethod:InternalInvoke (System.Reflection.MonoMethod,object,object[],System.Exception&)
at System.Reflection.MonoMethod.Invoke (System.Object obj, BindingFlags invokeAttr, System.Reflection.Binder binder, System.Object[] parameters, System.Globalization.CultureInfo culture) [0x00000] in <filename unknown>:0
]]></stack-trace>
                        </failure>
                      </test-case>
                    </results>
                  </test-suite>
                  <test-suite name="TestContains" success="False" time="0.264" asserts="0">
                    <results>
                      <test-case name="presto.boa.runtime.TestContains.testContainsAllList" executed="True" success="False" time="0.019" asserts="1">
                        <failure>
                          <message><![CDATA[System.NullReferenceException : Object reference not set to an instance of an object]]></message>
                          <stack-trace><![CDATA[at presto.declaration.BaseMethodDeclaration.register (presto.runtime.Context context) [0x00000] in <filename unknown>:0
at presto.grammar.DeclarationList.register (presto.runtime.Context context) [0x00000] in <filename unknown>:0
at presto.parser.BaseBoaParserTest.loadResource (System.String resourceName) [0x00000] in <filename unknown>:0
at presto.parser.BaseBoaParserTest.runResource (System.String resourceName) [0x00000] in <filename unknown>:0
at presto.parser.BaseBoaParserTest.CheckOutput (System.String resourceName) [0x00000] in <filename unknown>:0
at presto.boa.runtime.TestContains.testContainsAllList () [0x00000] in <filename unknown>:0
at (wrapper managed-to-native) System.Reflection.MonoMethod:InternalInvoke (System.Reflection.MonoMethod,object,object[],System.Exception&)
at System.Reflection.MonoMethod.Invoke (System.Object obj, BindingFlags invokeAttr, System.Reflection.Binder binder, System.Object[] parameters, System.Globalization.CultureInfo culture) [0x00000] in <filename unknown>:0
]]></stack-trace>
                        </failure>
                      </test-case>
                      <test-case name="presto.boa.runtime.TestContains.testContainsAllText" executed="True" success="False" time="0.009" asserts="1">
                        <failure>
                          <message><![CDATA[System.NullReferenceException : Object reference not set to an instance of an object]]></message>
                          <stack-trace><![CDATA[at presto.declaration.BaseMethodDeclaration.register (presto.runtime.Context context) [0x00000] in <filename unknown>:0
at presto.grammar.DeclarationList.register (presto.runtime.Context context) [0x00000] in <filename unknown>:0
at presto.parser.BaseBoaParserTest.loadResource (System.String resourceName) [0x00000] in <filename unknown>:0
at presto.parser.BaseBoaParserTest.runResource (System.String resourceName) [0x00000] in <filename unknown>:0
at presto.parser.BaseBoaParserTest.CheckOutput (System.String resourceName) [0x00000] in <filename unknown>:0
at presto.boa.runtime.TestContains.testContainsAllText () [0x00000] in <filename unknown>:0
at (wrapper managed-to-native) System.Reflection.MonoMethod:InternalInvoke (System.Reflection.MonoMethod,object,object[],System.Exception&)
at System.Reflection.MonoMethod.Invoke (System.Object obj, BindingFlags invokeAttr, System.Reflection.Binder binder, System.Object[] parameters, System.Globalization.CultureInfo culture) [0x00000] in <filename unknown>:0
]]></stack-trace>
                        </failure>
                      </test-case>
                      <test-case name="presto.boa.runtime.TestContains.testContainsAllTuple" executed="True" success="False" time="0.008" asserts="1">
                        <failure>
                          <message><![CDATA[System.NullReferenceException : Object reference not set to an instance of an object]]></message>
                          <stack-trace><![CDATA[at presto.declaration.BaseMethodDeclaration.register (presto.runtime.Context context) [0x00000] in <filename unknown>:0
at presto.grammar.DeclarationList.register (presto.runtime.Context context) [0x00000] in <filename unknown>:0
at presto.parser.BaseBoaParserTest.loadResource (System.String resourceName) [0x00000] in <filename unknown>:0
at presto.parser.BaseBoaParserTest.runResource (System.String resourceName) [0x00000] in <filename unknown>:0
at presto.parser.BaseBoaParserTest.CheckOutput (System.String resourceName) [0x00000] in <filename unknown>:0
at presto.boa.runtime.TestContains.testContainsAllTuple () [0x00000] in <filename unknown>:0
at (wrapper managed-to-native) System.Reflection.MonoMethod:InternalInvoke (System.Reflection.MonoMethod,object,object[],System.Exception&)
at System.Reflection.MonoMethod.Invoke (System.Object obj, BindingFlags invokeAttr, System.Reflection.Binder binder, System.Object[] parameters, System.Globalization.CultureInfo culture) [0x00000] in <filename unknown>:0
]]></stack-trace>
                        </failure>
                      </test-case>
                      <test-case name="presto.boa.runtime.TestContains.testContainsAnyList" executed="True" success="False" time="0.014" asserts="1">
                        <failure>
                          <message><![CDATA[System.NullReferenceException : Object reference not set to an instance of an object]]></message>
                          <stack-trace><![CDATA[at presto.declaration.BaseMethodDeclaration.register (presto.runtime.Context context) [0x00000] in <filename unknown>:0
at presto.grammar.DeclarationList.register (presto.runtime.Context context) [0x00000] in <filename unknown>:0
at presto.parser.BaseBoaParserTest.loadResource (System.String resourceName) [0x00000] in <filename unknown>:0
at presto.parser.BaseBoaParserTest.runResource (System.String resourceName) [0x00000] in <filename unknown>:0
at presto.parser.BaseBoaParserTest.CheckOutput (System.String resourceName) [0x00000] in <filename unknown>:0
at presto.boa.runtime.TestContains.testContainsAnyList () [0x00000] in <filename unknown>:0
at (wrapper managed-to-native) System.Reflection.MonoMethod:InternalInvoke (System.Reflection.MonoMethod,object,object[],System.Exception&)
at System.Reflection.MonoMethod.Invoke (System.Object obj, BindingFlags invokeAttr, System.Reflection.Binder binder, System.Object[] parameters, System.Globalization.CultureInfo culture) [0x00000] in <filename unknown>:0
]]></stack-trace>
                        </failure>
                      </test-case>
                      <test-case name="presto.boa.runtime.TestContains.testContainsAnyText" executed="True" success="False" time="0.007" asserts="1">
                        <failure>
                          <message><![CDATA[System.NullReferenceException : Object reference not set to an instance of an object]]></message>
                          <stack-trace><![CDATA[at presto.declaration.BaseMethodDeclaration.register (presto.runtime.Context context) [0x00000] in <filename unknown>:0
at presto.grammar.DeclarationList.register (presto.runtime.Context context) [0x00000] in <filename unknown>:0
at presto.parser.BaseBoaParserTest.loadResource (System.String resourceName) [0x00000] in <filename unknown>:0
at presto.parser.BaseBoaParserTest.runResource (System.String resourceName) [0x00000] in <filename unknown>:0
at presto.parser.BaseBoaParserTest.CheckOutput (System.String resourceName) [0x00000] in <filename unknown>:0
at presto.boa.runtime.TestContains.testContainsAnyText () [0x00000] in <filename unknown>:0
at (wrapper managed-to-native) System.Reflection.MonoMethod:InternalInvoke (System.Reflection.MonoMethod,object,object[],System.Exception&)
at System.Reflection.MonoMethod.Invoke (System.Object obj, BindingFlags invokeAttr, System.Reflection.Binder binder, System.Object[] parameters, System.Globalization.CultureInfo culture) [0x00000] in <filename unknown>:0
]]></stack-trace>
                        </failure>
                      </test-case>
                      <test-case name="presto.boa.runtime.TestContains.testContainsAnyTuple" executed="True" success="False" time="0.009" asserts="1">
                        <failure>
                          <message><![CDATA[System.NullReferenceException : Object reference not set to an instance of an object]]></message>
                          <stack-trace><![CDATA[at presto.declaration.BaseMethodDeclaration.register (presto.runtime.Context context) [0x00000] in <filename unknown>:0
at presto.grammar.DeclarationList.register (presto.runtime.Context context) [0x00000] in <filename unknown>:0
at presto.parser.BaseBoaParserTest.loadResource (System.String resourceName) [0x00000] in <filename unknown>:0
at presto.parser.BaseBoaParserTest.runResource (System.String resourceName) [0x00000] in <filename unknown>:0
at presto.parser.BaseBoaParserTest.CheckOutput (System.String resourceName) [0x00000] in <filename unknown>:0
at presto.boa.runtime.TestContains.testContainsAnyTuple () [0x00000] in <filename unknown>:0
at (wrapper managed-to-native) System.Reflection.MonoMethod:InternalInvoke (System.Reflection.MonoMethod,object,object[],System.Exception&)
at System.Reflection.MonoMethod.Invoke (System.Object obj, BindingFlags invokeAttr, System.Reflection.Binder binder, System.Object[] parameters, System.Globalization.CultureInfo culture) [0x00000] in <filename unknown>:0
]]></stack-trace>
                        </failure>
                      </test-case>
                      <test-case name="presto.boa.runtime.TestContains.testInCharacterRange" executed="True" success="False" time="0.008" asserts="1">
                        <failure>
                          <message><![CDATA[System.NullReferenceException : Object reference not set to an instance of an object]]></message>
                          <stack-trace><![CDATA[at presto.declaration.BaseMethodDeclaration.register (presto.runtime.Context context) [0x00000] in <filename unknown>:0
at presto.grammar.DeclarationList.register (presto.runtime.Context context) [0x00000] in <filename unknown>:0
at presto.parser.BaseBoaParserTest.loadResource (System.String resourceName) [0x00000] in <filename unknown>:0
at presto.parser.BaseBoaParserTest.runResource (System.String resourceName) [0x00000] in <filename unknown>:0
at presto.parser.BaseBoaParserTest.CheckOutput (System.String resourceName) [0x00000] in <filename unknown>:0
at presto.boa.runtime.TestContains.testInCharacterRange () [0x00000] in <filename unknown>:0
at (wrapper managed-to-native) System.Reflection.MonoMethod:InternalInvoke (System.Reflection.MonoMethod,object,object[],System.Exception&)
at System.Reflection.MonoMethod.Invoke (System.Object obj, BindingFlags invokeAttr, System.Reflection.Binder binder, System.Object[] parameters, System.Globalization.CultureInfo culture) [0x00000] in <filename unknown>:0
]]></stack-trace>
                        </failure>
                      </test-case>
                      <test-case name="presto.boa.runtime.TestContains.testInDateRange" executed="True" success="False" time="0.003" asserts="1">
                        <failure>
                          <message><![CDATA[System.NullReferenceException : Object reference not set to an instance of an object]]></message>
                          <stack-trace><![CDATA[at presto.declaration.BaseMethodDeclaration.register (presto.runtime.Context context) [0x00000] in <filename unknown>:0
at presto.grammar.DeclarationList.register (presto.runtime.Context context) [0x00000] in <filename unknown>:0
at presto.parser.BaseBoaParserTest.loadResource (System.String resourceName) [0x00000] in <filename unknown>:0
at presto.parser.BaseBoaParserTest.runResource (System.String resourceName) [0x00000] in <filename unknown>:0
at presto.parser.BaseBoaParserTest.CheckOutput (System.String resourceName) [0x00000] in <filename unknown>:0
at presto.boa.runtime.TestContains.testInDateRange () [0x00000] in <filename unknown>:0
at (wrapper managed-to-native) System.Reflection.MonoMethod:InternalInvoke (System.Reflection.MonoMethod,object,object[],System.Exception&)
at System.Reflection.MonoMethod.Invoke (System.Object obj, BindingFlags invokeAttr, System.Reflection.Binder binder, System.Object[] parameters, System.Globalization.CultureInfo culture) [0x00000] in <filename unknown>:0
]]></stack-trace>
                        </failure>
                      </test-case>
                      <test-case name="presto.boa.runtime.TestContains.testInDict" executed="True" success="False" time="0.005" asserts="1">
                        <failure>
                          <message><![CDATA[System.NullReferenceException : Object reference not set to an instance of an object]]></message>
                          <stack-trace><![CDATA[at presto.declaration.BaseMethodDeclaration.register (presto.runtime.Context context) [0x00000] in <filename unknown>:0
at presto.grammar.DeclarationList.register (presto.runtime.Context context) [0x00000] in <filename unknown>:0
at presto.parser.BaseBoaParserTest.loadResource (System.String resourceName) [0x00000] in <filename unknown>:0
at presto.parser.BaseBoaParserTest.runResource (System.String resourceName) [0x00000] in <filename unknown>:0
at presto.parser.BaseBoaParserTest.CheckOutput (System.String resourceName) [0x00000] in <filename unknown>:0
at presto.boa.runtime.TestContains.testInDict () [0x00000] in <filename unknown>:0
at (wrapper managed-to-native) System.Reflection.MonoMethod:InternalInvoke (System.Reflection.MonoMethod,object,object[],System.Exception&)
at System.Reflection.MonoMethod.Invoke (System.Object obj, BindingFlags invokeAttr, System.Reflection.Binder binder, System.Object[] parameters, System.Globalization.CultureInfo culture) [0x00000] in <filename unknown>:0
]]></stack-trace>
                        </failure>
                      </test-case>
                      <test-case name="presto.boa.runtime.TestContains.testInIntegerRange" executed="True" success="False" time="0.004" asserts="1">
                        <failure>
                          <message><![CDATA[System.NullReferenceException : Object reference not set to an instance of an object]]></message>
                          <stack-trace><![CDATA[at presto.declaration.BaseMethodDeclaration.register (presto.runtime.Context context) [0x00000] in <filename unknown>:0
at presto.grammar.DeclarationList.register (presto.runtime.Context context) [0x00000] in <filename unknown>:0
at presto.parser.BaseBoaParserTest.loadResource (System.String resourceName) [0x00000] in <filename unknown>:0
at presto.parser.BaseBoaParserTest.runResource (System.String resourceName) [0x00000] in <filename unknown>:0
at presto.parser.BaseBoaParserTest.CheckOutput (System.String resourceName) [0x00000] in <filename unknown>:0
at presto.boa.runtime.TestContains.testInIntegerRange () [0x00000] in <filename unknown>:0
at (wrapper managed-to-native) System.Reflection.MonoMethod:InternalInvoke (System.Reflection.MonoMethod,object,object[],System.Exception&)
at System.Reflection.MonoMethod.Invoke (System.Object obj, BindingFlags invokeAttr, System.Reflection.Binder binder, System.Object[] parameters, System.Globalization.CultureInfo culture) [0x00000] in <filename unknown>:0
]]></stack-trace>
                        </failure>
                      </test-case>
                      <test-case name="presto.boa.runtime.TestContains.testInList" executed="True" success="False" time="0.003" asserts="1">
                        <failure>
                          <message><![CDATA[System.NullReferenceException : Object reference not set to an instance of an object]]></message>
                          <stack-trace><![CDATA[at presto.declaration.BaseMethodDeclaration.register (presto.runtime.Context context) [0x00000] in <filename unknown>:0
at presto.grammar.DeclarationList.register (presto.runtime.Context context) [0x00000] in <filename unknown>:0
at presto.parser.BaseBoaParserTest.loadResource (System.String resourceName) [0x00000] in <filename unknown>:0
at presto.parser.BaseBoaParserTest.runResource (System.String resourceName) [0x00000] in <filename unknown>:0
at presto.parser.BaseBoaParserTest.CheckOutput (System.String resourceName) [0x00000] in <filename unknown>:0
at presto.boa.runtime.TestContains.testInList () [0x00000] in <filename unknown>:0
at (wrapper managed-to-native) System.Reflection.MonoMethod:InternalInvoke (System.Reflection.MonoMethod,object,object[],System.Exception&)
at System.Reflection.MonoMethod.Invoke (System.Object obj, BindingFlags invokeAttr, System.Reflection.Binder binder, System.Object[] parameters, System.Globalization.CultureInfo culture) [0x00000] in <filename unknown>:0
]]></stack-trace>
                        </failure>
                      </test-case>
                      <test-case name="presto.boa.runtime.TestContains.testInText" executed="True" success="False" time="0.004" asserts="1">
                        <failure>
                          <message><![CDATA[System.NullReferenceException : Object reference not set to an instance of an object]]></message>
                          <stack-trace><![CDATA[at presto.declaration.BaseMethodDeclaration.register (presto.runtime.Context context) [0x00000] in <filename unknown>:0
at presto.grammar.DeclarationList.register (presto.runtime.Context context) [0x00000] in <filename unknown>:0
at presto.parser.BaseBoaParserTest.loadResource (System.String resourceName) [0x00000] in <filename unknown>:0
at presto.parser.BaseBoaParserTest.runResource (System.String resourceName) [0x00000] in <filename unknown>:0
at presto.parser.BaseBoaParserTest.CheckOutput (System.String resourceName) [0x00000] in <filename unknown>:0
at presto.boa.runtime.TestContains.testInText () [0x00000] in <filename unknown>:0
at (wrapper managed-to-native) System.Reflection.MonoMethod:InternalInvoke (System.Reflection.MonoMethod,object,object[],System.Exception&)
at System.Reflection.MonoMethod.Invoke (System.Object obj, BindingFlags invokeAttr, System.Reflection.Binder binder, System.Object[] parameters, System.Globalization.CultureInfo culture) [0x00000] in <filename unknown>:0
]]></stack-trace>
                        </failure>
                      </test-case>
                      <test-case name="presto.boa.runtime.TestContains.testInTimeRange" executed="True" success="False" time="0.003" asserts="1">
                        <failure>
                          <message><![CDATA[System.NullReferenceException : Object reference not set to an instance of an object]]></message>
                          <stack-trace><![CDATA[at presto.declaration.BaseMethodDeclaration.register (presto.runtime.Context context) [0x00000] in <filename unknown>:0
at presto.grammar.DeclarationList.register (presto.runtime.Context context) [0x00000] in <filename unknown>:0
at presto.parser.BaseBoaParserTest.loadResource (System.String resourceName) [0x00000] in <filename unknown>:0
at presto.parser.BaseBoaParserTest.runResource (System.String resourceName) [0x00000] in <filename unknown>:0
at presto.parser.BaseBoaParserTest.CheckOutput (System.String resourceName) [0x00000] in <filename unknown>:0
at presto.boa.runtime.TestContains.testInTimeRange () [0x00000] in <filename unknown>:0
at (wrapper managed-to-native) System.Reflection.MonoMethod:InternalInvoke (System.Reflection.MonoMethod,object,object[],System.Exception&)
at System.Reflection.MonoMethod.Invoke (System.Object obj, BindingFlags invokeAttr, System.Reflection.Binder binder, System.Object[] parameters, System.Globalization.CultureInfo culture) [0x00000] in <filename unknown>:0
]]></stack-trace>
                        </failure>
                      </test-case>
                      <test-case name="presto.boa.runtime.TestContains.testInTuple" executed="True" success="False" time="0.003" asserts="1">
                        <failure>
                          <message><![CDATA[System.NullReferenceException : Object reference not set to an instance of an object]]></message>
                          <stack-trace><![CDATA[at presto.declaration.BaseMethodDeclaration.register (presto.runtime.Context context) [0x00000] in <filename unknown>:0
at presto.grammar.DeclarationList.register (presto.runtime.Context context) [0x00000] in <filename unknown>:0
at presto.parser.BaseBoaParserTest.loadResource (System.String resourceName) [0x00000] in <filename unknown>:0
at presto.parser.BaseBoaParserTest.runResource (System.String resourceName) [0x00000] in <filename unknown>:0
at presto.parser.BaseBoaParserTest.CheckOutput (System.String resourceName) [0x00000] in <filename unknown>:0
at presto.boa.runtime.TestContains.testInTuple () [0x00000] in <filename unknown>:0
at (wrapper managed-to-native) System.Reflection.MonoMethod:InternalInvoke (System.Reflection.MonoMethod,object,object[],System.Exception&)
at System.Reflection.MonoMethod.Invoke (System.Object obj, BindingFlags invokeAttr, System.Reflection.Binder binder, System.Object[] parameters, System.Globalization.CultureInfo culture) [0x00000] in <filename unknown>:0
]]></stack-trace>
                        </failure>
                      </test-case>
                      <test-case name="presto.boa.runtime.TestContains.testNotInCharacterRange" executed="True" success="False" time="0.013" asserts="1">
                        <failure>
                          <message><![CDATA[System.NullReferenceException : Object reference not set to an instance of an object]]></message>
                          <stack-trace><![CDATA[at presto.declaration.BaseMethodDeclaration.register (presto.runtime.Context context) [0x00000] in <filename unknown>:0
at presto.grammar.DeclarationList.register (presto.runtime.Context context) [0x00000] in <filename unknown>:0
at presto.parser.BaseBoaParserTest.loadResource (System.String resourceName) [0x00000] in <filename unknown>:0
at presto.parser.BaseBoaParserTest.runResource (System.String resourceName) [0x00000] in <filename unknown>:0
at presto.parser.BaseBoaParserTest.CheckOutput (System.String resourceName) [0x00000] in <filename unknown>:0
at presto.boa.runtime.TestContains.testNotInCharacterRange () [0x00000] in <filename unknown>:0
at (wrapper managed-to-native) System.Reflection.MonoMethod:InternalInvoke (System.Reflection.MonoMethod,object,object[],System.Exception&)
at System.Reflection.MonoMethod.Invoke (System.Object obj, BindingFlags invokeAttr, System.Reflection.Binder binder, System.Object[] parameters, System.Globalization.CultureInfo culture) [0x00000] in <filename unknown>:0
]]></stack-trace>
                        </failure>
                      </test-case>
                      <test-case name="presto.boa.runtime.TestContains.testNotInDateRange" executed="True" success="False" time="0.003" asserts="1">
                        <failure>
                          <message><![CDATA[System.NullReferenceException : Object reference not set to an instance of an object]]></message>
                          <stack-trace><![CDATA[at presto.declaration.BaseMethodDeclaration.register (presto.runtime.Context context) [0x00000] in <filename unknown>:0
at presto.grammar.DeclarationList.register (presto.runtime.Context context) [0x00000] in <filename unknown>:0
at presto.parser.BaseBoaParserTest.loadResource (System.String resourceName) [0x00000] in <filename unknown>:0
at presto.parser.BaseBoaParserTest.runResource (System.String resourceName) [0x00000] in <filename unknown>:0
at presto.parser.BaseBoaParserTest.CheckOutput (System.String resourceName) [0x00000] in <filename unknown>:0
at presto.boa.runtime.TestContains.testNotInDateRange () [0x00000] in <filename unknown>:0
at (wrapper managed-to-native) System.Reflection.MonoMethod:InternalInvoke (System.Reflection.MonoMethod,object,object[],System.Exception&)
at System.Reflection.MonoMethod.Invoke (System.Object obj, BindingFlags invokeAttr, System.Reflection.Binder binder, System.Object[] parameters, System.Globalization.CultureInfo culture) [0x00000] in <filename unknown>:0
]]></stack-trace>
                        </failure>
                      </test-case>
                      <test-case name="presto.boa.runtime.TestContains.testNotInDict" executed="True" success="False" time="0.006" asserts="1">
                        <failure>
                          <message><![CDATA[System.NullReferenceException : Object reference not set to an instance of an object]]></message>
                          <stack-trace><![CDATA[at presto.declaration.BaseMethodDeclaration.register (presto.runtime.Context context) [0x00000] in <filename unknown>:0
at presto.grammar.DeclarationList.register (presto.runtime.Context context) [0x00000] in <filename unknown>:0
at presto.parser.BaseBoaParserTest.loadResource (System.String resourceName) [0x00000] in <filename unknown>:0
at presto.parser.BaseBoaParserTest.runResource (System.String resourceName) [0x00000] in <filename unknown>:0
at presto.parser.BaseBoaParserTest.CheckOutput (System.String resourceName) [0x00000] in <filename unknown>:0
at presto.boa.runtime.TestContains.testNotInDict () [0x00000] in <filename unknown>:0
at (wrapper managed-to-native) System.Reflection.MonoMethod:InternalInvoke (System.Reflection.MonoMethod,object,object[],System.Exception&)
at System.Reflection.MonoMethod.Invoke (System.Object obj, BindingFlags invokeAttr, System.Reflection.Binder binder, System.Object[] parameters, System.Globalization.CultureInfo culture) [0x00000] in <filename unknown>:0
]]></stack-trace>
                        </failure>
                      </test-case>
                      <test-case name="presto.boa.runtime.TestContains.testNotInIntegerRange" executed="True" success="False" time="0.003" asserts="1">
                        <failure>
                          <message><![CDATA[System.NullReferenceException : Object reference not set to an instance of an object]]></message>
                          <stack-trace><![CDATA[at presto.declaration.BaseMethodDeclaration.register (presto.runtime.Context context) [0x00000] in <filename unknown>:0
at presto.grammar.DeclarationList.register (presto.runtime.Context context) [0x00000] in <filename unknown>:0
at presto.parser.BaseBoaParserTest.loadResource (System.String resourceName) [0x00000] in <filename unknown>:0
at presto.parser.BaseBoaParserTest.runResource (System.String resourceName) [0x00000] in <filename unknown>:0
at presto.parser.BaseBoaParserTest.CheckOutput (System.String resourceName) [0x00000] in <filename unknown>:0
at presto.boa.runtime.TestContains.testNotInIntegerRange () [0x00000] in <filename unknown>:0
at (wrapper managed-to-native) System.Reflection.MonoMethod:InternalInvoke (System.Reflection.MonoMethod,object,object[],System.Exception&)
at System.Reflection.MonoMethod.Invoke (System.Object obj, BindingFlags invokeAttr, System.Reflection.Binder binder, System.Object[] parameters, System.Globalization.CultureInfo culture) [0x00000] in <filename unknown>:0
]]></stack-trace>
                        </failure>
                      </test-case>
                      <test-case name="presto.boa.runtime.TestContains.testNotInList" executed="True" success="False" time="0.003" asserts="1">
                        <failure>
                          <message><![CDATA[System.NullReferenceException : Object reference not set to an instance of an object]]></message>
                          <stack-trace><![CDATA[at presto.declaration.BaseMethodDeclaration.register (presto.runtime.Context context) [0x00000] in <filename unknown>:0
at presto.grammar.DeclarationList.register (presto.runtime.Context context) [0x00000] in <filename unknown>:0
at presto.parser.BaseBoaParserTest.loadResource (System.String resourceName) [0x00000] in <filename unknown>:0
at presto.parser.BaseBoaParserTest.runResource (System.String resourceName) [0x00000] in <filename unknown>:0
at presto.parser.BaseBoaParserTest.CheckOutput (System.String resourceName) [0x00000] in <filename unknown>:0
at presto.boa.runtime.TestContains.testNotInList () [0x00000] in <filename unknown>:0
at (wrapper managed-to-native) System.Reflection.MonoMethod:InternalInvoke (System.Reflection.MonoMethod,object,object[],System.Exception&)
at System.Reflection.MonoMethod.Invoke (System.Object obj, BindingFlags invokeAttr, System.Reflection.Binder binder, System.Object[] parameters, System.Globalization.CultureInfo culture) [0x00000] in <filename unknown>:0
]]></stack-trace>
                        </failure>
                      </test-case>
                      <test-case name="presto.boa.runtime.TestContains.testNotInText" executed="True" success="False" time="0.005" asserts="1">
                        <failure>
                          <message><![CDATA[System.NullReferenceException : Object reference not set to an instance of an object]]></message>
                          <stack-trace><![CDATA[at presto.declaration.BaseMethodDeclaration.register (presto.runtime.Context context) [0x00000] in <filename unknown>:0
at presto.grammar.DeclarationList.register (presto.runtime.Context context) [0x00000] in <filename unknown>:0
at presto.parser.BaseBoaParserTest.loadResource (System.String resourceName) [0x00000] in <filename unknown>:0
at presto.parser.BaseBoaParserTest.runResource (System.String resourceName) [0x00000] in <filename unknown>:0
at presto.parser.BaseBoaParserTest.CheckOutput (System.String resourceName) [0x00000] in <filename unknown>:0
at presto.boa.runtime.TestContains.testNotInText () [0x00000] in <filename unknown>:0
at (wrapper managed-to-native) System.Reflection.MonoMethod:InternalInvoke (System.Reflection.MonoMethod,object,object[],System.Exception&)
at System.Reflection.MonoMethod.Invoke (System.Object obj, BindingFlags invokeAttr, System.Reflection.Binder binder, System.Object[] parameters, System.Globalization.CultureInfo culture) [0x00000] in <filename unknown>:0
]]></stack-trace>
                        </failure>
                      </test-case>
                      <test-case name="presto.boa.runtime.TestContains.testNotInTimeRange" executed="True" success="False" time="0.003" asserts="1">
                        <failure>
                          <message><![CDATA[System.NullReferenceException : Object reference not set to an instance of an object]]></message>
                          <stack-trace><![CDATA[at presto.declaration.BaseMethodDeclaration.register (presto.runtime.Context context) [0x00000] in <filename unknown>:0
at presto.grammar.DeclarationList.register (presto.runtime.Context context) [0x00000] in <filename unknown>:0
at presto.parser.BaseBoaParserTest.loadResource (System.String resourceName) [0x00000] in <filename unknown>:0
at presto.parser.BaseBoaParserTest.runResource (System.String resourceName) [0x00000] in <filename unknown>:0
at presto.parser.BaseBoaParserTest.CheckOutput (System.String resourceName) [0x00000] in <filename unknown>:0
at presto.boa.runtime.TestContains.testNotInTimeRange () [0x00000] in <filename unknown>:0
at (wrapper managed-to-native) System.Reflection.MonoMethod:InternalInvoke (System.Reflection.MonoMethod,object,object[],System.Exception&)
at System.Reflection.MonoMethod.Invoke (System.Object obj, BindingFlags invokeAttr, System.Reflection.Binder binder, System.Object[] parameters, System.Globalization.CultureInfo culture) [0x00000] in <filename unknown>:0
]]></stack-trace>
                        </failure>
                      </test-case>
                    </results>
                  </test-suite>
                  <test-suite name="TestDeclaredTypes" success="False" time="0.052" asserts="0">
                    <results>
                      <test-case name="presto.boa.runtime.TestDeclaredTypes.testBooleanType" executed="True" success="False" time="0.001" asserts="0">
                        <failure>
                          <message><![CDATA[System.NullReferenceException : Object reference not set to an instance of an object]]></message>
                          <stack-trace><![CDATA[at presto.declaration.AttributeDeclaration.register (presto.runtime.Context context) [0x00000] in <filename unknown>:0
at presto.grammar.DeclarationList.register (presto.runtime.Context context) [0x00000] in <filename unknown>:0
at presto.boa.runtime.TestDeclaredTypes.registerCategoryTypes () [0x00000] in <filename unknown>:0
at (wrapper managed-to-native) System.Reflection.MonoMethod:InternalInvoke (System.Reflection.MonoMethod,object,object[],System.Exception&)
at System.Reflection.MonoMethod.Invoke (System.Object obj, BindingFlags invokeAttr, System.Reflection.Binder binder, System.Object[] parameters, System.Globalization.CultureInfo culture) [0x00000] in <filename unknown>:0
]]></stack-trace>
                        </failure>
                      </test-case>
                      <test-case name="presto.boa.runtime.TestDeclaredTypes.testDateType" executed="True" success="False" time="0.000" asserts="0">
                        <failure>
                          <message><![CDATA[System.NullReferenceException : Object reference not set to an instance of an object]]></message>
                          <stack-trace><![CDATA[at presto.declaration.AttributeDeclaration.register (presto.runtime.Context context) [0x00000] in <filename unknown>:0
at presto.grammar.DeclarationList.register (presto.runtime.Context context) [0x00000] in <filename unknown>:0
at presto.boa.runtime.TestDeclaredTypes.registerCategoryTypes () [0x00000] in <filename unknown>:0
at (wrapper managed-to-native) System.Reflection.MonoMethod:InternalInvoke (System.Reflection.MonoMethod,object,object[],System.Exception&)
at System.Reflection.MonoMethod.Invoke (System.Object obj, BindingFlags invokeAttr, System.Reflection.Binder binder, System.Object[] parameters, System.Globalization.CultureInfo culture) [0x00000] in <filename unknown>:0
]]></stack-trace>
                        </failure>
                      </test-case>
                      <test-case name="presto.boa.runtime.TestDeclaredTypes.testDecimalType" executed="True" success="False" time="0.000" asserts="0">
                        <failure>
                          <message><![CDATA[System.NullReferenceException : Object reference not set to an instance of an object]]></message>
                          <stack-trace><![CDATA[at presto.declaration.AttributeDeclaration.register (presto.runtime.Context context) [0x00000] in <filename unknown>:0
at presto.grammar.DeclarationList.register (presto.runtime.Context context) [0x00000] in <filename unknown>:0
at presto.boa.runtime.TestDeclaredTypes.registerCategoryTypes () [0x00000] in <filename unknown>:0
at (wrapper managed-to-native) System.Reflection.MonoMethod:InternalInvoke (System.Reflection.MonoMethod,object,object[],System.Exception&)
at System.Reflection.MonoMethod.Invoke (System.Object obj, BindingFlags invokeAttr, System.Reflection.Binder binder, System.Object[] parameters, System.Globalization.CultureInfo culture) [0x00000] in <filename unknown>:0
]]></stack-trace>
                        </failure>
                      </test-case>
                      <test-case name="presto.boa.runtime.TestDeclaredTypes.testDerivedCategoryType" executed="True" success="False" time="0.000" asserts="0">
                        <failure>
                          <message><![CDATA[System.NullReferenceException : Object reference not set to an instance of an object]]></message>
                          <stack-trace><![CDATA[at presto.declaration.AttributeDeclaration.register (presto.runtime.Context context) [0x00000] in <filename unknown>:0
at presto.grammar.DeclarationList.register (presto.runtime.Context context) [0x00000] in <filename unknown>:0
at presto.boa.runtime.TestDeclaredTypes.registerCategoryTypes () [0x00000] in <filename unknown>:0
at (wrapper managed-to-native) System.Reflection.MonoMethod:InternalInvoke (System.Reflection.MonoMethod,object,object[],System.Exception&)
at System.Reflection.MonoMethod.Invoke (System.Object obj, BindingFlags invokeAttr, System.Reflection.Binder binder, System.Object[] parameters, System.Globalization.CultureInfo culture) [0x00000] in <filename unknown>:0
]]></stack-trace>
                        </failure>
                      </test-case>
                      <test-case name="presto.boa.runtime.TestDeclaredTypes.testInstantType" executed="True" success="False" time="0.000" asserts="0">
                        <failure>
                          <message><![CDATA[System.NullReferenceException : Object reference not set to an instance of an object]]></message>
                          <stack-trace><![CDATA[at presto.declaration.AttributeDeclaration.register (presto.runtime.Context context) [0x00000] in <filename unknown>:0
at presto.grammar.DeclarationList.register (presto.runtime.Context context) [0x00000] in <filename unknown>:0
at presto.boa.runtime.TestDeclaredTypes.registerCategoryTypes () [0x00000] in <filename unknown>:0
at (wrapper managed-to-native) System.Reflection.MonoMethod:InternalInvoke (System.Reflection.MonoMethod,object,object[],System.Exception&)
at System.Reflection.MonoMethod.Invoke (System.Object obj, BindingFlags invokeAttr, System.Reflection.Binder binder, System.Object[] parameters, System.Globalization.CultureInfo culture) [0x00000] in <filename unknown>:0
]]></stack-trace>
                        </failure>
                      </test-case>
                      <test-case name="presto.boa.runtime.TestDeclaredTypes.testIntegerType" executed="True" success="False" time="0.000" asserts="0">
                        <failure>
                          <message><![CDATA[System.NullReferenceException : Object reference not set to an instance of an object]]></message>
                          <stack-trace><![CDATA[at presto.declaration.AttributeDeclaration.register (presto.runtime.Context context) [0x00000] in <filename unknown>:0
at presto.grammar.DeclarationList.register (presto.runtime.Context context) [0x00000] in <filename unknown>:0
at presto.boa.runtime.TestDeclaredTypes.registerCategoryTypes () [0x00000] in <filename unknown>:0
at (wrapper managed-to-native) System.Reflection.MonoMethod:InternalInvoke (System.Reflection.MonoMethod,object,object[],System.Exception&)
at System.Reflection.MonoMethod.Invoke (System.Object obj, BindingFlags invokeAttr, System.Reflection.Binder binder, System.Object[] parameters, System.Globalization.CultureInfo culture) [0x00000] in <filename unknown>:0
]]></stack-trace>
                        </failure>
                      </test-case>
                      <test-case name="presto.boa.runtime.TestDeclaredTypes.testMissingType" executed="True" success="False" time="0.000" asserts="0">
                        <failure>
                          <message><![CDATA[System.NullReferenceException : Object reference not set to an instance of an object]]></message>
                          <stack-trace><![CDATA[at presto.declaration.AttributeDeclaration.register (presto.runtime.Context context) [0x00000] in <filename unknown>:0
at presto.grammar.DeclarationList.register (presto.runtime.Context context) [0x00000] in <filename unknown>:0
at presto.boa.runtime.TestDeclaredTypes.registerCategoryTypes () [0x00000] in <filename unknown>:0
at (wrapper managed-to-native) System.Reflection.MonoMethod:InternalInvoke (System.Reflection.MonoMethod,object,object[],System.Exception&)
at System.Reflection.MonoMethod.Invoke (System.Object obj, BindingFlags invokeAttr, System.Reflection.Binder binder, System.Object[] parameters, System.Globalization.CultureInfo culture) [0x00000] in <filename unknown>:0
]]></stack-trace>
                        </failure>
                      </test-case>
                      <test-case name="presto.boa.runtime.TestDeclaredTypes.testRootCategoryType" executed="True" success="False" time="0.000" asserts="0">
                        <failure>
                          <message><![CDATA[System.NullReferenceException : Object reference not set to an instance of an object]]></message>
                          <stack-trace><![CDATA[at presto.declaration.AttributeDeclaration.register (presto.runtime.Context context) [0x00000] in <filename unknown>:0
at presto.grammar.DeclarationList.register (presto.runtime.Context context) [0x00000] in <filename unknown>:0
at presto.boa.runtime.TestDeclaredTypes.registerCategoryTypes () [0x00000] in <filename unknown>:0
at (wrapper managed-to-native) System.Reflection.MonoMethod:InternalInvoke (System.Reflection.MonoMethod,object,object[],System.Exception&)
at System.Reflection.MonoMethod.Invoke (System.Object obj, BindingFlags invokeAttr, System.Reflection.Binder binder, System.Object[] parameters, System.Globalization.CultureInfo culture) [0x00000] in <filename unknown>:0
]]></stack-trace>
                        </failure>
                      </test-case>
                      <test-case name="presto.boa.runtime.TestDeclaredTypes.testStringType" executed="True" success="False" time="0.000" asserts="0">
                        <failure>
                          <message><![CDATA[System.NullReferenceException : Object reference not set to an instance of an object]]></message>
                          <stack-trace><![CDATA[at presto.declaration.AttributeDeclaration.register (presto.runtime.Context context) [0x00000] in <filename unknown>:0
at presto.grammar.DeclarationList.register (presto.runtime.Context context) [0x00000] in <filename unknown>:0
at presto.boa.runtime.TestDeclaredTypes.registerCategoryTypes () [0x00000] in <filename unknown>:0
at (wrapper managed-to-native) System.Reflection.MonoMethod:InternalInvoke (System.Reflection.MonoMethod,object,object[],System.Exception&)
at System.Reflection.MonoMethod.Invoke (System.Object obj, BindingFlags invokeAttr, System.Reflection.Binder binder, System.Object[] parameters, System.Globalization.CultureInfo culture) [0x00000] in <filename unknown>:0
]]></stack-trace>
                        </failure>
                      </test-case>
                      <test-case name="presto.boa.runtime.TestDeclaredTypes.testUnrelatedCategoryType" executed="True" success="False" time="0.000" asserts="0">
                        <failure>
                          <message><![CDATA[System.NullReferenceException : Object reference not set to an instance of an object]]></message>
                          <stack-trace><![CDATA[at presto.declaration.AttributeDeclaration.register (presto.runtime.Context context) [0x00000] in <filename unknown>:0
at presto.grammar.DeclarationList.register (presto.runtime.Context context) [0x00000] in <filename unknown>:0
at presto.boa.runtime.TestDeclaredTypes.registerCategoryTypes () [0x00000] in <filename unknown>:0
at (wrapper managed-to-native) System.Reflection.MonoMethod:InternalInvoke (System.Reflection.MonoMethod,object,object[],System.Exception&)
at System.Reflection.MonoMethod.Invoke (System.Object obj, BindingFlags invokeAttr, System.Reflection.Binder binder, System.Object[] parameters, System.Globalization.CultureInfo culture) [0x00000] in <filename unknown>:0
]]></stack-trace>
                        </failure>
                      </test-case>
                    </results>
                  </test-suite>
                  <test-suite name="TestDiv" success="False" time="0.042" asserts="0">
                    <results>
                      <test-case name="presto.boa.runtime.TestDiv.testDivDecimal" executed="True" success="False" time="0.013" asserts="1">
                        <failure>
                          <message><![CDATA[System.NullReferenceException : Object reference not set to an instance of an object]]></message>
                          <stack-trace><![CDATA[at presto.declaration.BaseMethodDeclaration.register (presto.runtime.Context context) [0x00000] in <filename unknown>:0
at presto.grammar.DeclarationList.register (presto.runtime.Context context) [0x00000] in <filename unknown>:0
at presto.parser.BaseBoaParserTest.loadResource (System.String resourceName) [0x00000] in <filename unknown>:0
at presto.parser.BaseBoaParserTest.runResource (System.String resourceName) [0x00000] in <filename unknown>:0
at presto.parser.BaseBoaParserTest.CheckOutput (System.String resourceName) [0x00000] in <filename unknown>:0
at presto.boa.runtime.TestDiv.testDivDecimal () [0x00000] in <filename unknown>:0
at (wrapper managed-to-native) System.Reflection.MonoMethod:InternalInvoke (System.Reflection.MonoMethod,object,object[],System.Exception&)
at System.Reflection.MonoMethod.Invoke (System.Object obj, BindingFlags invokeAttr, System.Reflection.Binder binder, System.Object[] parameters, System.Globalization.CultureInfo culture) [0x00000] in <filename unknown>:0
]]></stack-trace>
                        </failure>
                      </test-case>
                      <test-case name="presto.boa.runtime.TestDiv.testDivInteger" executed="True" success="False" time="0.003" asserts="1">
                        <failure>
                          <message><![CDATA[System.NullReferenceException : Object reference not set to an instance of an object]]></message>
                          <stack-trace><![CDATA[at presto.declaration.BaseMethodDeclaration.register (presto.runtime.Context context) [0x00000] in <filename unknown>:0
at presto.grammar.DeclarationList.register (presto.runtime.Context context) [0x00000] in <filename unknown>:0
at presto.parser.BaseBoaParserTest.loadResource (System.String resourceName) [0x00000] in <filename unknown>:0
at presto.parser.BaseBoaParserTest.runResource (System.String resourceName) [0x00000] in <filename unknown>:0
at presto.parser.BaseBoaParserTest.CheckOutput (System.String resourceName) [0x00000] in <filename unknown>:0
at presto.boa.runtime.TestDiv.testDivInteger () [0x00000] in <filename unknown>:0
at (wrapper managed-to-native) System.Reflection.MonoMethod:InternalInvoke (System.Reflection.MonoMethod,object,object[],System.Exception&)
at System.Reflection.MonoMethod.Invoke (System.Object obj, BindingFlags invokeAttr, System.Reflection.Binder binder, System.Object[] parameters, System.Globalization.CultureInfo culture) [0x00000] in <filename unknown>:0
]]></stack-trace>
                        </failure>
                      </test-case>
                      <test-case name="presto.boa.runtime.TestDiv.testIDivInteger" executed="True" success="False" time="0.007" asserts="1">
                        <failure>
                          <message><![CDATA[System.NullReferenceException : Object reference not set to an instance of an object]]></message>
                          <stack-trace><![CDATA[at presto.declaration.BaseMethodDeclaration.register (presto.runtime.Context context) [0x00000] in <filename unknown>:0
at presto.grammar.DeclarationList.register (presto.runtime.Context context) [0x00000] in <filename unknown>:0
at presto.parser.BaseBoaParserTest.loadResource (System.String resourceName) [0x00000] in <filename unknown>:0
at presto.parser.BaseBoaParserTest.runResource (System.String resourceName) [0x00000] in <filename unknown>:0
at presto.parser.BaseBoaParserTest.CheckOutput (System.String resourceName) [0x00000] in <filename unknown>:0
at presto.boa.runtime.TestDiv.testIDivInteger () [0x00000] in <filename unknown>:0
at (wrapper managed-to-native) System.Reflection.MonoMethod:InternalInvoke (System.Reflection.MonoMethod,object,object[],System.Exception&)
at System.Reflection.MonoMethod.Invoke (System.Object obj, BindingFlags invokeAttr, System.Reflection.Binder binder, System.Object[] parameters, System.Globalization.CultureInfo culture) [0x00000] in <filename unknown>:0
]]></stack-trace>
                        </failure>
                      </test-case>
                      <test-case name="presto.boa.runtime.TestDiv.testModInteger" executed="True" success="False" time="0.006" asserts="1">
                        <failure>
                          <message><![CDATA[System.NullReferenceException : Object reference not set to an instance of an object]]></message>
                          <stack-trace><![CDATA[at presto.declaration.BaseMethodDeclaration.register (presto.runtime.Context context) [0x00000] in <filename unknown>:0
at presto.grammar.DeclarationList.register (presto.runtime.Context context) [0x00000] in <filename unknown>:0
at presto.parser.BaseBoaParserTest.loadResource (System.String resourceName) [0x00000] in <filename unknown>:0
at presto.parser.BaseBoaParserTest.runResource (System.String resourceName) [0x00000] in <filename unknown>:0
at presto.parser.BaseBoaParserTest.CheckOutput (System.String resourceName) [0x00000] in <filename unknown>:0
at presto.boa.runtime.TestDiv.testModInteger () [0x00000] in <filename unknown>:0
at (wrapper managed-to-native) System.Reflection.MonoMethod:InternalInvoke (System.Reflection.MonoMethod,object,object[],System.Exception&)
at System.Reflection.MonoMethod.Invoke (System.Object obj, BindingFlags invokeAttr, System.Reflection.Binder binder, System.Object[] parameters, System.Globalization.CultureInfo culture) [0x00000] in <filename unknown>:0
]]></stack-trace>
                        </failure>
                      </test-case>
                    </results>
                  </test-suite>
                  <test-suite name="TestDocuments" success="False" time="0.033" asserts="0">
                    <results>
                      <test-case name="presto.boa.runtime.TestDocuments.testDeepItem" executed="True" success="False" time="0.011" asserts="1">
                        <failure>
                          <message><![CDATA[System.NullReferenceException : Object reference not set to an instance of an object]]></message>
                          <stack-trace><![CDATA[at presto.declaration.BaseMethodDeclaration.register (presto.runtime.Context context) [0x00000] in <filename unknown>:0
at presto.grammar.DeclarationList.register (presto.runtime.Context context) [0x00000] in <filename unknown>:0
at presto.parser.BaseBoaParserTest.loadResource (System.String resourceName) [0x00000] in <filename unknown>:0
at presto.parser.BaseBoaParserTest.runResource (System.String resourceName) [0x00000] in <filename unknown>:0
at presto.parser.BaseBoaParserTest.CheckOutput (System.String resourceName) [0x00000] in <filename unknown>:0
at presto.boa.runtime.TestDocuments.testDeepItem () [0x00000] in <filename unknown>:0
at (wrapper managed-to-native) System.Reflection.MonoMethod:InternalInvoke (System.Reflection.MonoMethod,object,object[],System.Exception&)
at System.Reflection.MonoMethod.Invoke (System.Object obj, BindingFlags invokeAttr, System.Reflection.Binder binder, System.Object[] parameters, System.Globalization.CultureInfo culture) [0x00000] in <filename unknown>:0
]]></stack-trace>
                        </failure>
                      </test-case>
                      <test-case name="presto.boa.runtime.TestDocuments.testDeepVariable" executed="True" success="False" time="0.002" asserts="1">
                        <failure>
                          <message><![CDATA[System.NullReferenceException : Object reference not set to an instance of an object]]></message>
                          <stack-trace><![CDATA[at presto.declaration.BaseMethodDeclaration.register (presto.runtime.Context context) [0x00000] in <filename unknown>:0
at presto.grammar.DeclarationList.register (presto.runtime.Context context) [0x00000] in <filename unknown>:0
at presto.parser.BaseBoaParserTest.loadResource (System.String resourceName) [0x00000] in <filename unknown>:0
at presto.parser.BaseBoaParserTest.runResource (System.String resourceName) [0x00000] in <filename unknown>:0
at presto.parser.BaseBoaParserTest.CheckOutput (System.String resourceName) [0x00000] in <filename unknown>:0
at presto.boa.runtime.TestDocuments.testDeepVariable () [0x00000] in <filename unknown>:0
at (wrapper managed-to-native) System.Reflection.MonoMethod:InternalInvoke (System.Reflection.MonoMethod,object,object[],System.Exception&)
at System.Reflection.MonoMethod.Invoke (System.Object obj, BindingFlags invokeAttr, System.Reflection.Binder binder, System.Object[] parameters, System.Globalization.CultureInfo culture) [0x00000] in <filename unknown>:0
]]></stack-trace>
                        </failure>
                      </test-case>
                      <test-case name="presto.boa.runtime.TestDocuments.testItem" executed="True" success="False" time="0.003" asserts="1">
                        <failure>
                          <message><![CDATA[System.NullReferenceException : Object reference not set to an instance of an object]]></message>
                          <stack-trace><![CDATA[at presto.declaration.BaseMethodDeclaration.register (presto.runtime.Context context) [0x00000] in <filename unknown>:0
at presto.grammar.DeclarationList.register (presto.runtime.Context context) [0x00000] in <filename unknown>:0
at presto.parser.BaseBoaParserTest.loadResource (System.String resourceName) [0x00000] in <filename unknown>:0
at presto.parser.BaseBoaParserTest.runResource (System.String resourceName) [0x00000] in <filename unknown>:0
at presto.parser.BaseBoaParserTest.CheckOutput (System.String resourceName) [0x00000] in <filename unknown>:0
at presto.boa.runtime.TestDocuments.testItem () [0x00000] in <filename unknown>:0
at (wrapper managed-to-native) System.Reflection.MonoMethod:InternalInvoke (System.Reflection.MonoMethod,object,object[],System.Exception&)
at System.Reflection.MonoMethod.Invoke (System.Object obj, BindingFlags invokeAttr, System.Reflection.Binder binder, System.Object[] parameters, System.Globalization.CultureInfo culture) [0x00000] in <filename unknown>:0
]]></stack-trace>
                        </failure>
                      </test-case>
                      <test-case name="presto.boa.runtime.TestDocuments.testVariable" executed="True" success="False" time="0.001" asserts="1">
                        <failure>
                          <message><![CDATA[System.NullReferenceException : Object reference not set to an instance of an object]]></message>
                          <stack-trace><![CDATA[at presto.declaration.BaseMethodDeclaration.register (presto.runtime.Context context) [0x00000] in <filename unknown>:0
at presto.grammar.DeclarationList.register (presto.runtime.Context context) [0x00000] in <filename unknown>:0
at presto.parser.BaseBoaParserTest.loadResource (System.String resourceName) [0x00000] in <filename unknown>:0
at presto.parser.BaseBoaParserTest.runResource (System.String resourceName) [0x00000] in <filename unknown>:0
at presto.parser.BaseBoaParserTest.CheckOutput (System.String resourceName) [0x00000] in <filename unknown>:0
at presto.boa.runtime.TestDocuments.testVariable () [0x00000] in <filename unknown>:0
at (wrapper managed-to-native) System.Reflection.MonoMethod:InternalInvoke (System.Reflection.MonoMethod,object,object[],System.Exception&)
at System.Reflection.MonoMethod.Invoke (System.Object obj, BindingFlags invokeAttr, System.Reflection.Binder binder, System.Object[] parameters, System.Globalization.CultureInfo culture) [0x00000] in <filename unknown>:0
]]></stack-trace>
                        </failure>
                      </test-case>
                    </results>
                  </test-suite>
                  <test-suite name="TestEnums" success="False" time="0.027" asserts="0">
                    <results>
                      <test-case name="presto.boa.runtime.TestEnums.testCategoryEnum" executed="True" success="False" time="0.007" asserts="1">
                        <failure>
                          <message><![CDATA[System.NullReferenceException : Object reference not set to an instance of an object]]></message>
                          <stack-trace><![CDATA[at presto.declaration.AttributeDeclaration.register (presto.runtime.Context context) [0x00000] in <filename unknown>:0
at presto.grammar.DeclarationList.register (presto.runtime.Context context) [0x00000] in <filename unknown>:0
at presto.parser.BaseBoaParserTest.loadResource (System.String resourceName) [0x00000] in <filename unknown>:0
at presto.parser.BaseBoaParserTest.runResource (System.String resourceName) [0x00000] in <filename unknown>:0
at presto.parser.BaseBoaParserTest.CheckOutput (System.String resourceName) [0x00000] in <filename unknown>:0
at presto.boa.runtime.TestEnums.testCategoryEnum () [0x00000] in <filename unknown>:0
at (wrapper managed-to-native) System.Reflection.MonoMethod:InternalInvoke (System.Reflection.MonoMethod,object,object[],System.Exception&)
at System.Reflection.MonoMethod.Invoke (System.Object obj, BindingFlags invokeAttr, System.Reflection.Binder binder, System.Object[] parameters, System.Globalization.CultureInfo culture) [0x00000] in <filename unknown>:0
]]></stack-trace>
                        </failure>
                      </test-case>
                      <test-case name="presto.boa.runtime.TestEnums.testIntegerEnum" executed="True" success="False" time="0.002" asserts="1">
                        <failure>
                          <message><![CDATA[System.NullReferenceException : Object reference not set to an instance of an object]]></message>
                          <stack-trace><![CDATA[at presto.declaration.EnumeratedNativeDeclaration.register (presto.runtime.Context context) [0x00000] in <filename unknown>:0
at presto.grammar.DeclarationList.register (presto.runtime.Context context) [0x00000] in <filename unknown>:0
at presto.parser.BaseBoaParserTest.loadResource (System.String resourceName) [0x00000] in <filename unknown>:0
at presto.parser.BaseBoaParserTest.runResource (System.String resourceName) [0x00000] in <filename unknown>:0
at presto.parser.BaseBoaParserTest.CheckOutput (System.String resourceName) [0x00000] in <filename unknown>:0
at presto.boa.runtime.TestEnums.testIntegerEnum () [0x00000] in <filename unknown>:0
at (wrapper managed-to-native) System.Reflection.MonoMethod:InternalInvoke (System.Reflection.MonoMethod,object,object[],System.Exception&)
at System.Reflection.MonoMethod.Invoke (System.Object obj, BindingFlags invokeAttr, System.Reflection.Binder binder, System.Object[] parameters, System.Globalization.CultureInfo culture) [0x00000] in <filename unknown>:0
]]></stack-trace>
                        </failure>
                      </test-case>
                      <test-case name="presto.boa.runtime.TestEnums.testTextEnum" executed="True" success="False" time="0.002" asserts="1">
                        <failure>
                          <message><![CDATA[System.NullReferenceException : Object reference not set to an instance of an object]]></message>
                          <stack-trace><![CDATA[at presto.declaration.EnumeratedNativeDeclaration.register (presto.runtime.Context context) [0x00000] in <filename unknown>:0
at presto.grammar.DeclarationList.register (presto.runtime.Context context) [0x00000] in <filename unknown>:0
at presto.parser.BaseBoaParserTest.loadResource (System.String resourceName) [0x00000] in <filename unknown>:0
at presto.parser.BaseBoaParserTest.runResource (System.String resourceName) [0x00000] in <filename unknown>:0
at presto.parser.BaseBoaParserTest.CheckOutput (System.String resourceName) [0x00000] in <filename unknown>:0
at presto.boa.runtime.TestEnums.testTextEnum () [0x00000] in <filename unknown>:0
at (wrapper managed-to-native) System.Reflection.MonoMethod:InternalInvoke (System.Reflection.MonoMethod,object,object[],System.Exception&)
at System.Reflection.MonoMethod.Invoke (System.Object obj, BindingFlags invokeAttr, System.Reflection.Binder binder, System.Object[] parameters, System.Globalization.CultureInfo culture) [0x00000] in <filename unknown>:0
]]></stack-trace>
                        </failure>
                      </test-case>
                    </results>
                  </test-suite>
                  <test-suite name="TestEquals" success="False" time="0.226" asserts="0">
                    <results>
                      <test-case name="presto.boa.runtime.TestEquals.testEqualsBoolean" executed="True" success="False" time="0.004" asserts="1">
                        <failure>
                          <message><![CDATA[System.NullReferenceException : Object reference not set to an instance of an object]]></message>
                          <stack-trace><![CDATA[at presto.declaration.BaseMethodDeclaration.register (presto.runtime.Context context) [0x00000] in <filename unknown>:0
at presto.grammar.DeclarationList.register (presto.runtime.Context context) [0x00000] in <filename unknown>:0
at presto.parser.BaseBoaParserTest.loadResource (System.String resourceName) [0x00000] in <filename unknown>:0
at presto.parser.BaseBoaParserTest.runResource (System.String resourceName) [0x00000] in <filename unknown>:0
at presto.parser.BaseBoaParserTest.CheckOutput (System.String resourceName) [0x00000] in <filename unknown>:0
at presto.boa.runtime.TestEquals.testEqualsBoolean () [0x00000] in <filename unknown>:0
at (wrapper managed-to-native) System.Reflection.MonoMethod:InternalInvoke (System.Reflection.MonoMethod,object,object[],System.Exception&)
at System.Reflection.MonoMethod.Invoke (System.Object obj, BindingFlags invokeAttr, System.Reflection.Binder binder, System.Object[] parameters, System.Globalization.CultureInfo culture) [0x00000] in <filename unknown>:0
]]></stack-trace>
                        </failure>
                      </test-case>
                      <test-case name="presto.boa.runtime.TestEquals.testEqualsCharacter" executed="True" success="False" time="0.003" asserts="1">
                        <failure>
                          <message><![CDATA[System.NullReferenceException : Object reference not set to an instance of an object]]></message>
                          <stack-trace><![CDATA[at presto.declaration.BaseMethodDeclaration.register (presto.runtime.Context context) [0x00000] in <filename unknown>:0
at presto.grammar.DeclarationList.register (presto.runtime.Context context) [0x00000] in <filename unknown>:0
at presto.parser.BaseBoaParserTest.loadResource (System.String resourceName) [0x00000] in <filename unknown>:0
at presto.parser.BaseBoaParserTest.runResource (System.String resourceName) [0x00000] in <filename unknown>:0
at presto.parser.BaseBoaParserTest.CheckOutput (System.String resourceName) [0x00000] in <filename unknown>:0
at presto.boa.runtime.TestEquals.testEqualsCharacter () [0x00000] in <filename unknown>:0
at (wrapper managed-to-native) System.Reflection.MonoMethod:InternalInvoke (System.Reflection.MonoMethod,object,object[],System.Exception&)
at System.Reflection.MonoMethod.Invoke (System.Object obj, BindingFlags invokeAttr, System.Reflection.Binder binder, System.Object[] parameters, System.Globalization.CultureInfo culture) [0x00000] in <filename unknown>:0
]]></stack-trace>
                        </failure>
                      </test-case>
                      <test-case name="presto.boa.runtime.TestEquals.testEqualsDate" executed="True" success="False" time="0.003" asserts="1">
                        <failure>
                          <message><![CDATA[System.NullReferenceException : Object reference not set to an instance of an object]]></message>
                          <stack-trace><![CDATA[at presto.declaration.BaseMethodDeclaration.register (presto.runtime.Context context) [0x00000] in <filename unknown>:0
at presto.grammar.DeclarationList.register (presto.runtime.Context context) [0x00000] in <filename unknown>:0
at presto.parser.BaseBoaParserTest.loadResource (System.String resourceName) [0x00000] in <filename unknown>:0
at presto.parser.BaseBoaParserTest.runResource (System.String resourceName) [0x00000] in <filename unknown>:0
at presto.parser.BaseBoaParserTest.CheckOutput (System.String resourceName) [0x00000] in <filename unknown>:0
at presto.boa.runtime.TestEquals.testEqualsDate () [0x00000] in <filename unknown>:0
at (wrapper managed-to-native) System.Reflection.MonoMethod:InternalInvoke (System.Reflection.MonoMethod,object,object[],System.Exception&)
at System.Reflection.MonoMethod.Invoke (System.Object obj, BindingFlags invokeAttr, System.Reflection.Binder binder, System.Object[] parameters, System.Globalization.CultureInfo culture) [0x00000] in <filename unknown>:0
]]></stack-trace>
                        </failure>
                      </test-case>
                      <test-case name="presto.boa.runtime.TestEquals.testEqualsDateTime" executed="True" success="False" time="0.004" asserts="1">
                        <failure>
                          <message><![CDATA[System.NullReferenceException : Object reference not set to an instance of an object]]></message>
                          <stack-trace><![CDATA[at presto.declaration.BaseMethodDeclaration.register (presto.runtime.Context context) [0x00000] in <filename unknown>:0
at presto.grammar.DeclarationList.register (presto.runtime.Context context) [0x00000] in <filename unknown>:0
at presto.parser.BaseBoaParserTest.loadResource (System.String resourceName) [0x00000] in <filename unknown>:0
at presto.parser.BaseBoaParserTest.runResource (System.String resourceName) [0x00000] in <filename unknown>:0
at presto.parser.BaseBoaParserTest.CheckOutput (System.String resourceName) [0x00000] in <filename unknown>:0
at presto.boa.runtime.TestEquals.testEqualsDateTime () [0x00000] in <filename unknown>:0
at (wrapper managed-to-native) System.Reflection.MonoMethod:InternalInvoke (System.Reflection.MonoMethod,object,object[],System.Exception&)
at System.Reflection.MonoMethod.Invoke (System.Object obj, BindingFlags invokeAttr, System.Reflection.Binder binder, System.Object[] parameters, System.Globalization.CultureInfo culture) [0x00000] in <filename unknown>:0
]]></stack-trace>
                        </failure>
                      </test-case>
                      <test-case name="presto.boa.runtime.TestEquals.testEqualsDecimal" executed="True" success="False" time="0.003" asserts="1">
                        <failure>
                          <message><![CDATA[System.NullReferenceException : Object reference not set to an instance of an object]]></message>
                          <stack-trace><![CDATA[at presto.declaration.BaseMethodDeclaration.register (presto.runtime.Context context) [0x00000] in <filename unknown>:0
at presto.grammar.DeclarationList.register (presto.runtime.Context context) [0x00000] in <filename unknown>:0
at presto.parser.BaseBoaParserTest.loadResource (System.String resourceName) [0x00000] in <filename unknown>:0
at presto.parser.BaseBoaParserTest.runResource (System.String resourceName) [0x00000] in <filename unknown>:0
at presto.parser.BaseBoaParserTest.CheckOutput (System.String resourceName) [0x00000] in <filename unknown>:0
at presto.boa.runtime.TestEquals.testEqualsDecimal () [0x00000] in <filename unknown>:0
at (wrapper managed-to-native) System.Reflection.MonoMethod:InternalInvoke (System.Reflection.MonoMethod,object,object[],System.Exception&)
at System.Reflection.MonoMethod.Invoke (System.Object obj, BindingFlags invokeAttr, System.Reflection.Binder binder, System.Object[] parameters, System.Globalization.CultureInfo culture) [0x00000] in <filename unknown>:0
]]></stack-trace>
                        </failure>
                      </test-case>
                      <test-case name="presto.boa.runtime.TestEquals.testEqualsDict" executed="True" success="False" time="0.004" asserts="1">
                        <failure>
                          <message><![CDATA[System.NullReferenceException : Object reference not set to an instance of an object]]></message>
                          <stack-trace><![CDATA[at presto.declaration.BaseMethodDeclaration.register (presto.runtime.Context context) [0x00000] in <filename unknown>:0
at presto.grammar.DeclarationList.register (presto.runtime.Context context) [0x00000] in <filename unknown>:0
at presto.parser.BaseBoaParserTest.loadResource (System.String resourceName) [0x00000] in <filename unknown>:0
at presto.parser.BaseBoaParserTest.runResource (System.String resourceName) [0x00000] in <filename unknown>:0
at presto.parser.BaseBoaParserTest.CheckOutput (System.String resourceName) [0x00000] in <filename unknown>:0
at presto.boa.runtime.TestEquals.testEqualsDict () [0x00000] in <filename unknown>:0
at (wrapper managed-to-native) System.Reflection.MonoMethod:InternalInvoke (System.Reflection.MonoMethod,object,object[],System.Exception&)
at System.Reflection.MonoMethod.Invoke (System.Object obj, BindingFlags invokeAttr, System.Reflection.Binder binder, System.Object[] parameters, System.Globalization.CultureInfo culture) [0x00000] in <filename unknown>:0
]]></stack-trace>
                        </failure>
                      </test-case>
                      <test-case name="presto.boa.runtime.TestEquals.testEqualsInteger" executed="True" success="False" time="0.003" asserts="1">
                        <failure>
                          <message><![CDATA[System.NullReferenceException : Object reference not set to an instance of an object]]></message>
                          <stack-trace><![CDATA[at presto.declaration.BaseMethodDeclaration.register (presto.runtime.Context context) [0x00000] in <filename unknown>:0
at presto.grammar.DeclarationList.register (presto.runtime.Context context) [0x00000] in <filename unknown>:0
at presto.parser.BaseBoaParserTest.loadResource (System.String resourceName) [0x00000] in <filename unknown>:0
at presto.parser.BaseBoaParserTest.runResource (System.String resourceName) [0x00000] in <filename unknown>:0
at presto.parser.BaseBoaParserTest.CheckOutput (System.String resourceName) [0x00000] in <filename unknown>:0
at presto.boa.runtime.TestEquals.testEqualsInteger () [0x00000] in <filename unknown>:0
at (wrapper managed-to-native) System.Reflection.MonoMethod:InternalInvoke (System.Reflection.MonoMethod,object,object[],System.Exception&)
at System.Reflection.MonoMethod.Invoke (System.Object obj, BindingFlags invokeAttr, System.Reflection.Binder binder, System.Object[] parameters, System.Globalization.CultureInfo culture) [0x00000] in <filename unknown>:0
]]></stack-trace>
                        </failure>
                      </test-case>
                      <test-case name="presto.boa.runtime.TestEquals.testEqualsList" executed="True" success="False" time="0.002" asserts="1">
                        <failure>
                          <message><![CDATA[System.NullReferenceException : Object reference not set to an instance of an object]]></message>
                          <stack-trace><![CDATA[at presto.declaration.BaseMethodDeclaration.register (presto.runtime.Context context) [0x00000] in <filename unknown>:0
at presto.grammar.DeclarationList.register (presto.runtime.Context context) [0x00000] in <filename unknown>:0
at presto.parser.BaseBoaParserTest.loadResource (System.String resourceName) [0x00000] in <filename unknown>:0
at presto.parser.BaseBoaParserTest.runResource (System.String resourceName) [0x00000] in <filename unknown>:0
at presto.parser.BaseBoaParserTest.CheckOutput (System.String resourceName) [0x00000] in <filename unknown>:0
at presto.boa.runtime.TestEquals.testEqualsList () [0x00000] in <filename unknown>:0
at (wrapper managed-to-native) System.Reflection.MonoMethod:InternalInvoke (System.Reflection.MonoMethod,object,object[],System.Exception&)
at System.Reflection.MonoMethod.Invoke (System.Object obj, BindingFlags invokeAttr, System.Reflection.Binder binder, System.Object[] parameters, System.Globalization.CultureInfo culture) [0x00000] in <filename unknown>:0
]]></stack-trace>
                        </failure>
                      </test-case>
                      <test-case name="presto.boa.runtime.TestEquals.testEqualsPeriod" executed="True" success="False" time="0.004" asserts="1">
                        <failure>
                          <message><![CDATA[System.NullReferenceException : Object reference not set to an instance of an object]]></message>
                          <stack-trace><![CDATA[at presto.declaration.BaseMethodDeclaration.register (presto.runtime.Context context) [0x00000] in <filename unknown>:0
at presto.grammar.DeclarationList.register (presto.runtime.Context context) [0x00000] in <filename unknown>:0
at presto.parser.BaseBoaParserTest.loadResource (System.String resourceName) [0x00000] in <filename unknown>:0
at presto.parser.BaseBoaParserTest.runResource (System.String resourceName) [0x00000] in <filename unknown>:0
at presto.parser.BaseBoaParserTest.CheckOutput (System.String resourceName) [0x00000] in <filename unknown>:0
at presto.boa.runtime.TestEquals.testEqualsPeriod () [0x00000] in <filename unknown>:0
at (wrapper managed-to-native) System.Reflection.MonoMethod:InternalInvoke (System.Reflection.MonoMethod,object,object[],System.Exception&)
at System.Reflection.MonoMethod.Invoke (System.Object obj, BindingFlags invokeAttr, System.Reflection.Binder binder, System.Object[] parameters, System.Globalization.CultureInfo culture) [0x00000] in <filename unknown>:0
]]></stack-trace>
                        </failure>
                      </test-case>
                      <test-case name="presto.boa.runtime.TestEquals.testEqualsRange" executed="True" success="False" time="0.004" asserts="1">
                        <failure>
                          <message><![CDATA[System.NullReferenceException : Object reference not set to an instance of an object]]></message>
                          <stack-trace><![CDATA[at presto.declaration.BaseMethodDeclaration.register (presto.runtime.Context context) [0x00000] in <filename unknown>:0
at presto.grammar.DeclarationList.register (presto.runtime.Context context) [0x00000] in <filename unknown>:0
at presto.parser.BaseBoaParserTest.loadResource (System.String resourceName) [0x00000] in <filename unknown>:0
at presto.parser.BaseBoaParserTest.runResource (System.String resourceName) [0x00000] in <filename unknown>:0
at presto.parser.BaseBoaParserTest.CheckOutput (System.String resourceName) [0x00000] in <filename unknown>:0
at presto.boa.runtime.TestEquals.testEqualsRange () [0x00000] in <filename unknown>:0
at (wrapper managed-to-native) System.Reflection.MonoMethod:InternalInvoke (System.Reflection.MonoMethod,object,object[],System.Exception&)
at System.Reflection.MonoMethod.Invoke (System.Object obj, BindingFlags invokeAttr, System.Reflection.Binder binder, System.Object[] parameters, System.Globalization.CultureInfo culture) [0x00000] in <filename unknown>:0
]]></stack-trace>
                        </failure>
                      </test-case>
                      <test-case name="presto.boa.runtime.TestEquals.testEqualsString" executed="True" success="False" time="0.002" asserts="1">
                        <failure>
                          <message><![CDATA[System.NullReferenceException : Object reference not set to an instance of an object]]></message>
                          <stack-trace><![CDATA[at presto.declaration.BaseMethodDeclaration.register (presto.runtime.Context context) [0x00000] in <filename unknown>:0
at presto.grammar.DeclarationList.register (presto.runtime.Context context) [0x00000] in <filename unknown>:0
at presto.parser.BaseBoaParserTest.loadResource (System.String resourceName) [0x00000] in <filename unknown>:0
at presto.parser.BaseBoaParserTest.runResource (System.String resourceName) [0x00000] in <filename unknown>:0
at presto.parser.BaseBoaParserTest.CheckOutput (System.String resourceName) [0x00000] in <filename unknown>:0
at presto.boa.runtime.TestEquals.testEqualsString () [0x00000] in <filename unknown>:0
at (wrapper managed-to-native) System.Reflection.MonoMethod:InternalInvoke (System.Reflection.MonoMethod,object,object[],System.Exception&)
at System.Reflection.MonoMethod.Invoke (System.Object obj, BindingFlags invokeAttr, System.Reflection.Binder binder, System.Object[] parameters, System.Globalization.CultureInfo culture) [0x00000] in <filename unknown>:0
]]></stack-trace>
                        </failure>
                      </test-case>
                      <test-case name="presto.boa.runtime.TestEquals.testEqualsTime" executed="True" success="False" time="0.005" asserts="1">
                        <failure>
                          <message><![CDATA[System.NullReferenceException : Object reference not set to an instance of an object]]></message>
                          <stack-trace><![CDATA[at presto.declaration.BaseMethodDeclaration.register (presto.runtime.Context context) [0x00000] in <filename unknown>:0
at presto.grammar.DeclarationList.register (presto.runtime.Context context) [0x00000] in <filename unknown>:0
at presto.parser.BaseBoaParserTest.loadResource (System.String resourceName) [0x00000] in <filename unknown>:0
at presto.parser.BaseBoaParserTest.runResource (System.String resourceName) [0x00000] in <filename unknown>:0
at presto.parser.BaseBoaParserTest.CheckOutput (System.String resourceName) [0x00000] in <filename unknown>:0
at presto.boa.runtime.TestEquals.testEqualsTime () [0x00000] in <filename unknown>:0
at (wrapper managed-to-native) System.Reflection.MonoMethod:InternalInvoke (System.Reflection.MonoMethod,object,object[],System.Exception&)
at System.Reflection.MonoMethod.Invoke (System.Object obj, BindingFlags invokeAttr, System.Reflection.Binder binder, System.Object[] parameters, System.Globalization.CultureInfo culture) [0x00000] in <filename unknown>:0
]]></stack-trace>
                        </failure>
                      </test-case>
                      <test-case name="presto.boa.runtime.TestEquals.testNotEqualsBoolean" executed="True" success="False" time="0.006" asserts="1">
                        <failure>
                          <message><![CDATA[System.NullReferenceException : Object reference not set to an instance of an object]]></message>
                          <stack-trace><![CDATA[at presto.declaration.BaseMethodDeclaration.register (presto.runtime.Context context) [0x00000] in <filename unknown>:0
at presto.grammar.DeclarationList.register (presto.runtime.Context context) [0x00000] in <filename unknown>:0
at presto.parser.BaseBoaParserTest.loadResource (System.String resourceName) [0x00000] in <filename unknown>:0
at presto.parser.BaseBoaParserTest.runResource (System.String resourceName) [0x00000] in <filename unknown>:0
at presto.parser.BaseBoaParserTest.CheckOutput (System.String resourceName) [0x00000] in <filename unknown>:0
at presto.boa.runtime.TestEquals.testNotEqualsBoolean () [0x00000] in <filename unknown>:0
at (wrapper managed-to-native) System.Reflection.MonoMethod:InternalInvoke (System.Reflection.MonoMethod,object,object[],System.Exception&)
at System.Reflection.MonoMethod.Invoke (System.Object obj, BindingFlags invokeAttr, System.Reflection.Binder binder, System.Object[] parameters, System.Globalization.CultureInfo culture) [0x00000] in <filename unknown>:0
]]></stack-trace>
                        </failure>
                      </test-case>
                      <test-case name="presto.boa.runtime.TestEquals.testNotEqualsCharacter" executed="True" success="False" time="0.002" asserts="1">
                        <failure>
                          <message><![CDATA[System.NullReferenceException : Object reference not set to an instance of an object]]></message>
                          <stack-trace><![CDATA[at presto.declaration.BaseMethodDeclaration.register (presto.runtime.Context context) [0x00000] in <filename unknown>:0
at presto.grammar.DeclarationList.register (presto.runtime.Context context) [0x00000] in <filename unknown>:0
at presto.parser.BaseBoaParserTest.loadResource (System.String resourceName) [0x00000] in <filename unknown>:0
at presto.parser.BaseBoaParserTest.runResource (System.String resourceName) [0x00000] in <filename unknown>:0
at presto.parser.BaseBoaParserTest.CheckOutput (System.String resourceName) [0x00000] in <filename unknown>:0
at presto.boa.runtime.TestEquals.testNotEqualsCharacter () [0x00000] in <filename unknown>:0
at (wrapper managed-to-native) System.Reflection.MonoMethod:InternalInvoke (System.Reflection.MonoMethod,object,object[],System.Exception&)
at System.Reflection.MonoMethod.Invoke (System.Object obj, BindingFlags invokeAttr, System.Reflection.Binder binder, System.Object[] parameters, System.Globalization.CultureInfo culture) [0x00000] in <filename unknown>:0
]]></stack-trace>
                        </failure>
                      </test-case>
                      <test-case name="presto.boa.runtime.TestEquals.testNotEqualsDate" executed="True" success="False" time="0.003" asserts="1">
                        <failure>
                          <message><![CDATA[System.NullReferenceException : Object reference not set to an instance of an object]]></message>
                          <stack-trace><![CDATA[at presto.declaration.BaseMethodDeclaration.register (presto.runtime.Context context) [0x00000] in <filename unknown>:0
at presto.grammar.DeclarationList.register (presto.runtime.Context context) [0x00000] in <filename unknown>:0
at presto.parser.BaseBoaParserTest.loadResource (System.String resourceName) [0x00000] in <filename unknown>:0
at presto.parser.BaseBoaParserTest.runResource (System.String resourceName) [0x00000] in <filename unknown>:0
at presto.parser.BaseBoaParserTest.CheckOutput (System.String resourceName) [0x00000] in <filename unknown>:0
at presto.boa.runtime.TestEquals.testNotEqualsDate () [0x00000] in <filename unknown>:0
at (wrapper managed-to-native) System.Reflection.MonoMethod:InternalInvoke (System.Reflection.MonoMethod,object,object[],System.Exception&)
at System.Reflection.MonoMethod.Invoke (System.Object obj, BindingFlags invokeAttr, System.Reflection.Binder binder, System.Object[] parameters, System.Globalization.CultureInfo culture) [0x00000] in <filename unknown>:0
]]></stack-trace>
                        </failure>
                      </test-case>
                      <test-case name="presto.boa.runtime.TestEquals.testNotEqualsDateTime" executed="True" success="False" time="0.009" asserts="1">
                        <failure>
                          <message><![CDATA[System.NullReferenceException : Object reference not set to an instance of an object]]></message>
                          <stack-trace><![CDATA[at presto.declaration.BaseMethodDeclaration.register (presto.runtime.Context context) [0x00000] in <filename unknown>:0
at presto.grammar.DeclarationList.register (presto.runtime.Context context) [0x00000] in <filename unknown>:0
at presto.parser.BaseBoaParserTest.loadResource (System.String resourceName) [0x00000] in <filename unknown>:0
at presto.parser.BaseBoaParserTest.runResource (System.String resourceName) [0x00000] in <filename unknown>:0
at presto.parser.BaseBoaParserTest.CheckOutput (System.String resourceName) [0x00000] in <filename unknown>:0
at presto.boa.runtime.TestEquals.testNotEqualsDateTime () [0x00000] in <filename unknown>:0
at (wrapper managed-to-native) System.Reflection.MonoMethod:InternalInvoke (System.Reflection.MonoMethod,object,object[],System.Exception&)
at System.Reflection.MonoMethod.Invoke (System.Object obj, BindingFlags invokeAttr, System.Reflection.Binder binder, System.Object[] parameters, System.Globalization.CultureInfo culture) [0x00000] in <filename unknown>:0
]]></stack-trace>
                        </failure>
                      </test-case>
                      <test-case name="presto.boa.runtime.TestEquals.testNotEqualsDecimal" executed="True" success="False" time="0.003" asserts="1">
                        <failure>
                          <message><![CDATA[System.NullReferenceException : Object reference not set to an instance of an object]]></message>
                          <stack-trace><![CDATA[at presto.declaration.BaseMethodDeclaration.register (presto.runtime.Context context) [0x00000] in <filename unknown>:0
at presto.grammar.DeclarationList.register (presto.runtime.Context context) [0x00000] in <filename unknown>:0
at presto.parser.BaseBoaParserTest.loadResource (System.String resourceName) [0x00000] in <filename unknown>:0
at presto.parser.BaseBoaParserTest.runResource (System.String resourceName) [0x00000] in <filename unknown>:0
at presto.parser.BaseBoaParserTest.CheckOutput (System.String resourceName) [0x00000] in <filename unknown>:0
at presto.boa.runtime.TestEquals.testNotEqualsDecimal () [0x00000] in <filename unknown>:0
at (wrapper managed-to-native) System.Reflection.MonoMethod:InternalInvoke (System.Reflection.MonoMethod,object,object[],System.Exception&)
at System.Reflection.MonoMethod.Invoke (System.Object obj, BindingFlags invokeAttr, System.Reflection.Binder binder, System.Object[] parameters, System.Globalization.CultureInfo culture) [0x00000] in <filename unknown>:0
]]></stack-trace>
                        </failure>
                      </test-case>
                      <test-case name="presto.boa.runtime.TestEquals.testNotEqualsDict" executed="True" success="False" time="0.003" asserts="1">
                        <failure>
                          <message><![CDATA[System.NullReferenceException : Object reference not set to an instance of an object]]></message>
                          <stack-trace><![CDATA[at presto.declaration.BaseMethodDeclaration.register (presto.runtime.Context context) [0x00000] in <filename unknown>:0
at presto.grammar.DeclarationList.register (presto.runtime.Context context) [0x00000] in <filename unknown>:0
at presto.parser.BaseBoaParserTest.loadResource (System.String resourceName) [0x00000] in <filename unknown>:0
at presto.parser.BaseBoaParserTest.runResource (System.String resourceName) [0x00000] in <filename unknown>:0
at presto.parser.BaseBoaParserTest.CheckOutput (System.String resourceName) [0x00000] in <filename unknown>:0
at presto.boa.runtime.TestEquals.testNotEqualsDict () [0x00000] in <filename unknown>:0
at (wrapper managed-to-native) System.Reflection.MonoMethod:InternalInvoke (System.Reflection.MonoMethod,object,object[],System.Exception&)
at System.Reflection.MonoMethod.Invoke (System.Object obj, BindingFlags invokeAttr, System.Reflection.Binder binder, System.Object[] parameters, System.Globalization.CultureInfo culture) [0x00000] in <filename unknown>:0
]]></stack-trace>
                        </failure>
                      </test-case>
                      <test-case name="presto.boa.runtime.TestEquals.testNotEqualsInteger" executed="True" success="False" time="0.005" asserts="1">
                        <failure>
                          <message><![CDATA[System.NullReferenceException : Object reference not set to an instance of an object]]></message>
                          <stack-trace><![CDATA[at presto.declaration.BaseMethodDeclaration.register (presto.runtime.Context context) [0x00000] in <filename unknown>:0
at presto.grammar.DeclarationList.register (presto.runtime.Context context) [0x00000] in <filename unknown>:0
at presto.parser.BaseBoaParserTest.loadResource (System.String resourceName) [0x00000] in <filename unknown>:0
at presto.parser.BaseBoaParserTest.runResource (System.String resourceName) [0x00000] in <filename unknown>:0
at presto.parser.BaseBoaParserTest.CheckOutput (System.String resourceName) [0x00000] in <filename unknown>:0
at presto.boa.runtime.TestEquals.testNotEqualsInteger () [0x00000] in <filename unknown>:0
at (wrapper managed-to-native) System.Reflection.MonoMethod:InternalInvoke (System.Reflection.MonoMethod,object,object[],System.Exception&)
at System.Reflection.MonoMethod.Invoke (System.Object obj, BindingFlags invokeAttr, System.Reflection.Binder binder, System.Object[] parameters, System.Globalization.CultureInfo culture) [0x00000] in <filename unknown>:0
]]></stack-trace>
                        </failure>
                      </test-case>
                      <test-case name="presto.boa.runtime.TestEquals.testNotEqualsList" executed="True" success="False" time="0.004" asserts="1">
                        <failure>
                          <message><![CDATA[System.NullReferenceException : Object reference not set to an instance of an object]]></message>
                          <stack-trace><![CDATA[at presto.declaration.BaseMethodDeclaration.register (presto.runtime.Context context) [0x00000] in <filename unknown>:0
at presto.grammar.DeclarationList.register (presto.runtime.Context context) [0x00000] in <filename unknown>:0
at presto.parser.BaseBoaParserTest.loadResource (System.String resourceName) [0x00000] in <filename unknown>:0
at presto.parser.BaseBoaParserTest.runResource (System.String resourceName) [0x00000] in <filename unknown>:0
at presto.parser.BaseBoaParserTest.CheckOutput (System.String resourceName) [0x00000] in <filename unknown>:0
at presto.boa.runtime.TestEquals.testNotEqualsList () [0x00000] in <filename unknown>:0
at (wrapper managed-to-native) System.Reflection.MonoMethod:InternalInvoke (System.Reflection.MonoMethod,object,object[],System.Exception&)
at System.Reflection.MonoMethod.Invoke (System.Object obj, BindingFlags invokeAttr, System.Reflection.Binder binder, System.Object[] parameters, System.Globalization.CultureInfo culture) [0x00000] in <filename unknown>:0
]]></stack-trace>
                        </failure>
                      </test-case>
                      <test-case name="presto.boa.runtime.TestEquals.testNotEqualsPeriod" executed="True" success="False" time="0.004" asserts="1">
                        <failure>
                          <message><![CDATA[System.NullReferenceException : Object reference not set to an instance of an object]]></message>
                          <stack-trace><![CDATA[at presto.declaration.BaseMethodDeclaration.register (presto.runtime.Context context) [0x00000] in <filename unknown>:0
at presto.grammar.DeclarationList.register (presto.runtime.Context context) [0x00000] in <filename unknown>:0
at presto.parser.BaseBoaParserTest.loadResource (System.String resourceName) [0x00000] in <filename unknown>:0
at presto.parser.BaseBoaParserTest.runResource (System.String resourceName) [0x00000] in <filename unknown>:0
at presto.parser.BaseBoaParserTest.CheckOutput (System.String resourceName) [0x00000] in <filename unknown>:0
at presto.boa.runtime.TestEquals.testNotEqualsPeriod () [0x00000] in <filename unknown>:0
at (wrapper managed-to-native) System.Reflection.MonoMethod:InternalInvoke (System.Reflection.MonoMethod,object,object[],System.Exception&)
at System.Reflection.MonoMethod.Invoke (System.Object obj, BindingFlags invokeAttr, System.Reflection.Binder binder, System.Object[] parameters, System.Globalization.CultureInfo culture) [0x00000] in <filename unknown>:0
]]></stack-trace>
                        </failure>
                      </test-case>
                      <test-case name="presto.boa.runtime.TestEquals.testNotEqualsRange" executed="True" success="False" time="0.004" asserts="1">
                        <failure>
                          <message><![CDATA[System.NullReferenceException : Object reference not set to an instance of an object]]></message>
                          <stack-trace><![CDATA[at presto.declaration.BaseMethodDeclaration.register (presto.runtime.Context context) [0x00000] in <filename unknown>:0
at presto.grammar.DeclarationList.register (presto.runtime.Context context) [0x00000] in <filename unknown>:0
at presto.parser.BaseBoaParserTest.loadResource (System.String resourceName) [0x00000] in <filename unknown>:0
at presto.parser.BaseBoaParserTest.runResource (System.String resourceName) [0x00000] in <filename unknown>:0
at presto.parser.BaseBoaParserTest.CheckOutput (System.String resourceName) [0x00000] in <filename unknown>:0
at presto.boa.runtime.TestEquals.testNotEqualsRange () [0x00000] in <filename unknown>:0
at (wrapper managed-to-native) System.Reflection.MonoMethod:InternalInvoke (System.Reflection.MonoMethod,object,object[],System.Exception&)
at System.Reflection.MonoMethod.Invoke (System.Object obj, BindingFlags invokeAttr, System.Reflection.Binder binder, System.Object[] parameters, System.Globalization.CultureInfo culture) [0x00000] in <filename unknown>:0
]]></stack-trace>
                        </failure>
                      </test-case>
                      <test-case name="presto.boa.runtime.TestEquals.testNotEqualsText" executed="True" success="False" time="0.002" asserts="1">
                        <failure>
                          <message><![CDATA[System.NullReferenceException : Object reference not set to an instance of an object]]></message>
                          <stack-trace><![CDATA[at presto.declaration.BaseMethodDeclaration.register (presto.runtime.Context context) [0x00000] in <filename unknown>:0
at presto.grammar.DeclarationList.register (presto.runtime.Context context) [0x00000] in <filename unknown>:0
at presto.parser.BaseBoaParserTest.loadResource (System.String resourceName) [0x00000] in <filename unknown>:0
at presto.parser.BaseBoaParserTest.runResource (System.String resourceName) [0x00000] in <filename unknown>:0
at presto.parser.BaseBoaParserTest.CheckOutput (System.String resourceName) [0x00000] in <filename unknown>:0
at presto.boa.runtime.TestEquals.testNotEqualsText () [0x00000] in <filename unknown>:0
at (wrapper managed-to-native) System.Reflection.MonoMethod:InternalInvoke (System.Reflection.MonoMethod,object,object[],System.Exception&)
at System.Reflection.MonoMethod.Invoke (System.Object obj, BindingFlags invokeAttr, System.Reflection.Binder binder, System.Object[] parameters, System.Globalization.CultureInfo culture) [0x00000] in <filename unknown>:0
]]></stack-trace>
                        </failure>
                      </test-case>
                      <test-case name="presto.boa.runtime.TestEquals.testNotEqualsTime" executed="True" success="False" time="0.003" asserts="1">
                        <failure>
                          <message><![CDATA[System.NullReferenceException : Object reference not set to an instance of an object]]></message>
                          <stack-trace><![CDATA[at presto.declaration.BaseMethodDeclaration.register (presto.runtime.Context context) [0x00000] in <filename unknown>:0
at presto.grammar.DeclarationList.register (presto.runtime.Context context) [0x00000] in <filename unknown>:0
at presto.parser.BaseBoaParserTest.loadResource (System.String resourceName) [0x00000] in <filename unknown>:0
at presto.parser.BaseBoaParserTest.runResource (System.String resourceName) [0x00000] in <filename unknown>:0
at presto.parser.BaseBoaParserTest.CheckOutput (System.String resourceName) [0x00000] in <filename unknown>:0
at presto.boa.runtime.TestEquals.testNotEqualsTime () [0x00000] in <filename unknown>:0
at (wrapper managed-to-native) System.Reflection.MonoMethod:InternalInvoke (System.Reflection.MonoMethod,object,object[],System.Exception&)
at System.Reflection.MonoMethod.Invoke (System.Object obj, BindingFlags invokeAttr, System.Reflection.Binder binder, System.Object[] parameters, System.Globalization.CultureInfo culture) [0x00000] in <filename unknown>:0
]]></stack-trace>
                        </failure>
                      </test-case>
                    </results>
                  </test-suite>
                  <test-suite name="TestErrors" success="False" time="0.062" asserts="0">
                    <results>
                      <test-case name="presto.boa.runtime.TestErrors.testDivideByZero" executed="True" success="False" time="0.008" asserts="1">
                        <failure>
                          <message><![CDATA[System.NullReferenceException : Object reference not set to an instance of an object]]></message>
                          <stack-trace><![CDATA[at presto.declaration.AttributeDeclaration.register (presto.runtime.Context context) [0x00000] in <filename unknown>:0
at presto.grammar.DeclarationList.register (presto.runtime.Context context) [0x00000] in <filename unknown>:0
at presto.parser.BaseBoaParserTest.loadResource (System.String resourceName) [0x00000] in <filename unknown>:0
at presto.parser.BaseBoaParserTest.runResource (System.String resourceName) [0x00000] in <filename unknown>:0
at presto.parser.BaseBoaParserTest.CheckOutput (System.String resourceName) [0x00000] in <filename unknown>:0
at presto.boa.runtime.TestErrors.testDivideByZero () [0x00000] in <filename unknown>:0
at (wrapper managed-to-native) System.Reflection.MonoMethod:InternalInvoke (System.Reflection.MonoMethod,object,object[],System.Exception&)
at System.Reflection.MonoMethod.Invoke (System.Object obj, BindingFlags invokeAttr, System.Reflection.Binder binder, System.Object[] parameters, System.Globalization.CultureInfo culture) [0x00000] in <filename unknown>:0
]]></stack-trace>
                        </failure>
                      </test-case>
                      <test-case name="presto.boa.runtime.TestErrors.testIndexOutOfRangeListItem" executed="True" success="False" time="0.004" asserts="1">
                        <failure>
                          <message><![CDATA[System.NullReferenceException : Object reference not set to an instance of an object]]></message>
                          <stack-trace><![CDATA[at presto.declaration.AttributeDeclaration.register (presto.runtime.Context context) [0x00000] in <filename unknown>:0
at presto.grammar.DeclarationList.register (presto.runtime.Context context) [0x00000] in <filename unknown>:0
at presto.parser.BaseBoaParserTest.loadResource (System.String resourceName) [0x00000] in <filename unknown>:0
at presto.parser.BaseBoaParserTest.runResource (System.String resourceName) [0x00000] in <filename unknown>:0
at presto.parser.BaseBoaParserTest.CheckOutput (System.String resourceName) [0x00000] in <filename unknown>:0
at presto.boa.runtime.TestErrors.testIndexOutOfRangeListItem () [0x00000] in <filename unknown>:0
at (wrapper managed-to-native) System.Reflection.MonoMethod:InternalInvoke (System.Reflection.MonoMethod,object,object[],System.Exception&)
at System.Reflection.MonoMethod.Invoke (System.Object obj, BindingFlags invokeAttr, System.Reflection.Binder binder, System.Object[] parameters, System.Globalization.CultureInfo culture) [0x00000] in <filename unknown>:0
]]></stack-trace>
                        </failure>
                      </test-case>
                      <test-case name="presto.boa.runtime.TestErrors.testIndexOutOfRangeSliceList" executed="True" success="False" time="0.004" asserts="1">
                        <failure>
                          <message><![CDATA[System.NullReferenceException : Object reference not set to an instance of an object]]></message>
                          <stack-trace><![CDATA[at presto.declaration.AttributeDeclaration.register (presto.runtime.Context context) [0x00000] in <filename unknown>:0
at presto.grammar.DeclarationList.register (presto.runtime.Context context) [0x00000] in <filename unknown>:0
at presto.parser.BaseBoaParserTest.loadResource (System.String resourceName) [0x00000] in <filename unknown>:0
at presto.parser.BaseBoaParserTest.runResource (System.String resourceName) [0x00000] in <filename unknown>:0
at presto.parser.BaseBoaParserTest.CheckOutput (System.String resourceName) [0x00000] in <filename unknown>:0
at presto.boa.runtime.TestErrors.testIndexOutOfRangeSliceList () [0x00000] in <filename unknown>:0
at (wrapper managed-to-native) System.Reflection.MonoMethod:InternalInvoke (System.Reflection.MonoMethod,object,object[],System.Exception&)
at System.Reflection.MonoMethod.Invoke (System.Object obj, BindingFlags invokeAttr, System.Reflection.Binder binder, System.Object[] parameters, System.Globalization.CultureInfo culture) [0x00000] in <filename unknown>:0
]]></stack-trace>
                        </failure>
                      </test-case>
                      <test-case name="presto.boa.runtime.TestErrors.testIndexOutOfRangeSliceRange" executed="True" success="False" time="0.002" asserts="1">
                        <failure>
                          <message><![CDATA[System.NullReferenceException : Object reference not set to an instance of an object]]></message>
                          <stack-trace><![CDATA[at presto.declaration.AttributeDeclaration.register (presto.runtime.Context context) [0x00000] in <filename unknown>:0
at presto.grammar.DeclarationList.register (presto.runtime.Context context) [0x00000] in <filename unknown>:0
at presto.parser.BaseBoaParserTest.loadResource (System.String resourceName) [0x00000] in <filename unknown>:0
at presto.parser.BaseBoaParserTest.runResource (System.String resourceName) [0x00000] in <filename unknown>:0
at presto.parser.BaseBoaParserTest.CheckOutput (System.String resourceName) [0x00000] in <filename unknown>:0
at presto.boa.runtime.TestErrors.testIndexOutOfRangeSliceRange () [0x00000] in <filename unknown>:0
at (wrapper managed-to-native) System.Reflection.MonoMethod:InternalInvoke (System.Reflection.MonoMethod,object,object[],System.Exception&)
at System.Reflection.MonoMethod.Invoke (System.Object obj, BindingFlags invokeAttr, System.Reflection.Binder binder, System.Object[] parameters, System.Globalization.CultureInfo culture) [0x00000] in <filename unknown>:0
]]></stack-trace>
                        </failure>
                      </test-case>
                      <test-case name="presto.boa.runtime.TestErrors.testIndexOutOfRangeSliceText" executed="True" success="False" time="0.002" asserts="1">
                        <failure>
                          <message><![CDATA[System.NullReferenceException : Object reference not set to an instance of an object]]></message>
                          <stack-trace><![CDATA[at presto.declaration.AttributeDeclaration.register (presto.runtime.Context context) [0x00000] in <filename unknown>:0
at presto.grammar.DeclarationList.register (presto.runtime.Context context) [0x00000] in <filename unknown>:0
at presto.parser.BaseBoaParserTest.loadResource (System.String resourceName) [0x00000] in <filename unknown>:0
at presto.parser.BaseBoaParserTest.runResource (System.String resourceName) [0x00000] in <filename unknown>:0
at presto.parser.BaseBoaParserTest.CheckOutput (System.String resourceName) [0x00000] in <filename unknown>:0
at presto.boa.runtime.TestErrors.testIndexOutOfRangeSliceText () [0x00000] in <filename unknown>:0
at (wrapper managed-to-native) System.Reflection.MonoMethod:InternalInvoke (System.Reflection.MonoMethod,object,object[],System.Exception&)
at System.Reflection.MonoMethod.Invoke (System.Object obj, BindingFlags invokeAttr, System.Reflection.Binder binder, System.Object[] parameters, System.Globalization.CultureInfo culture) [0x00000] in <filename unknown>:0
]]></stack-trace>
                        </failure>
                      </test-case>
                      <test-case name="presto.boa.runtime.TestErrors.testNullReference" executed="True" success="False" time="0.003" asserts="1">
                        <failure>
                          <message><![CDATA[System.NullReferenceException : Object reference not set to an instance of an object]]></message>
                          <stack-trace><![CDATA[at presto.declaration.AttributeDeclaration.register (presto.runtime.Context context) [0x00000] in <filename unknown>:0
at presto.grammar.DeclarationList.register (presto.runtime.Context context) [0x00000] in <filename unknown>:0
at presto.parser.BaseBoaParserTest.loadResource (System.String resourceName) [0x00000] in <filename unknown>:0
at presto.parser.BaseBoaParserTest.runResource (System.String resourceName) [0x00000] in <filename unknown>:0
at presto.parser.BaseBoaParserTest.CheckOutput (System.String resourceName) [0x00000] in <filename unknown>:0
at presto.boa.runtime.TestErrors.testNullReference () [0x00000] in <filename unknown>:0
at (wrapper managed-to-native) System.Reflection.MonoMethod:InternalInvoke (System.Reflection.MonoMethod,object,object[],System.Exception&)
at System.Reflection.MonoMethod.Invoke (System.Object obj, BindingFlags invokeAttr, System.Reflection.Binder binder, System.Object[] parameters, System.Globalization.CultureInfo culture) [0x00000] in <filename unknown>:0
]]></stack-trace>
                        </failure>
                      </test-case>
                      <test-case name="presto.boa.runtime.TestErrors.testUserException" executed="True" success="False" time="0.003" asserts="1">
                        <failure>
                          <message><![CDATA[System.NullReferenceException : Object reference not set to an instance of an object]]></message>
                          <stack-trace><![CDATA[at presto.declaration.AttributeDeclaration.register (presto.runtime.Context context) [0x00000] in <filename unknown>:0
at presto.grammar.DeclarationList.register (presto.runtime.Context context) [0x00000] in <filename unknown>:0
at presto.parser.BaseBoaParserTest.loadResource (System.String resourceName) [0x00000] in <filename unknown>:0
at presto.parser.BaseBoaParserTest.runResource (System.String resourceName) [0x00000] in <filename unknown>:0
at presto.parser.BaseBoaParserTest.CheckOutput (System.String resourceName) [0x00000] in <filename unknown>:0
at presto.boa.runtime.TestErrors.testUserException () [0x00000] in <filename unknown>:0
at (wrapper managed-to-native) System.Reflection.MonoMethod:InternalInvoke (System.Reflection.MonoMethod,object,object[],System.Exception&)
at System.Reflection.MonoMethod.Invoke (System.Object obj, BindingFlags invokeAttr, System.Reflection.Binder binder, System.Object[] parameters, System.Globalization.CultureInfo culture) [0x00000] in <filename unknown>:0
]]></stack-trace>
                        </failure>
                      </test-case>
                    </results>
                  </test-suite>
                  <test-suite name="TestFetch" success="False" time="0.005" asserts="0">
                    <results>
                      <test-case name="presto.boa.runtime.TestFetch.testFetch" executed="True" success="False" time="0.005" asserts="1">
                        <failure>
                          <message><![CDATA[System.NullReferenceException : Object reference not set to an instance of an object]]></message>
                          <stack-trace><![CDATA[at presto.declaration.BaseMethodDeclaration.register (presto.runtime.Context context) [0x00000] in <filename unknown>:0
at presto.grammar.DeclarationList.register (presto.runtime.Context context) [0x00000] in <filename unknown>:0
at presto.parser.BaseBoaParserTest.loadResource (System.String resourceName) [0x00000] in <filename unknown>:0
at presto.parser.BaseBoaParserTest.runResource (System.String resourceName) [0x00000] in <filename unknown>:0
at presto.parser.BaseBoaParserTest.CheckOutput (System.String resourceName) [0x00000] in <filename unknown>:0
at presto.boa.runtime.TestFetch.testFetch () [0x00000] in <filename unknown>:0
at (wrapper managed-to-native) System.Reflection.MonoMethod:InternalInvoke (System.Reflection.MonoMethod,object,object[],System.Exception&)
at System.Reflection.MonoMethod.Invoke (System.Object obj, BindingFlags invokeAttr, System.Reflection.Binder binder, System.Object[] parameters, System.Globalization.CultureInfo culture) [0x00000] in <filename unknown>:0
]]></stack-trace>
                        </failure>
                      </test-case>
                    </results>
                  </test-suite>
                  <test-suite name="TestForward" success="False" time="0.004" asserts="0">
                    <results>
                      <test-case name="presto.boa.runtime.TestForward.testForward" executed="True" success="False" time="0.004" asserts="1">
                        <failure>
                          <message><![CDATA[System.NullReferenceException : Object reference not set to an instance of an object]]></message>
                          <stack-trace><![CDATA[at presto.declaration.CategoryDeclaration.register (presto.runtime.Context context) [0x00000] in <filename unknown>:0
at presto.grammar.DeclarationList.register (presto.runtime.Context context) [0x00000] in <filename unknown>:0
at presto.parser.BaseBoaParserTest.loadResource (System.String resourceName) [0x00000] in <filename unknown>:0
at presto.parser.BaseBoaParserTest.runResource (System.String resourceName) [0x00000] in <filename unknown>:0
at presto.parser.BaseBoaParserTest.CheckOutput (System.String resourceName) [0x00000] in <filename unknown>:0
at presto.boa.runtime.TestForward.testForward () [0x00000] in <filename unknown>:0
at (wrapper managed-to-native) System.Reflection.MonoMethod:InternalInvoke (System.Reflection.MonoMethod,object,object[],System.Exception&)
at System.Reflection.MonoMethod.Invoke (System.Object obj, BindingFlags invokeAttr, System.Reflection.Binder binder, System.Object[] parameters, System.Globalization.CultureInfo culture) [0x00000] in <filename unknown>:0
]]></stack-trace>
                        </failure>
                      </test-case>
                    </results>
                  </test-suite>
                  <test-suite name="TestGreater" success="False" time="0.142" asserts="0">
                    <results>
                      <test-case name="presto.boa.runtime.TestGreater.testGreaterOrEqualThanCharacter" executed="True" success="False" time="0.012" asserts="1">
                        <failure>
                          <message><![CDATA[System.NullReferenceException : Object reference not set to an instance of an object]]></message>
                          <stack-trace><![CDATA[at presto.declaration.BaseMethodDeclaration.register (presto.runtime.Context context) [0x00000] in <filename unknown>:0
at presto.grammar.DeclarationList.register (presto.runtime.Context context) [0x00000] in <filename unknown>:0
at presto.parser.BaseBoaParserTest.loadResource (System.String resourceName) [0x00000] in <filename unknown>:0
at presto.parser.BaseBoaParserTest.runResource (System.String resourceName) [0x00000] in <filename unknown>:0
at presto.parser.BaseBoaParserTest.CheckOutput (System.String resourceName) [0x00000] in <filename unknown>:0
at presto.boa.runtime.TestGreater.testGreaterOrEqualThanCharacter () [0x00000] in <filename unknown>:0
at (wrapper managed-to-native) System.Reflection.MonoMethod:InternalInvoke (System.Reflection.MonoMethod,object,object[],System.Exception&)
at System.Reflection.MonoMethod.Invoke (System.Object obj, BindingFlags invokeAttr, System.Reflection.Binder binder, System.Object[] parameters, System.Globalization.CultureInfo culture) [0x00000] in <filename unknown>:0
]]></stack-trace>
                        </failure>
                      </test-case>
                      <test-case name="presto.boa.runtime.TestGreater.testGreaterOrEqualThanDate" executed="True" success="False" time="0.003" asserts="1">
                        <failure>
                          <message><![CDATA[System.NullReferenceException : Object reference not set to an instance of an object]]></message>
                          <stack-trace><![CDATA[at presto.declaration.BaseMethodDeclaration.register (presto.runtime.Context context) [0x00000] in <filename unknown>:0
at presto.grammar.DeclarationList.register (presto.runtime.Context context) [0x00000] in <filename unknown>:0
at presto.parser.BaseBoaParserTest.loadResource (System.String resourceName) [0x00000] in <filename unknown>:0
at presto.parser.BaseBoaParserTest.runResource (System.String resourceName) [0x00000] in <filename unknown>:0
at presto.parser.BaseBoaParserTest.CheckOutput (System.String resourceName) [0x00000] in <filename unknown>:0
at presto.boa.runtime.TestGreater.testGreaterOrEqualThanDate () [0x00000] in <filename unknown>:0
at (wrapper managed-to-native) System.Reflection.MonoMethod:InternalInvoke (System.Reflection.MonoMethod,object,object[],System.Exception&)
at System.Reflection.MonoMethod.Invoke (System.Object obj, BindingFlags invokeAttr, System.Reflection.Binder binder, System.Object[] parameters, System.Globalization.CultureInfo culture) [0x00000] in <filename unknown>:0
]]></stack-trace>
                        </failure>
                      </test-case>
                      <test-case name="presto.boa.runtime.TestGreater.testGreaterOrEqualThanDateTime" executed="True" success="False" time="0.003" asserts="1">
                        <failure>
                          <message><![CDATA[System.NullReferenceException : Object reference not set to an instance of an object]]></message>
                          <stack-trace><![CDATA[at presto.declaration.BaseMethodDeclaration.register (presto.runtime.Context context) [0x00000] in <filename unknown>:0
at presto.grammar.DeclarationList.register (presto.runtime.Context context) [0x00000] in <filename unknown>:0
at presto.parser.BaseBoaParserTest.loadResource (System.String resourceName) [0x00000] in <filename unknown>:0
at presto.parser.BaseBoaParserTest.runResource (System.String resourceName) [0x00000] in <filename unknown>:0
at presto.parser.BaseBoaParserTest.CheckOutput (System.String resourceName) [0x00000] in <filename unknown>:0
at presto.boa.runtime.TestGreater.testGreaterOrEqualThanDateTime () [0x00000] in <filename unknown>:0
at (wrapper managed-to-native) System.Reflection.MonoMethod:InternalInvoke (System.Reflection.MonoMethod,object,object[],System.Exception&)
at System.Reflection.MonoMethod.Invoke (System.Object obj, BindingFlags invokeAttr, System.Reflection.Binder binder, System.Object[] parameters, System.Globalization.CultureInfo culture) [0x00000] in <filename unknown>:0
]]></stack-trace>
                        </failure>
                      </test-case>
                      <test-case name="presto.boa.runtime.TestGreater.testGreaterOrEqualThanDecimal" executed="True" success="False" time="0.006" asserts="1">
                        <failure>
                          <message><![CDATA[System.NullReferenceException : Object reference not set to an instance of an object]]></message>
                          <stack-trace><![CDATA[at presto.declaration.BaseMethodDeclaration.register (presto.runtime.Context context) [0x00000] in <filename unknown>:0
at presto.grammar.DeclarationList.register (presto.runtime.Context context) [0x00000] in <filename unknown>:0
at presto.parser.BaseBoaParserTest.loadResource (System.String resourceName) [0x00000] in <filename unknown>:0
at presto.parser.BaseBoaParserTest.runResource (System.String resourceName) [0x00000] in <filename unknown>:0
at presto.parser.BaseBoaParserTest.CheckOutput (System.String resourceName) [0x00000] in <filename unknown>:0
at presto.boa.runtime.TestGreater.testGreaterOrEqualThanDecimal () [0x00000] in <filename unknown>:0
at (wrapper managed-to-native) System.Reflection.MonoMethod:InternalInvoke (System.Reflection.MonoMethod,object,object[],System.Exception&)
at System.Reflection.MonoMethod.Invoke (System.Object obj, BindingFlags invokeAttr, System.Reflection.Binder binder, System.Object[] parameters, System.Globalization.CultureInfo culture) [0x00000] in <filename unknown>:0
]]></stack-trace>
                        </failure>
                      </test-case>
                      <test-case name="presto.boa.runtime.TestGreater.testGreaterOrEqualThanInteger" executed="True" success="False" time="0.005" asserts="1">
                        <failure>
                          <message><![CDATA[System.NullReferenceException : Object reference not set to an instance of an object]]></message>
                          <stack-trace><![CDATA[at presto.declaration.BaseMethodDeclaration.register (presto.runtime.Context context) [0x00000] in <filename unknown>:0
at presto.grammar.DeclarationList.register (presto.runtime.Context context) [0x00000] in <filename unknown>:0
at presto.parser.BaseBoaParserTest.loadResource (System.String resourceName) [0x00000] in <filename unknown>:0
at presto.parser.BaseBoaParserTest.runResource (System.String resourceName) [0x00000] in <filename unknown>:0
at presto.parser.BaseBoaParserTest.CheckOutput (System.String resourceName) [0x00000] in <filename unknown>:0
at presto.boa.runtime.TestGreater.testGreaterOrEqualThanInteger () [0x00000] in <filename unknown>:0
at (wrapper managed-to-native) System.Reflection.MonoMethod:InternalInvoke (System.Reflection.MonoMethod,object,object[],System.Exception&)
at System.Reflection.MonoMethod.Invoke (System.Object obj, BindingFlags invokeAttr, System.Reflection.Binder binder, System.Object[] parameters, System.Globalization.CultureInfo culture) [0x00000] in <filename unknown>:0
]]></stack-trace>
                        </failure>
                      </test-case>
                      <test-case name="presto.boa.runtime.TestGreater.testGreaterOrEqualThanText" executed="True" success="False" time="0.004" asserts="1">
                        <failure>
                          <message><![CDATA[System.NullReferenceException : Object reference not set to an instance of an object]]></message>
                          <stack-trace><![CDATA[at presto.declaration.BaseMethodDeclaration.register (presto.runtime.Context context) [0x00000] in <filename unknown>:0
at presto.grammar.DeclarationList.register (presto.runtime.Context context) [0x00000] in <filename unknown>:0
at presto.parser.BaseBoaParserTest.loadResource (System.String resourceName) [0x00000] in <filename unknown>:0
at presto.parser.BaseBoaParserTest.runResource (System.String resourceName) [0x00000] in <filename unknown>:0
at presto.parser.BaseBoaParserTest.CheckOutput (System.String resourceName) [0x00000] in <filename unknown>:0
at presto.boa.runtime.TestGreater.testGreaterOrEqualThanText () [0x00000] in <filename unknown>:0
at (wrapper managed-to-native) System.Reflection.MonoMethod:InternalInvoke (System.Reflection.MonoMethod,object,object[],System.Exception&)
at System.Reflection.MonoMethod.Invoke (System.Object obj, BindingFlags invokeAttr, System.Reflection.Binder binder, System.Object[] parameters, System.Globalization.CultureInfo culture) [0x00000] in <filename unknown>:0
]]></stack-trace>
                        </failure>
                      </test-case>
                      <test-case name="presto.boa.runtime.TestGreater.testGreaterOrEqualThanTime" executed="True" success="False" time="0.003" asserts="1">
                        <failure>
                          <message><![CDATA[System.NullReferenceException : Object reference not set to an instance of an object]]></message>
                          <stack-trace><![CDATA[at presto.declaration.BaseMethodDeclaration.register (presto.runtime.Context context) [0x00000] in <filename unknown>:0
at presto.grammar.DeclarationList.register (presto.runtime.Context context) [0x00000] in <filename unknown>:0
at presto.parser.BaseBoaParserTest.loadResource (System.String resourceName) [0x00000] in <filename unknown>:0
at presto.parser.BaseBoaParserTest.runResource (System.String resourceName) [0x00000] in <filename unknown>:0
at presto.parser.BaseBoaParserTest.CheckOutput (System.String resourceName) [0x00000] in <filename unknown>:0
at presto.boa.runtime.TestGreater.testGreaterOrEqualThanTime () [0x00000] in <filename unknown>:0
at (wrapper managed-to-native) System.Reflection.MonoMethod:InternalInvoke (System.Reflection.MonoMethod,object,object[],System.Exception&)
at System.Reflection.MonoMethod.Invoke (System.Object obj, BindingFlags invokeAttr, System.Reflection.Binder binder, System.Object[] parameters, System.Globalization.CultureInfo culture) [0x00000] in <filename unknown>:0
]]></stack-trace>
                        </failure>
                      </test-case>
                      <test-case name="presto.boa.runtime.TestGreater.testGreaterThanCharacter" executed="True" success="False" time="0.007" asserts="1">
                        <failure>
                          <message><![CDATA[System.NullReferenceException : Object reference not set to an instance of an object]]></message>
                          <stack-trace><![CDATA[at presto.declaration.BaseMethodDeclaration.register (presto.runtime.Context context) [0x00000] in <filename unknown>:0
at presto.grammar.DeclarationList.register (presto.runtime.Context context) [0x00000] in <filename unknown>:0
at presto.parser.BaseBoaParserTest.loadResource (System.String resourceName) [0x00000] in <filename unknown>:0
at presto.parser.BaseBoaParserTest.runResource (System.String resourceName) [0x00000] in <filename unknown>:0
at presto.parser.BaseBoaParserTest.CheckOutput (System.String resourceName) [0x00000] in <filename unknown>:0
at presto.boa.runtime.TestGreater.testGreaterThanCharacter () [0x00000] in <filename unknown>:0
at (wrapper managed-to-native) System.Reflection.MonoMethod:InternalInvoke (System.Reflection.MonoMethod,object,object[],System.Exception&)
at System.Reflection.MonoMethod.Invoke (System.Object obj, BindingFlags invokeAttr, System.Reflection.Binder binder, System.Object[] parameters, System.Globalization.CultureInfo culture) [0x00000] in <filename unknown>:0
]]></stack-trace>
                        </failure>
                      </test-case>
                      <test-case name="presto.boa.runtime.TestGreater.testGreaterThanDate" executed="True" success="False" time="0.002" asserts="1">
                        <failure>
                          <message><![CDATA[System.NullReferenceException : Object reference not set to an instance of an object]]></message>
                          <stack-trace><![CDATA[at presto.declaration.BaseMethodDeclaration.register (presto.runtime.Context context) [0x00000] in <filename unknown>:0
at presto.grammar.DeclarationList.register (presto.runtime.Context context) [0x00000] in <filename unknown>:0
at presto.parser.BaseBoaParserTest.loadResource (System.String resourceName) [0x00000] in <filename unknown>:0
at presto.parser.BaseBoaParserTest.runResource (System.String resourceName) [0x00000] in <filename unknown>:0
at presto.parser.BaseBoaParserTest.CheckOutput (System.String resourceName) [0x00000] in <filename unknown>:0
at presto.boa.runtime.TestGreater.testGreaterThanDate () [0x00000] in <filename unknown>:0
at (wrapper managed-to-native) System.Reflection.MonoMethod:InternalInvoke (System.Reflection.MonoMethod,object,object[],System.Exception&)
at System.Reflection.MonoMethod.Invoke (System.Object obj, BindingFlags invokeAttr, System.Reflection.Binder binder, System.Object[] parameters, System.Globalization.CultureInfo culture) [0x00000] in <filename unknown>:0
]]></stack-trace>
                        </failure>
                      </test-case>
                      <test-case name="presto.boa.runtime.TestGreater.testGreaterThanDateTime" executed="True" success="False" time="0.002" asserts="1">
                        <failure>
                          <message><![CDATA[System.NullReferenceException : Object reference not set to an instance of an object]]></message>
                          <stack-trace><![CDATA[at presto.declaration.BaseMethodDeclaration.register (presto.runtime.Context context) [0x00000] in <filename unknown>:0
at presto.grammar.DeclarationList.register (presto.runtime.Context context) [0x00000] in <filename unknown>:0
at presto.parser.BaseBoaParserTest.loadResource (System.String resourceName) [0x00000] in <filename unknown>:0
at presto.parser.BaseBoaParserTest.runResource (System.String resourceName) [0x00000] in <filename unknown>:0
at presto.parser.BaseBoaParserTest.CheckOutput (System.String resourceName) [0x00000] in <filename unknown>:0
at presto.boa.runtime.TestGreater.testGreaterThanDateTime () [0x00000] in <filename unknown>:0
at (wrapper managed-to-native) System.Reflection.MonoMethod:InternalInvoke (System.Reflection.MonoMethod,object,object[],System.Exception&)
at System.Reflection.MonoMethod.Invoke (System.Object obj, BindingFlags invokeAttr, System.Reflection.Binder binder, System.Object[] parameters, System.Globalization.CultureInfo culture) [0x00000] in <filename unknown>:0
]]></stack-trace>
                        </failure>
                      </test-case>
                      <test-case name="presto.boa.runtime.TestGreater.testGreaterThanDecimal" executed="True" success="False" time="0.004" asserts="1">
                        <failure>
                          <message><![CDATA[System.NullReferenceException : Object reference not set to an instance of an object]]></message>
                          <stack-trace><![CDATA[at presto.declaration.BaseMethodDeclaration.register (presto.runtime.Context context) [0x00000] in <filename unknown>:0
at presto.grammar.DeclarationList.register (presto.runtime.Context context) [0x00000] in <filename unknown>:0
at presto.parser.BaseBoaParserTest.loadResource (System.String resourceName) [0x00000] in <filename unknown>:0
at presto.parser.BaseBoaParserTest.runResource (System.String resourceName) [0x00000] in <filename unknown>:0
at presto.parser.BaseBoaParserTest.CheckOutput (System.String resourceName) [0x00000] in <filename unknown>:0
at presto.boa.runtime.TestGreater.testGreaterThanDecimal () [0x00000] in <filename unknown>:0
at (wrapper managed-to-native) System.Reflection.MonoMethod:InternalInvoke (System.Reflection.MonoMethod,object,object[],System.Exception&)
at System.Reflection.MonoMethod.Invoke (System.Object obj, BindingFlags invokeAttr, System.Reflection.Binder binder, System.Object[] parameters, System.Globalization.CultureInfo culture) [0x00000] in <filename unknown>:0
]]></stack-trace>
                        </failure>
                      </test-case>
                      <test-case name="presto.boa.runtime.TestGreater.testGreaterThanInteger" executed="True" success="False" time="0.004" asserts="1">
                        <failure>
                          <message><![CDATA[System.NullReferenceException : Object reference not set to an instance of an object]]></message>
                          <stack-trace><![CDATA[at presto.declaration.BaseMethodDeclaration.register (presto.runtime.Context context) [0x00000] in <filename unknown>:0
at presto.grammar.DeclarationList.register (presto.runtime.Context context) [0x00000] in <filename unknown>:0
at presto.parser.BaseBoaParserTest.loadResource (System.String resourceName) [0x00000] in <filename unknown>:0
at presto.parser.BaseBoaParserTest.runResource (System.String resourceName) [0x00000] in <filename unknown>:0
at presto.parser.BaseBoaParserTest.CheckOutput (System.String resourceName) [0x00000] in <filename unknown>:0
at presto.boa.runtime.TestGreater.testGreaterThanInteger () [0x00000] in <filename unknown>:0
at (wrapper managed-to-native) System.Reflection.MonoMethod:InternalInvoke (System.Reflection.MonoMethod,object,object[],System.Exception&)
at System.Reflection.MonoMethod.Invoke (System.Object obj, BindingFlags invokeAttr, System.Reflection.Binder binder, System.Object[] parameters, System.Globalization.CultureInfo culture) [0x00000] in <filename unknown>:0
]]></stack-trace>
                        </failure>
                      </test-case>
                      <test-case name="presto.boa.runtime.TestGreater.testGreaterThanText" executed="True" success="False" time="0.004" asserts="1">
                        <failure>
                          <message><![CDATA[System.NullReferenceException : Object reference not set to an instance of an object]]></message>
                          <stack-trace><![CDATA[at presto.declaration.BaseMethodDeclaration.register (presto.runtime.Context context) [0x00000] in <filename unknown>:0
at presto.grammar.DeclarationList.register (presto.runtime.Context context) [0x00000] in <filename unknown>:0
at presto.parser.BaseBoaParserTest.loadResource (System.String resourceName) [0x00000] in <filename unknown>:0
at presto.parser.BaseBoaParserTest.runResource (System.String resourceName) [0x00000] in <filename unknown>:0
at presto.parser.BaseBoaParserTest.CheckOutput (System.String resourceName) [0x00000] in <filename unknown>:0
at presto.boa.runtime.TestGreater.testGreaterThanText () [0x00000] in <filename unknown>:0
at (wrapper managed-to-native) System.Reflection.MonoMethod:InternalInvoke (System.Reflection.MonoMethod,object,object[],System.Exception&)
at System.Reflection.MonoMethod.Invoke (System.Object obj, BindingFlags invokeAttr, System.Reflection.Binder binder, System.Object[] parameters, System.Globalization.CultureInfo culture) [0x00000] in <filename unknown>:0
]]></stack-trace>
                        </failure>
                      </test-case>
                      <test-case name="presto.boa.runtime.TestGreater.testGreaterThanTime" executed="True" success="False" time="0.002" asserts="1">
                        <failure>
                          <message><![CDATA[System.NullReferenceException : Object reference not set to an instance of an object]]></message>
                          <stack-trace><![CDATA[at presto.declaration.BaseMethodDeclaration.register (presto.runtime.Context context) [0x00000] in <filename unknown>:0
at presto.grammar.DeclarationList.register (presto.runtime.Context context) [0x00000] in <filename unknown>:0
at presto.parser.BaseBoaParserTest.loadResource (System.String resourceName) [0x00000] in <filename unknown>:0
at presto.parser.BaseBoaParserTest.runResource (System.String resourceName) [0x00000] in <filename unknown>:0
at presto.parser.BaseBoaParserTest.CheckOutput (System.String resourceName) [0x00000] in <filename unknown>:0
at presto.boa.runtime.TestGreater.testGreaterThanTime () [0x00000] in <filename unknown>:0
at (wrapper managed-to-native) System.Reflection.MonoMethod:InternalInvoke (System.Reflection.MonoMethod,object,object[],System.Exception&)
at System.Reflection.MonoMethod.Invoke (System.Object obj, BindingFlags invokeAttr, System.Reflection.Binder binder, System.Object[] parameters, System.Globalization.CultureInfo culture) [0x00000] in <filename unknown>:0
]]></stack-trace>
                        </failure>
                      </test-case>
                    </results>
                  </test-suite>
                  <test-suite name="TestInjections" success="False" time="0.009" asserts="0">
                    <results>
                      <test-case name="presto.boa.runtime.TestInjections.testExpression" executed="True" success="False" time="0.009" asserts="1">
                        <failure>
                          <message><![CDATA[System.NullReferenceException : Object reference not set to an instance of an object]]></message>
                          <stack-trace><![CDATA[at presto.declaration.BaseMethodDeclaration.register (presto.runtime.Context context) [0x00000] in <filename unknown>:0
at presto.grammar.DeclarationList.register (presto.runtime.Context context) [0x00000] in <filename unknown>:0
at presto.parser.BaseBoaParserTest.loadResource (System.String resourceName) [0x00000] in <filename unknown>:0
at presto.parser.BaseBoaParserTest.runResource (System.String resourceName) [0x00000] in <filename unknown>:0
at presto.parser.BaseBoaParserTest.CheckOutput (System.String resourceName) [0x00000] in <filename unknown>:0
at presto.boa.runtime.TestInjections.testExpression () [0x00000] in <filename unknown>:0
at (wrapper managed-to-native) System.Reflection.MonoMethod:InternalInvoke (System.Reflection.MonoMethod,object,object[],System.Exception&)
at System.Reflection.MonoMethod.Invoke (System.Object obj, BindingFlags invokeAttr, System.Reflection.Binder binder, System.Object[] parameters, System.Globalization.CultureInfo culture) [0x00000] in <filename unknown>:0
]]></stack-trace>
                        </failure>
                      </test-case>
                    </results>
                  </test-suite>
                  <test-suite name="TestIssues" success="False" time="0.003" asserts="0">
                    <results>
                      <test-case name="presto.boa.runtime.TestIssues.testMinimal" executed="True" success="False" time="0.003" asserts="1">
                        <failure>
                          <message><![CDATA[System.NullReferenceException : Object reference not set to an instance of an object]]></message>
                          <stack-trace><![CDATA[at presto.declaration.BaseMethodDeclaration.register (presto.runtime.Context context) [0x00000] in <filename unknown>:0
at presto.grammar.DeclarationList.register (presto.runtime.Context context) [0x00000] in <filename unknown>:0
at presto.parser.BaseBoaParserTest.loadResource (System.String resourceName) [0x00000] in <filename unknown>:0
at presto.parser.BaseBoaParserTest.runResource (System.String resourceName, System.String methodName, System.String cmdLineArgs) [0x00000] in <filename unknown>:0
at presto.boa.runtime.TestIssues.testMinimal () [0x00000] in <filename unknown>:0
at (wrapper managed-to-native) System.Reflection.MonoMethod:InternalInvoke (System.Reflection.MonoMethod,object,object[],System.Exception&)
at System.Reflection.MonoMethod.Invoke (System.Object obj, BindingFlags invokeAttr, System.Reflection.Binder binder, System.Object[] parameters, System.Globalization.CultureInfo culture) [0x00000] in <filename unknown>:0
]]></stack-trace>
                        </failure>
                      </test-case>
                    </results>
                  </test-suite>
                  <test-suite name="TestItem" success="False" time="0.028" asserts="0">
                    <results>
                      <test-case name="presto.boa.runtime.TestItem.testItemDict" executed="True" success="False" time="0.002" asserts="1">
                        <failure>
                          <message><![CDATA[System.NullReferenceException : Object reference not set to an instance of an object]]></message>
                          <stack-trace><![CDATA[at presto.declaration.BaseMethodDeclaration.register (presto.runtime.Context context) [0x00000] in <filename unknown>:0
at presto.grammar.DeclarationList.register (presto.runtime.Context context) [0x00000] in <filename unknown>:0
at presto.parser.BaseBoaParserTest.loadResource (System.String resourceName) [0x00000] in <filename unknown>:0
at presto.parser.BaseBoaParserTest.runResource (System.String resourceName) [0x00000] in <filename unknown>:0
at presto.parser.BaseBoaParserTest.CheckOutput (System.String resourceName) [0x00000] in <filename unknown>:0
at presto.boa.runtime.TestItem.testItemDict () [0x00000] in <filename unknown>:0
at (wrapper managed-to-native) System.Reflection.MonoMethod:InternalInvoke (System.Reflection.MonoMethod,object,object[],System.Exception&)
at System.Reflection.MonoMethod.Invoke (System.Object obj, BindingFlags invokeAttr, System.Reflection.Binder binder, System.Object[] parameters, System.Globalization.CultureInfo culture) [0x00000] in <filename unknown>:0
]]></stack-trace>
                        </failure>
                      </test-case>
                      <test-case name="presto.boa.runtime.TestItem.testItemList" executed="True" success="False" time="0.002" asserts="1">
                        <failure>
                          <message><![CDATA[System.NullReferenceException : Object reference not set to an instance of an object]]></message>
                          <stack-trace><![CDATA[at presto.declaration.BaseMethodDeclaration.register (presto.runtime.Context context) [0x00000] in <filename unknown>:0
at presto.grammar.DeclarationList.register (presto.runtime.Context context) [0x00000] in <filename unknown>:0
at presto.parser.BaseBoaParserTest.loadResource (System.String resourceName) [0x00000] in <filename unknown>:0
at presto.parser.BaseBoaParserTest.runResource (System.String resourceName) [0x00000] in <filename unknown>:0
at presto.parser.BaseBoaParserTest.CheckOutput (System.String resourceName) [0x00000] in <filename unknown>:0
at presto.boa.runtime.TestItem.testItemList () [0x00000] in <filename unknown>:0
at (wrapper managed-to-native) System.Reflection.MonoMethod:InternalInvoke (System.Reflection.MonoMethod,object,object[],System.Exception&)
at System.Reflection.MonoMethod.Invoke (System.Object obj, BindingFlags invokeAttr, System.Reflection.Binder binder, System.Object[] parameters, System.Globalization.CultureInfo culture) [0x00000] in <filename unknown>:0
]]></stack-trace>
                        </failure>
                      </test-case>
                      <test-case name="presto.boa.runtime.TestItem.testItemRange" executed="True" success="False" time="0.002" asserts="1">
                        <failure>
                          <message><![CDATA[System.NullReferenceException : Object reference not set to an instance of an object]]></message>
                          <stack-trace><![CDATA[at presto.declaration.BaseMethodDeclaration.register (presto.runtime.Context context) [0x00000] in <filename unknown>:0
at presto.grammar.DeclarationList.register (presto.runtime.Context context) [0x00000] in <filename unknown>:0
at presto.parser.BaseBoaParserTest.loadResource (System.String resourceName) [0x00000] in <filename unknown>:0
at presto.parser.BaseBoaParserTest.runResource (System.String resourceName) [0x00000] in <filename unknown>:0
at presto.parser.BaseBoaParserTest.CheckOutput (System.String resourceName) [0x00000] in <filename unknown>:0
at presto.boa.runtime.TestItem.testItemRange () [0x00000] in <filename unknown>:0
at (wrapper managed-to-native) System.Reflection.MonoMethod:InternalInvoke (System.Reflection.MonoMethod,object,object[],System.Exception&)
at System.Reflection.MonoMethod.Invoke (System.Object obj, BindingFlags invokeAttr, System.Reflection.Binder binder, System.Object[] parameters, System.Globalization.CultureInfo culture) [0x00000] in <filename unknown>:0
]]></stack-trace>
                        </failure>
                      </test-case>
                      <test-case name="presto.boa.runtime.TestItem.testItemText" executed="True" success="False" time="0.002" asserts="1">
                        <failure>
                          <message><![CDATA[System.NullReferenceException : Object reference not set to an instance of an object]]></message>
                          <stack-trace><![CDATA[at presto.declaration.BaseMethodDeclaration.register (presto.runtime.Context context) [0x00000] in <filename unknown>:0
at presto.grammar.DeclarationList.register (presto.runtime.Context context) [0x00000] in <filename unknown>:0
at presto.parser.BaseBoaParserTest.loadResource (System.String resourceName) [0x00000] in <filename unknown>:0
at presto.parser.BaseBoaParserTest.runResource (System.String resourceName) [0x00000] in <filename unknown>:0
at presto.parser.BaseBoaParserTest.CheckOutput (System.String resourceName) [0x00000] in <filename unknown>:0
at presto.boa.runtime.TestItem.testItemText () [0x00000] in <filename unknown>:0
at (wrapper managed-to-native) System.Reflection.MonoMethod:InternalInvoke (System.Reflection.MonoMethod,object,object[],System.Exception&)
at System.Reflection.MonoMethod.Invoke (System.Object obj, BindingFlags invokeAttr, System.Reflection.Binder binder, System.Object[] parameters, System.Globalization.CultureInfo culture) [0x00000] in <filename unknown>:0
]]></stack-trace>
                        </failure>
                      </test-case>
                    </results>
                  </test-suite>
                  <test-suite name="TestLazy" success="False" time="0.024" asserts="0">
                    <results>
                      <test-case name="presto.boa.runtime.TestLazy.testCyclic" executed="True" success="False" time="0.002" asserts="1">
                        <failure>
                          <message><![CDATA[System.NullReferenceException : Object reference not set to an instance of an object]]></message>
                          <stack-trace><![CDATA[at presto.declaration.BaseMethodDeclaration.register (presto.runtime.Context context) [0x00000] in <filename unknown>:0
at presto.grammar.DeclarationList.register (presto.runtime.Context context) [0x00000] in <filename unknown>:0
at presto.parser.BaseBoaParserTest.loadResource (System.String resourceName) [0x00000] in <filename unknown>:0
at presto.parser.BaseBoaParserTest.runResource (System.String resourceName) [0x00000] in <filename unknown>:0
at presto.parser.BaseBoaParserTest.CheckOutput (System.String resourceName) [0x00000] in <filename unknown>:0
at presto.boa.runtime.TestLazy.testCyclic () [0x00000] in <filename unknown>:0
at (wrapper managed-to-native) System.Reflection.MonoMethod:InternalInvoke (System.Reflection.MonoMethod,object,object[],System.Exception&)
at System.Reflection.MonoMethod.Invoke (System.Object obj, BindingFlags invokeAttr, System.Reflection.Binder binder, System.Object[] parameters, System.Globalization.CultureInfo culture) [0x00000] in <filename unknown>:0
]]></stack-trace>
                        </failure>
                      </test-case>
                      <test-case name="presto.boa.runtime.TestLazy.testDict" executed="True" success="False" time="0.003" asserts="1">
                        <failure>
                          <message><![CDATA[System.NullReferenceException : Object reference not set to an instance of an object]]></message>
                          <stack-trace><![CDATA[at presto.declaration.BaseMethodDeclaration.register (presto.runtime.Context context) [0x00000] in <filename unknown>:0
at presto.grammar.DeclarationList.register (presto.runtime.Context context) [0x00000] in <filename unknown>:0
at presto.parser.BaseBoaParserTest.loadResource (System.String resourceName) [0x00000] in <filename unknown>:0
at presto.parser.BaseBoaParserTest.runResource (System.String resourceName) [0x00000] in <filename unknown>:0
at presto.parser.BaseBoaParserTest.CheckOutput (System.String resourceName) [0x00000] in <filename unknown>:0
at presto.boa.runtime.TestLazy.testDict () [0x00000] in <filename unknown>:0
at (wrapper managed-to-native) System.Reflection.MonoMethod:InternalInvoke (System.Reflection.MonoMethod,object,object[],System.Exception&)
at System.Reflection.MonoMethod.Invoke (System.Object obj, BindingFlags invokeAttr, System.Reflection.Binder binder, System.Object[] parameters, System.Globalization.CultureInfo culture) [0x00000] in <filename unknown>:0
]]></stack-trace>
                        </failure>
                      </test-case>
                      <test-case name="presto.boa.runtime.TestLazy.testList" executed="True" success="False" time="0.003" asserts="1">
                        <failure>
                          <message><![CDATA[System.NullReferenceException : Object reference not set to an instance of an object]]></message>
                          <stack-trace><![CDATA[at presto.declaration.BaseMethodDeclaration.register (presto.runtime.Context context) [0x00000] in <filename unknown>:0
at presto.grammar.DeclarationList.register (presto.runtime.Context context) [0x00000] in <filename unknown>:0
at presto.parser.BaseBoaParserTest.loadResource (System.String resourceName) [0x00000] in <filename unknown>:0
at presto.parser.BaseBoaParserTest.runResource (System.String resourceName) [0x00000] in <filename unknown>:0
at presto.parser.BaseBoaParserTest.CheckOutput (System.String resourceName) [0x00000] in <filename unknown>:0
at presto.boa.runtime.TestLazy.testList () [0x00000] in <filename unknown>:0
at (wrapper managed-to-native) System.Reflection.MonoMethod:InternalInvoke (System.Reflection.MonoMethod,object,object[],System.Exception&)
at System.Reflection.MonoMethod.Invoke (System.Object obj, BindingFlags invokeAttr, System.Reflection.Binder binder, System.Object[] parameters, System.Globalization.CultureInfo culture) [0x00000] in <filename unknown>:0
]]></stack-trace>
                        </failure>
                      </test-case>
                      <test-case name="presto.boa.runtime.TestLazy.testTransient" executed="True" success="False" time="0.002" asserts="1">
                        <failure>
                          <message><![CDATA[System.NullReferenceException : Object reference not set to an instance of an object]]></message>
                          <stack-trace><![CDATA[at presto.declaration.BaseMethodDeclaration.register (presto.runtime.Context context) [0x00000] in <filename unknown>:0
at presto.grammar.DeclarationList.register (presto.runtime.Context context) [0x00000] in <filename unknown>:0
at presto.parser.BaseBoaParserTest.loadResource (System.String resourceName) [0x00000] in <filename unknown>:0
at presto.parser.BaseBoaParserTest.runResource (System.String resourceName) [0x00000] in <filename unknown>:0
at presto.parser.BaseBoaParserTest.CheckOutput (System.String resourceName) [0x00000] in <filename unknown>:0
at presto.boa.runtime.TestLazy.testTransient () [0x00000] in <filename unknown>:0
at (wrapper managed-to-native) System.Reflection.MonoMethod:InternalInvoke (System.Reflection.MonoMethod,object,object[],System.Exception&)
at System.Reflection.MonoMethod.Invoke (System.Object obj, BindingFlags invokeAttr, System.Reflection.Binder binder, System.Object[] parameters, System.Globalization.CultureInfo culture) [0x00000] in <filename unknown>:0
]]></stack-trace>
                        </failure>
                      </test-case>
                    </results>
                  </test-suite>
                  <test-suite name="TestLess" success="False" time="0.146" asserts="0">
                    <results>
                      <test-case name="presto.boa.runtime.TestLess.testLessOrEqualThanCharacter" executed="True" success="False" time="0.012" asserts="1">
                        <failure>
                          <message><![CDATA[System.NullReferenceException : Object reference not set to an instance of an object]]></message>
                          <stack-trace><![CDATA[at presto.declaration.BaseMethodDeclaration.register (presto.runtime.Context context) [0x00000] in <filename unknown>:0
at presto.grammar.DeclarationList.register (presto.runtime.Context context) [0x00000] in <filename unknown>:0
at presto.parser.BaseBoaParserTest.loadResource (System.String resourceName) [0x00000] in <filename unknown>:0
at presto.parser.BaseBoaParserTest.runResource (System.String resourceName) [0x00000] in <filename unknown>:0
at presto.parser.BaseBoaParserTest.CheckOutput (System.String resourceName) [0x00000] in <filename unknown>:0
at presto.boa.runtime.TestLess.testLessOrEqualThanCharacter () [0x00000] in <filename unknown>:0
at (wrapper managed-to-native) System.Reflection.MonoMethod:InternalInvoke (System.Reflection.MonoMethod,object,object[],System.Exception&)
at System.Reflection.MonoMethod.Invoke (System.Object obj, BindingFlags invokeAttr, System.Reflection.Binder binder, System.Object[] parameters, System.Globalization.CultureInfo culture) [0x00000] in <filename unknown>:0
]]></stack-trace>
                        </failure>
                      </test-case>
                      <test-case name="presto.boa.runtime.TestLess.testLessOrEqualThanDate" executed="True" success="False" time="0.004" asserts="1">
                        <failure>
                          <message><![CDATA[System.NullReferenceException : Object reference not set to an instance of an object]]></message>
                          <stack-trace><![CDATA[at presto.declaration.BaseMethodDeclaration.register (presto.runtime.Context context) [0x00000] in <filename unknown>:0
at presto.grammar.DeclarationList.register (presto.runtime.Context context) [0x00000] in <filename unknown>:0
at presto.parser.BaseBoaParserTest.loadResource (System.String resourceName) [0x00000] in <filename unknown>:0
at presto.parser.BaseBoaParserTest.runResource (System.String resourceName) [0x00000] in <filename unknown>:0
at presto.parser.BaseBoaParserTest.CheckOutput (System.String resourceName) [0x00000] in <filename unknown>:0
at presto.boa.runtime.TestLess.testLessOrEqualThanDate () [0x00000] in <filename unknown>:0
at (wrapper managed-to-native) System.Reflection.MonoMethod:InternalInvoke (System.Reflection.MonoMethod,object,object[],System.Exception&)
at System.Reflection.MonoMethod.Invoke (System.Object obj, BindingFlags invokeAttr, System.Reflection.Binder binder, System.Object[] parameters, System.Globalization.CultureInfo culture) [0x00000] in <filename unknown>:0
]]></stack-trace>
                        </failure>
                      </test-case>
                      <test-case name="presto.boa.runtime.TestLess.testLessOrEqualThanDateTime" executed="True" success="False" time="0.003" asserts="1">
                        <failure>
                          <message><![CDATA[System.NullReferenceException : Object reference not set to an instance of an object]]></message>
                          <stack-trace><![CDATA[at presto.declaration.BaseMethodDeclaration.register (presto.runtime.Context context) [0x00000] in <filename unknown>:0
at presto.grammar.DeclarationList.register (presto.runtime.Context context) [0x00000] in <filename unknown>:0
at presto.parser.BaseBoaParserTest.loadResource (System.String resourceName) [0x00000] in <filename unknown>:0
at presto.parser.BaseBoaParserTest.runResource (System.String resourceName) [0x00000] in <filename unknown>:0
at presto.parser.BaseBoaParserTest.CheckOutput (System.String resourceName) [0x00000] in <filename unknown>:0
at presto.boa.runtime.TestLess.testLessOrEqualThanDateTime () [0x00000] in <filename unknown>:0
at (wrapper managed-to-native) System.Reflection.MonoMethod:InternalInvoke (System.Reflection.MonoMethod,object,object[],System.Exception&)
at System.Reflection.MonoMethod.Invoke (System.Object obj, BindingFlags invokeAttr, System.Reflection.Binder binder, System.Object[] parameters, System.Globalization.CultureInfo culture) [0x00000] in <filename unknown>:0
]]></stack-trace>
                        </failure>
                      </test-case>
                      <test-case name="presto.boa.runtime.TestLess.testLessOrEqualThanDecimal" executed="True" success="False" time="0.006" asserts="1">
                        <failure>
                          <message><![CDATA[System.NullReferenceException : Object reference not set to an instance of an object]]></message>
                          <stack-trace><![CDATA[at presto.declaration.BaseMethodDeclaration.register (presto.runtime.Context context) [0x00000] in <filename unknown>:0
at presto.grammar.DeclarationList.register (presto.runtime.Context context) [0x00000] in <filename unknown>:0
at presto.parser.BaseBoaParserTest.loadResource (System.String resourceName) [0x00000] in <filename unknown>:0
at presto.parser.BaseBoaParserTest.runResource (System.String resourceName) [0x00000] in <filename unknown>:0
at presto.parser.BaseBoaParserTest.CheckOutput (System.String resourceName) [0x00000] in <filename unknown>:0
at presto.boa.runtime.TestLess.testLessOrEqualThanDecimal () [0x00000] in <filename unknown>:0
at (wrapper managed-to-native) System.Reflection.MonoMethod:InternalInvoke (System.Reflection.MonoMethod,object,object[],System.Exception&)
at System.Reflection.MonoMethod.Invoke (System.Object obj, BindingFlags invokeAttr, System.Reflection.Binder binder, System.Object[] parameters, System.Globalization.CultureInfo culture) [0x00000] in <filename unknown>:0
]]></stack-trace>
                        </failure>
                      </test-case>
                      <test-case name="presto.boa.runtime.TestLess.testLessOrEqualThanInteger" executed="True" success="False" time="0.006" asserts="1">
                        <failure>
                          <message><![CDATA[System.NullReferenceException : Object reference not set to an instance of an object]]></message>
                          <stack-trace><![CDATA[at presto.declaration.BaseMethodDeclaration.register (presto.runtime.Context context) [0x00000] in <filename unknown>:0
at presto.grammar.DeclarationList.register (presto.runtime.Context context) [0x00000] in <filename unknown>:0
at presto.parser.BaseBoaParserTest.loadResource (System.String resourceName) [0x00000] in <filename unknown>:0
at presto.parser.BaseBoaParserTest.runResource (System.String resourceName) [0x00000] in <filename unknown>:0
at presto.parser.BaseBoaParserTest.CheckOutput (System.String resourceName) [0x00000] in <filename unknown>:0
at presto.boa.runtime.TestLess.testLessOrEqualThanInteger () [0x00000] in <filename unknown>:0
at (wrapper managed-to-native) System.Reflection.MonoMethod:InternalInvoke (System.Reflection.MonoMethod,object,object[],System.Exception&)
at System.Reflection.MonoMethod.Invoke (System.Object obj, BindingFlags invokeAttr, System.Reflection.Binder binder, System.Object[] parameters, System.Globalization.CultureInfo culture) [0x00000] in <filename unknown>:0
]]></stack-trace>
                        </failure>
                      </test-case>
                      <test-case name="presto.boa.runtime.TestLess.testLessOrEqualThanText" executed="True" success="False" time="0.004" asserts="1">
                        <failure>
                          <message><![CDATA[System.NullReferenceException : Object reference not set to an instance of an object]]></message>
                          <stack-trace><![CDATA[at presto.declaration.BaseMethodDeclaration.register (presto.runtime.Context context) [0x00000] in <filename unknown>:0
at presto.grammar.DeclarationList.register (presto.runtime.Context context) [0x00000] in <filename unknown>:0
at presto.parser.BaseBoaParserTest.loadResource (System.String resourceName) [0x00000] in <filename unknown>:0
at presto.parser.BaseBoaParserTest.runResource (System.String resourceName) [0x00000] in <filename unknown>:0
at presto.parser.BaseBoaParserTest.CheckOutput (System.String resourceName) [0x00000] in <filename unknown>:0
at presto.boa.runtime.TestLess.testLessOrEqualThanText () [0x00000] in <filename unknown>:0
at (wrapper managed-to-native) System.Reflection.MonoMethod:InternalInvoke (System.Reflection.MonoMethod,object,object[],System.Exception&)
at System.Reflection.MonoMethod.Invoke (System.Object obj, BindingFlags invokeAttr, System.Reflection.Binder binder, System.Object[] parameters, System.Globalization.CultureInfo culture) [0x00000] in <filename unknown>:0
]]></stack-trace>
                        </failure>
                      </test-case>
                      <test-case name="presto.boa.runtime.TestLess.testLessOrEqualThanTime" executed="True" success="False" time="0.003" asserts="1">
                        <failure>
                          <message><![CDATA[System.NullReferenceException : Object reference not set to an instance of an object]]></message>
                          <stack-trace><![CDATA[at presto.declaration.BaseMethodDeclaration.register (presto.runtime.Context context) [0x00000] in <filename unknown>:0
at presto.grammar.DeclarationList.register (presto.runtime.Context context) [0x00000] in <filename unknown>:0
at presto.parser.BaseBoaParserTest.loadResource (System.String resourceName) [0x00000] in <filename unknown>:0
at presto.parser.BaseBoaParserTest.runResource (System.String resourceName) [0x00000] in <filename unknown>:0
at presto.parser.BaseBoaParserTest.CheckOutput (System.String resourceName) [0x00000] in <filename unknown>:0
at presto.boa.runtime.TestLess.testLessOrEqualThanTime () [0x00000] in <filename unknown>:0
at (wrapper managed-to-native) System.Reflection.MonoMethod:InternalInvoke (System.Reflection.MonoMethod,object,object[],System.Exception&)
at System.Reflection.MonoMethod.Invoke (System.Object obj, BindingFlags invokeAttr, System.Reflection.Binder binder, System.Object[] parameters, System.Globalization.CultureInfo culture) [0x00000] in <filename unknown>:0
]]></stack-trace>
                        </failure>
                      </test-case>
                      <test-case name="presto.boa.runtime.TestLess.testLessThanCharacter" executed="True" success="False" time="0.007" asserts="1">
                        <failure>
                          <message><![CDATA[System.NullReferenceException : Object reference not set to an instance of an object]]></message>
                          <stack-trace><![CDATA[at presto.declaration.BaseMethodDeclaration.register (presto.runtime.Context context) [0x00000] in <filename unknown>:0
at presto.grammar.DeclarationList.register (presto.runtime.Context context) [0x00000] in <filename unknown>:0
at presto.parser.BaseBoaParserTest.loadResource (System.String resourceName) [0x00000] in <filename unknown>:0
at presto.parser.BaseBoaParserTest.runResource (System.String resourceName) [0x00000] in <filename unknown>:0
at presto.parser.BaseBoaParserTest.CheckOutput (System.String resourceName) [0x00000] in <filename unknown>:0
at presto.boa.runtime.TestLess.testLessThanCharacter () [0x00000] in <filename unknown>:0
at (wrapper managed-to-native) System.Reflection.MonoMethod:InternalInvoke (System.Reflection.MonoMethod,object,object[],System.Exception&)
at System.Reflection.MonoMethod.Invoke (System.Object obj, BindingFlags invokeAttr, System.Reflection.Binder binder, System.Object[] parameters, System.Globalization.CultureInfo culture) [0x00000] in <filename unknown>:0
]]></stack-trace>
                        </failure>
                      </test-case>
                      <test-case name="presto.boa.runtime.TestLess.testLessThanDate" executed="True" success="False" time="0.002" asserts="1">
                        <failure>
                          <message><![CDATA[System.NullReferenceException : Object reference not set to an instance of an object]]></message>
                          <stack-trace><![CDATA[at presto.declaration.BaseMethodDeclaration.register (presto.runtime.Context context) [0x00000] in <filename unknown>:0
at presto.grammar.DeclarationList.register (presto.runtime.Context context) [0x00000] in <filename unknown>:0
at presto.parser.BaseBoaParserTest.loadResource (System.String resourceName) [0x00000] in <filename unknown>:0
at presto.parser.BaseBoaParserTest.runResource (System.String resourceName) [0x00000] in <filename unknown>:0
at presto.parser.BaseBoaParserTest.CheckOutput (System.String resourceName) [0x00000] in <filename unknown>:0
at presto.boa.runtime.TestLess.testLessThanDate () [0x00000] in <filename unknown>:0
at (wrapper managed-to-native) System.Reflection.MonoMethod:InternalInvoke (System.Reflection.MonoMethod,object,object[],System.Exception&)
at System.Reflection.MonoMethod.Invoke (System.Object obj, BindingFlags invokeAttr, System.Reflection.Binder binder, System.Object[] parameters, System.Globalization.CultureInfo culture) [0x00000] in <filename unknown>:0
]]></stack-trace>
                        </failure>
                      </test-case>
                      <test-case name="presto.boa.runtime.TestLess.testLessThanDateTime" executed="True" success="False" time="0.003" asserts="1">
                        <failure>
                          <message><![CDATA[System.NullReferenceException : Object reference not set to an instance of an object]]></message>
                          <stack-trace><![CDATA[at presto.declaration.BaseMethodDeclaration.register (presto.runtime.Context context) [0x00000] in <filename unknown>:0
at presto.grammar.DeclarationList.register (presto.runtime.Context context) [0x00000] in <filename unknown>:0
at presto.parser.BaseBoaParserTest.loadResource (System.String resourceName) [0x00000] in <filename unknown>:0
at presto.parser.BaseBoaParserTest.runResource (System.String resourceName) [0x00000] in <filename unknown>:0
at presto.parser.BaseBoaParserTest.CheckOutput (System.String resourceName) [0x00000] in <filename unknown>:0
at presto.boa.runtime.TestLess.testLessThanDateTime () [0x00000] in <filename unknown>:0
at (wrapper managed-to-native) System.Reflection.MonoMethod:InternalInvoke (System.Reflection.MonoMethod,object,object[],System.Exception&)
at System.Reflection.MonoMethod.Invoke (System.Object obj, BindingFlags invokeAttr, System.Reflection.Binder binder, System.Object[] parameters, System.Globalization.CultureInfo culture) [0x00000] in <filename unknown>:0
]]></stack-trace>
                        </failure>
                      </test-case>
                      <test-case name="presto.boa.runtime.TestLess.testLessThanDecimal" executed="True" success="False" time="0.005" asserts="1">
                        <failure>
                          <message><![CDATA[System.NullReferenceException : Object reference not set to an instance of an object]]></message>
                          <stack-trace><![CDATA[at presto.declaration.BaseMethodDeclaration.register (presto.runtime.Context context) [0x00000] in <filename unknown>:0
at presto.grammar.DeclarationList.register (presto.runtime.Context context) [0x00000] in <filename unknown>:0
at presto.parser.BaseBoaParserTest.loadResource (System.String resourceName) [0x00000] in <filename unknown>:0
at presto.parser.BaseBoaParserTest.runResource (System.String resourceName) [0x00000] in <filename unknown>:0
at presto.parser.BaseBoaParserTest.CheckOutput (System.String resourceName) [0x00000] in <filename unknown>:0
at presto.boa.runtime.TestLess.testLessThanDecimal () [0x00000] in <filename unknown>:0
at (wrapper managed-to-native) System.Reflection.MonoMethod:InternalInvoke (System.Reflection.MonoMethod,object,object[],System.Exception&)
at System.Reflection.MonoMethod.Invoke (System.Object obj, BindingFlags invokeAttr, System.Reflection.Binder binder, System.Object[] parameters, System.Globalization.CultureInfo culture) [0x00000] in <filename unknown>:0
]]></stack-trace>
                        </failure>
                      </test-case>
                      <test-case name="presto.boa.runtime.TestLess.testLessThanInteger" executed="True" success="False" time="0.005" asserts="1">
                        <failure>
                          <message><![CDATA[System.NullReferenceException : Object reference not set to an instance of an object]]></message>
                          <stack-trace><![CDATA[at presto.declaration.BaseMethodDeclaration.register (presto.runtime.Context context) [0x00000] in <filename unknown>:0
at presto.grammar.DeclarationList.register (presto.runtime.Context context) [0x00000] in <filename unknown>:0
at presto.parser.BaseBoaParserTest.loadResource (System.String resourceName) [0x00000] in <filename unknown>:0
at presto.parser.BaseBoaParserTest.runResource (System.String resourceName) [0x00000] in <filename unknown>:0
at presto.parser.BaseBoaParserTest.CheckOutput (System.String resourceName) [0x00000] in <filename unknown>:0
at presto.boa.runtime.TestLess.testLessThanInteger () [0x00000] in <filename unknown>:0
at (wrapper managed-to-native) System.Reflection.MonoMethod:InternalInvoke (System.Reflection.MonoMethod,object,object[],System.Exception&)
at System.Reflection.MonoMethod.Invoke (System.Object obj, BindingFlags invokeAttr, System.Reflection.Binder binder, System.Object[] parameters, System.Globalization.CultureInfo culture) [0x00000] in <filename unknown>:0
]]></stack-trace>
                        </failure>
                      </test-case>
                      <test-case name="presto.boa.runtime.TestLess.testLessThanText" executed="True" success="False" time="0.002" asserts="1">
                        <failure>
                          <message><![CDATA[System.NullReferenceException : Object reference not set to an instance of an object]]></message>
                          <stack-trace><![CDATA[at presto.declaration.BaseMethodDeclaration.register (presto.runtime.Context context) [0x00000] in <filename unknown>:0
at presto.grammar.DeclarationList.register (presto.runtime.Context context) [0x00000] in <filename unknown>:0
at presto.parser.BaseBoaParserTest.loadResource (System.String resourceName) [0x00000] in <filename unknown>:0
at presto.parser.BaseBoaParserTest.runResource (System.String resourceName) [0x00000] in <filename unknown>:0
at presto.parser.BaseBoaParserTest.CheckOutput (System.String resourceName) [0x00000] in <filename unknown>:0
at presto.boa.runtime.TestLess.testLessThanText () [0x00000] in <filename unknown>:0
at (wrapper managed-to-native) System.Reflection.MonoMethod:InternalInvoke (System.Reflection.MonoMethod,object,object[],System.Exception&)
at System.Reflection.MonoMethod.Invoke (System.Object obj, BindingFlags invokeAttr, System.Reflection.Binder binder, System.Object[] parameters, System.Globalization.CultureInfo culture) [0x00000] in <filename unknown>:0
]]></stack-trace>
                        </failure>
                      </test-case>
                      <test-case name="presto.boa.runtime.TestLess.testLessThanTime" executed="True" success="False" time="0.002" asserts="1">
                        <failure>
                          <message><![CDATA[System.NullReferenceException : Object reference not set to an instance of an object]]></message>
                          <stack-trace><![CDATA[at presto.declaration.BaseMethodDeclaration.register (presto.runtime.Context context) [0x00000] in <filename unknown>:0
at presto.grammar.DeclarationList.register (presto.runtime.Context context) [0x00000] in <filename unknown>:0
at presto.parser.BaseBoaParserTest.loadResource (System.String resourceName) [0x00000] in <filename unknown>:0
at presto.parser.BaseBoaParserTest.runResource (System.String resourceName) [0x00000] in <filename unknown>:0
at presto.parser.BaseBoaParserTest.CheckOutput (System.String resourceName) [0x00000] in <filename unknown>:0
at presto.boa.runtime.TestLess.testLessThanTime () [0x00000] in <filename unknown>:0
at (wrapper managed-to-native) System.Reflection.MonoMethod:InternalInvoke (System.Reflection.MonoMethod,object,object[],System.Exception&)
at System.Reflection.MonoMethod.Invoke (System.Object obj, BindingFlags invokeAttr, System.Reflection.Binder binder, System.Object[] parameters, System.Globalization.CultureInfo culture) [0x00000] in <filename unknown>:0
]]></stack-trace>
                        </failure>
                      </test-case>
                    </results>
                  </test-suite>
                  <test-suite name="TestLogic" success="False" time="0.044" asserts="0">
                    <results>
                      <test-case name="presto.boa.runtime.TestLogic.testAndBoolean" executed="True" success="False" time="0.014" asserts="1">
                        <failure>
                          <message><![CDATA[System.NullReferenceException : Object reference not set to an instance of an object]]></message>
                          <stack-trace><![CDATA[at presto.declaration.BaseMethodDeclaration.register (presto.runtime.Context context) [0x00000] in <filename unknown>:0
at presto.grammar.DeclarationList.register (presto.runtime.Context context) [0x00000] in <filename unknown>:0
at presto.parser.BaseBoaParserTest.loadResource (System.String resourceName) [0x00000] in <filename unknown>:0
at presto.parser.BaseBoaParserTest.runResource (System.String resourceName) [0x00000] in <filename unknown>:0
at presto.parser.BaseBoaParserTest.CheckOutput (System.String resourceName) [0x00000] in <filename unknown>:0
at presto.boa.runtime.TestLogic.testAndBoolean () [0x00000] in <filename unknown>:0
at (wrapper managed-to-native) System.Reflection.MonoMethod:InternalInvoke (System.Reflection.MonoMethod,object,object[],System.Exception&)
at System.Reflection.MonoMethod.Invoke (System.Object obj, BindingFlags invokeAttr, System.Reflection.Binder binder, System.Object[] parameters, System.Globalization.CultureInfo culture) [0x00000] in <filename unknown>:0
]]></stack-trace>
                        </failure>
                      </test-case>
                      <test-case name="presto.boa.runtime.TestLogic.testNotBoolean" executed="True" success="False" time="0.005" asserts="1">
                        <failure>
                          <message><![CDATA[System.NullReferenceException : Object reference not set to an instance of an object]]></message>
                          <stack-trace><![CDATA[at presto.declaration.BaseMethodDeclaration.register (presto.runtime.Context context) [0x00000] in <filename unknown>:0
at presto.grammar.DeclarationList.register (presto.runtime.Context context) [0x00000] in <filename unknown>:0
at presto.parser.BaseBoaParserTest.loadResource (System.String resourceName) [0x00000] in <filename unknown>:0
at presto.parser.BaseBoaParserTest.runResource (System.String resourceName) [0x00000] in <filename unknown>:0
at presto.parser.BaseBoaParserTest.CheckOutput (System.String resourceName) [0x00000] in <filename unknown>:0
at presto.boa.runtime.TestLogic.testNotBoolean () [0x00000] in <filename unknown>:0
at (wrapper managed-to-native) System.Reflection.MonoMethod:InternalInvoke (System.Reflection.MonoMethod,object,object[],System.Exception&)
at System.Reflection.MonoMethod.Invoke (System.Object obj, BindingFlags invokeAttr, System.Reflection.Binder binder, System.Object[] parameters, System.Globalization.CultureInfo culture) [0x00000] in <filename unknown>:0
]]></stack-trace>
                        </failure>
                      </test-case>
                      <test-case name="presto.boa.runtime.TestLogic.testOrBoolean" executed="True" success="False" time="0.009" asserts="1">
                        <failure>
                          <message><![CDATA[System.NullReferenceException : Object reference not set to an instance of an object]]></message>
                          <stack-trace><![CDATA[at presto.declaration.BaseMethodDeclaration.register (presto.runtime.Context context) [0x00000] in <filename unknown>:0
at presto.grammar.DeclarationList.register (presto.runtime.Context context) [0x00000] in <filename unknown>:0
at presto.parser.BaseBoaParserTest.loadResource (System.String resourceName) [0x00000] in <filename unknown>:0
at presto.parser.BaseBoaParserTest.runResource (System.String resourceName) [0x00000] in <filename unknown>:0
at presto.parser.BaseBoaParserTest.CheckOutput (System.String resourceName) [0x00000] in <filename unknown>:0
at presto.boa.runtime.TestLogic.testOrBoolean () [0x00000] in <filename unknown>:0
at (wrapper managed-to-native) System.Reflection.MonoMethod:InternalInvoke (System.Reflection.MonoMethod,object,object[],System.Exception&)
at System.Reflection.MonoMethod.Invoke (System.Object obj, BindingFlags invokeAttr, System.Reflection.Binder binder, System.Object[] parameters, System.Globalization.CultureInfo culture) [0x00000] in <filename unknown>:0
]]></stack-trace>
                        </failure>
                      </test-case>
                    </results>
                  </test-suite>
                  <test-suite name="TestLoops" success="False" time="0.207" asserts="0">
                    <results>
                      <test-case name="presto.boa.runtime.TestLoops.testDoWhile" executed="True" success="False" time="0.008" asserts="1">
                        <failure>
                          <message><![CDATA[System.NullReferenceException : Object reference not set to an instance of an object]]></message>
                          <stack-trace><![CDATA[at presto.declaration.BaseMethodDeclaration.register (presto.runtime.Context context) [0x00000] in <filename unknown>:0
at presto.grammar.DeclarationList.register (presto.runtime.Context context) [0x00000] in <filename unknown>:0
at presto.parser.BaseBoaParserTest.loadResource (System.String resourceName) [0x00000] in <filename unknown>:0
at presto.parser.BaseBoaParserTest.runResource (System.String resourceName) [0x00000] in <filename unknown>:0
at presto.parser.BaseBoaParserTest.CheckOutput (System.String resourceName) [0x00000] in <filename unknown>:0
at presto.boa.runtime.TestLoops.testDoWhile () [0x00000] in <filename unknown>:0
at (wrapper managed-to-native) System.Reflection.MonoMethod:InternalInvoke (System.Reflection.MonoMethod,object,object[],System.Exception&)
at System.Reflection.MonoMethod.Invoke (System.Object obj, BindingFlags invokeAttr, System.Reflection.Binder binder, System.Object[] parameters, System.Globalization.CultureInfo culture) [0x00000] in <filename unknown>:0
]]></stack-trace>
                        </failure>
                      </test-case>
                      <test-case name="presto.boa.runtime.TestLoops.testForEachCharacterRange" executed="True" success="False" time="0.002" asserts="1">
                        <failure>
                          <message><![CDATA[System.NullReferenceException : Object reference not set to an instance of an object]]></message>
                          <stack-trace><![CDATA[at presto.declaration.BaseMethodDeclaration.register (presto.runtime.Context context) [0x00000] in <filename unknown>:0
at presto.grammar.DeclarationList.register (presto.runtime.Context context) [0x00000] in <filename unknown>:0
at presto.parser.BaseBoaParserTest.loadResource (System.String resourceName) [0x00000] in <filename unknown>:0
at presto.parser.BaseBoaParserTest.runResource (System.String resourceName) [0x00000] in <filename unknown>:0
at presto.parser.BaseBoaParserTest.CheckOutput (System.String resourceName) [0x00000] in <filename unknown>:0
at presto.boa.runtime.TestLoops.testForEachCharacterRange () [0x00000] in <filename unknown>:0
at (wrapper managed-to-native) System.Reflection.MonoMethod:InternalInvoke (System.Reflection.MonoMethod,object,object[],System.Exception&)
at System.Reflection.MonoMethod.Invoke (System.Object obj, BindingFlags invokeAttr, System.Reflection.Binder binder, System.Object[] parameters, System.Globalization.CultureInfo culture) [0x00000] in <filename unknown>:0
]]></stack-trace>
                        </failure>
                      </test-case>
                      <test-case name="presto.boa.runtime.TestLoops.testForEachCharacterRangeWithIndex" executed="True" success="False" time="0.003" asserts="1">
                        <failure>
                          <message><![CDATA[System.NullReferenceException : Object reference not set to an instance of an object]]></message>
                          <stack-trace><![CDATA[at presto.declaration.BaseMethodDeclaration.register (presto.runtime.Context context) [0x00000] in <filename unknown>:0
at presto.grammar.DeclarationList.register (presto.runtime.Context context) [0x00000] in <filename unknown>:0
at presto.parser.BaseBoaParserTest.loadResource (System.String resourceName) [0x00000] in <filename unknown>:0
at presto.parser.BaseBoaParserTest.runResource (System.String resourceName) [0x00000] in <filename unknown>:0
at presto.parser.BaseBoaParserTest.CheckOutput (System.String resourceName) [0x00000] in <filename unknown>:0
at presto.boa.runtime.TestLoops.testForEachCharacterRangeWithIndex () [0x00000] in <filename unknown>:0
at (wrapper managed-to-native) System.Reflection.MonoMethod:InternalInvoke (System.Reflection.MonoMethod,object,object[],System.Exception&)
at System.Reflection.MonoMethod.Invoke (System.Object obj, BindingFlags invokeAttr, System.Reflection.Binder binder, System.Object[] parameters, System.Globalization.CultureInfo culture) [0x00000] in <filename unknown>:0
]]></stack-trace>
                        </failure>
                      </test-case>
                      <test-case name="presto.boa.runtime.TestLoops.testForEachDateRange" executed="True" success="False" time="0.001" asserts="1">
                        <failure>
                          <message><![CDATA[System.NullReferenceException : Object reference not set to an instance of an object]]></message>
                          <stack-trace><![CDATA[at presto.declaration.BaseMethodDeclaration.register (presto.runtime.Context context) [0x00000] in <filename unknown>:0
at presto.grammar.DeclarationList.register (presto.runtime.Context context) [0x00000] in <filename unknown>:0
at presto.parser.BaseBoaParserTest.loadResource (System.String resourceName) [0x00000] in <filename unknown>:0
at presto.parser.BaseBoaParserTest.runResource (System.String resourceName) [0x00000] in <filename unknown>:0
at presto.parser.BaseBoaParserTest.CheckOutput (System.String resourceName) [0x00000] in <filename unknown>:0
at presto.boa.runtime.TestLoops.testForEachDateRange () [0x00000] in <filename unknown>:0
at (wrapper managed-to-native) System.Reflection.MonoMethod:InternalInvoke (System.Reflection.MonoMethod,object,object[],System.Exception&)
at System.Reflection.MonoMethod.Invoke (System.Object obj, BindingFlags invokeAttr, System.Reflection.Binder binder, System.Object[] parameters, System.Globalization.CultureInfo culture) [0x00000] in <filename unknown>:0
]]></stack-trace>
                        </failure>
                      </test-case>
                      <test-case name="presto.boa.runtime.TestLoops.testForEachDateRangeWithIndex" executed="True" success="False" time="0.002" asserts="1">
                        <failure>
                          <message><![CDATA[System.NullReferenceException : Object reference not set to an instance of an object]]></message>
                          <stack-trace><![CDATA[at presto.declaration.BaseMethodDeclaration.register (presto.runtime.Context context) [0x00000] in <filename unknown>:0
at presto.grammar.DeclarationList.register (presto.runtime.Context context) [0x00000] in <filename unknown>:0
at presto.parser.BaseBoaParserTest.loadResource (System.String resourceName) [0x00000] in <filename unknown>:0
at presto.parser.BaseBoaParserTest.runResource (System.String resourceName) [0x00000] in <filename unknown>:0
at presto.parser.BaseBoaParserTest.CheckOutput (System.String resourceName) [0x00000] in <filename unknown>:0
at presto.boa.runtime.TestLoops.testForEachDateRangeWithIndex () [0x00000] in <filename unknown>:0
at (wrapper managed-to-native) System.Reflection.MonoMethod:InternalInvoke (System.Reflection.MonoMethod,object,object[],System.Exception&)
at System.Reflection.MonoMethod.Invoke (System.Object obj, BindingFlags invokeAttr, System.Reflection.Binder binder, System.Object[] parameters, System.Globalization.CultureInfo culture) [0x00000] in <filename unknown>:0
]]></stack-trace>
                        </failure>
                      </test-case>
                      <test-case name="presto.boa.runtime.TestLoops.testForEachDictionaryItem" executed="True" success="False" time="0.002" asserts="1">
                        <failure>
                          <message><![CDATA[System.NullReferenceException : Object reference not set to an instance of an object]]></message>
                          <stack-trace><![CDATA[at presto.declaration.BaseMethodDeclaration.register (presto.runtime.Context context) [0x00000] in <filename unknown>:0
at presto.grammar.DeclarationList.register (presto.runtime.Context context) [0x00000] in <filename unknown>:0
at presto.parser.BaseBoaParserTest.loadResource (System.String resourceName) [0x00000] in <filename unknown>:0
at presto.parser.BaseBoaParserTest.runResource (System.String resourceName) [0x00000] in <filename unknown>:0
at presto.parser.BaseBoaParserTest.CheckOutput (System.String resourceName) [0x00000] in <filename unknown>:0
at presto.boa.runtime.TestLoops.testForEachDictionaryItem () [0x00000] in <filename unknown>:0
at (wrapper managed-to-native) System.Reflection.MonoMethod:InternalInvoke (System.Reflection.MonoMethod,object,object[],System.Exception&)
at System.Reflection.MonoMethod.Invoke (System.Object obj, BindingFlags invokeAttr, System.Reflection.Binder binder, System.Object[] parameters, System.Globalization.CultureInfo culture) [0x00000] in <filename unknown>:0
]]></stack-trace>
                        </failure>
                      </test-case>
                      <test-case name="presto.boa.runtime.TestLoops.testForEachDictionaryItemWithIndex" executed="True" success="False" time="0.003" asserts="1">
                        <failure>
                          <message><![CDATA[System.NullReferenceException : Object reference not set to an instance of an object]]></message>
                          <stack-trace><![CDATA[at presto.declaration.BaseMethodDeclaration.register (presto.runtime.Context context) [0x00000] in <filename unknown>:0
at presto.grammar.DeclarationList.register (presto.runtime.Context context) [0x00000] in <filename unknown>:0
at presto.parser.BaseBoaParserTest.loadResource (System.String resourceName) [0x00000] in <filename unknown>:0
at presto.parser.BaseBoaParserTest.runResource (System.String resourceName) [0x00000] in <filename unknown>:0
at presto.parser.BaseBoaParserTest.CheckOutput (System.String resourceName) [0x00000] in <filename unknown>:0
at presto.boa.runtime.TestLoops.testForEachDictionaryItemWithIndex () [0x00000] in <filename unknown>:0
at (wrapper managed-to-native) System.Reflection.MonoMethod:InternalInvoke (System.Reflection.MonoMethod,object,object[],System.Exception&)
at System.Reflection.MonoMethod.Invoke (System.Object obj, BindingFlags invokeAttr, System.Reflection.Binder binder, System.Object[] parameters, System.Globalization.CultureInfo culture) [0x00000] in <filename unknown>:0
]]></stack-trace>
                        </failure>
                      </test-case>
                      <test-case name="presto.boa.runtime.TestLoops.testForEachDictionaryKey" executed="True" success="False" time="0.002" asserts="1">
                        <failure>
                          <message><![CDATA[System.NullReferenceException : Object reference not set to an instance of an object]]></message>
                          <stack-trace><![CDATA[at presto.declaration.BaseMethodDeclaration.register (presto.runtime.Context context) [0x00000] in <filename unknown>:0
at presto.grammar.DeclarationList.register (presto.runtime.Context context) [0x00000] in <filename unknown>:0
at presto.parser.BaseBoaParserTest.loadResource (System.String resourceName) [0x00000] in <filename unknown>:0
at presto.parser.BaseBoaParserTest.runResource (System.String resourceName) [0x00000] in <filename unknown>:0
at presto.parser.BaseBoaParserTest.CheckOutput (System.String resourceName) [0x00000] in <filename unknown>:0
at presto.boa.runtime.TestLoops.testForEachDictionaryKey () [0x00000] in <filename unknown>:0
at (wrapper managed-to-native) System.Reflection.MonoMethod:InternalInvoke (System.Reflection.MonoMethod,object,object[],System.Exception&)
at System.Reflection.MonoMethod.Invoke (System.Object obj, BindingFlags invokeAttr, System.Reflection.Binder binder, System.Object[] parameters, System.Globalization.CultureInfo culture) [0x00000] in <filename unknown>:0
]]></stack-trace>
                        </failure>
                      </test-case>
                      <test-case name="presto.boa.runtime.TestLoops.testForEachDictionaryKeyWithIndex" executed="True" success="False" time="0.002" asserts="1">
                        <failure>
                          <message><![CDATA[System.NullReferenceException : Object reference not set to an instance of an object]]></message>
                          <stack-trace><![CDATA[at presto.declaration.BaseMethodDeclaration.register (presto.runtime.Context context) [0x00000] in <filename unknown>:0
at presto.grammar.DeclarationList.register (presto.runtime.Context context) [0x00000] in <filename unknown>:0
at presto.parser.BaseBoaParserTest.loadResource (System.String resourceName) [0x00000] in <filename unknown>:0
at presto.parser.BaseBoaParserTest.runResource (System.String resourceName) [0x00000] in <filename unknown>:0
at presto.parser.BaseBoaParserTest.CheckOutput (System.String resourceName) [0x00000] in <filename unknown>:0
at presto.boa.runtime.TestLoops.testForEachDictionaryKeyWithIndex () [0x00000] in <filename unknown>:0
at (wrapper managed-to-native) System.Reflection.MonoMethod:InternalInvoke (System.Reflection.MonoMethod,object,object[],System.Exception&)
at System.Reflection.MonoMethod.Invoke (System.Object obj, BindingFlags invokeAttr, System.Reflection.Binder binder, System.Object[] parameters, System.Globalization.CultureInfo culture) [0x00000] in <filename unknown>:0
]]></stack-trace>
                        </failure>
                      </test-case>
                      <test-case name="presto.boa.runtime.TestLoops.testForEachDictionaryValue" executed="True" success="False" time="0.002" asserts="1">
                        <failure>
                          <message><![CDATA[System.NullReferenceException : Object reference not set to an instance of an object]]></message>
                          <stack-trace><![CDATA[at presto.declaration.BaseMethodDeclaration.register (presto.runtime.Context context) [0x00000] in <filename unknown>:0
at presto.grammar.DeclarationList.register (presto.runtime.Context context) [0x00000] in <filename unknown>:0
at presto.parser.BaseBoaParserTest.loadResource (System.String resourceName) [0x00000] in <filename unknown>:0
at presto.parser.BaseBoaParserTest.runResource (System.String resourceName) [0x00000] in <filename unknown>:0
at presto.parser.BaseBoaParserTest.CheckOutput (System.String resourceName) [0x00000] in <filename unknown>:0
at presto.boa.runtime.TestLoops.testForEachDictionaryValue () [0x00000] in <filename unknown>:0
at (wrapper managed-to-native) System.Reflection.MonoMethod:InternalInvoke (System.Reflection.MonoMethod,object,object[],System.Exception&)
at System.Reflection.MonoMethod.Invoke (System.Object obj, BindingFlags invokeAttr, System.Reflection.Binder binder, System.Object[] parameters, System.Globalization.CultureInfo culture) [0x00000] in <filename unknown>:0
]]></stack-trace>
                        </failure>
                      </test-case>
                      <test-case name="presto.boa.runtime.TestLoops.testForEachDictionaryValueWithIndex" executed="True" success="False" time="0.004" asserts="1">
                        <failure>
                          <message><![CDATA[System.NullReferenceException : Object reference not set to an instance of an object]]></message>
                          <stack-trace><![CDATA[at presto.declaration.BaseMethodDeclaration.register (presto.runtime.Context context) [0x00000] in <filename unknown>:0
at presto.grammar.DeclarationList.register (presto.runtime.Context context) [0x00000] in <filename unknown>:0
at presto.parser.BaseBoaParserTest.loadResource (System.String resourceName) [0x00000] in <filename unknown>:0
at presto.parser.BaseBoaParserTest.runResource (System.String resourceName) [0x00000] in <filename unknown>:0
at presto.parser.BaseBoaParserTest.CheckOutput (System.String resourceName) [0x00000] in <filename unknown>:0
at presto.boa.runtime.TestLoops.testForEachDictionaryValueWithIndex () [0x00000] in <filename unknown>:0
at (wrapper managed-to-native) System.Reflection.MonoMethod:InternalInvoke (System.Reflection.MonoMethod,object,object[],System.Exception&)
at System.Reflection.MonoMethod.Invoke (System.Object obj, BindingFlags invokeAttr, System.Reflection.Binder binder, System.Object[] parameters, System.Globalization.CultureInfo culture) [0x00000] in <filename unknown>:0
]]></stack-trace>
                        </failure>
                      </test-case>
                      <test-case name="presto.boa.runtime.TestLoops.testForEachInstanceList" executed="True" success="False" time="0.005" asserts="1">
                        <failure>
                          <message><![CDATA[System.NullReferenceException : Object reference not set to an instance of an object]]></message>
                          <stack-trace><![CDATA[at presto.declaration.BaseMethodDeclaration.register (presto.runtime.Context context) [0x00000] in <filename unknown>:0
at presto.grammar.DeclarationList.register (presto.runtime.Context context) [0x00000] in <filename unknown>:0
at presto.parser.BaseBoaParserTest.loadResource (System.String resourceName) [0x00000] in <filename unknown>:0
at presto.parser.BaseBoaParserTest.runResource (System.String resourceName) [0x00000] in <filename unknown>:0
at presto.parser.BaseBoaParserTest.CheckOutput (System.String resourceName) [0x00000] in <filename unknown>:0
at presto.boa.runtime.TestLoops.testForEachInstanceList () [0x00000] in <filename unknown>:0
at (wrapper managed-to-native) System.Reflection.MonoMethod:InternalInvoke (System.Reflection.MonoMethod,object,object[],System.Exception&)
at System.Reflection.MonoMethod.Invoke (System.Object obj, BindingFlags invokeAttr, System.Reflection.Binder binder, System.Object[] parameters, System.Globalization.CultureInfo culture) [0x00000] in <filename unknown>:0
]]></stack-trace>
                        </failure>
                      </test-case>
                      <test-case name="presto.boa.runtime.TestLoops.testForEachInstanceListWithIndex" executed="True" success="False" time="0.005" asserts="1">
                        <failure>
                          <message><![CDATA[System.NullReferenceException : Object reference not set to an instance of an object]]></message>
                          <stack-trace><![CDATA[at presto.declaration.BaseMethodDeclaration.register (presto.runtime.Context context) [0x00000] in <filename unknown>:0
at presto.grammar.DeclarationList.register (presto.runtime.Context context) [0x00000] in <filename unknown>:0
at presto.parser.BaseBoaParserTest.loadResource (System.String resourceName) [0x00000] in <filename unknown>:0
at presto.parser.BaseBoaParserTest.runResource (System.String resourceName) [0x00000] in <filename unknown>:0
at presto.parser.BaseBoaParserTest.CheckOutput (System.String resourceName) [0x00000] in <filename unknown>:0
at presto.boa.runtime.TestLoops.testForEachInstanceListWithIndex () [0x00000] in <filename unknown>:0
at (wrapper managed-to-native) System.Reflection.MonoMethod:InternalInvoke (System.Reflection.MonoMethod,object,object[],System.Exception&)
at System.Reflection.MonoMethod.Invoke (System.Object obj, BindingFlags invokeAttr, System.Reflection.Binder binder, System.Object[] parameters, System.Globalization.CultureInfo culture) [0x00000] in <filename unknown>:0
]]></stack-trace>
                        </failure>
                      </test-case>
                      <test-case name="presto.boa.runtime.TestLoops.testForEachIntegerList" executed="True" success="False" time="0.002" asserts="1">
                        <failure>
                          <message><![CDATA[System.NullReferenceException : Object reference not set to an instance of an object]]></message>
                          <stack-trace><![CDATA[at presto.declaration.BaseMethodDeclaration.register (presto.runtime.Context context) [0x00000] in <filename unknown>:0
at presto.grammar.DeclarationList.register (presto.runtime.Context context) [0x00000] in <filename unknown>:0
at presto.parser.BaseBoaParserTest.loadResource (System.String resourceName) [0x00000] in <filename unknown>:0
at presto.parser.BaseBoaParserTest.runResource (System.String resourceName) [0x00000] in <filename unknown>:0
at presto.parser.BaseBoaParserTest.CheckOutput (System.String resourceName) [0x00000] in <filename unknown>:0
at presto.boa.runtime.TestLoops.testForEachIntegerList () [0x00000] in <filename unknown>:0
at (wrapper managed-to-native) System.Reflection.MonoMethod:InternalInvoke (System.Reflection.MonoMethod,object,object[],System.Exception&)
at System.Reflection.MonoMethod.Invoke (System.Object obj, BindingFlags invokeAttr, System.Reflection.Binder binder, System.Object[] parameters, System.Globalization.CultureInfo culture) [0x00000] in <filename unknown>:0
]]></stack-trace>
                        </failure>
                      </test-case>
                      <test-case name="presto.boa.runtime.TestLoops.testForEachIntegerListWithIndex" executed="True" success="False" time="0.002" asserts="1">
                        <failure>
                          <message><![CDATA[System.NullReferenceException : Object reference not set to an instance of an object]]></message>
                          <stack-trace><![CDATA[at presto.declaration.BaseMethodDeclaration.register (presto.runtime.Context context) [0x00000] in <filename unknown>:0
at presto.grammar.DeclarationList.register (presto.runtime.Context context) [0x00000] in <filename unknown>:0
at presto.parser.BaseBoaParserTest.loadResource (System.String resourceName) [0x00000] in <filename unknown>:0
at presto.parser.BaseBoaParserTest.runResource (System.String resourceName) [0x00000] in <filename unknown>:0
at presto.parser.BaseBoaParserTest.CheckOutput (System.String resourceName) [0x00000] in <filename unknown>:0
at presto.boa.runtime.TestLoops.testForEachIntegerListWithIndex () [0x00000] in <filename unknown>:0
at (wrapper managed-to-native) System.Reflection.MonoMethod:InternalInvoke (System.Reflection.MonoMethod,object,object[],System.Exception&)
at System.Reflection.MonoMethod.Invoke (System.Object obj, BindingFlags invokeAttr, System.Reflection.Binder binder, System.Object[] parameters, System.Globalization.CultureInfo culture) [0x00000] in <filename unknown>:0
]]></stack-trace>
                        </failure>
                      </test-case>
                      <test-case name="presto.boa.runtime.TestLoops.testForEachIntegerRange" executed="True" success="False" time="0.001" asserts="1">
                        <failure>
                          <message><![CDATA[System.NullReferenceException : Object reference not set to an instance of an object]]></message>
                          <stack-trace><![CDATA[at presto.declaration.BaseMethodDeclaration.register (presto.runtime.Context context) [0x00000] in <filename unknown>:0
at presto.grammar.DeclarationList.register (presto.runtime.Context context) [0x00000] in <filename unknown>:0
at presto.parser.BaseBoaParserTest.loadResource (System.String resourceName) [0x00000] in <filename unknown>:0
at presto.parser.BaseBoaParserTest.runResource (System.String resourceName) [0x00000] in <filename unknown>:0
at presto.parser.BaseBoaParserTest.CheckOutput (System.String resourceName) [0x00000] in <filename unknown>:0
at presto.boa.runtime.TestLoops.testForEachIntegerRange () [0x00000] in <filename unknown>:0
at (wrapper managed-to-native) System.Reflection.MonoMethod:InternalInvoke (System.Reflection.MonoMethod,object,object[],System.Exception&)
at System.Reflection.MonoMethod.Invoke (System.Object obj, BindingFlags invokeAttr, System.Reflection.Binder binder, System.Object[] parameters, System.Globalization.CultureInfo culture) [0x00000] in <filename unknown>:0
]]></stack-trace>
                        </failure>
                      </test-case>
                      <test-case name="presto.boa.runtime.TestLoops.testForEachIntegerRangeWithIndex" executed="True" success="False" time="0.002" asserts="1">
                        <failure>
                          <message><![CDATA[System.NullReferenceException : Object reference not set to an instance of an object]]></message>
                          <stack-trace><![CDATA[at presto.declaration.BaseMethodDeclaration.register (presto.runtime.Context context) [0x00000] in <filename unknown>:0
at presto.grammar.DeclarationList.register (presto.runtime.Context context) [0x00000] in <filename unknown>:0
at presto.parser.BaseBoaParserTest.loadResource (System.String resourceName) [0x00000] in <filename unknown>:0
at presto.parser.BaseBoaParserTest.runResource (System.String resourceName) [0x00000] in <filename unknown>:0
at presto.parser.BaseBoaParserTest.CheckOutput (System.String resourceName) [0x00000] in <filename unknown>:0
at presto.boa.runtime.TestLoops.testForEachIntegerRangeWithIndex () [0x00000] in <filename unknown>:0
at (wrapper managed-to-native) System.Reflection.MonoMethod:InternalInvoke (System.Reflection.MonoMethod,object,object[],System.Exception&)
at System.Reflection.MonoMethod.Invoke (System.Object obj, BindingFlags invokeAttr, System.Reflection.Binder binder, System.Object[] parameters, System.Globalization.CultureInfo culture) [0x00000] in <filename unknown>:0
]]></stack-trace>
                        </failure>
                      </test-case>
                      <test-case name="presto.boa.runtime.TestLoops.testForEachTimeRange" executed="True" success="False" time="0.002" asserts="1">
                        <failure>
                          <message><![CDATA[System.NullReferenceException : Object reference not set to an instance of an object]]></message>
                          <stack-trace><![CDATA[at presto.declaration.BaseMethodDeclaration.register (presto.runtime.Context context) [0x00000] in <filename unknown>:0
at presto.grammar.DeclarationList.register (presto.runtime.Context context) [0x00000] in <filename unknown>:0
at presto.parser.BaseBoaParserTest.loadResource (System.String resourceName) [0x00000] in <filename unknown>:0
at presto.parser.BaseBoaParserTest.runResource (System.String resourceName) [0x00000] in <filename unknown>:0
at presto.parser.BaseBoaParserTest.CheckOutput (System.String resourceName) [0x00000] in <filename unknown>:0
at presto.boa.runtime.TestLoops.testForEachTimeRange () [0x00000] in <filename unknown>:0
at (wrapper managed-to-native) System.Reflection.MonoMethod:InternalInvoke (System.Reflection.MonoMethod,object,object[],System.Exception&)
at System.Reflection.MonoMethod.Invoke (System.Object obj, BindingFlags invokeAttr, System.Reflection.Binder binder, System.Object[] parameters, System.Globalization.CultureInfo culture) [0x00000] in <filename unknown>:0
]]></stack-trace>
                        </failure>
                      </test-case>
                      <test-case name="presto.boa.runtime.TestLoops.testForEachTimeRangeWithIndex" executed="True" success="False" time="0.002" asserts="1">
                        <failure>
                          <message><![CDATA[System.NullReferenceException : Object reference not set to an instance of an object]]></message>
                          <stack-trace><![CDATA[at presto.declaration.BaseMethodDeclaration.register (presto.runtime.Context context) [0x00000] in <filename unknown>:0
at presto.grammar.DeclarationList.register (presto.runtime.Context context) [0x00000] in <filename unknown>:0
at presto.parser.BaseBoaParserTest.loadResource (System.String resourceName) [0x00000] in <filename unknown>:0
at presto.parser.BaseBoaParserTest.runResource (System.String resourceName) [0x00000] in <filename unknown>:0
at presto.parser.BaseBoaParserTest.CheckOutput (System.String resourceName) [0x00000] in <filename unknown>:0
at presto.boa.runtime.TestLoops.testForEachTimeRangeWithIndex () [0x00000] in <filename unknown>:0
at (wrapper managed-to-native) System.Reflection.MonoMethod:InternalInvoke (System.Reflection.MonoMethod,object,object[],System.Exception&)
at System.Reflection.MonoMethod.Invoke (System.Object obj, BindingFlags invokeAttr, System.Reflection.Binder binder, System.Object[] parameters, System.Globalization.CultureInfo culture) [0x00000] in <filename unknown>:0
]]></stack-trace>
                        </failure>
                      </test-case>
                      <test-case name="presto.boa.runtime.TestLoops.testForEachTupleList" executed="True" success="False" time="0.005" asserts="1">
                        <failure>
                          <message><![CDATA[System.NullReferenceException : Object reference not set to an instance of an object]]></message>
                          <stack-trace><![CDATA[at presto.declaration.BaseMethodDeclaration.register (presto.runtime.Context context) [0x00000] in <filename unknown>:0
at presto.grammar.DeclarationList.register (presto.runtime.Context context) [0x00000] in <filename unknown>:0
at presto.parser.BaseBoaParserTest.loadResource (System.String resourceName) [0x00000] in <filename unknown>:0
at presto.parser.BaseBoaParserTest.runResource (System.String resourceName) [0x00000] in <filename unknown>:0
at presto.parser.BaseBoaParserTest.CheckOutput (System.String resourceName) [0x00000] in <filename unknown>:0
at presto.boa.runtime.TestLoops.testForEachTupleList () [0x00000] in <filename unknown>:0
at (wrapper managed-to-native) System.Reflection.MonoMethod:InternalInvoke (System.Reflection.MonoMethod,object,object[],System.Exception&)
at System.Reflection.MonoMethod.Invoke (System.Object obj, BindingFlags invokeAttr, System.Reflection.Binder binder, System.Object[] parameters, System.Globalization.CultureInfo culture) [0x00000] in <filename unknown>:0
]]></stack-trace>
                        </failure>
                      </test-case>
                      <test-case name="presto.boa.runtime.TestLoops.testForEachTupleListWithIndex" executed="True" success="False" time="0.007" asserts="1">
                        <failure>
                          <message><![CDATA[System.NullReferenceException : Object reference not set to an instance of an object]]></message>
                          <stack-trace><![CDATA[at presto.declaration.BaseMethodDeclaration.register (presto.runtime.Context context) [0x00000] in <filename unknown>:0
at presto.grammar.DeclarationList.register (presto.runtime.Context context) [0x00000] in <filename unknown>:0
at presto.parser.BaseBoaParserTest.loadResource (System.String resourceName) [0x00000] in <filename unknown>:0
at presto.parser.BaseBoaParserTest.runResource (System.String resourceName) [0x00000] in <filename unknown>:0
at presto.parser.BaseBoaParserTest.CheckOutput (System.String resourceName) [0x00000] in <filename unknown>:0
at presto.boa.runtime.TestLoops.testForEachTupleListWithIndex () [0x00000] in <filename unknown>:0
at (wrapper managed-to-native) System.Reflection.MonoMethod:InternalInvoke (System.Reflection.MonoMethod,object,object[],System.Exception&)
at System.Reflection.MonoMethod.Invoke (System.Object obj, BindingFlags invokeAttr, System.Reflection.Binder binder, System.Object[] parameters, System.Globalization.CultureInfo culture) [0x00000] in <filename unknown>:0
]]></stack-trace>
                        </failure>
                      </test-case>
                      <test-case name="presto.boa.runtime.TestLoops.testWhile" executed="True" success="False" time="0.004" asserts="1">
                        <failure>
                          <message><![CDATA[System.NullReferenceException : Object reference not set to an instance of an object]]></message>
                          <stack-trace><![CDATA[at presto.declaration.BaseMethodDeclaration.register (presto.runtime.Context context) [0x00000] in <filename unknown>:0
at presto.grammar.DeclarationList.register (presto.runtime.Context context) [0x00000] in <filename unknown>:0
at presto.parser.BaseBoaParserTest.loadResource (System.String resourceName) [0x00000] in <filename unknown>:0
at presto.parser.BaseBoaParserTest.runResource (System.String resourceName) [0x00000] in <filename unknown>:0
at presto.parser.BaseBoaParserTest.CheckOutput (System.String resourceName) [0x00000] in <filename unknown>:0
at presto.boa.runtime.TestLoops.testWhile () [0x00000] in <filename unknown>:0
at (wrapper managed-to-native) System.Reflection.MonoMethod:InternalInvoke (System.Reflection.MonoMethod,object,object[],System.Exception&)
at System.Reflection.MonoMethod.Invoke (System.Object obj, BindingFlags invokeAttr, System.Reflection.Binder binder, System.Object[] parameters, System.Globalization.CultureInfo culture) [0x00000] in <filename unknown>:0
]]></stack-trace>
                        </failure>
                      </test-case>
                    </results>
                  </test-suite>
                  <test-suite name="TestMethods" success="False" time="0.125" asserts="0">
                    <results>
                      <test-case name="presto.boa.runtime.TestMethods.test_e_as_e_bug" executed="True" success="False" time="0.006" asserts="1">
                        <failure>
                          <message><![CDATA[System.NullReferenceException : Object reference not set to an instance of an object]]></message>
                          <stack-trace><![CDATA[at presto.declaration.AttributeDeclaration.register (presto.runtime.Context context) [0x00000] in <filename unknown>:0
at presto.grammar.DeclarationList.register (presto.runtime.Context context) [0x00000] in <filename unknown>:0
at presto.parser.BaseBoaParserTest.loadResource (System.String resourceName) [0x00000] in <filename unknown>:0
at presto.parser.BaseBoaParserTest.runResource (System.String resourceName) [0x00000] in <filename unknown>:0
at presto.parser.BaseBoaParserTest.CheckOutput (System.String resourceName) [0x00000] in <filename unknown>:0
at presto.boa.runtime.TestMethods.test_e_as_e_bug () [0x00000] in <filename unknown>:0
at (wrapper managed-to-native) System.Reflection.MonoMethod:InternalInvoke (System.Reflection.MonoMethod,object,object[],System.Exception&)
at System.Reflection.MonoMethod.Invoke (System.Object obj, BindingFlags invokeAttr, System.Reflection.Binder binder, System.Object[] parameters, System.Globalization.CultureInfo culture) [0x00000] in <filename unknown>:0
]]></stack-trace>
                        </failure>
                      </test-case>
                      <test-case name="presto.boa.runtime.TestMethods.testAnonymous" executed="True" success="False" time="0.004" asserts="1">
                        <failure>
                          <message><![CDATA[System.NullReferenceException : Object reference not set to an instance of an object]]></message>
                          <stack-trace><![CDATA[at presto.declaration.AttributeDeclaration.register (presto.runtime.Context context) [0x00000] in <filename unknown>:0
at presto.grammar.DeclarationList.register (presto.runtime.Context context) [0x00000] in <filename unknown>:0
at presto.parser.BaseBoaParserTest.loadResource (System.String resourceName) [0x00000] in <filename unknown>:0
at presto.parser.BaseBoaParserTest.runResource (System.String resourceName) [0x00000] in <filename unknown>:0
at presto.parser.BaseBoaParserTest.CheckOutput (System.String resourceName) [0x00000] in <filename unknown>:0
at presto.boa.runtime.TestMethods.testAnonymous () [0x00000] in <filename unknown>:0
at (wrapper managed-to-native) System.Reflection.MonoMethod:InternalInvoke (System.Reflection.MonoMethod,object,object[],System.Exception&)
at System.Reflection.MonoMethod.Invoke (System.Object obj, BindingFlags invokeAttr, System.Reflection.Binder binder, System.Object[] parameters, System.Globalization.CultureInfo culture) [0x00000] in <filename unknown>:0
]]></stack-trace>
                        </failure>
                      </test-case>
                      <test-case name="presto.boa.runtime.TestMethods.testAttributeCall" executed="True" success="False" time="0.003" asserts="1">
                        <failure>
                          <message><![CDATA[System.NullReferenceException : Object reference not set to an instance of an object]]></message>
                          <stack-trace><![CDATA[at presto.declaration.AttributeDeclaration.register (presto.runtime.Context context) [0x00000] in <filename unknown>:0
at presto.grammar.DeclarationList.register (presto.runtime.Context context) [0x00000] in <filename unknown>:0
at presto.parser.BaseBoaParserTest.loadResource (System.String resourceName) [0x00000] in <filename unknown>:0
at presto.parser.BaseBoaParserTest.runResource (System.String resourceName) [0x00000] in <filename unknown>:0
at presto.parser.BaseBoaParserTest.CheckOutput (System.String resourceName) [0x00000] in <filename unknown>:0
at presto.boa.runtime.TestMethods.testAttributeCall () [0x00000] in <filename unknown>:0
at (wrapper managed-to-native) System.Reflection.MonoMethod:InternalInvoke (System.Reflection.MonoMethod,object,object[],System.Exception&)
at System.Reflection.MonoMethod.Invoke (System.Object obj, BindingFlags invokeAttr, System.Reflection.Binder binder, System.Object[] parameters, System.Globalization.CultureInfo culture) [0x00000] in <filename unknown>:0
]]></stack-trace>
                        </failure>
                      </test-case>
                      <test-case name="presto.boa.runtime.TestMethods.testExpressionWith" executed="True" success="False" time="0.003" asserts="1">
                        <failure>
                          <message><![CDATA[System.NullReferenceException : Object reference not set to an instance of an object]]></message>
                          <stack-trace><![CDATA[at presto.declaration.BaseMethodDeclaration.register (presto.runtime.Context context) [0x00000] in <filename unknown>:0
at presto.grammar.DeclarationList.register (presto.runtime.Context context) [0x00000] in <filename unknown>:0
at presto.parser.BaseBoaParserTest.loadResource (System.String resourceName) [0x00000] in <filename unknown>:0
at presto.parser.BaseBoaParserTest.runResource (System.String resourceName) [0x00000] in <filename unknown>:0
at presto.parser.BaseBoaParserTest.CheckOutput (System.String resourceName) [0x00000] in <filename unknown>:0
at presto.boa.runtime.TestMethods.testExpressionWith () [0x00000] in <filename unknown>:0
at (wrapper managed-to-native) System.Reflection.MonoMethod:InternalInvoke (System.Reflection.MonoMethod,object,object[],System.Exception&)
at System.Reflection.MonoMethod.Invoke (System.Object obj, BindingFlags invokeAttr, System.Reflection.Binder binder, System.Object[] parameters, System.Globalization.CultureInfo culture) [0x00000] in <filename unknown>:0
]]></stack-trace>
                        </failure>
                      </test-case>
                      <test-case name="presto.boa.runtime.TestMethods.testImplicitCall" executed="True" success="False" time="0.002" asserts="1">
                        <failure>
                          <message><![CDATA[System.NullReferenceException : Object reference not set to an instance of an object]]></message>
                          <stack-trace><![CDATA[at presto.declaration.AttributeDeclaration.register (presto.runtime.Context context) [0x00000] in <filename unknown>:0
at presto.grammar.DeclarationList.register (presto.runtime.Context context) [0x00000] in <filename unknown>:0
at presto.parser.BaseBoaParserTest.loadResource (System.String resourceName) [0x00000] in <filename unknown>:0
at presto.parser.BaseBoaParserTest.runResource (System.String resourceName) [0x00000] in <filename unknown>:0
at presto.parser.BaseBoaParserTest.CheckOutput (System.String resourceName) [0x00000] in <filename unknown>:0
at presto.boa.runtime.TestMethods.testImplicitCall () [0x00000] in <filename unknown>:0
at (wrapper managed-to-native) System.Reflection.MonoMethod:InternalInvoke (System.Reflection.MonoMethod,object,object[],System.Exception&)
at System.Reflection.MonoMethod.Invoke (System.Object obj, BindingFlags invokeAttr, System.Reflection.Binder binder, System.Object[] parameters, System.Globalization.CultureInfo culture) [0x00000] in <filename unknown>:0
]]></stack-trace>
                        </failure>
                      </test-case>
                      <test-case name="presto.boa.runtime.TestMethods.testMember" executed="True" success="False" time="0.006" asserts="1">
                        <failure>
                          <message><![CDATA[System.NullReferenceException : Object reference not set to an instance of an object]]></message>
                          <stack-trace><![CDATA[at presto.declaration.BaseMethodDeclaration.register (presto.runtime.Context context) [0x00000] in <filename unknown>:0
at presto.grammar.DeclarationList.register (presto.runtime.Context context) [0x00000] in <filename unknown>:0
at presto.parser.BaseBoaParserTest.loadResource (System.String resourceName) [0x00000] in <filename unknown>:0
at presto.parser.BaseBoaParserTest.runResource (System.String resourceName) [0x00000] in <filename unknown>:0
at presto.parser.BaseBoaParserTest.CheckOutput (System.String resourceName) [0x00000] in <filename unknown>:0
at presto.boa.runtime.TestMethods.testMember () [0x00000] in <filename unknown>:0
at (wrapper managed-to-native) System.Reflection.MonoMethod:InternalInvoke (System.Reflection.MonoMethod,object,object[],System.Exception&)
at System.Reflection.MonoMethod.Invoke (System.Object obj, BindingFlags invokeAttr, System.Reflection.Binder binder, System.Object[] parameters, System.Globalization.CultureInfo culture) [0x00000] in <filename unknown>:0
]]></stack-trace>
                        </failure>
                      </test-case>
                      <test-case name="presto.boa.runtime.TestMethods.testPolymorphicAbstract" executed="True" success="False" time="0.005" asserts="1">
                        <failure>
                          <message><![CDATA[System.NullReferenceException : Object reference not set to an instance of an object]]></message>
                          <stack-trace><![CDATA[at presto.declaration.BaseMethodDeclaration.register (presto.runtime.Context context) [0x00000] in <filename unknown>:0
at presto.grammar.DeclarationList.register (presto.runtime.Context context) [0x00000] in <filename unknown>:0
at presto.parser.BaseBoaParserTest.loadResource (System.String resourceName) [0x00000] in <filename unknown>:0
at presto.parser.BaseBoaParserTest.runResource (System.String resourceName) [0x00000] in <filename unknown>:0
at presto.parser.BaseBoaParserTest.CheckOutput (System.String resourceName) [0x00000] in <filename unknown>:0
at presto.boa.runtime.TestMethods.testPolymorphicAbstract () [0x00000] in <filename unknown>:0
at (wrapper managed-to-native) System.Reflection.MonoMethod:InternalInvoke (System.Reflection.MonoMethod,object,object[],System.Exception&)
at System.Reflection.MonoMethod.Invoke (System.Object obj, BindingFlags invokeAttr, System.Reflection.Binder binder, System.Object[] parameters, System.Globalization.CultureInfo culture) [0x00000] in <filename unknown>:0
]]></stack-trace>
                        </failure>
                      </test-case>
                      <test-case name="presto.boa.runtime.TestMethods.testPolymorphicImplicit" executed="True" success="False" time="0.010" asserts="1">
                        <failure>
                          <message><![CDATA[System.NullReferenceException : Object reference not set to an instance of an object]]></message>
                          <stack-trace><![CDATA[at presto.declaration.AttributeDeclaration.register (presto.runtime.Context context) [0x00000] in <filename unknown>:0
at presto.grammar.DeclarationList.register (presto.runtime.Context context) [0x00000] in <filename unknown>:0
at presto.parser.BaseBoaParserTest.loadResource (System.String resourceName) [0x00000] in <filename unknown>:0
at presto.parser.BaseBoaParserTest.runResource (System.String resourceName) [0x00000] in <filename unknown>:0
at presto.parser.BaseBoaParserTest.CheckOutput (System.String resourceName) [0x00000] in <filename unknown>:0
at presto.boa.runtime.TestMethods.testPolymorphicImplicit () [0x00000] in <filename unknown>:0
at (wrapper managed-to-native) System.Reflection.MonoMethod:InternalInvoke (System.Reflection.MonoMethod,object,object[],System.Exception&)
at System.Reflection.MonoMethod.Invoke (System.Object obj, BindingFlags invokeAttr, System.Reflection.Binder binder, System.Object[] parameters, System.Globalization.CultureInfo culture) [0x00000] in <filename unknown>:0
]]></stack-trace>
                        </failure>
                      </test-case>
                      <test-case name="presto.boa.runtime.TestMethods.testPolymorphicNamed" executed="True" success="False" time="0.006" asserts="1">
                        <failure>
                          <message><![CDATA[System.NullReferenceException : Object reference not set to an instance of an object]]></message>
                          <stack-trace><![CDATA[at presto.declaration.AttributeDeclaration.register (presto.runtime.Context context) [0x00000] in <filename unknown>:0
at presto.grammar.DeclarationList.register (presto.runtime.Context context) [0x00000] in <filename unknown>:0
at presto.parser.BaseBoaParserTest.loadResource (System.String resourceName) [0x00000] in <filename unknown>:0
at presto.parser.BaseBoaParserTest.runResource (System.String resourceName) [0x00000] in <filename unknown>:0
at presto.parser.BaseBoaParserTest.CheckOutput (System.String resourceName) [0x00000] in <filename unknown>:0
at presto.boa.runtime.TestMethods.testPolymorphicNamed () [0x00000] in <filename unknown>:0
at (wrapper managed-to-native) System.Reflection.MonoMethod:InternalInvoke (System.Reflection.MonoMethod,object,object[],System.Exception&)
at System.Reflection.MonoMethod.Invoke (System.Object obj, BindingFlags invokeAttr, System.Reflection.Binder binder, System.Object[] parameters, System.Globalization.CultureInfo culture) [0x00000] in <filename unknown>:0
]]></stack-trace>
                        </failure>
                      </test-case>
                      <test-case name="presto.boa.runtime.TestMethods.testPolymorphicRuntime" executed="True" success="False" time="0.005" asserts="1">
                        <failure>
                          <message><![CDATA[System.NullReferenceException : Object reference not set to an instance of an object]]></message>
                          <stack-trace><![CDATA[at presto.declaration.AttributeDeclaration.register (presto.runtime.Context context) [0x00000] in <filename unknown>:0
at presto.grammar.DeclarationList.register (presto.runtime.Context context) [0x00000] in <filename unknown>:0
at presto.parser.BaseBoaParserTest.loadResource (System.String resourceName) [0x00000] in <filename unknown>:0
at presto.parser.BaseBoaParserTest.runResource (System.String resourceName) [0x00000] in <filename unknown>:0
at presto.parser.BaseBoaParserTest.CheckOutput (System.String resourceName) [0x00000] in <filename unknown>:0
at presto.boa.runtime.TestMethods.testPolymorphicRuntime () [0x00000] in <filename unknown>:0
at (wrapper managed-to-native) System.Reflection.MonoMethod:InternalInvoke (System.Reflection.MonoMethod,object,object[],System.Exception&)
at System.Reflection.MonoMethod.Invoke (System.Object obj, BindingFlags invokeAttr, System.Reflection.Binder binder, System.Object[] parameters, System.Globalization.CultureInfo culture) [0x00000] in <filename unknown>:0
]]></stack-trace>
                        </failure>
                      </test-case>
                      <test-case name="presto.boa.runtime.TestMethods.testReturn" executed="True" success="False" time="0.002" asserts="1">
                        <failure>
                          <message><![CDATA[System.NullReferenceException : Object reference not set to an instance of an object]]></message>
                          <stack-trace><![CDATA[at presto.declaration.AttributeDeclaration.register (presto.runtime.Context context) [0x00000] in <filename unknown>:0
at presto.grammar.DeclarationList.register (presto.runtime.Context context) [0x00000] in <filename unknown>:0
at presto.parser.BaseBoaParserTest.loadResource (System.String resourceName) [0x00000] in <filename unknown>:0
at presto.parser.BaseBoaParserTest.runResource (System.String resourceName) [0x00000] in <filename unknown>:0
at presto.parser.BaseBoaParserTest.CheckOutput (System.String resourceName) [0x00000] in <filename unknown>:0
at presto.boa.runtime.TestMethods.testReturn () [0x00000] in <filename unknown>:0
at (wrapper managed-to-native) System.Reflection.MonoMethod:InternalInvoke (System.Reflection.MonoMethod,object,object[],System.Exception&)
at System.Reflection.MonoMethod.Invoke (System.Object obj, BindingFlags invokeAttr, System.Reflection.Binder binder, System.Object[] parameters, System.Globalization.CultureInfo culture) [0x00000] in <filename unknown>:0
]]></stack-trace>
                        </failure>
                      </test-case>
                      <test-case name="presto.boa.runtime.TestMethods.testSpecifiedCall" executed="True" success="False" time="0.003" asserts="1">
                        <failure>
                          <message><![CDATA[System.NullReferenceException : Object reference not set to an instance of an object]]></message>
                          <stack-trace><![CDATA[at presto.declaration.AttributeDeclaration.register (presto.runtime.Context context) [0x00000] in <filename unknown>:0
at presto.grammar.DeclarationList.register (presto.runtime.Context context) [0x00000] in <filename unknown>:0
at presto.parser.BaseBoaParserTest.loadResource (System.String resourceName) [0x00000] in <filename unknown>:0
at presto.parser.BaseBoaParserTest.runResource (System.String resourceName) [0x00000] in <filename unknown>:0
at presto.parser.BaseBoaParserTest.CheckOutput (System.String resourceName) [0x00000] in <filename unknown>:0
at presto.boa.runtime.TestMethods.testSpecifiedCall () [0x00000] in <filename unknown>:0
at (wrapper managed-to-native) System.Reflection.MonoMethod:InternalInvoke (System.Reflection.MonoMethod,object,object[],System.Exception&)
at System.Reflection.MonoMethod.Invoke (System.Object obj, BindingFlags invokeAttr, System.Reflection.Binder binder, System.Object[] parameters, System.Globalization.CultureInfo culture) [0x00000] in <filename unknown>:0
]]></stack-trace>
                        </failure>
                      </test-case>
                    </results>
                  </test-suite>
                  <test-suite name="TestMinus" success="False" time="0.023" asserts="0">
                    <results>
                      <test-case name="presto.boa.runtime.TestMinus.testMinusDecimal" executed="True" success="False" time="0.007" asserts="1">
                        <failure>
                          <message><![CDATA[System.NullReferenceException : Object reference not set to an instance of an object]]></message>
                          <stack-trace><![CDATA[at presto.declaration.BaseMethodDeclaration.register (presto.runtime.Context context) [0x00000] in <filename unknown>:0
at presto.grammar.DeclarationList.register (presto.runtime.Context context) [0x00000] in <filename unknown>:0
at presto.parser.BaseBoaParserTest.loadResource (System.String resourceName) [0x00000] in <filename unknown>:0
at presto.parser.BaseBoaParserTest.runResource (System.String resourceName) [0x00000] in <filename unknown>:0
at presto.parser.BaseBoaParserTest.CheckOutput (System.String resourceName) [0x00000] in <filename unknown>:0
at presto.boa.runtime.TestMinus.testMinusDecimal () [0x00000] in <filename unknown>:0
at (wrapper managed-to-native) System.Reflection.MonoMethod:InternalInvoke (System.Reflection.MonoMethod,object,object[],System.Exception&)
at System.Reflection.MonoMethod.Invoke (System.Object obj, BindingFlags invokeAttr, System.Reflection.Binder binder, System.Object[] parameters, System.Globalization.CultureInfo culture) [0x00000] in <filename unknown>:0
]]></stack-trace>
                        </failure>
                      </test-case>
                      <test-case name="presto.boa.runtime.TestMinus.testMinusInteger" executed="True" success="False" time="0.002" asserts="1">
                        <failure>
                          <message><![CDATA[System.NullReferenceException : Object reference not set to an instance of an object]]></message>
                          <stack-trace><![CDATA[at presto.declaration.BaseMethodDeclaration.register (presto.runtime.Context context) [0x00000] in <filename unknown>:0
at presto.grammar.DeclarationList.register (presto.runtime.Context context) [0x00000] in <filename unknown>:0
at presto.parser.BaseBoaParserTest.loadResource (System.String resourceName) [0x00000] in <filename unknown>:0
at presto.parser.BaseBoaParserTest.runResource (System.String resourceName) [0x00000] in <filename unknown>:0
at presto.parser.BaseBoaParserTest.CheckOutput (System.String resourceName) [0x00000] in <filename unknown>:0
at presto.boa.runtime.TestMinus.testMinusInteger () [0x00000] in <filename unknown>:0
at (wrapper managed-to-native) System.Reflection.MonoMethod:InternalInvoke (System.Reflection.MonoMethod,object,object[],System.Exception&)
at System.Reflection.MonoMethod.Invoke (System.Object obj, BindingFlags invokeAttr, System.Reflection.Binder binder, System.Object[] parameters, System.Globalization.CultureInfo culture) [0x00000] in <filename unknown>:0
]]></stack-trace>
                        </failure>
                      </test-case>
                      <test-case name="presto.boa.runtime.TestMinus.testMinusPeriod" executed="True" success="False" time="0.003" asserts="1">
                        <failure>
                          <message><![CDATA[System.NullReferenceException : Object reference not set to an instance of an object]]></message>
                          <stack-trace><![CDATA[at presto.declaration.BaseMethodDeclaration.register (presto.runtime.Context context) [0x00000] in <filename unknown>:0
at presto.grammar.DeclarationList.register (presto.runtime.Context context) [0x00000] in <filename unknown>:0
at presto.parser.BaseBoaParserTest.loadResource (System.String resourceName) [0x00000] in <filename unknown>:0
at presto.parser.BaseBoaParserTest.runResource (System.String resourceName) [0x00000] in <filename unknown>:0
at presto.parser.BaseBoaParserTest.CheckOutput (System.String resourceName) [0x00000] in <filename unknown>:0
at presto.boa.runtime.TestMinus.testMinusPeriod () [0x00000] in <filename unknown>:0
at (wrapper managed-to-native) System.Reflection.MonoMethod:InternalInvoke (System.Reflection.MonoMethod,object,object[],System.Exception&)
at System.Reflection.MonoMethod.Invoke (System.Object obj, BindingFlags invokeAttr, System.Reflection.Binder binder, System.Object[] parameters, System.Globalization.CultureInfo culture) [0x00000] in <filename unknown>:0
]]></stack-trace>
                        </failure>
                      </test-case>
                    </results>
                  </test-suite>
                  <test-suite name="TestMult" success="False" time="0.041" asserts="0">
                    <results>
                      <test-case name="presto.boa.runtime.TestMult.testMultCharacter" executed="True" success="False" time="0.003" asserts="1">
                        <failure>
                          <message><![CDATA[System.NullReferenceException : Object reference not set to an instance of an object]]></message>
                          <stack-trace><![CDATA[at presto.declaration.BaseMethodDeclaration.register (presto.runtime.Context context) [0x00000] in <filename unknown>:0
at presto.grammar.DeclarationList.register (presto.runtime.Context context) [0x00000] in <filename unknown>:0
at presto.parser.BaseBoaParserTest.loadResource (System.String resourceName) [0x00000] in <filename unknown>:0
at presto.parser.BaseBoaParserTest.runResource (System.String resourceName) [0x00000] in <filename unknown>:0
at presto.parser.BaseBoaParserTest.CheckOutput (System.String resourceName) [0x00000] in <filename unknown>:0
at presto.boa.runtime.TestMult.testMultCharacter () [0x00000] in <filename unknown>:0
at (wrapper managed-to-native) System.Reflection.MonoMethod:InternalInvoke (System.Reflection.MonoMethod,object,object[],System.Exception&)
at System.Reflection.MonoMethod.Invoke (System.Object obj, BindingFlags invokeAttr, System.Reflection.Binder binder, System.Object[] parameters, System.Globalization.CultureInfo culture) [0x00000] in <filename unknown>:0
]]></stack-trace>
                        </failure>
                      </test-case>
                      <test-case name="presto.boa.runtime.TestMult.testMultDecimal" executed="True" success="False" time="0.003" asserts="1">
                        <failure>
                          <message><![CDATA[System.NullReferenceException : Object reference not set to an instance of an object]]></message>
                          <stack-trace><![CDATA[at presto.declaration.BaseMethodDeclaration.register (presto.runtime.Context context) [0x00000] in <filename unknown>:0
at presto.grammar.DeclarationList.register (presto.runtime.Context context) [0x00000] in <filename unknown>:0
at presto.parser.BaseBoaParserTest.loadResource (System.String resourceName) [0x00000] in <filename unknown>:0
at presto.parser.BaseBoaParserTest.runResource (System.String resourceName) [0x00000] in <filename unknown>:0
at presto.parser.BaseBoaParserTest.CheckOutput (System.String resourceName) [0x00000] in <filename unknown>:0
at presto.boa.runtime.TestMult.testMultDecimal () [0x00000] in <filename unknown>:0
at (wrapper managed-to-native) System.Reflection.MonoMethod:InternalInvoke (System.Reflection.MonoMethod,object,object[],System.Exception&)
at System.Reflection.MonoMethod.Invoke (System.Object obj, BindingFlags invokeAttr, System.Reflection.Binder binder, System.Object[] parameters, System.Globalization.CultureInfo culture) [0x00000] in <filename unknown>:0
]]></stack-trace>
                        </failure>
                      </test-case>
                      <test-case name="presto.boa.runtime.TestMult.testMultInteger" executed="True" success="False" time="0.002" asserts="1">
                        <failure>
                          <message><![CDATA[System.NullReferenceException : Object reference not set to an instance of an object]]></message>
                          <stack-trace><![CDATA[at presto.declaration.BaseMethodDeclaration.register (presto.runtime.Context context) [0x00000] in <filename unknown>:0
at presto.grammar.DeclarationList.register (presto.runtime.Context context) [0x00000] in <filename unknown>:0
at presto.parser.BaseBoaParserTest.loadResource (System.String resourceName) [0x00000] in <filename unknown>:0
at presto.parser.BaseBoaParserTest.runResource (System.String resourceName) [0x00000] in <filename unknown>:0
at presto.parser.BaseBoaParserTest.CheckOutput (System.String resourceName) [0x00000] in <filename unknown>:0
at presto.boa.runtime.TestMult.testMultInteger () [0x00000] in <filename unknown>:0
at (wrapper managed-to-native) System.Reflection.MonoMethod:InternalInvoke (System.Reflection.MonoMethod,object,object[],System.Exception&)
at System.Reflection.MonoMethod.Invoke (System.Object obj, BindingFlags invokeAttr, System.Reflection.Binder binder, System.Object[] parameters, System.Globalization.CultureInfo culture) [0x00000] in <filename unknown>:0
]]></stack-trace>
                        </failure>
                      </test-case>
                      <test-case name="presto.boa.runtime.TestMult.testMultList" executed="True" success="False" time="0.002" asserts="1">
                        <failure>
                          <message><![CDATA[System.NullReferenceException : Object reference not set to an instance of an object]]></message>
                          <stack-trace><![CDATA[at presto.declaration.BaseMethodDeclaration.register (presto.runtime.Context context) [0x00000] in <filename unknown>:0
at presto.grammar.DeclarationList.register (presto.runtime.Context context) [0x00000] in <filename unknown>:0
at presto.parser.BaseBoaParserTest.loadResource (System.String resourceName) [0x00000] in <filename unknown>:0
at presto.parser.BaseBoaParserTest.runResource (System.String resourceName) [0x00000] in <filename unknown>:0
at presto.parser.BaseBoaParserTest.CheckOutput (System.String resourceName) [0x00000] in <filename unknown>:0
at presto.boa.runtime.TestMult.testMultList () [0x00000] in <filename unknown>:0
at (wrapper managed-to-native) System.Reflection.MonoMethod:InternalInvoke (System.Reflection.MonoMethod,object,object[],System.Exception&)
at System.Reflection.MonoMethod.Invoke (System.Object obj, BindingFlags invokeAttr, System.Reflection.Binder binder, System.Object[] parameters, System.Globalization.CultureInfo culture) [0x00000] in <filename unknown>:0
]]></stack-trace>
                        </failure>
                      </test-case>
                      <test-case name="presto.boa.runtime.TestMult.testMultPeriod" executed="True" success="False" time="0.002" asserts="1">
                        <failure>
                          <message><![CDATA[System.NullReferenceException : Object reference not set to an instance of an object]]></message>
                          <stack-trace><![CDATA[at presto.declaration.BaseMethodDeclaration.register (presto.runtime.Context context) [0x00000] in <filename unknown>:0
at presto.grammar.DeclarationList.register (presto.runtime.Context context) [0x00000] in <filename unknown>:0
at presto.parser.BaseBoaParserTest.loadResource (System.String resourceName) [0x00000] in <filename unknown>:0
at presto.parser.BaseBoaParserTest.runResource (System.String resourceName) [0x00000] in <filename unknown>:0
at presto.parser.BaseBoaParserTest.CheckOutput (System.String resourceName) [0x00000] in <filename unknown>:0
at presto.boa.runtime.TestMult.testMultPeriod () [0x00000] in <filename unknown>:0
at (wrapper managed-to-native) System.Reflection.MonoMethod:InternalInvoke (System.Reflection.MonoMethod,object,object[],System.Exception&)
at System.Reflection.MonoMethod.Invoke (System.Object obj, BindingFlags invokeAttr, System.Reflection.Binder binder, System.Object[] parameters, System.Globalization.CultureInfo culture) [0x00000] in <filename unknown>:0
]]></stack-trace>
                        </failure>
                      </test-case>
                      <test-case name="presto.boa.runtime.TestMult.testMultText" executed="True" success="False" time="0.001" asserts="1">
                        <failure>
                          <message><![CDATA[System.NullReferenceException : Object reference not set to an instance of an object]]></message>
                          <stack-trace><![CDATA[at presto.declaration.BaseMethodDeclaration.register (presto.runtime.Context context) [0x00000] in <filename unknown>:0
at presto.grammar.DeclarationList.register (presto.runtime.Context context) [0x00000] in <filename unknown>:0
at presto.parser.BaseBoaParserTest.loadResource (System.String resourceName) [0x00000] in <filename unknown>:0
at presto.parser.BaseBoaParserTest.runResource (System.String resourceName) [0x00000] in <filename unknown>:0
at presto.parser.BaseBoaParserTest.CheckOutput (System.String resourceName) [0x00000] in <filename unknown>:0
at presto.boa.runtime.TestMult.testMultText () [0x00000] in <filename unknown>:0
at (wrapper managed-to-native) System.Reflection.MonoMethod:InternalInvoke (System.Reflection.MonoMethod,object,object[],System.Exception&)
at System.Reflection.MonoMethod.Invoke (System.Object obj, BindingFlags invokeAttr, System.Reflection.Binder binder, System.Object[] parameters, System.Globalization.CultureInfo culture) [0x00000] in <filename unknown>:0
]]></stack-trace>
                        </failure>
                      </test-case>
                    </results>
                  </test-suite>
                  <test-suite name="TestNative" success="False" time="0.052" asserts="0">
                    <results>
                      <test-case name="presto.boa.runtime.TestNative.testCall" executed="True" success="False" time="0.001" asserts="1">
                        <failure>
                          <message><![CDATA[System.NullReferenceException : Object reference not set to an instance of an object]]></message>
                          <stack-trace><![CDATA[at presto.declaration.BaseMethodDeclaration.register (presto.runtime.Context context) [0x00000] in <filename unknown>:0
at presto.grammar.DeclarationList.register (presto.runtime.Context context) [0x00000] in <filename unknown>:0
at presto.parser.BaseBoaParserTest.loadResource (System.String resourceName) [0x00000] in <filename unknown>:0
at presto.parser.BaseBoaParserTest.runResource (System.String resourceName) [0x00000] in <filename unknown>:0
at presto.parser.BaseBoaParserTest.CheckOutput (System.String resourceName) [0x00000] in <filename unknown>:0
at presto.boa.runtime.TestNative.testCall () [0x00000] in <filename unknown>:0
at (wrapper managed-to-native) System.Reflection.MonoMethod:InternalInvoke (System.Reflection.MonoMethod,object,object[],System.Exception&)
at System.Reflection.MonoMethod.Invoke (System.Object obj, BindingFlags invokeAttr, System.Reflection.Binder binder, System.Object[] parameters, System.Globalization.CultureInfo culture) [0x00000] in <filename unknown>:0
]]></stack-trace>
                        </failure>
                      </test-case>
                      <test-case name="presto.boa.runtime.TestNative.testCategory" executed="True" success="False" time="0.018" asserts="1">
                        <failure>
                          <message><![CDATA[System.NullReferenceException : Object reference not set to an instance of an object]]></message>
                          <stack-trace><![CDATA[at presto.declaration.AttributeDeclaration.register (presto.runtime.Context context) [0x00000] in <filename unknown>:0
at presto.grammar.DeclarationList.register (presto.runtime.Context context) [0x00000] in <filename unknown>:0
at presto.parser.BaseBoaParserTest.loadResource (System.String resourceName) [0x00000] in <filename unknown>:0
at presto.parser.BaseBoaParserTest.runResource (System.String resourceName) [0x00000] in <filename unknown>:0
at presto.parser.BaseBoaParserTest.CheckOutput (System.String resourceName) [0x00000] in <filename unknown>:0
at presto.boa.runtime.TestNative.testCategory () [0x00000] in <filename unknown>:0
at (wrapper managed-to-native) System.Reflection.MonoMethod:InternalInvoke (System.Reflection.MonoMethod,object,object[],System.Exception&)
at System.Reflection.MonoMethod.Invoke (System.Object obj, BindingFlags invokeAttr, System.Reflection.Binder binder, System.Object[] parameters, System.Globalization.CultureInfo culture) [0x00000] in <filename unknown>:0
]]></stack-trace>
                        </failure>
                      </test-case>
                      <test-case name="presto.boa.runtime.TestNative.testReturn" executed="True" success="False" time="0.007" asserts="1">
                        <failure>
                          <message><![CDATA[System.NullReferenceException : Object reference not set to an instance of an object]]></message>
                          <stack-trace><![CDATA[at presto.declaration.BaseMethodDeclaration.register (presto.runtime.Context context) [0x00000] in <filename unknown>:0
at presto.grammar.DeclarationList.register (presto.runtime.Context context) [0x00000] in <filename unknown>:0
at presto.parser.BaseBoaParserTest.loadResource (System.String resourceName) [0x00000] in <filename unknown>:0
at presto.parser.BaseBoaParserTest.runResource (System.String resourceName) [0x00000] in <filename unknown>:0
at presto.boa.runtime.TestNative.testReturn () [0x00000] in <filename unknown>:0
at (wrapper managed-to-native) System.Reflection.MonoMethod:InternalInvoke (System.Reflection.MonoMethod,object,object[],System.Exception&)
at System.Reflection.MonoMethod.Invoke (System.Object obj, BindingFlags invokeAttr, System.Reflection.Binder binder, System.Object[] parameters, System.Globalization.CultureInfo culture) [0x00000] in <filename unknown>:0
]]></stack-trace>
                        </failure>
                      </test-case>
                      <test-case name="presto.boa.runtime.TestNative.testSystemOutPrint" executed="True" success="True" time="0.013" asserts="2" />
                    </results>
                  </test-suite>
                  <test-suite name="TestOperators" success="False" time="0.042" asserts="0">
                    <results>
                      <test-case name="presto.boa.runtime.TestOperators.testSubDate" executed="True" success="False" time="0.003" asserts="1">
                        <failure>
                          <message><![CDATA[System.NullReferenceException : Object reference not set to an instance of an object]]></message>
                          <stack-trace><![CDATA[at presto.declaration.BaseMethodDeclaration.register (presto.runtime.Context context) [0x00000] in <filename unknown>:0
at presto.grammar.DeclarationList.register (presto.runtime.Context context) [0x00000] in <filename unknown>:0
at presto.parser.BaseBoaParserTest.loadResource (System.String resourceName) [0x00000] in <filename unknown>:0
at presto.parser.BaseBoaParserTest.runResource (System.String resourceName) [0x00000] in <filename unknown>:0
at presto.parser.BaseBoaParserTest.CheckOutput (System.String resourceName) [0x00000] in <filename unknown>:0
at presto.boa.runtime.TestOperators.testSubDate () [0x00000] in <filename unknown>:0
at (wrapper managed-to-native) System.Reflection.MonoMethod:InternalInvoke (System.Reflection.MonoMethod,object,object[],System.Exception&)
at System.Reflection.MonoMethod.Invoke (System.Object obj, BindingFlags invokeAttr, System.Reflection.Binder binder, System.Object[] parameters, System.Globalization.CultureInfo culture) [0x00000] in <filename unknown>:0
]]></stack-trace>
                        </failure>
                      </test-case>
                      <test-case name="presto.boa.runtime.TestOperators.testSubDateTime" executed="True" success="False" time="0.002" asserts="1">
                        <failure>
                          <message><![CDATA[System.NullReferenceException : Object reference not set to an instance of an object]]></message>
                          <stack-trace><![CDATA[at presto.declaration.BaseMethodDeclaration.register (presto.runtime.Context context) [0x00000] in <filename unknown>:0
at presto.grammar.DeclarationList.register (presto.runtime.Context context) [0x00000] in <filename unknown>:0
at presto.parser.BaseBoaParserTest.loadResource (System.String resourceName) [0x00000] in <filename unknown>:0
at presto.parser.BaseBoaParserTest.runResource (System.String resourceName) [0x00000] in <filename unknown>:0
at presto.parser.BaseBoaParserTest.CheckOutput (System.String resourceName) [0x00000] in <filename unknown>:0
at presto.boa.runtime.TestOperators.testSubDateTime () [0x00000] in <filename unknown>:0
at (wrapper managed-to-native) System.Reflection.MonoMethod:InternalInvoke (System.Reflection.MonoMethod,object,object[],System.Exception&)
at System.Reflection.MonoMethod.Invoke (System.Object obj, BindingFlags invokeAttr, System.Reflection.Binder binder, System.Object[] parameters, System.Globalization.CultureInfo culture) [0x00000] in <filename unknown>:0
]]></stack-trace>
                        </failure>
                      </test-case>
                      <test-case name="presto.boa.runtime.TestOperators.testSubDecimal" executed="True" success="False" time="0.002" asserts="1">
                        <failure>
                          <message><![CDATA[System.NullReferenceException : Object reference not set to an instance of an object]]></message>
                          <stack-trace><![CDATA[at presto.declaration.BaseMethodDeclaration.register (presto.runtime.Context context) [0x00000] in <filename unknown>:0
at presto.grammar.DeclarationList.register (presto.runtime.Context context) [0x00000] in <filename unknown>:0
at presto.parser.BaseBoaParserTest.loadResource (System.String resourceName) [0x00000] in <filename unknown>:0
at presto.parser.BaseBoaParserTest.runResource (System.String resourceName) [0x00000] in <filename unknown>:0
at presto.parser.BaseBoaParserTest.CheckOutput (System.String resourceName) [0x00000] in <filename unknown>:0
at presto.boa.runtime.TestOperators.testSubDecimal () [0x00000] in <filename unknown>:0
at (wrapper managed-to-native) System.Reflection.MonoMethod:InternalInvoke (System.Reflection.MonoMethod,object,object[],System.Exception&)
at System.Reflection.MonoMethod.Invoke (System.Object obj, BindingFlags invokeAttr, System.Reflection.Binder binder, System.Object[] parameters, System.Globalization.CultureInfo culture) [0x00000] in <filename unknown>:0
]]></stack-trace>
                        </failure>
                      </test-case>
                      <test-case name="presto.boa.runtime.TestOperators.testSubInteger" executed="True" success="False" time="0.004" asserts="1">
                        <failure>
                          <message><![CDATA[System.NullReferenceException : Object reference not set to an instance of an object]]></message>
                          <stack-trace><![CDATA[at presto.declaration.BaseMethodDeclaration.register (presto.runtime.Context context) [0x00000] in <filename unknown>:0
at presto.grammar.DeclarationList.register (presto.runtime.Context context) [0x00000] in <filename unknown>:0
at presto.parser.BaseBoaParserTest.loadResource (System.String resourceName) [0x00000] in <filename unknown>:0
at presto.parser.BaseBoaParserTest.runResource (System.String resourceName) [0x00000] in <filename unknown>:0
at presto.parser.BaseBoaParserTest.CheckOutput (System.String resourceName) [0x00000] in <filename unknown>:0
at presto.boa.runtime.TestOperators.testSubInteger () [0x00000] in <filename unknown>:0
at (wrapper managed-to-native) System.Reflection.MonoMethod:InternalInvoke (System.Reflection.MonoMethod,object,object[],System.Exception&)
at System.Reflection.MonoMethod.Invoke (System.Object obj, BindingFlags invokeAttr, System.Reflection.Binder binder, System.Object[] parameters, System.Globalization.CultureInfo culture) [0x00000] in <filename unknown>:0
]]></stack-trace>
                        </failure>
                      </test-case>
                      <test-case name="presto.boa.runtime.TestOperators.testSubPeriod" executed="True" success="False" time="0.002" asserts="1">
                        <failure>
                          <message><![CDATA[System.NullReferenceException : Object reference not set to an instance of an object]]></message>
                          <stack-trace><![CDATA[at presto.declaration.BaseMethodDeclaration.register (presto.runtime.Context context) [0x00000] in <filename unknown>:0
at presto.grammar.DeclarationList.register (presto.runtime.Context context) [0x00000] in <filename unknown>:0
at presto.parser.BaseBoaParserTest.loadResource (System.String resourceName) [0x00000] in <filename unknown>:0
at presto.parser.BaseBoaParserTest.runResource (System.String resourceName) [0x00000] in <filename unknown>:0
at presto.parser.BaseBoaParserTest.CheckOutput (System.String resourceName) [0x00000] in <filename unknown>:0
at presto.boa.runtime.TestOperators.testSubPeriod () [0x00000] in <filename unknown>:0
at (wrapper managed-to-native) System.Reflection.MonoMethod:InternalInvoke (System.Reflection.MonoMethod,object,object[],System.Exception&)
at System.Reflection.MonoMethod.Invoke (System.Object obj, BindingFlags invokeAttr, System.Reflection.Binder binder, System.Object[] parameters, System.Globalization.CultureInfo culture) [0x00000] in <filename unknown>:0
]]></stack-trace>
                        </failure>
                      </test-case>
                      <test-case name="presto.boa.runtime.TestOperators.testSubTime" executed="True" success="False" time="0.003" asserts="1">
                        <failure>
                          <message><![CDATA[System.NullReferenceException : Object reference not set to an instance of an object]]></message>
                          <stack-trace><![CDATA[at presto.declaration.BaseMethodDeclaration.register (presto.runtime.Context context) [0x00000] in <filename unknown>:0
at presto.grammar.DeclarationList.register (presto.runtime.Context context) [0x00000] in <filename unknown>:0
at presto.parser.BaseBoaParserTest.loadResource (System.String resourceName) [0x00000] in <filename unknown>:0
at presto.parser.BaseBoaParserTest.runResource (System.String resourceName) [0x00000] in <filename unknown>:0
at presto.parser.BaseBoaParserTest.CheckOutput (System.String resourceName) [0x00000] in <filename unknown>:0
at presto.boa.runtime.TestOperators.testSubTime () [0x00000] in <filename unknown>:0
at (wrapper managed-to-native) System.Reflection.MonoMethod:InternalInvoke (System.Reflection.MonoMethod,object,object[],System.Exception&)
at System.Reflection.MonoMethod.Invoke (System.Object obj, BindingFlags invokeAttr, System.Reflection.Binder binder, System.Object[] parameters, System.Globalization.CultureInfo culture) [0x00000] in <filename unknown>:0
]]></stack-trace>
                        </failure>
                      </test-case>
                    </results>
                  </test-suite>
                  <test-suite name="TestPatterns" success="False" time="0.050" asserts="0">
                    <results>
                      <test-case name="presto.boa.runtime.TestPatterns.testIntegerPattern" executed="True" success="False" time="0.004" asserts="1">
                        <failure>
                          <message><![CDATA[System.NullReferenceException : Object reference not set to an instance of an object]]></message>
                          <stack-trace><![CDATA[at presto.declaration.AttributeDeclaration.register (presto.runtime.Context context) [0x00000] in <filename unknown>:0
at presto.grammar.DeclarationList.register (presto.runtime.Context context) [0x00000] in <filename unknown>:0
at presto.parser.BaseBoaParserTest.loadResource (System.String resourceName) [0x00000] in <filename unknown>:0
at presto.parser.BaseBoaParserTest.runResource (System.String resourceName) [0x00000] in <filename unknown>:0
at presto.parser.BaseBoaParserTest.CheckOutput (System.String resourceName) [0x00000] in <filename unknown>:0
at presto.boa.runtime.TestPatterns.testIntegerPattern () [0x00000] in <filename unknown>:0
at (wrapper managed-to-native) System.Reflection.MonoMethod:InternalInvoke (System.Reflection.MonoMethod,object,object[],System.Exception&)
at System.Reflection.MonoMethod.Invoke (System.Object obj, BindingFlags invokeAttr, System.Reflection.Binder binder, System.Object[] parameters, System.Globalization.CultureInfo culture) [0x00000] in <filename unknown>:0
]]></stack-trace>
                        </failure>
                      </test-case>
                      <test-case name="presto.boa.runtime.TestPatterns.testNegativeIntegerRange" executed="True" success="False" time="0.004" asserts="1">
                        <failure>
                          <message><![CDATA[System.NullReferenceException : Object reference not set to an instance of an object]]></message>
                          <stack-trace><![CDATA[at presto.declaration.AttributeDeclaration.register (presto.runtime.Context context) [0x00000] in <filename unknown>:0
at presto.grammar.DeclarationList.register (presto.runtime.Context context) [0x00000] in <filename unknown>:0
at presto.parser.BaseBoaParserTest.loadResource (System.String resourceName) [0x00000] in <filename unknown>:0
at presto.parser.BaseBoaParserTest.runResource (System.String resourceName) [0x00000] in <filename unknown>:0
at presto.parser.BaseBoaParserTest.CheckOutput (System.String resourceName) [0x00000] in <filename unknown>:0
at presto.boa.runtime.TestPatterns.testNegativeIntegerRange () [0x00000] in <filename unknown>:0
at (wrapper managed-to-native) System.Reflection.MonoMethod:InternalInvoke (System.Reflection.MonoMethod,object,object[],System.Exception&)
at System.Reflection.MonoMethod.Invoke (System.Object obj, BindingFlags invokeAttr, System.Reflection.Binder binder, System.Object[] parameters, System.Globalization.CultureInfo culture) [0x00000] in <filename unknown>:0
]]></stack-trace>
                        </failure>
                      </test-case>
                      <test-case name="presto.boa.runtime.TestPatterns.testPositiveIntegerEnumeration" executed="True" success="False" time="0.002" asserts="1">
                        <failure>
                          <message><![CDATA[System.NullReferenceException : Object reference not set to an instance of an object]]></message>
                          <stack-trace><![CDATA[at presto.declaration.AttributeDeclaration.register (presto.runtime.Context context) [0x00000] in <filename unknown>:0
at presto.grammar.DeclarationList.register (presto.runtime.Context context) [0x00000] in <filename unknown>:0
at presto.parser.BaseBoaParserTest.loadResource (System.String resourceName) [0x00000] in <filename unknown>:0
at presto.parser.BaseBoaParserTest.runResource (System.String resourceName) [0x00000] in <filename unknown>:0
at presto.parser.BaseBoaParserTest.CheckOutput (System.String resourceName) [0x00000] in <filename unknown>:0
at presto.boa.runtime.TestPatterns.testPositiveIntegerEnumeration () [0x00000] in <filename unknown>:0
at (wrapper managed-to-native) System.Reflection.MonoMethod:InternalInvoke (System.Reflection.MonoMethod,object,object[],System.Exception&)
at System.Reflection.MonoMethod.Invoke (System.Object obj, BindingFlags invokeAttr, System.Reflection.Binder binder, System.Object[] parameters, System.Globalization.CultureInfo culture) [0x00000] in <filename unknown>:0
]]></stack-trace>
                        </failure>
                      </test-case>
                      <test-case name="presto.boa.runtime.TestPatterns.testPositiveIntegerRange" executed="True" success="False" time="0.003" asserts="1">
                        <failure>
                          <message><![CDATA[System.NullReferenceException : Object reference not set to an instance of an object]]></message>
                          <stack-trace><![CDATA[at presto.declaration.AttributeDeclaration.register (presto.runtime.Context context) [0x00000] in <filename unknown>:0
at presto.grammar.DeclarationList.register (presto.runtime.Context context) [0x00000] in <filename unknown>:0
at presto.parser.BaseBoaParserTest.loadResource (System.String resourceName) [0x00000] in <filename unknown>:0
at presto.parser.BaseBoaParserTest.runResource (System.String resourceName) [0x00000] in <filename unknown>:0
at presto.parser.BaseBoaParserTest.CheckOutput (System.String resourceName) [0x00000] in <filename unknown>:0
at presto.boa.runtime.TestPatterns.testPositiveIntegerRange () [0x00000] in <filename unknown>:0
at (wrapper managed-to-native) System.Reflection.MonoMethod:InternalInvoke (System.Reflection.MonoMethod,object,object[],System.Exception&)
at System.Reflection.MonoMethod.Invoke (System.Object obj, BindingFlags invokeAttr, System.Reflection.Binder binder, System.Object[] parameters, System.Globalization.CultureInfo culture) [0x00000] in <filename unknown>:0
]]></stack-trace>
                        </failure>
                      </test-case>
                      <test-case name="presto.boa.runtime.TestPatterns.testTextEnumeration" executed="True" success="False" time="0.002" asserts="1">
                        <failure>
                          <message><![CDATA[System.NullReferenceException : Object reference not set to an instance of an object]]></message>
                          <stack-trace><![CDATA[at presto.declaration.AttributeDeclaration.register (presto.runtime.Context context) [0x00000] in <filename unknown>:0
at presto.grammar.DeclarationList.register (presto.runtime.Context context) [0x00000] in <filename unknown>:0
at presto.parser.BaseBoaParserTest.loadResource (System.String resourceName) [0x00000] in <filename unknown>:0
at presto.parser.BaseBoaParserTest.runResource (System.String resourceName) [0x00000] in <filename unknown>:0
at presto.parser.BaseBoaParserTest.CheckOutput (System.String resourceName) [0x00000] in <filename unknown>:0
at presto.boa.runtime.TestPatterns.testTextEnumeration () [0x00000] in <filename unknown>:0
at (wrapper managed-to-native) System.Reflection.MonoMethod:InternalInvoke (System.Reflection.MonoMethod,object,object[],System.Exception&)
at System.Reflection.MonoMethod.Invoke (System.Object obj, BindingFlags invokeAttr, System.Reflection.Binder binder, System.Object[] parameters, System.Globalization.CultureInfo culture) [0x00000] in <filename unknown>:0
]]></stack-trace>
                        </failure>
                      </test-case>
                      <test-case name="presto.boa.runtime.TestPatterns.testTextPattern" executed="True" success="False" time="0.002" asserts="1">
                        <failure>
                          <message><![CDATA[System.NullReferenceException : Object reference not set to an instance of an object]]></message>
                          <stack-trace><![CDATA[at presto.declaration.AttributeDeclaration.register (presto.runtime.Context context) [0x00000] in <filename unknown>:0
at presto.grammar.DeclarationList.register (presto.runtime.Context context) [0x00000] in <filename unknown>:0
at presto.parser.BaseBoaParserTest.loadResource (System.String resourceName) [0x00000] in <filename unknown>:0
at presto.parser.BaseBoaParserTest.runResource (System.String resourceName) [0x00000] in <filename unknown>:0
at presto.parser.BaseBoaParserTest.CheckOutput (System.String resourceName) [0x00000] in <filename unknown>:0
at presto.boa.runtime.TestPatterns.testTextPattern () [0x00000] in <filename unknown>:0
at (wrapper managed-to-native) System.Reflection.MonoMethod:InternalInvoke (System.Reflection.MonoMethod,object,object[],System.Exception&)
at System.Reflection.MonoMethod.Invoke (System.Object obj, BindingFlags invokeAttr, System.Reflection.Binder binder, System.Object[] parameters, System.Globalization.CultureInfo culture) [0x00000] in <filename unknown>:0
]]></stack-trace>
                        </failure>
                      </test-case>
                    </results>
                  </test-suite>
                  <test-suite name="TestPrecedence" success="True" time="0.011" asserts="0">
                    <results>
                      <test-case name="presto.boa.runtime.TestPrecedence.test1Star1Plus" executed="True" success="True" time="0.005" asserts="1" />
                      <test-case name="presto.boa.runtime.TestPrecedence.test2Plus3Minuses" executed="True" success="True" time="0.002" asserts="1" />
                      <test-case name="presto.boa.runtime.TestPrecedence.test3Minuses" executed="True" success="True" time="0.002" asserts="1" />
                    </results>
                  </test-suite>
                  <test-suite name="TestResource" success="False" time="0.034" asserts="0">
                    <results>
                      <test-case name="presto.boa.runtime.TestResource.testBadRead" executed="True" success="True" time="0.003" asserts="1" />
                      <test-case name="presto.boa.runtime.TestResource.testBadResource" executed="True" success="True" time="0.004" asserts="1" />
                      <test-case name="presto.boa.runtime.TestResource.testBadWrite" executed="True" success="True" time="0.002" asserts="1" />
                      <test-case name="presto.boa.runtime.TestResource.testReadResource" executed="True" success="False" time="0.002" asserts="1">
                        <failure>
                          <message><![CDATA[System.NullReferenceException : Object reference not set to an instance of an object]]></message>
                          <stack-trace><![CDATA[at presto.declaration.AttributeDeclaration.register (presto.runtime.Context context) [0x00000] in <filename unknown>:0
at presto.grammar.DeclarationList.register (presto.runtime.Context context) [0x00000] in <filename unknown>:0
at presto.parser.BaseBoaParserTest.loadResource (System.String resourceName) [0x00000] in <filename unknown>:0
at presto.parser.BaseBoaParserTest.runResource (System.String resourceName) [0x00000] in <filename unknown>:0
at presto.parser.BaseBoaParserTest.CheckOutput (System.String resourceName) [0x00000] in <filename unknown>:0
at presto.boa.runtime.TestResource.testReadResource () [0x00000] in <filename unknown>:0
at (wrapper managed-to-native) System.Reflection.MonoMethod:InternalInvoke (System.Reflection.MonoMethod,object,object[],System.Exception&)
at System.Reflection.MonoMethod.Invoke (System.Object obj, BindingFlags invokeAttr, System.Reflection.Binder binder, System.Object[] parameters, System.Globalization.CultureInfo culture) [0x00000] in <filename unknown>:0
]]></stack-trace>
                        </failure>
                      </test-case>
                      <test-case name="presto.boa.runtime.TestResource.testReadWithResource" executed="True" success="False" time="0.004" asserts="1">
                        <failure>
                          <message><![CDATA[System.NullReferenceException : Object reference not set to an instance of an object]]></message>
                          <stack-trace><![CDATA[at presto.declaration.AttributeDeclaration.register (presto.runtime.Context context) [0x00000] in <filename unknown>:0
at presto.grammar.DeclarationList.register (presto.runtime.Context context) [0x00000] in <filename unknown>:0
at presto.parser.BaseBoaParserTest.loadResource (System.String resourceName) [0x00000] in <filename unknown>:0
at presto.parser.BaseBoaParserTest.runResource (System.String resourceName) [0x00000] in <filename unknown>:0
at presto.parser.BaseBoaParserTest.CheckOutput (System.String resourceName) [0x00000] in <filename unknown>:0
at presto.boa.runtime.TestResource.testReadWithResource () [0x00000] in <filename unknown>:0
at (wrapper managed-to-native) System.Reflection.MonoMethod:InternalInvoke (System.Reflection.MonoMethod,object,object[],System.Exception&)
at System.Reflection.MonoMethod.Invoke (System.Object obj, BindingFlags invokeAttr, System.Reflection.Binder binder, System.Object[] parameters, System.Globalization.CultureInfo culture) [0x00000] in <filename unknown>:0
]]></stack-trace>
                        </failure>
                      </test-case>
                      <test-case name="presto.boa.runtime.TestResource.testWriteResource" executed="True" success="False" time="0.003" asserts="1">
                        <failure>
                          <message><![CDATA[System.NullReferenceException : Object reference not set to an instance of an object]]></message>
                          <stack-trace><![CDATA[at presto.declaration.AttributeDeclaration.register (presto.runtime.Context context) [0x00000] in <filename unknown>:0
at presto.grammar.DeclarationList.register (presto.runtime.Context context) [0x00000] in <filename unknown>:0
at presto.parser.BaseBoaParserTest.loadResource (System.String resourceName) [0x00000] in <filename unknown>:0
at presto.parser.BaseBoaParserTest.runResource (System.String resourceName) [0x00000] in <filename unknown>:0
at presto.parser.BaseBoaParserTest.CheckOutput (System.String resourceName) [0x00000] in <filename unknown>:0
at presto.boa.runtime.TestResource.testWriteResource () [0x00000] in <filename unknown>:0
at (wrapper managed-to-native) System.Reflection.MonoMethod:InternalInvoke (System.Reflection.MonoMethod,object,object[],System.Exception&)
at System.Reflection.MonoMethod.Invoke (System.Object obj, BindingFlags invokeAttr, System.Reflection.Binder binder, System.Object[] parameters, System.Globalization.CultureInfo culture) [0x00000] in <filename unknown>:0
]]></stack-trace>
                        </failure>
                      </test-case>
                      <test-case name="presto.boa.runtime.TestResource.testWriteWithResource" executed="True" success="False" time="0.003" asserts="1">
                        <failure>
                          <message><![CDATA[System.NullReferenceException : Object reference not set to an instance of an object]]></message>
                          <stack-trace><![CDATA[at presto.declaration.AttributeDeclaration.register (presto.runtime.Context context) [0x00000] in <filename unknown>:0
at presto.grammar.DeclarationList.register (presto.runtime.Context context) [0x00000] in <filename unknown>:0
at presto.parser.BaseBoaParserTest.loadResource (System.String resourceName) [0x00000] in <filename unknown>:0
at presto.parser.BaseBoaParserTest.runResource (System.String resourceName) [0x00000] in <filename unknown>:0
at presto.parser.BaseBoaParserTest.CheckOutput (System.String resourceName) [0x00000] in <filename unknown>:0
at presto.boa.runtime.TestResource.testWriteWithResource () [0x00000] in <filename unknown>:0
at (wrapper managed-to-native) System.Reflection.MonoMethod:InternalInvoke (System.Reflection.MonoMethod,object,object[],System.Exception&)
at System.Reflection.MonoMethod.Invoke (System.Object obj, BindingFlags invokeAttr, System.Reflection.Binder binder, System.Object[] parameters, System.Globalization.CultureInfo culture) [0x00000] in <filename unknown>:0
]]></stack-trace>
                        </failure>
                      </test-case>
                    </results>
                  </test-suite>
                  <test-suite name="TestScope" success="True" time="0.006" asserts="0">
                    <results>
                      <test-case name="presto.boa.runtime.TestScope.testAttribute" executed="True" success="True" time="0.003" asserts="4" />
                      <test-case name="presto.boa.runtime.TestScope.testCategory" executed="True" success="True" time="0.000" asserts="4" />
                      <test-case name="presto.boa.runtime.TestScope.testMethod" executed="True" success="True" time="0.001" asserts="5" />
                    </results>
                  </test-suite>
                  <test-suite name="TestSetter" success="False" time="0.018" asserts="0">
                    <results>
                      <test-case name="presto.boa.runtime.TestSetter.testGetter" executed="True" success="False" time="0.005" asserts="1">
                        <failure>
                          <message><![CDATA[System.NullReferenceException : Object reference not set to an instance of an object]]></message>
                          <stack-trace><![CDATA[at presto.declaration.AttributeDeclaration.register (presto.runtime.Context context) [0x00000] in <filename unknown>:0
at presto.grammar.DeclarationList.register (presto.runtime.Context context) [0x00000] in <filename unknown>:0
at presto.parser.BaseBoaParserTest.loadResource (System.String resourceName) [0x00000] in <filename unknown>:0
at presto.parser.BaseBoaParserTest.runResource (System.String resourceName) [0x00000] in <filename unknown>:0
at presto.parser.BaseBoaParserTest.CheckOutput (System.String resourceName) [0x00000] in <filename unknown>:0
at presto.boa.runtime.TestSetter.testGetter () [0x00000] in <filename unknown>:0
at (wrapper managed-to-native) System.Reflection.MonoMethod:InternalInvoke (System.Reflection.MonoMethod,object,object[],System.Exception&)
at System.Reflection.MonoMethod.Invoke (System.Object obj, BindingFlags invokeAttr, System.Reflection.Binder binder, System.Object[] parameters, System.Globalization.CultureInfo culture) [0x00000] in <filename unknown>:0
]]></stack-trace>
                        </failure>
                      </test-case>
                      <test-case name="presto.boa.runtime.TestSetter.testSetter" executed="True" success="False" time="0.005" asserts="1">
                        <failure>
                          <message><![CDATA[System.NullReferenceException : Object reference not set to an instance of an object]]></message>
                          <stack-trace><![CDATA[at presto.declaration.AttributeDeclaration.register (presto.runtime.Context context) [0x00000] in <filename unknown>:0
at presto.grammar.DeclarationList.register (presto.runtime.Context context) [0x00000] in <filename unknown>:0
at presto.parser.BaseBoaParserTest.loadResource (System.String resourceName) [0x00000] in <filename unknown>:0
at presto.parser.BaseBoaParserTest.runResource (System.String resourceName) [0x00000] in <filename unknown>:0
at presto.parser.BaseBoaParserTest.CheckOutput (System.String resourceName) [0x00000] in <filename unknown>:0
at presto.boa.runtime.TestSetter.testSetter () [0x00000] in <filename unknown>:0
at (wrapper managed-to-native) System.Reflection.MonoMethod:InternalInvoke (System.Reflection.MonoMethod,object,object[],System.Exception&)
at System.Reflection.MonoMethod.Invoke (System.Object obj, BindingFlags invokeAttr, System.Reflection.Binder binder, System.Object[] parameters, System.Globalization.CultureInfo culture) [0x00000] in <filename unknown>:0
]]></stack-trace>
                        </failure>
                      </test-case>
                    </results>
                  </test-suite>
                  <test-suite name="TestSlice" success="False" time="0.018" asserts="0">
                    <results>
                      <test-case name="presto.boa.runtime.TestSlice.testSliceList" executed="True" success="False" time="0.003" asserts="1">
                        <failure>
                          <message><![CDATA[System.NullReferenceException : Object reference not set to an instance of an object]]></message>
                          <stack-trace><![CDATA[at presto.declaration.BaseMethodDeclaration.register (presto.runtime.Context context) [0x00000] in <filename unknown>:0
at presto.grammar.DeclarationList.register (presto.runtime.Context context) [0x00000] in <filename unknown>:0
at presto.parser.BaseBoaParserTest.loadResource (System.String resourceName) [0x00000] in <filename unknown>:0
at presto.parser.BaseBoaParserTest.runResource (System.String resourceName) [0x00000] in <filename unknown>:0
at presto.parser.BaseBoaParserTest.CheckOutput (System.String resourceName) [0x00000] in <filename unknown>:0
at presto.boa.runtime.TestSlice.testSliceList () [0x00000] in <filename unknown>:0
at (wrapper managed-to-native) System.Reflection.MonoMethod:InternalInvoke (System.Reflection.MonoMethod,object,object[],System.Exception&)
at System.Reflection.MonoMethod.Invoke (System.Object obj, BindingFlags invokeAttr, System.Reflection.Binder binder, System.Object[] parameters, System.Globalization.CultureInfo culture) [0x00000] in <filename unknown>:0
]]></stack-trace>
                        </failure>
                      </test-case>
                      <test-case name="presto.boa.runtime.TestSlice.testSliceRange" executed="True" success="False" time="0.002" asserts="1">
                        <failure>
                          <message><![CDATA[System.NullReferenceException : Object reference not set to an instance of an object]]></message>
                          <stack-trace><![CDATA[at presto.declaration.BaseMethodDeclaration.register (presto.runtime.Context context) [0x00000] in <filename unknown>:0
at presto.grammar.DeclarationList.register (presto.runtime.Context context) [0x00000] in <filename unknown>:0
at presto.parser.BaseBoaParserTest.loadResource (System.String resourceName) [0x00000] in <filename unknown>:0
at presto.parser.BaseBoaParserTest.runResource (System.String resourceName) [0x00000] in <filename unknown>:0
at presto.parser.BaseBoaParserTest.CheckOutput (System.String resourceName) [0x00000] in <filename unknown>:0
at presto.boa.runtime.TestSlice.testSliceRange () [0x00000] in <filename unknown>:0
at (wrapper managed-to-native) System.Reflection.MonoMethod:InternalInvoke (System.Reflection.MonoMethod,object,object[],System.Exception&)
at System.Reflection.MonoMethod.Invoke (System.Object obj, BindingFlags invokeAttr, System.Reflection.Binder binder, System.Object[] parameters, System.Globalization.CultureInfo culture) [0x00000] in <filename unknown>:0
]]></stack-trace>
                        </failure>
                      </test-case>
                      <test-case name="presto.boa.runtime.TestSlice.testSliceText" executed="True" success="False" time="0.002" asserts="1">
                        <failure>
                          <message><![CDATA[System.NullReferenceException : Object reference not set to an instance of an object]]></message>
                          <stack-trace><![CDATA[at presto.declaration.BaseMethodDeclaration.register (presto.runtime.Context context) [0x00000] in <filename unknown>:0
at presto.grammar.DeclarationList.register (presto.runtime.Context context) [0x00000] in <filename unknown>:0
at presto.parser.BaseBoaParserTest.loadResource (System.String resourceName) [0x00000] in <filename unknown>:0
at presto.parser.BaseBoaParserTest.runResource (System.String resourceName) [0x00000] in <filename unknown>:0
at presto.parser.BaseBoaParserTest.CheckOutput (System.String resourceName) [0x00000] in <filename unknown>:0
at presto.boa.runtime.TestSlice.testSliceText () [0x00000] in <filename unknown>:0
at (wrapper managed-to-native) System.Reflection.MonoMethod:InternalInvoke (System.Reflection.MonoMethod,object,object[],System.Exception&)
at System.Reflection.MonoMethod.Invoke (System.Object obj, BindingFlags invokeAttr, System.Reflection.Binder binder, System.Object[] parameters, System.Globalization.CultureInfo culture) [0x00000] in <filename unknown>:0
]]></stack-trace>
                        </failure>
                      </test-case>
                    </results>
                  </test-suite>
                  <test-suite name="TestSort" success="False" time="0.104" asserts="0">
                    <results>
                      <test-case name="presto.boa.runtime.TestSort.testSortBooleans" executed="True" success="False" time="0.003" asserts="1">
                        <failure>
                          <message><![CDATA[System.NullReferenceException : Object reference not set to an instance of an object]]></message>
                          <stack-trace><![CDATA[at presto.declaration.BaseMethodDeclaration.register (presto.runtime.Context context) [0x00000] in <filename unknown>:0
at presto.grammar.DeclarationList.register (presto.runtime.Context context) [0x00000] in <filename unknown>:0
at presto.parser.BaseBoaParserTest.loadResource (System.String resourceName) [0x00000] in <filename unknown>:0
at presto.parser.BaseBoaParserTest.runResource (System.String resourceName) [0x00000] in <filename unknown>:0
at presto.parser.BaseBoaParserTest.CheckOutput (System.String resourceName) [0x00000] in <filename unknown>:0
at presto.boa.runtime.TestSort.testSortBooleans () [0x00000] in <filename unknown>:0
at (wrapper managed-to-native) System.Reflection.MonoMethod:InternalInvoke (System.Reflection.MonoMethod,object,object[],System.Exception&)
at System.Reflection.MonoMethod.Invoke (System.Object obj, BindingFlags invokeAttr, System.Reflection.Binder binder, System.Object[] parameters, System.Globalization.CultureInfo culture) [0x00000] in <filename unknown>:0
]]></stack-trace>
                        </failure>
                      </test-case>
                      <test-case name="presto.boa.runtime.TestSort.testSortDates" executed="True" success="False" time="0.004" asserts="1">
                        <failure>
                          <message><![CDATA[System.NullReferenceException : Object reference not set to an instance of an object]]></message>
                          <stack-trace><![CDATA[at presto.declaration.BaseMethodDeclaration.register (presto.runtime.Context context) [0x00000] in <filename unknown>:0
at presto.grammar.DeclarationList.register (presto.runtime.Context context) [0x00000] in <filename unknown>:0
at presto.parser.BaseBoaParserTest.loadResource (System.String resourceName) [0x00000] in <filename unknown>:0
at presto.parser.BaseBoaParserTest.runResource (System.String resourceName) [0x00000] in <filename unknown>:0
at presto.parser.BaseBoaParserTest.CheckOutput (System.String resourceName) [0x00000] in <filename unknown>:0
at presto.boa.runtime.TestSort.testSortDates () [0x00000] in <filename unknown>:0
at (wrapper managed-to-native) System.Reflection.MonoMethod:InternalInvoke (System.Reflection.MonoMethod,object,object[],System.Exception&)
at System.Reflection.MonoMethod.Invoke (System.Object obj, BindingFlags invokeAttr, System.Reflection.Binder binder, System.Object[] parameters, System.Globalization.CultureInfo culture) [0x00000] in <filename unknown>:0
]]></stack-trace>
                        </failure>
                      </test-case>
                      <test-case name="presto.boa.runtime.TestSort.testSortDateTimes" executed="True" success="False" time="0.003" asserts="1">
                        <failure>
                          <message><![CDATA[System.NullReferenceException : Object reference not set to an instance of an object]]></message>
                          <stack-trace><![CDATA[at presto.declaration.BaseMethodDeclaration.register (presto.runtime.Context context) [0x00000] in <filename unknown>:0
at presto.grammar.DeclarationList.register (presto.runtime.Context context) [0x00000] in <filename unknown>:0
at presto.parser.BaseBoaParserTest.loadResource (System.String resourceName) [0x00000] in <filename unknown>:0
at presto.parser.BaseBoaParserTest.runResource (System.String resourceName) [0x00000] in <filename unknown>:0
at presto.parser.BaseBoaParserTest.CheckOutput (System.String resourceName) [0x00000] in <filename unknown>:0
at presto.boa.runtime.TestSort.testSortDateTimes () [0x00000] in <filename unknown>:0
at (wrapper managed-to-native) System.Reflection.MonoMethod:InternalInvoke (System.Reflection.MonoMethod,object,object[],System.Exception&)
at System.Reflection.MonoMethod.Invoke (System.Object obj, BindingFlags invokeAttr, System.Reflection.Binder binder, System.Object[] parameters, System.Globalization.CultureInfo culture) [0x00000] in <filename unknown>:0
]]></stack-trace>
                        </failure>
                      </test-case>
                      <test-case name="presto.boa.runtime.TestSort.testSortDecimals" executed="True" success="False" time="0.003" asserts="1">
                        <failure>
                          <message><![CDATA[System.NullReferenceException : Object reference not set to an instance of an object]]></message>
                          <stack-trace><![CDATA[at presto.declaration.BaseMethodDeclaration.register (presto.runtime.Context context) [0x00000] in <filename unknown>:0
at presto.grammar.DeclarationList.register (presto.runtime.Context context) [0x00000] in <filename unknown>:0
at presto.parser.BaseBoaParserTest.loadResource (System.String resourceName) [0x00000] in <filename unknown>:0
at presto.parser.BaseBoaParserTest.runResource (System.String resourceName) [0x00000] in <filename unknown>:0
at presto.parser.BaseBoaParserTest.CheckOutput (System.String resourceName) [0x00000] in <filename unknown>:0
at presto.boa.runtime.TestSort.testSortDecimals () [0x00000] in <filename unknown>:0
at (wrapper managed-to-native) System.Reflection.MonoMethod:InternalInvoke (System.Reflection.MonoMethod,object,object[],System.Exception&)
at System.Reflection.MonoMethod.Invoke (System.Object obj, BindingFlags invokeAttr, System.Reflection.Binder binder, System.Object[] parameters, System.Globalization.CultureInfo culture) [0x00000] in <filename unknown>:0
]]></stack-trace>
                        </failure>
                      </test-case>
                      <test-case name="presto.boa.runtime.TestSort.testSortExpressions" executed="True" success="False" time="0.012" asserts="1">
                        <failure>
                          <message><![CDATA[System.NullReferenceException : Object reference not set to an instance of an object]]></message>
                          <stack-trace><![CDATA[at presto.declaration.AttributeDeclaration.register (presto.runtime.Context context) [0x00000] in <filename unknown>:0
at presto.grammar.DeclarationList.register (presto.runtime.Context context) [0x00000] in <filename unknown>:0
at presto.parser.BaseBoaParserTest.loadResource (System.String resourceName) [0x00000] in <filename unknown>:0
at presto.parser.BaseBoaParserTest.runResource (System.String resourceName) [0x00000] in <filename unknown>:0
at presto.parser.BaseBoaParserTest.CheckOutput (System.String resourceName) [0x00000] in <filename unknown>:0
at presto.boa.runtime.TestSort.testSortExpressions () [0x00000] in <filename unknown>:0
at (wrapper managed-to-native) System.Reflection.MonoMethod:InternalInvoke (System.Reflection.MonoMethod,object,object[],System.Exception&)
at System.Reflection.MonoMethod.Invoke (System.Object obj, BindingFlags invokeAttr, System.Reflection.Binder binder, System.Object[] parameters, System.Globalization.CultureInfo culture) [0x00000] in <filename unknown>:0
]]></stack-trace>
                        </failure>
                      </test-case>
                      <test-case name="presto.boa.runtime.TestSort.testSortIntegers" executed="True" success="False" time="0.001" asserts="1">
                        <failure>
                          <message><![CDATA[System.NullReferenceException : Object reference not set to an instance of an object]]></message>
                          <stack-trace><![CDATA[at presto.declaration.BaseMethodDeclaration.register (presto.runtime.Context context) [0x00000] in <filename unknown>:0
at presto.grammar.DeclarationList.register (presto.runtime.Context context) [0x00000] in <filename unknown>:0
at presto.parser.BaseBoaParserTest.loadResource (System.String resourceName) [0x00000] in <filename unknown>:0
at presto.parser.BaseBoaParserTest.runResource (System.String resourceName) [0x00000] in <filename unknown>:0
at presto.parser.BaseBoaParserTest.CheckOutput (System.String resourceName) [0x00000] in <filename unknown>:0
at presto.boa.runtime.TestSort.testSortIntegers () [0x00000] in <filename unknown>:0
at (wrapper managed-to-native) System.Reflection.MonoMethod:InternalInvoke (System.Reflection.MonoMethod,object,object[],System.Exception&)
at System.Reflection.MonoMethod.Invoke (System.Object obj, BindingFlags invokeAttr, System.Reflection.Binder binder, System.Object[] parameters, System.Globalization.CultureInfo culture) [0x00000] in <filename unknown>:0
]]></stack-trace>
                        </failure>
                      </test-case>
                      <test-case name="presto.boa.runtime.TestSort.testSortKeys" executed="True" success="False" time="0.006" asserts="1">
                        <failure>
                          <message><![CDATA[System.NullReferenceException : Object reference not set to an instance of an object]]></message>
                          <stack-trace><![CDATA[at presto.declaration.AttributeDeclaration.register (presto.runtime.Context context) [0x00000] in <filename unknown>:0
at presto.grammar.DeclarationList.register (presto.runtime.Context context) [0x00000] in <filename unknown>:0
at presto.parser.BaseBoaParserTest.loadResource (System.String resourceName) [0x00000] in <filename unknown>:0
at presto.parser.BaseBoaParserTest.runResource (System.String resourceName) [0x00000] in <filename unknown>:0
at presto.parser.BaseBoaParserTest.CheckOutput (System.String resourceName) [0x00000] in <filename unknown>:0
at presto.boa.runtime.TestSort.testSortKeys () [0x00000] in <filename unknown>:0
at (wrapper managed-to-native) System.Reflection.MonoMethod:InternalInvoke (System.Reflection.MonoMethod,object,object[],System.Exception&)
at System.Reflection.MonoMethod.Invoke (System.Object obj, BindingFlags invokeAttr, System.Reflection.Binder binder, System.Object[] parameters, System.Globalization.CultureInfo culture) [0x00000] in <filename unknown>:0
]]></stack-trace>
                        </failure>
                      </test-case>
                      <test-case name="presto.boa.runtime.TestSort.testSortMethods" executed="True" success="False" time="0.006" asserts="1">
                        <failure>
                          <message><![CDATA[System.NullReferenceException : Object reference not set to an instance of an object]]></message>
                          <stack-trace><![CDATA[at presto.declaration.AttributeDeclaration.register (presto.runtime.Context context) [0x00000] in <filename unknown>:0
at presto.grammar.DeclarationList.register (presto.runtime.Context context) [0x00000] in <filename unknown>:0
at presto.parser.BaseBoaParserTest.loadResource (System.String resourceName) [0x00000] in <filename unknown>:0
at presto.parser.BaseBoaParserTest.runResource (System.String resourceName) [0x00000] in <filename unknown>:0
at presto.parser.BaseBoaParserTest.CheckOutput (System.String resourceName) [0x00000] in <filename unknown>:0
at presto.boa.runtime.TestSort.testSortMethods () [0x00000] in <filename unknown>:0
at (wrapper managed-to-native) System.Reflection.MonoMethod:InternalInvoke (System.Reflection.MonoMethod,object,object[],System.Exception&)
at System.Reflection.MonoMethod.Invoke (System.Object obj, BindingFlags invokeAttr, System.Reflection.Binder binder, System.Object[] parameters, System.Globalization.CultureInfo culture) [0x00000] in <filename unknown>:0
]]></stack-trace>
                        </failure>
                      </test-case>
                      <test-case name="presto.boa.runtime.TestSort.testSortNames" executed="True" success="False" time="0.006" asserts="1">
                        <failure>
                          <message><![CDATA[System.NullReferenceException : Object reference not set to an instance of an object]]></message>
                          <stack-trace><![CDATA[at presto.declaration.AttributeDeclaration.register (presto.runtime.Context context) [0x00000] in <filename unknown>:0
at presto.grammar.DeclarationList.register (presto.runtime.Context context) [0x00000] in <filename unknown>:0
at presto.parser.BaseBoaParserTest.loadResource (System.String resourceName) [0x00000] in <filename unknown>:0
at presto.parser.BaseBoaParserTest.runResource (System.String resourceName) [0x00000] in <filename unknown>:0
at presto.parser.BaseBoaParserTest.CheckOutput (System.String resourceName) [0x00000] in <filename unknown>:0
at presto.boa.runtime.TestSort.testSortNames () [0x00000] in <filename unknown>:0
at (wrapper managed-to-native) System.Reflection.MonoMethod:InternalInvoke (System.Reflection.MonoMethod,object,object[],System.Exception&)
at System.Reflection.MonoMethod.Invoke (System.Object obj, BindingFlags invokeAttr, System.Reflection.Binder binder, System.Object[] parameters, System.Globalization.CultureInfo culture) [0x00000] in <filename unknown>:0
]]></stack-trace>
                        </failure>
                      </test-case>
                      <test-case name="presto.boa.runtime.TestSort.testSortTexts" executed="True" success="False" time="0.001" asserts="1">
                        <failure>
                          <message><![CDATA[System.NullReferenceException : Object reference not set to an instance of an object]]></message>
                          <stack-trace><![CDATA[at presto.declaration.BaseMethodDeclaration.register (presto.runtime.Context context) [0x00000] in <filename unknown>:0
at presto.grammar.DeclarationList.register (presto.runtime.Context context) [0x00000] in <filename unknown>:0
at presto.parser.BaseBoaParserTest.loadResource (System.String resourceName) [0x00000] in <filename unknown>:0
at presto.parser.BaseBoaParserTest.runResource (System.String resourceName) [0x00000] in <filename unknown>:0
at presto.parser.BaseBoaParserTest.CheckOutput (System.String resourceName) [0x00000] in <filename unknown>:0
at presto.boa.runtime.TestSort.testSortTexts () [0x00000] in <filename unknown>:0
at (wrapper managed-to-native) System.Reflection.MonoMethod:InternalInvoke (System.Reflection.MonoMethod,object,object[],System.Exception&)
at System.Reflection.MonoMethod.Invoke (System.Object obj, BindingFlags invokeAttr, System.Reflection.Binder binder, System.Object[] parameters, System.Globalization.CultureInfo culture) [0x00000] in <filename unknown>:0
]]></stack-trace>
                        </failure>
                      </test-case>
                      <test-case name="presto.boa.runtime.TestSort.testSortTimes" executed="True" success="False" time="0.001" asserts="1">
                        <failure>
                          <message><![CDATA[System.NullReferenceException : Object reference not set to an instance of an object]]></message>
                          <stack-trace><![CDATA[at presto.declaration.BaseMethodDeclaration.register (presto.runtime.Context context) [0x00000] in <filename unknown>:0
at presto.grammar.DeclarationList.register (presto.runtime.Context context) [0x00000] in <filename unknown>:0
at presto.parser.BaseBoaParserTest.loadResource (System.String resourceName) [0x00000] in <filename unknown>:0
at presto.parser.BaseBoaParserTest.runResource (System.String resourceName) [0x00000] in <filename unknown>:0
at presto.parser.BaseBoaParserTest.CheckOutput (System.String resourceName) [0x00000] in <filename unknown>:0
at presto.boa.runtime.TestSort.testSortTimes () [0x00000] in <filename unknown>:0
at (wrapper managed-to-native) System.Reflection.MonoMethod:InternalInvoke (System.Reflection.MonoMethod,object,object[],System.Exception&)
at System.Reflection.MonoMethod.Invoke (System.Object obj, BindingFlags invokeAttr, System.Reflection.Binder binder, System.Object[] parameters, System.Globalization.CultureInfo culture) [0x00000] in <filename unknown>:0
]]></stack-trace>
                        </failure>
                      </test-case>
                    </results>
                  </test-suite>
                  <test-suite name="TestTuples" success="False" time="0.021" asserts="0">
                    <results>
                      <test-case name="presto.boa.runtime.TestTuples.testMultiAssignment" executed="True" success="False" time="0.004" asserts="1">
                        <failure>
                          <message><![CDATA[System.NullReferenceException : Object reference not set to an instance of an object]]></message>
                          <stack-trace><![CDATA[at presto.declaration.BaseMethodDeclaration.register (presto.runtime.Context context) [0x00000] in <filename unknown>:0
at presto.grammar.DeclarationList.register (presto.runtime.Context context) [0x00000] in <filename unknown>:0
at presto.parser.BaseBoaParserTest.loadResource (System.String resourceName) [0x00000] in <filename unknown>:0
at presto.parser.BaseBoaParserTest.runResource (System.String resourceName) [0x00000] in <filename unknown>:0
at presto.parser.BaseBoaParserTest.CheckOutput (System.String resourceName) [0x00000] in <filename unknown>:0
at presto.boa.runtime.TestTuples.testMultiAssignment () [0x00000] in <filename unknown>:0
at (wrapper managed-to-native) System.Reflection.MonoMethod:InternalInvoke (System.Reflection.MonoMethod,object,object[],System.Exception&)
at System.Reflection.MonoMethod.Invoke (System.Object obj, BindingFlags invokeAttr, System.Reflection.Binder binder, System.Object[] parameters, System.Globalization.CultureInfo culture) [0x00000] in <filename unknown>:0
]]></stack-trace>
                        </failure>
                      </test-case>
                      <test-case name="presto.boa.runtime.TestTuples.testSingleAssignment" executed="True" success="False" time="0.001" asserts="1">
                        <failure>
                          <message><![CDATA[System.NullReferenceException : Object reference not set to an instance of an object]]></message>
                          <stack-trace><![CDATA[at presto.declaration.BaseMethodDeclaration.register (presto.runtime.Context context) [0x00000] in <filename unknown>:0
at presto.grammar.DeclarationList.register (presto.runtime.Context context) [0x00000] in <filename unknown>:0
at presto.parser.BaseBoaParserTest.loadResource (System.String resourceName) [0x00000] in <filename unknown>:0
at presto.parser.BaseBoaParserTest.runResource (System.String resourceName) [0x00000] in <filename unknown>:0
at presto.parser.BaseBoaParserTest.CheckOutput (System.String resourceName) [0x00000] in <filename unknown>:0
at presto.boa.runtime.TestTuples.testSingleAssignment () [0x00000] in <filename unknown>:0
at (wrapper managed-to-native) System.Reflection.MonoMethod:InternalInvoke (System.Reflection.MonoMethod,object,object[],System.Exception&)
at System.Reflection.MonoMethod.Invoke (System.Object obj, BindingFlags invokeAttr, System.Reflection.Binder binder, System.Object[] parameters, System.Globalization.CultureInfo culture) [0x00000] in <filename unknown>:0
]]></stack-trace>
                        </failure>
                      </test-case>
                      <test-case name="presto.boa.runtime.TestTuples.testTupleElement" executed="True" success="False" time="0.003" asserts="1">
                        <failure>
                          <message><![CDATA[System.NullReferenceException : Object reference not set to an instance of an object]]></message>
                          <stack-trace><![CDATA[at presto.declaration.BaseMethodDeclaration.register (presto.runtime.Context context) [0x00000] in <filename unknown>:0
at presto.grammar.DeclarationList.register (presto.runtime.Context context) [0x00000] in <filename unknown>:0
at presto.parser.BaseBoaParserTest.loadResource (System.String resourceName) [0x00000] in <filename unknown>:0
at presto.parser.BaseBoaParserTest.runResource (System.String resourceName) [0x00000] in <filename unknown>:0
at presto.parser.BaseBoaParserTest.CheckOutput (System.String resourceName) [0x00000] in <filename unknown>:0
at presto.boa.runtime.TestTuples.testTupleElement () [0x00000] in <filename unknown>:0
at (wrapper managed-to-native) System.Reflection.MonoMethod:InternalInvoke (System.Reflection.MonoMethod,object,object[],System.Exception&)
at System.Reflection.MonoMethod.Invoke (System.Object obj, BindingFlags invokeAttr, System.Reflection.Binder binder, System.Object[] parameters, System.Globalization.CultureInfo culture) [0x00000] in <filename unknown>:0
]]></stack-trace>
                        </failure>
                      </test-case>
                    </results>
                  </test-suite>
                </results>
              </test-suite>
            </results>
          </test-suite>
          <test-suite name="debug" success="False" time="0.065" asserts="0">
            <results>
              <test-suite name="TestDebugger" success="False" time="0.064" asserts="0">
                <results>
                  <test-case name="presto.debug.TestDebugger.testBreakpoint" executed="True" success="False" time="0.008" asserts="1">
                    <failure>
                      <message><![CDATA[System.NullReferenceException : Object reference not set to an instance of an object]]></message>
                      <stack-trace><![CDATA[at presto.declaration.BaseMethodDeclaration.register (presto.runtime.Context context) [0x00000] in <filename unknown>:0
at presto.grammar.DeclarationList.register (presto.runtime.Context context) [0x00000] in <filename unknown>:0
at presto.parser.BaseBoaParserTest.loadResource (System.String resourceName) [0x00000] in <filename unknown>:0
at presto.debug.TestDebugger.debugResource (System.String resourceName) [0x00000] in <filename unknown>:0
at presto.debug.TestDebugger.testBreakpoint () [0x00000] in <filename unknown>:0
at (wrapper managed-to-native) System.Reflection.MonoMethod:InternalInvoke (System.Reflection.MonoMethod,object,object[],System.Exception&)
at System.Reflection.MonoMethod.Invoke (System.Object obj, BindingFlags invokeAttr, System.Reflection.Binder binder, System.Object[] parameters, System.Globalization.CultureInfo culture) [0x00000] in <filename unknown>:0
]]></stack-trace>
                    </failure>
                  </test-case>
                  <test-case name="presto.debug.TestDebugger.testResume" executed="True" success="False" time="0.003" asserts="1">
                    <failure>
                      <message><![CDATA[System.NullReferenceException : Object reference not set to an instance of an object]]></message>
                      <stack-trace><![CDATA[at presto.declaration.BaseMethodDeclaration.register (presto.runtime.Context context) [0x00000] in <filename unknown>:0
at presto.grammar.DeclarationList.register (presto.runtime.Context context) [0x00000] in <filename unknown>:0
at presto.parser.BaseBoaParserTest.loadResource (System.String resourceName) [0x00000] in <filename unknown>:0
at presto.debug.TestDebugger.debugResource (System.String resourceName) [0x00000] in <filename unknown>:0
at presto.debug.TestDebugger.testResume () [0x00000] in <filename unknown>:0
at (wrapper managed-to-native) System.Reflection.MonoMethod:InternalInvoke (System.Reflection.MonoMethod,object,object[],System.Exception&)
at System.Reflection.MonoMethod.Invoke (System.Object obj, BindingFlags invokeAttr, System.Reflection.Binder binder, System.Object[] parameters, System.Globalization.CultureInfo culture) [0x00000] in <filename unknown>:0
]]></stack-trace>
                    </failure>
                  </test-case>
                  <test-case name="presto.debug.TestDebugger.testSilentStepInto" executed="True" success="False" time="0.007" asserts="1">
                    <failure>
                      <message><![CDATA[System.NullReferenceException : Object reference not set to an instance of an object]]></message>
                      <stack-trace><![CDATA[at presto.declaration.BaseMethodDeclaration.register (presto.runtime.Context context) [0x00000] in <filename unknown>:0
at presto.grammar.DeclarationList.register (presto.runtime.Context context) [0x00000] in <filename unknown>:0
at presto.parser.BaseBoaParserTest.loadResource (System.String resourceName) [0x00000] in <filename unknown>:0
at presto.debug.TestDebugger.debugResource (System.String resourceName) [0x00000] in <filename unknown>:0
at presto.debug.TestDebugger.testSilentStepInto () [0x00000] in <filename unknown>:0
at (wrapper managed-to-native) System.Reflection.MonoMethod:InternalInvoke (System.Reflection.MonoMethod,object,object[],System.Exception&)
at System.Reflection.MonoMethod.Invoke (System.Object obj, BindingFlags invokeAttr, System.Reflection.Binder binder, System.Object[] parameters, System.Globalization.CultureInfo culture) [0x00000] in <filename unknown>:0
]]></stack-trace>
                    </failure>
                  </test-case>
                  <test-case name="presto.debug.TestDebugger.testStackNoDebug" executed="True" success="False" time="0.006" asserts="1">
                    <failure>
                      <message><![CDATA[System.NullReferenceException : Object reference not set to an instance of an object]]></message>
                      <stack-trace><![CDATA[at presto.declaration.BaseMethodDeclaration.register (presto.runtime.Context context) [0x00000] in <filename unknown>:0
at presto.grammar.DeclarationList.register (presto.runtime.Context context) [0x00000] in <filename unknown>:0
at presto.parser.BaseBoaParserTest.loadResource (System.String resourceName) [0x00000] in <filename unknown>:0
at presto.parser.BaseBoaParserTest.runResource (System.String resourceName) [0x00000] in <filename unknown>:0
at presto.debug.TestDebugger.testStackNoDebug () [0x00000] in <filename unknown>:0
at (wrapper managed-to-native) System.Reflection.MonoMethod:InternalInvoke (System.Reflection.MonoMethod,object,object[],System.Exception&)
at System.Reflection.MonoMethod.Invoke (System.Object obj, BindingFlags invokeAttr, System.Reflection.Binder binder, System.Object[] parameters, System.Globalization.CultureInfo culture) [0x00000] in <filename unknown>:0
]]></stack-trace>
                    </failure>
                  </test-case>
                  <test-case name="presto.debug.TestDebugger.testStepInto" executed="True" success="False" time="0.003" asserts="1">
                    <failure>
                      <message><![CDATA[System.NullReferenceException : Object reference not set to an instance of an object]]></message>
                      <stack-trace><![CDATA[at presto.declaration.BaseMethodDeclaration.register (presto.runtime.Context context) [0x00000] in <filename unknown>:0
at presto.grammar.DeclarationList.register (presto.runtime.Context context) [0x00000] in <filename unknown>:0
at presto.parser.BaseBoaParserTest.loadResource (System.String resourceName) [0x00000] in <filename unknown>:0
at presto.debug.TestDebugger.debugResource (System.String resourceName) [0x00000] in <filename unknown>:0
at presto.debug.TestDebugger.testStepInto () [0x00000] in <filename unknown>:0
at (wrapper managed-to-native) System.Reflection.MonoMethod:InternalInvoke (System.Reflection.MonoMethod,object,object[],System.Exception&)
at System.Reflection.MonoMethod.Invoke (System.Object obj, BindingFlags invokeAttr, System.Reflection.Binder binder, System.Object[] parameters, System.Globalization.CultureInfo culture) [0x00000] in <filename unknown>:0
]]></stack-trace>
                    </failure>
                  </test-case>
                  <test-case name="presto.debug.TestDebugger.testStepOut" executed="True" success="False" time="0.003" asserts="1">
                    <failure>
                      <message><![CDATA[System.NullReferenceException : Object reference not set to an instance of an object]]></message>
                      <stack-trace><![CDATA[at presto.declaration.BaseMethodDeclaration.register (presto.runtime.Context context) [0x00000] in <filename unknown>:0
at presto.grammar.DeclarationList.register (presto.runtime.Context context) [0x00000] in <filename unknown>:0
at presto.parser.BaseBoaParserTest.loadResource (System.String resourceName) [0x00000] in <filename unknown>:0
at presto.debug.TestDebugger.debugResource (System.String resourceName) [0x00000] in <filename unknown>:0
at presto.debug.TestDebugger.testStepOut () [0x00000] in <filename unknown>:0
at (wrapper managed-to-native) System.Reflection.MonoMethod:InternalInvoke (System.Reflection.MonoMethod,object,object[],System.Exception&)
at System.Reflection.MonoMethod.Invoke (System.Object obj, BindingFlags invokeAttr, System.Reflection.Binder binder, System.Object[] parameters, System.Globalization.CultureInfo culture) [0x00000] in <filename unknown>:0
]]></stack-trace>
                    </failure>
                  </test-case>
                  <test-case name="presto.debug.TestDebugger.testStepOver" executed="True" success="False" time="0.003" asserts="1">
                    <failure>
                      <message><![CDATA[System.NullReferenceException : Object reference not set to an instance of an object]]></message>
                      <stack-trace><![CDATA[at presto.declaration.BaseMethodDeclaration.register (presto.runtime.Context context) [0x00000] in <filename unknown>:0
at presto.grammar.DeclarationList.register (presto.runtime.Context context) [0x00000] in <filename unknown>:0
at presto.parser.BaseBoaParserTest.loadResource (System.String resourceName) [0x00000] in <filename unknown>:0
at presto.debug.TestDebugger.debugResource (System.String resourceName) [0x00000] in <filename unknown>:0
at presto.debug.TestDebugger.testStepOver () [0x00000] in <filename unknown>:0
at (wrapper managed-to-native) System.Reflection.MonoMethod:InternalInvoke (System.Reflection.MonoMethod,object,object[],System.Exception&)
at System.Reflection.MonoMethod.Invoke (System.Object obj, BindingFlags invokeAttr, System.Reflection.Binder binder, System.Object[] parameters, System.Globalization.CultureInfo culture) [0x00000] in <filename unknown>:0
]]></stack-trace>
                    </failure>
                  </test-case>
                </results>
              </test-suite>
            </results>
          </test-suite>
          <test-suite name="oops" success="False" time="2.743" asserts="0">
            <results>
              <test-suite name="runtime" success="False" time="2.740" asserts="0">
                <results>
                  <test-suite name="TestAdd" success="False" time="0.208" asserts="0">
                    <results>
                      <test-case name="presto.oops.runtime.TestAdd.testAddCharacter" executed="True" success="False" time="0.122" asserts="1">
                        <failure>
                          <message><![CDATA[System.NullReferenceException : Object reference not set to an instance of an object]]></message>
                          <stack-trace><![CDATA[at presto.declaration.BaseMethodDeclaration.register (presto.runtime.Context context) [0x00000] in <filename unknown>:0
at presto.grammar.DeclarationList.register (presto.runtime.Context context) [0x00000] in <filename unknown>:0
at presto.parser.BaseOopsParserTest.loadResource (System.String resourceName) [0x00000] in <filename unknown>:0
at presto.parser.BaseOopsParserTest.runResource (System.String resourceName) [0x00000] in <filename unknown>:0
at presto.parser.BaseOopsParserTest.CheckOutput (System.String resourceName) [0x00000] in <filename unknown>:0
at presto.oops.runtime.TestAdd.testAddCharacter () [0x00000] in <filename unknown>:0
at (wrapper managed-to-native) System.Reflection.MonoMethod:InternalInvoke (System.Reflection.MonoMethod,object,object[],System.Exception&)
at System.Reflection.MonoMethod.Invoke (System.Object obj, BindingFlags invokeAttr, System.Reflection.Binder binder, System.Object[] parameters, System.Globalization.CultureInfo culture) [0x00000] in <filename unknown>:0
]]></stack-trace>
                        </failure>
                      </test-case>
                      <test-case name="presto.oops.runtime.TestAdd.testAddDate" executed="True" success="False" time="0.005" asserts="1">
                        <failure>
                          <message><![CDATA[System.NullReferenceException : Object reference not set to an instance of an object]]></message>
                          <stack-trace><![CDATA[at presto.declaration.BaseMethodDeclaration.register (presto.runtime.Context context) [0x00000] in <filename unknown>:0
at presto.grammar.DeclarationList.register (presto.runtime.Context context) [0x00000] in <filename unknown>:0
at presto.parser.BaseOopsParserTest.loadResource (System.String resourceName) [0x00000] in <filename unknown>:0
at presto.parser.BaseOopsParserTest.runResource (System.String resourceName) [0x00000] in <filename unknown>:0
at presto.parser.BaseOopsParserTest.CheckOutput (System.String resourceName) [0x00000] in <filename unknown>:0
at presto.oops.runtime.TestAdd.testAddDate () [0x00000] in <filename unknown>:0
at (wrapper managed-to-native) System.Reflection.MonoMethod:InternalInvoke (System.Reflection.MonoMethod,object,object[],System.Exception&)
at System.Reflection.MonoMethod.Invoke (System.Object obj, BindingFlags invokeAttr, System.Reflection.Binder binder, System.Object[] parameters, System.Globalization.CultureInfo culture) [0x00000] in <filename unknown>:0
]]></stack-trace>
                        </failure>
                      </test-case>
                      <test-case name="presto.oops.runtime.TestAdd.testAddDateTime" executed="True" success="False" time="0.002" asserts="1">
                        <failure>
                          <message><![CDATA[System.NullReferenceException : Object reference not set to an instance of an object]]></message>
                          <stack-trace><![CDATA[at presto.declaration.BaseMethodDeclaration.register (presto.runtime.Context context) [0x00000] in <filename unknown>:0
at presto.grammar.DeclarationList.register (presto.runtime.Context context) [0x00000] in <filename unknown>:0
at presto.parser.BaseOopsParserTest.loadResource (System.String resourceName) [0x00000] in <filename unknown>:0
at presto.parser.BaseOopsParserTest.runResource (System.String resourceName) [0x00000] in <filename unknown>:0
at presto.parser.BaseOopsParserTest.CheckOutput (System.String resourceName) [0x00000] in <filename unknown>:0
at presto.oops.runtime.TestAdd.testAddDateTime () [0x00000] in <filename unknown>:0
at (wrapper managed-to-native) System.Reflection.MonoMethod:InternalInvoke (System.Reflection.MonoMethod,object,object[],System.Exception&)
at System.Reflection.MonoMethod.Invoke (System.Object obj, BindingFlags invokeAttr, System.Reflection.Binder binder, System.Object[] parameters, System.Globalization.CultureInfo culture) [0x00000] in <filename unknown>:0
]]></stack-trace>
                        </failure>
                      </test-case>
                      <test-case name="presto.oops.runtime.TestAdd.testAddDecimal" executed="True" success="False" time="0.004" asserts="1">
                        <failure>
                          <message><![CDATA[System.NullReferenceException : Object reference not set to an instance of an object]]></message>
                          <stack-trace><![CDATA[at presto.declaration.BaseMethodDeclaration.register (presto.runtime.Context context) [0x00000] in <filename unknown>:0
at presto.grammar.DeclarationList.register (presto.runtime.Context context) [0x00000] in <filename unknown>:0
at presto.parser.BaseOopsParserTest.loadResource (System.String resourceName) [0x00000] in <filename unknown>:0
at presto.parser.BaseOopsParserTest.runResource (System.String resourceName) [0x00000] in <filename unknown>:0
at presto.parser.BaseOopsParserTest.CheckOutput (System.String resourceName) [0x00000] in <filename unknown>:0
at presto.oops.runtime.TestAdd.testAddDecimal () [0x00000] in <filename unknown>:0
at (wrapper managed-to-native) System.Reflection.MonoMethod:InternalInvoke (System.Reflection.MonoMethod,object,object[],System.Exception&)
at System.Reflection.MonoMethod.Invoke (System.Object obj, BindingFlags invokeAttr, System.Reflection.Binder binder, System.Object[] parameters, System.Globalization.CultureInfo culture) [0x00000] in <filename unknown>:0
]]></stack-trace>
                        </failure>
                      </test-case>
                      <test-case name="presto.oops.runtime.TestAdd.testAddDict" executed="True" success="False" time="0.009" asserts="1">
                        <failure>
                          <message><![CDATA[System.NullReferenceException : Object reference not set to an instance of an object]]></message>
                          <stack-trace><![CDATA[at presto.declaration.BaseMethodDeclaration.register (presto.runtime.Context context) [0x00000] in <filename unknown>:0
at presto.grammar.DeclarationList.register (presto.runtime.Context context) [0x00000] in <filename unknown>:0
at presto.parser.BaseOopsParserTest.loadResource (System.String resourceName) [0x00000] in <filename unknown>:0
at presto.parser.BaseOopsParserTest.runResource (System.String resourceName) [0x00000] in <filename unknown>:0
at presto.parser.BaseOopsParserTest.CheckOutput (System.String resourceName) [0x00000] in <filename unknown>:0
at presto.oops.runtime.TestAdd.testAddDict () [0x00000] in <filename unknown>:0
at (wrapper managed-to-native) System.Reflection.MonoMethod:InternalInvoke (System.Reflection.MonoMethod,object,object[],System.Exception&)
at System.Reflection.MonoMethod.Invoke (System.Object obj, BindingFlags invokeAttr, System.Reflection.Binder binder, System.Object[] parameters, System.Globalization.CultureInfo culture) [0x00000] in <filename unknown>:0
]]></stack-trace>
                        </failure>
                      </test-case>
                      <test-case name="presto.oops.runtime.TestAdd.testAddInteger" executed="True" success="False" time="0.002" asserts="1">
                        <failure>
                          <message><![CDATA[System.NullReferenceException : Object reference not set to an instance of an object]]></message>
                          <stack-trace><![CDATA[at presto.declaration.BaseMethodDeclaration.register (presto.runtime.Context context) [0x00000] in <filename unknown>:0
at presto.grammar.DeclarationList.register (presto.runtime.Context context) [0x00000] in <filename unknown>:0
at presto.parser.BaseOopsParserTest.loadResource (System.String resourceName) [0x00000] in <filename unknown>:0
at presto.parser.BaseOopsParserTest.runResource (System.String resourceName) [0x00000] in <filename unknown>:0
at presto.parser.BaseOopsParserTest.CheckOutput (System.String resourceName) [0x00000] in <filename unknown>:0
at presto.oops.runtime.TestAdd.testAddInteger () [0x00000] in <filename unknown>:0
at (wrapper managed-to-native) System.Reflection.MonoMethod:InternalInvoke (System.Reflection.MonoMethod,object,object[],System.Exception&)
at System.Reflection.MonoMethod.Invoke (System.Object obj, BindingFlags invokeAttr, System.Reflection.Binder binder, System.Object[] parameters, System.Globalization.CultureInfo culture) [0x00000] in <filename unknown>:0
]]></stack-trace>
                        </failure>
                      </test-case>
                      <test-case name="presto.oops.runtime.TestAdd.testAddList" executed="True" success="False" time="0.007" asserts="1">
                        <failure>
                          <message><![CDATA[System.NullReferenceException : Object reference not set to an instance of an object]]></message>
                          <stack-trace><![CDATA[at presto.declaration.BaseMethodDeclaration.register (presto.runtime.Context context) [0x00000] in <filename unknown>:0
at presto.grammar.DeclarationList.register (presto.runtime.Context context) [0x00000] in <filename unknown>:0
at presto.parser.BaseOopsParserTest.loadResource (System.String resourceName) [0x00000] in <filename unknown>:0
at presto.parser.BaseOopsParserTest.runResource (System.String resourceName) [0x00000] in <filename unknown>:0
at presto.parser.BaseOopsParserTest.CheckOutput (System.String resourceName) [0x00000] in <filename unknown>:0
at presto.oops.runtime.TestAdd.testAddList () [0x00000] in <filename unknown>:0
at (wrapper managed-to-native) System.Reflection.MonoMethod:InternalInvoke (System.Reflection.MonoMethod,object,object[],System.Exception&)
at System.Reflection.MonoMethod.Invoke (System.Object obj, BindingFlags invokeAttr, System.Reflection.Binder binder, System.Object[] parameters, System.Globalization.CultureInfo culture) [0x00000] in <filename unknown>:0
]]></stack-trace>
                        </failure>
                      </test-case>
                      <test-case name="presto.oops.runtime.TestAdd.testAddPeriod" executed="True" success="False" time="0.002" asserts="1">
                        <failure>
                          <message><![CDATA[System.NullReferenceException : Object reference not set to an instance of an object]]></message>
                          <stack-trace><![CDATA[at presto.declaration.BaseMethodDeclaration.register (presto.runtime.Context context) [0x00000] in <filename unknown>:0
at presto.grammar.DeclarationList.register (presto.runtime.Context context) [0x00000] in <filename unknown>:0
at presto.parser.BaseOopsParserTest.loadResource (System.String resourceName) [0x00000] in <filename unknown>:0
at presto.parser.BaseOopsParserTest.runResource (System.String resourceName) [0x00000] in <filename unknown>:0
at presto.parser.BaseOopsParserTest.CheckOutput (System.String resourceName) [0x00000] in <filename unknown>:0
at presto.oops.runtime.TestAdd.testAddPeriod () [0x00000] in <filename unknown>:0
at (wrapper managed-to-native) System.Reflection.MonoMethod:InternalInvoke (System.Reflection.MonoMethod,object,object[],System.Exception&)
at System.Reflection.MonoMethod.Invoke (System.Object obj, BindingFlags invokeAttr, System.Reflection.Binder binder, System.Object[] parameters, System.Globalization.CultureInfo culture) [0x00000] in <filename unknown>:0
]]></stack-trace>
                        </failure>
                      </test-case>
                      <test-case name="presto.oops.runtime.TestAdd.testAddText" executed="True" success="False" time="0.001" asserts="1">
                        <failure>
                          <message><![CDATA[System.NullReferenceException : Object reference not set to an instance of an object]]></message>
                          <stack-trace><![CDATA[at presto.declaration.BaseMethodDeclaration.register (presto.runtime.Context context) [0x00000] in <filename unknown>:0
at presto.grammar.DeclarationList.register (presto.runtime.Context context) [0x00000] in <filename unknown>:0
at presto.parser.BaseOopsParserTest.loadResource (System.String resourceName) [0x00000] in <filename unknown>:0
at presto.parser.BaseOopsParserTest.runResource (System.String resourceName) [0x00000] in <filename unknown>:0
at presto.parser.BaseOopsParserTest.CheckOutput (System.String resourceName) [0x00000] in <filename unknown>:0
at presto.oops.runtime.TestAdd.testAddText () [0x00000] in <filename unknown>:0
at (wrapper managed-to-native) System.Reflection.MonoMethod:InternalInvoke (System.Reflection.MonoMethod,object,object[],System.Exception&)
at System.Reflection.MonoMethod.Invoke (System.Object obj, BindingFlags invokeAttr, System.Reflection.Binder binder, System.Object[] parameters, System.Globalization.CultureInfo culture) [0x00000] in <filename unknown>:0
]]></stack-trace>
                        </failure>
                      </test-case>
                      <test-case name="presto.oops.runtime.TestAdd.testAddTime" executed="True" success="False" time="0.002" asserts="1">
                        <failure>
                          <message><![CDATA[System.NullReferenceException : Object reference not set to an instance of an object]]></message>
                          <stack-trace><![CDATA[at presto.declaration.BaseMethodDeclaration.register (presto.runtime.Context context) [0x00000] in <filename unknown>:0
at presto.grammar.DeclarationList.register (presto.runtime.Context context) [0x00000] in <filename unknown>:0
at presto.parser.BaseOopsParserTest.loadResource (System.String resourceName) [0x00000] in <filename unknown>:0
at presto.parser.BaseOopsParserTest.runResource (System.String resourceName) [0x00000] in <filename unknown>:0
at presto.parser.BaseOopsParserTest.CheckOutput (System.String resourceName) [0x00000] in <filename unknown>:0
at presto.oops.runtime.TestAdd.testAddTime () [0x00000] in <filename unknown>:0
at (wrapper managed-to-native) System.Reflection.MonoMethod:InternalInvoke (System.Reflection.MonoMethod,object,object[],System.Exception&)
at System.Reflection.MonoMethod.Invoke (System.Object obj, BindingFlags invokeAttr, System.Reflection.Binder binder, System.Object[] parameters, System.Globalization.CultureInfo culture) [0x00000] in <filename unknown>:0
]]></stack-trace>
                        </failure>
                      </test-case>
                      <test-case name="presto.oops.runtime.TestAdd.testAddTuple" executed="True" success="False" time="0.009" asserts="1">
                        <failure>
                          <message><![CDATA[System.NullReferenceException : Object reference not set to an instance of an object]]></message>
                          <stack-trace><![CDATA[at presto.declaration.BaseMethodDeclaration.register (presto.runtime.Context context) [0x00000] in <filename unknown>:0
at presto.grammar.DeclarationList.register (presto.runtime.Context context) [0x00000] in <filename unknown>:0
at presto.parser.BaseOopsParserTest.loadResource (System.String resourceName) [0x00000] in <filename unknown>:0
at presto.parser.BaseOopsParserTest.runResource (System.String resourceName) [0x00000] in <filename unknown>:0
at presto.parser.BaseOopsParserTest.CheckOutput (System.String resourceName) [0x00000] in <filename unknown>:0
at presto.oops.runtime.TestAdd.testAddTuple () [0x00000] in <filename unknown>:0
at (wrapper managed-to-native) System.Reflection.MonoMethod:InternalInvoke (System.Reflection.MonoMethod,object,object[],System.Exception&)
at System.Reflection.MonoMethod.Invoke (System.Object obj, BindingFlags invokeAttr, System.Reflection.Binder binder, System.Object[] parameters, System.Globalization.CultureInfo culture) [0x00000] in <filename unknown>:0
]]></stack-trace>
                        </failure>
                      </test-case>
                    </results>
                  </test-suite>
                  <test-suite name="TestAnonymousTypes" success="False" time="0.026" asserts="0">
                    <results>
                      <test-case name="presto.oops.runtime.TestAnonymousTypes.testAnonymousAnyType" executed="True" success="False" time="0.011" asserts="0">
                        <failure>
                          <message><![CDATA[System.NullReferenceException : Object reference not set to an instance of an object]]></message>
                          <stack-trace><![CDATA[at presto.declaration.AttributeDeclaration.register (presto.runtime.Context context) [0x00000] in <filename unknown>:0
at presto.grammar.DeclarationList.register (presto.runtime.Context context) [0x00000] in <filename unknown>:0
at presto.oops.runtime.TestAnonymousTypes.register () [0x00000] in <filename unknown>:0
at (wrapper managed-to-native) System.Reflection.MonoMethod:InternalInvoke (System.Reflection.MonoMethod,object,object[],System.Exception&)
at System.Reflection.MonoMethod.Invoke (System.Object obj, BindingFlags invokeAttr, System.Reflection.Binder binder, System.Object[] parameters, System.Globalization.CultureInfo culture) [0x00000] in <filename unknown>:0
]]></stack-trace>
                        </failure>
                      </test-case>
                      <test-case name="presto.oops.runtime.TestAnonymousTypes.testAnonymousAnyTypeWithAttribute" executed="True" success="False" time="0.000" asserts="0">
                        <failure>
                          <message><![CDATA[System.NullReferenceException : Object reference not set to an instance of an object]]></message>
                          <stack-trace><![CDATA[at presto.declaration.AttributeDeclaration.register (presto.runtime.Context context) [0x00000] in <filename unknown>:0
at presto.grammar.DeclarationList.register (presto.runtime.Context context) [0x00000] in <filename unknown>:0
at presto.oops.runtime.TestAnonymousTypes.register () [0x00000] in <filename unknown>:0
at (wrapper managed-to-native) System.Reflection.MonoMethod:InternalInvoke (System.Reflection.MonoMethod,object,object[],System.Exception&)
at System.Reflection.MonoMethod.Invoke (System.Object obj, BindingFlags invokeAttr, System.Reflection.Binder binder, System.Object[] parameters, System.Globalization.CultureInfo culture) [0x00000] in <filename unknown>:0
]]></stack-trace>
                        </failure>
                      </test-case>
                      <test-case name="presto.oops.runtime.TestAnonymousTypes.testAnonymousCategoryType" executed="True" success="False" time="0.000" asserts="0">
                        <failure>
                          <message><![CDATA[System.NullReferenceException : Object reference not set to an instance of an object]]></message>
                          <stack-trace><![CDATA[at presto.declaration.AttributeDeclaration.register (presto.runtime.Context context) [0x00000] in <filename unknown>:0
at presto.grammar.DeclarationList.register (presto.runtime.Context context) [0x00000] in <filename unknown>:0
at presto.oops.runtime.TestAnonymousTypes.register () [0x00000] in <filename unknown>:0
at (wrapper managed-to-native) System.Reflection.MonoMethod:InternalInvoke (System.Reflection.MonoMethod,object,object[],System.Exception&)
at System.Reflection.MonoMethod.Invoke (System.Object obj, BindingFlags invokeAttr, System.Reflection.Binder binder, System.Object[] parameters, System.Globalization.CultureInfo culture) [0x00000] in <filename unknown>:0
]]></stack-trace>
                        </failure>
                      </test-case>
                      <test-case name="presto.oops.runtime.TestAnonymousTypes.testAnonymousCategoryTypeWithAttribute" executed="True" success="False" time="0.000" asserts="0">
                        <failure>
                          <message><![CDATA[System.NullReferenceException : Object reference not set to an instance of an object]]></message>
                          <stack-trace><![CDATA[at presto.declaration.AttributeDeclaration.register (presto.runtime.Context context) [0x00000] in <filename unknown>:0
at presto.grammar.DeclarationList.register (presto.runtime.Context context) [0x00000] in <filename unknown>:0
at presto.oops.runtime.TestAnonymousTypes.register () [0x00000] in <filename unknown>:0
at (wrapper managed-to-native) System.Reflection.MonoMethod:InternalInvoke (System.Reflection.MonoMethod,object,object[],System.Exception&)
at System.Reflection.MonoMethod.Invoke (System.Object obj, BindingFlags invokeAttr, System.Reflection.Binder binder, System.Object[] parameters, System.Globalization.CultureInfo culture) [0x00000] in <filename unknown>:0
]]></stack-trace>
                        </failure>
                      </test-case>
                    </results>
                  </test-suite>
                  <test-suite name="TestBuiltIns" success="False" time="0.198" asserts="0">
                    <results>
                      <test-case name="presto.oops.runtime.TestBuiltIns.testDateDayOfMonth" executed="True" success="False" time="0.009" asserts="1">
                        <failure>
                          <message><![CDATA[System.NullReferenceException : Object reference not set to an instance of an object]]></message>
                          <stack-trace><![CDATA[at presto.declaration.BaseMethodDeclaration.register (presto.runtime.Context context) [0x00000] in <filename unknown>:0
at presto.grammar.DeclarationList.register (presto.runtime.Context context) [0x00000] in <filename unknown>:0
at presto.parser.BaseOopsParserTest.loadResource (System.String resourceName) [0x00000] in <filename unknown>:0
at presto.parser.BaseOopsParserTest.runResource (System.String resourceName) [0x00000] in <filename unknown>:0
at presto.parser.BaseOopsParserTest.CheckOutput (System.String resourceName) [0x00000] in <filename unknown>:0
at presto.oops.runtime.TestBuiltIns.testDateDayOfMonth () [0x00000] in <filename unknown>:0
at (wrapper managed-to-native) System.Reflection.MonoMethod:InternalInvoke (System.Reflection.MonoMethod,object,object[],System.Exception&)
at System.Reflection.MonoMethod.Invoke (System.Object obj, BindingFlags invokeAttr, System.Reflection.Binder binder, System.Object[] parameters, System.Globalization.CultureInfo culture) [0x00000] in <filename unknown>:0
]]></stack-trace>
                        </failure>
                      </test-case>
                      <test-case name="presto.oops.runtime.TestBuiltIns.testDateDayOfYear" executed="True" success="False" time="0.003" asserts="1">
                        <failure>
                          <message><![CDATA[System.NullReferenceException : Object reference not set to an instance of an object]]></message>
                          <stack-trace><![CDATA[at presto.declaration.BaseMethodDeclaration.register (presto.runtime.Context context) [0x00000] in <filename unknown>:0
at presto.grammar.DeclarationList.register (presto.runtime.Context context) [0x00000] in <filename unknown>:0
at presto.parser.BaseOopsParserTest.loadResource (System.String resourceName) [0x00000] in <filename unknown>:0
at presto.parser.BaseOopsParserTest.runResource (System.String resourceName) [0x00000] in <filename unknown>:0
at presto.parser.BaseOopsParserTest.CheckOutput (System.String resourceName) [0x00000] in <filename unknown>:0
at presto.oops.runtime.TestBuiltIns.testDateDayOfYear () [0x00000] in <filename unknown>:0
at (wrapper managed-to-native) System.Reflection.MonoMethod:InternalInvoke (System.Reflection.MonoMethod,object,object[],System.Exception&)
at System.Reflection.MonoMethod.Invoke (System.Object obj, BindingFlags invokeAttr, System.Reflection.Binder binder, System.Object[] parameters, System.Globalization.CultureInfo culture) [0x00000] in <filename unknown>:0
]]></stack-trace>
                        </failure>
                      </test-case>
                      <test-case name="presto.oops.runtime.TestBuiltIns.testDateMonth" executed="True" success="False" time="0.001" asserts="1">
                        <failure>
                          <message><![CDATA[System.NullReferenceException : Object reference not set to an instance of an object]]></message>
                          <stack-trace><![CDATA[at presto.declaration.BaseMethodDeclaration.register (presto.runtime.Context context) [0x00000] in <filename unknown>:0
at presto.grammar.DeclarationList.register (presto.runtime.Context context) [0x00000] in <filename unknown>:0
at presto.parser.BaseOopsParserTest.loadResource (System.String resourceName) [0x00000] in <filename unknown>:0
at presto.parser.BaseOopsParserTest.runResource (System.String resourceName) [0x00000] in <filename unknown>:0
at presto.parser.BaseOopsParserTest.CheckOutput (System.String resourceName) [0x00000] in <filename unknown>:0
at presto.oops.runtime.TestBuiltIns.testDateMonth () [0x00000] in <filename unknown>:0
at (wrapper managed-to-native) System.Reflection.MonoMethod:InternalInvoke (System.Reflection.MonoMethod,object,object[],System.Exception&)
at System.Reflection.MonoMethod.Invoke (System.Object obj, BindingFlags invokeAttr, System.Reflection.Binder binder, System.Object[] parameters, System.Globalization.CultureInfo culture) [0x00000] in <filename unknown>:0
]]></stack-trace>
                        </failure>
                      </test-case>
                      <test-case name="presto.oops.runtime.TestBuiltIns.testDateTimeDayOfMonth" executed="True" success="False" time="0.001" asserts="1">
                        <failure>
                          <message><![CDATA[System.NullReferenceException : Object reference not set to an instance of an object]]></message>
                          <stack-trace><![CDATA[at presto.declaration.BaseMethodDeclaration.register (presto.runtime.Context context) [0x00000] in <filename unknown>:0
at presto.grammar.DeclarationList.register (presto.runtime.Context context) [0x00000] in <filename unknown>:0
at presto.parser.BaseOopsParserTest.loadResource (System.String resourceName) [0x00000] in <filename unknown>:0
at presto.parser.BaseOopsParserTest.runResource (System.String resourceName) [0x00000] in <filename unknown>:0
at presto.parser.BaseOopsParserTest.CheckOutput (System.String resourceName) [0x00000] in <filename unknown>:0
at presto.oops.runtime.TestBuiltIns.testDateTimeDayOfMonth () [0x00000] in <filename unknown>:0
at (wrapper managed-to-native) System.Reflection.MonoMethod:InternalInvoke (System.Reflection.MonoMethod,object,object[],System.Exception&)
at System.Reflection.MonoMethod.Invoke (System.Object obj, BindingFlags invokeAttr, System.Reflection.Binder binder, System.Object[] parameters, System.Globalization.CultureInfo culture) [0x00000] in <filename unknown>:0
]]></stack-trace>
                        </failure>
                      </test-case>
                      <test-case name="presto.oops.runtime.TestBuiltIns.testDateTimeDayOfYear" executed="True" success="False" time="0.001" asserts="1">
                        <failure>
                          <message><![CDATA[System.NullReferenceException : Object reference not set to an instance of an object]]></message>
                          <stack-trace><![CDATA[at presto.declaration.BaseMethodDeclaration.register (presto.runtime.Context context) [0x00000] in <filename unknown>:0
at presto.grammar.DeclarationList.register (presto.runtime.Context context) [0x00000] in <filename unknown>:0
at presto.parser.BaseOopsParserTest.loadResource (System.String resourceName) [0x00000] in <filename unknown>:0
at presto.parser.BaseOopsParserTest.runResource (System.String resourceName) [0x00000] in <filename unknown>:0
at presto.parser.BaseOopsParserTest.CheckOutput (System.String resourceName) [0x00000] in <filename unknown>:0
at presto.oops.runtime.TestBuiltIns.testDateTimeDayOfYear () [0x00000] in <filename unknown>:0
at (wrapper managed-to-native) System.Reflection.MonoMethod:InternalInvoke (System.Reflection.MonoMethod,object,object[],System.Exception&)
at System.Reflection.MonoMethod.Invoke (System.Object obj, BindingFlags invokeAttr, System.Reflection.Binder binder, System.Object[] parameters, System.Globalization.CultureInfo culture) [0x00000] in <filename unknown>:0
]]></stack-trace>
                        </failure>
                      </test-case>
                      <test-case name="presto.oops.runtime.TestBuiltIns.testDateTimeHour" executed="True" success="False" time="0.001" asserts="1">
                        <failure>
                          <message><![CDATA[System.NullReferenceException : Object reference not set to an instance of an object]]></message>
                          <stack-trace><![CDATA[at presto.declaration.BaseMethodDeclaration.register (presto.runtime.Context context) [0x00000] in <filename unknown>:0
at presto.grammar.DeclarationList.register (presto.runtime.Context context) [0x00000] in <filename unknown>:0
at presto.parser.BaseOopsParserTest.loadResource (System.String resourceName) [0x00000] in <filename unknown>:0
at presto.parser.BaseOopsParserTest.runResource (System.String resourceName) [0x00000] in <filename unknown>:0
at presto.parser.BaseOopsParserTest.CheckOutput (System.String resourceName) [0x00000] in <filename unknown>:0
at presto.oops.runtime.TestBuiltIns.testDateTimeHour () [0x00000] in <filename unknown>:0
at (wrapper managed-to-native) System.Reflection.MonoMethod:InternalInvoke (System.Reflection.MonoMethod,object,object[],System.Exception&)
at System.Reflection.MonoMethod.Invoke (System.Object obj, BindingFlags invokeAttr, System.Reflection.Binder binder, System.Object[] parameters, System.Globalization.CultureInfo culture) [0x00000] in <filename unknown>:0
]]></stack-trace>
                        </failure>
                      </test-case>
                      <test-case name="presto.oops.runtime.TestBuiltIns.testDateTimeMinute" executed="True" success="False" time="0.001" asserts="1">
                        <failure>
                          <message><![CDATA[System.NullReferenceException : Object reference not set to an instance of an object]]></message>
                          <stack-trace><![CDATA[at presto.declaration.BaseMethodDeclaration.register (presto.runtime.Context context) [0x00000] in <filename unknown>:0
at presto.grammar.DeclarationList.register (presto.runtime.Context context) [0x00000] in <filename unknown>:0
at presto.parser.BaseOopsParserTest.loadResource (System.String resourceName) [0x00000] in <filename unknown>:0
at presto.parser.BaseOopsParserTest.runResource (System.String resourceName) [0x00000] in <filename unknown>:0
at presto.parser.BaseOopsParserTest.CheckOutput (System.String resourceName) [0x00000] in <filename unknown>:0
at presto.oops.runtime.TestBuiltIns.testDateTimeMinute () [0x00000] in <filename unknown>:0
at (wrapper managed-to-native) System.Reflection.MonoMethod:InternalInvoke (System.Reflection.MonoMethod,object,object[],System.Exception&)
at System.Reflection.MonoMethod.Invoke (System.Object obj, BindingFlags invokeAttr, System.Reflection.Binder binder, System.Object[] parameters, System.Globalization.CultureInfo culture) [0x00000] in <filename unknown>:0
]]></stack-trace>
                        </failure>
                      </test-case>
                      <test-case name="presto.oops.runtime.TestBuiltIns.testDateTimeMonth" executed="True" success="False" time="0.001" asserts="1">
                        <failure>
                          <message><![CDATA[System.NullReferenceException : Object reference not set to an instance of an object]]></message>
                          <stack-trace><![CDATA[at presto.declaration.BaseMethodDeclaration.register (presto.runtime.Context context) [0x00000] in <filename unknown>:0
at presto.grammar.DeclarationList.register (presto.runtime.Context context) [0x00000] in <filename unknown>:0
at presto.parser.BaseOopsParserTest.loadResource (System.String resourceName) [0x00000] in <filename unknown>:0
at presto.parser.BaseOopsParserTest.runResource (System.String resourceName) [0x00000] in <filename unknown>:0
at presto.parser.BaseOopsParserTest.CheckOutput (System.String resourceName) [0x00000] in <filename unknown>:0
at presto.oops.runtime.TestBuiltIns.testDateTimeMonth () [0x00000] in <filename unknown>:0
at (wrapper managed-to-native) System.Reflection.MonoMethod:InternalInvoke (System.Reflection.MonoMethod,object,object[],System.Exception&)
at System.Reflection.MonoMethod.Invoke (System.Object obj, BindingFlags invokeAttr, System.Reflection.Binder binder, System.Object[] parameters, System.Globalization.CultureInfo culture) [0x00000] in <filename unknown>:0
]]></stack-trace>
                        </failure>
                      </test-case>
                      <test-case name="presto.oops.runtime.TestBuiltIns.testDateTimeSecond" executed="True" success="False" time="0.001" asserts="1">
                        <failure>
                          <message><![CDATA[System.NullReferenceException : Object reference not set to an instance of an object]]></message>
                          <stack-trace><![CDATA[at presto.declaration.BaseMethodDeclaration.register (presto.runtime.Context context) [0x00000] in <filename unknown>:0
at presto.grammar.DeclarationList.register (presto.runtime.Context context) [0x00000] in <filename unknown>:0
at presto.parser.BaseOopsParserTest.loadResource (System.String resourceName) [0x00000] in <filename unknown>:0
at presto.parser.BaseOopsParserTest.runResource (System.String resourceName) [0x00000] in <filename unknown>:0
at presto.parser.BaseOopsParserTest.CheckOutput (System.String resourceName) [0x00000] in <filename unknown>:0
at presto.oops.runtime.TestBuiltIns.testDateTimeSecond () [0x00000] in <filename unknown>:0
at (wrapper managed-to-native) System.Reflection.MonoMethod:InternalInvoke (System.Reflection.MonoMethod,object,object[],System.Exception&)
at System.Reflection.MonoMethod.Invoke (System.Object obj, BindingFlags invokeAttr, System.Reflection.Binder binder, System.Object[] parameters, System.Globalization.CultureInfo culture) [0x00000] in <filename unknown>:0
]]></stack-trace>
                        </failure>
                      </test-case>
                      <test-case name="presto.oops.runtime.TestBuiltIns.testDateTimeTZName" executed="True" success="False" time="0.002" asserts="1">
                        <failure>
                          <message><![CDATA[System.NullReferenceException : Object reference not set to an instance of an object]]></message>
                          <stack-trace><![CDATA[at presto.declaration.BaseMethodDeclaration.register (presto.runtime.Context context) [0x00000] in <filename unknown>:0
at presto.grammar.DeclarationList.register (presto.runtime.Context context) [0x00000] in <filename unknown>:0
at presto.parser.BaseOopsParserTest.loadResource (System.String resourceName) [0x00000] in <filename unknown>:0
at presto.parser.BaseOopsParserTest.runResource (System.String resourceName) [0x00000] in <filename unknown>:0
at presto.oops.runtime.TestBuiltIns.testDateTimeTZName () [0x00000] in <filename unknown>:0
at (wrapper managed-to-native) System.Reflection.MonoMethod:InternalInvoke (System.Reflection.MonoMethod,object,object[],System.Exception&)
at System.Reflection.MonoMethod.Invoke (System.Object obj, BindingFlags invokeAttr, System.Reflection.Binder binder, System.Object[] parameters, System.Globalization.CultureInfo culture) [0x00000] in <filename unknown>:0
]]></stack-trace>
                        </failure>
                      </test-case>
                      <test-case name="presto.oops.runtime.TestBuiltIns.testDateTimeTZOffset" executed="True" success="False" time="0.001" asserts="1">
                        <failure>
                          <message><![CDATA[System.NullReferenceException : Object reference not set to an instance of an object]]></message>
                          <stack-trace><![CDATA[at presto.declaration.BaseMethodDeclaration.register (presto.runtime.Context context) [0x00000] in <filename unknown>:0
at presto.grammar.DeclarationList.register (presto.runtime.Context context) [0x00000] in <filename unknown>:0
at presto.parser.BaseOopsParserTest.loadResource (System.String resourceName) [0x00000] in <filename unknown>:0
at presto.parser.BaseOopsParserTest.runResource (System.String resourceName) [0x00000] in <filename unknown>:0
at presto.parser.BaseOopsParserTest.CheckOutput (System.String resourceName) [0x00000] in <filename unknown>:0
at presto.oops.runtime.TestBuiltIns.testDateTimeTZOffset () [0x00000] in <filename unknown>:0
at (wrapper managed-to-native) System.Reflection.MonoMethod:InternalInvoke (System.Reflection.MonoMethod,object,object[],System.Exception&)
at System.Reflection.MonoMethod.Invoke (System.Object obj, BindingFlags invokeAttr, System.Reflection.Binder binder, System.Object[] parameters, System.Globalization.CultureInfo culture) [0x00000] in <filename unknown>:0
]]></stack-trace>
                        </failure>
                      </test-case>
                      <test-case name="presto.oops.runtime.TestBuiltIns.testDateTimeYear" executed="True" success="False" time="0.001" asserts="1">
                        <failure>
                          <message><![CDATA[System.NullReferenceException : Object reference not set to an instance of an object]]></message>
                          <stack-trace><![CDATA[at presto.declaration.BaseMethodDeclaration.register (presto.runtime.Context context) [0x00000] in <filename unknown>:0
at presto.grammar.DeclarationList.register (presto.runtime.Context context) [0x00000] in <filename unknown>:0
at presto.parser.BaseOopsParserTest.loadResource (System.String resourceName) [0x00000] in <filename unknown>:0
at presto.parser.BaseOopsParserTest.runResource (System.String resourceName) [0x00000] in <filename unknown>:0
at presto.parser.BaseOopsParserTest.CheckOutput (System.String resourceName) [0x00000] in <filename unknown>:0
at presto.oops.runtime.TestBuiltIns.testDateTimeYear () [0x00000] in <filename unknown>:0
at (wrapper managed-to-native) System.Reflection.MonoMethod:InternalInvoke (System.Reflection.MonoMethod,object,object[],System.Exception&)
at System.Reflection.MonoMethod.Invoke (System.Object obj, BindingFlags invokeAttr, System.Reflection.Binder binder, System.Object[] parameters, System.Globalization.CultureInfo culture) [0x00000] in <filename unknown>:0
]]></stack-trace>
                        </failure>
                      </test-case>
                      <test-case name="presto.oops.runtime.TestBuiltIns.testDateYear" executed="True" success="False" time="0.001" asserts="1">
                        <failure>
                          <message><![CDATA[System.NullReferenceException : Object reference not set to an instance of an object]]></message>
                          <stack-trace><![CDATA[at presto.declaration.BaseMethodDeclaration.register (presto.runtime.Context context) [0x00000] in <filename unknown>:0
at presto.grammar.DeclarationList.register (presto.runtime.Context context) [0x00000] in <filename unknown>:0
at presto.parser.BaseOopsParserTest.loadResource (System.String resourceName) [0x00000] in <filename unknown>:0
at presto.parser.BaseOopsParserTest.runResource (System.String resourceName) [0x00000] in <filename unknown>:0
at presto.parser.BaseOopsParserTest.CheckOutput (System.String resourceName) [0x00000] in <filename unknown>:0
at presto.oops.runtime.TestBuiltIns.testDateYear () [0x00000] in <filename unknown>:0
at (wrapper managed-to-native) System.Reflection.MonoMethod:InternalInvoke (System.Reflection.MonoMethod,object,object[],System.Exception&)
at System.Reflection.MonoMethod.Invoke (System.Object obj, BindingFlags invokeAttr, System.Reflection.Binder binder, System.Object[] parameters, System.Globalization.CultureInfo culture) [0x00000] in <filename unknown>:0
]]></stack-trace>
                        </failure>
                      </test-case>
                      <test-case name="presto.oops.runtime.TestBuiltIns.testDictLength" executed="True" success="False" time="0.003" asserts="1">
                        <failure>
                          <message><![CDATA[System.NullReferenceException : Object reference not set to an instance of an object]]></message>
                          <stack-trace><![CDATA[at presto.declaration.BaseMethodDeclaration.register (presto.runtime.Context context) [0x00000] in <filename unknown>:0
at presto.grammar.DeclarationList.register (presto.runtime.Context context) [0x00000] in <filename unknown>:0
at presto.parser.BaseOopsParserTest.loadResource (System.String resourceName) [0x00000] in <filename unknown>:0
at presto.parser.BaseOopsParserTest.runResource (System.String resourceName) [0x00000] in <filename unknown>:0
at presto.parser.BaseOopsParserTest.CheckOutput (System.String resourceName) [0x00000] in <filename unknown>:0
at presto.oops.runtime.TestBuiltIns.testDictLength () [0x00000] in <filename unknown>:0
at (wrapper managed-to-native) System.Reflection.MonoMethod:InternalInvoke (System.Reflection.MonoMethod,object,object[],System.Exception&)
at System.Reflection.MonoMethod.Invoke (System.Object obj, BindingFlags invokeAttr, System.Reflection.Binder binder, System.Object[] parameters, System.Globalization.CultureInfo culture) [0x00000] in <filename unknown>:0
]]></stack-trace>
                        </failure>
                      </test-case>
                      <test-case name="presto.oops.runtime.TestBuiltIns.testEnumName" executed="True" success="False" time="0.007" asserts="1">
                        <failure>
                          <message><![CDATA[System.NullReferenceException : Object reference not set to an instance of an object]]></message>
                          <stack-trace><![CDATA[at presto.declaration.EnumeratedNativeDeclaration.register (presto.runtime.Context context) [0x00000] in <filename unknown>:0
at presto.grammar.DeclarationList.register (presto.runtime.Context context) [0x00000] in <filename unknown>:0
at presto.parser.BaseOopsParserTest.loadResource (System.String resourceName) [0x00000] in <filename unknown>:0
at presto.parser.BaseOopsParserTest.runResource (System.String resourceName) [0x00000] in <filename unknown>:0
at presto.parser.BaseOopsParserTest.CheckOutput (System.String resourceName) [0x00000] in <filename unknown>:0
at presto.oops.runtime.TestBuiltIns.testEnumName () [0x00000] in <filename unknown>:0
at (wrapper managed-to-native) System.Reflection.MonoMethod:InternalInvoke (System.Reflection.MonoMethod,object,object[],System.Exception&)
at System.Reflection.MonoMethod.Invoke (System.Object obj, BindingFlags invokeAttr, System.Reflection.Binder binder, System.Object[] parameters, System.Globalization.CultureInfo culture) [0x00000] in <filename unknown>:0
]]></stack-trace>
                        </failure>
                      </test-case>
                      <test-case name="presto.oops.runtime.TestBuiltIns.testEnumSymbols" executed="True" success="False" time="0.006" asserts="1">
                        <failure>
                          <message><![CDATA[System.NullReferenceException : Object reference not set to an instance of an object]]></message>
                          <stack-trace><![CDATA[at presto.declaration.EnumeratedNativeDeclaration.register (presto.runtime.Context context) [0x00000] in <filename unknown>:0
at presto.grammar.DeclarationList.register (presto.runtime.Context context) [0x00000] in <filename unknown>:0
at presto.parser.BaseOopsParserTest.loadResource (System.String resourceName) [0x00000] in <filename unknown>:0
at presto.parser.BaseOopsParserTest.runResource (System.String resourceName) [0x00000] in <filename unknown>:0
at presto.parser.BaseOopsParserTest.CheckOutput (System.String resourceName) [0x00000] in <filename unknown>:0
at presto.oops.runtime.TestBuiltIns.testEnumSymbols () [0x00000] in <filename unknown>:0
at (wrapper managed-to-native) System.Reflection.MonoMethod:InternalInvoke (System.Reflection.MonoMethod,object,object[],System.Exception&)
at System.Reflection.MonoMethod.Invoke (System.Object obj, BindingFlags invokeAttr, System.Reflection.Binder binder, System.Object[] parameters, System.Globalization.CultureInfo culture) [0x00000] in <filename unknown>:0
]]></stack-trace>
                        </failure>
                      </test-case>
                      <test-case name="presto.oops.runtime.TestBuiltIns.testEnumValue" executed="True" success="False" time="0.001" asserts="1">
                        <failure>
                          <message><![CDATA[System.NullReferenceException : Object reference not set to an instance of an object]]></message>
                          <stack-trace><![CDATA[at presto.declaration.EnumeratedNativeDeclaration.register (presto.runtime.Context context) [0x00000] in <filename unknown>:0
at presto.grammar.DeclarationList.register (presto.runtime.Context context) [0x00000] in <filename unknown>:0
at presto.parser.BaseOopsParserTest.loadResource (System.String resourceName) [0x00000] in <filename unknown>:0
at presto.parser.BaseOopsParserTest.runResource (System.String resourceName) [0x00000] in <filename unknown>:0
at presto.parser.BaseOopsParserTest.CheckOutput (System.String resourceName) [0x00000] in <filename unknown>:0
at presto.oops.runtime.TestBuiltIns.testEnumValue () [0x00000] in <filename unknown>:0
at (wrapper managed-to-native) System.Reflection.MonoMethod:InternalInvoke (System.Reflection.MonoMethod,object,object[],System.Exception&)
at System.Reflection.MonoMethod.Invoke (System.Object obj, BindingFlags invokeAttr, System.Reflection.Binder binder, System.Object[] parameters, System.Globalization.CultureInfo culture) [0x00000] in <filename unknown>:0
]]></stack-trace>
                        </failure>
                      </test-case>
                      <test-case name="presto.oops.runtime.TestBuiltIns.testListLength" executed="True" success="False" time="0.003" asserts="1">
                        <failure>
                          <message><![CDATA[System.NullReferenceException : Object reference not set to an instance of an object]]></message>
                          <stack-trace><![CDATA[at presto.declaration.BaseMethodDeclaration.register (presto.runtime.Context context) [0x00000] in <filename unknown>:0
at presto.grammar.DeclarationList.register (presto.runtime.Context context) [0x00000] in <filename unknown>:0
at presto.parser.BaseOopsParserTest.loadResource (System.String resourceName) [0x00000] in <filename unknown>:0
at presto.parser.BaseOopsParserTest.runResource (System.String resourceName) [0x00000] in <filename unknown>:0
at presto.parser.BaseOopsParserTest.CheckOutput (System.String resourceName) [0x00000] in <filename unknown>:0
at presto.oops.runtime.TestBuiltIns.testListLength () [0x00000] in <filename unknown>:0
at (wrapper managed-to-native) System.Reflection.MonoMethod:InternalInvoke (System.Reflection.MonoMethod,object,object[],System.Exception&)
at System.Reflection.MonoMethod.Invoke (System.Object obj, BindingFlags invokeAttr, System.Reflection.Binder binder, System.Object[] parameters, System.Globalization.CultureInfo culture) [0x00000] in <filename unknown>:0
]]></stack-trace>
                        </failure>
                      </test-case>
                      <test-case name="presto.oops.runtime.TestBuiltIns.testTextLength" executed="True" success="False" time="0.001" asserts="1">
                        <failure>
                          <message><![CDATA[System.NullReferenceException : Object reference not set to an instance of an object]]></message>
                          <stack-trace><![CDATA[at presto.declaration.BaseMethodDeclaration.register (presto.runtime.Context context) [0x00000] in <filename unknown>:0
at presto.grammar.DeclarationList.register (presto.runtime.Context context) [0x00000] in <filename unknown>:0
at presto.parser.BaseOopsParserTest.loadResource (System.String resourceName) [0x00000] in <filename unknown>:0
at presto.parser.BaseOopsParserTest.runResource (System.String resourceName) [0x00000] in <filename unknown>:0
at presto.parser.BaseOopsParserTest.CheckOutput (System.String resourceName) [0x00000] in <filename unknown>:0
at presto.oops.runtime.TestBuiltIns.testTextLength () [0x00000] in <filename unknown>:0
at (wrapper managed-to-native) System.Reflection.MonoMethod:InternalInvoke (System.Reflection.MonoMethod,object,object[],System.Exception&)
at System.Reflection.MonoMethod.Invoke (System.Object obj, BindingFlags invokeAttr, System.Reflection.Binder binder, System.Object[] parameters, System.Globalization.CultureInfo culture) [0x00000] in <filename unknown>:0
]]></stack-trace>
                        </failure>
                      </test-case>
                      <test-case name="presto.oops.runtime.TestBuiltIns.testTimeHour" executed="True" success="False" time="0.001" asserts="1">
                        <failure>
                          <message><![CDATA[System.NullReferenceException : Object reference not set to an instance of an object]]></message>
                          <stack-trace><![CDATA[at presto.declaration.BaseMethodDeclaration.register (presto.runtime.Context context) [0x00000] in <filename unknown>:0
at presto.grammar.DeclarationList.register (presto.runtime.Context context) [0x00000] in <filename unknown>:0
at presto.parser.BaseOopsParserTest.loadResource (System.String resourceName) [0x00000] in <filename unknown>:0
at presto.parser.BaseOopsParserTest.runResource (System.String resourceName) [0x00000] in <filename unknown>:0
at presto.parser.BaseOopsParserTest.CheckOutput (System.String resourceName) [0x00000] in <filename unknown>:0
at presto.oops.runtime.TestBuiltIns.testTimeHour () [0x00000] in <filename unknown>:0
at (wrapper managed-to-native) System.Reflection.MonoMethod:InternalInvoke (System.Reflection.MonoMethod,object,object[],System.Exception&)
at System.Reflection.MonoMethod.Invoke (System.Object obj, BindingFlags invokeAttr, System.Reflection.Binder binder, System.Object[] parameters, System.Globalization.CultureInfo culture) [0x00000] in <filename unknown>:0
]]></stack-trace>
                        </failure>
                      </test-case>
                      <test-case name="presto.oops.runtime.TestBuiltIns.testTimeMinute" executed="True" success="False" time="0.001" asserts="1">
                        <failure>
                          <message><![CDATA[System.NullReferenceException : Object reference not set to an instance of an object]]></message>
                          <stack-trace><![CDATA[at presto.declaration.BaseMethodDeclaration.register (presto.runtime.Context context) [0x00000] in <filename unknown>:0
at presto.grammar.DeclarationList.register (presto.runtime.Context context) [0x00000] in <filename unknown>:0
at presto.parser.BaseOopsParserTest.loadResource (System.String resourceName) [0x00000] in <filename unknown>:0
at presto.parser.BaseOopsParserTest.runResource (System.String resourceName) [0x00000] in <filename unknown>:0
at presto.parser.BaseOopsParserTest.CheckOutput (System.String resourceName) [0x00000] in <filename unknown>:0
at presto.oops.runtime.TestBuiltIns.testTimeMinute () [0x00000] in <filename unknown>:0
at (wrapper managed-to-native) System.Reflection.MonoMethod:InternalInvoke (System.Reflection.MonoMethod,object,object[],System.Exception&)
at System.Reflection.MonoMethod.Invoke (System.Object obj, BindingFlags invokeAttr, System.Reflection.Binder binder, System.Object[] parameters, System.Globalization.CultureInfo culture) [0x00000] in <filename unknown>:0
]]></stack-trace>
                        </failure>
                      </test-case>
                      <test-case name="presto.oops.runtime.TestBuiltIns.testTimeSecond" executed="True" success="False" time="0.002" asserts="1">
                        <failure>
                          <message><![CDATA[System.NullReferenceException : Object reference not set to an instance of an object]]></message>
                          <stack-trace><![CDATA[at presto.declaration.BaseMethodDeclaration.register (presto.runtime.Context context) [0x00000] in <filename unknown>:0
at presto.grammar.DeclarationList.register (presto.runtime.Context context) [0x00000] in <filename unknown>:0
at presto.parser.BaseOopsParserTest.loadResource (System.String resourceName) [0x00000] in <filename unknown>:0
at presto.parser.BaseOopsParserTest.runResource (System.String resourceName) [0x00000] in <filename unknown>:0
at presto.parser.BaseOopsParserTest.CheckOutput (System.String resourceName) [0x00000] in <filename unknown>:0
at presto.oops.runtime.TestBuiltIns.testTimeSecond () [0x00000] in <filename unknown>:0
at (wrapper managed-to-native) System.Reflection.MonoMethod:InternalInvoke (System.Reflection.MonoMethod,object,object[],System.Exception&)
at System.Reflection.MonoMethod.Invoke (System.Object obj, BindingFlags invokeAttr, System.Reflection.Binder binder, System.Object[] parameters, System.Globalization.CultureInfo culture) [0x00000] in <filename unknown>:0
]]></stack-trace>
                        </failure>
                      </test-case>
                      <test-case name="presto.oops.runtime.TestBuiltIns.testTupleLength" executed="True" success="False" time="0.002" asserts="1">
                        <failure>
                          <message><![CDATA[System.NullReferenceException : Object reference not set to an instance of an object]]></message>
                          <stack-trace><![CDATA[at presto.declaration.BaseMethodDeclaration.register (presto.runtime.Context context) [0x00000] in <filename unknown>:0
at presto.grammar.DeclarationList.register (presto.runtime.Context context) [0x00000] in <filename unknown>:0
at presto.parser.BaseOopsParserTest.loadResource (System.String resourceName) [0x00000] in <filename unknown>:0
at presto.parser.BaseOopsParserTest.runResource (System.String resourceName) [0x00000] in <filename unknown>:0
at presto.parser.BaseOopsParserTest.CheckOutput (System.String resourceName) [0x00000] in <filename unknown>:0
at presto.oops.runtime.TestBuiltIns.testTupleLength () [0x00000] in <filename unknown>:0
at (wrapper managed-to-native) System.Reflection.MonoMethod:InternalInvoke (System.Reflection.MonoMethod,object,object[],System.Exception&)
at System.Reflection.MonoMethod.Invoke (System.Object obj, BindingFlags invokeAttr, System.Reflection.Binder binder, System.Object[] parameters, System.Globalization.CultureInfo culture) [0x00000] in <filename unknown>:0
]]></stack-trace>
                        </failure>
                      </test-case>
                    </results>
                  </test-suite>
                  <test-suite name="TestCategories" success="False" time="0.047" asserts="0">
                    <results>
                      <test-case name="presto.oops.runtime.TestCategories.testCopyFromAscendant" executed="True" success="False" time="0.017" asserts="1">
                        <failure>
                          <message><![CDATA[System.NullReferenceException : Object reference not set to an instance of an object]]></message>
                          <stack-trace><![CDATA[at presto.declaration.AttributeDeclaration.register (presto.runtime.Context context) [0x00000] in <filename unknown>:0
at presto.grammar.DeclarationList.register (presto.runtime.Context context) [0x00000] in <filename unknown>:0
at presto.parser.BaseOopsParserTest.loadResource (System.String resourceName) [0x00000] in <filename unknown>:0
at presto.parser.BaseOopsParserTest.runResource (System.String resourceName) [0x00000] in <filename unknown>:0
at presto.parser.BaseOopsParserTest.CheckOutput (System.String resourceName) [0x00000] in <filename unknown>:0
at presto.oops.runtime.TestCategories.testCopyFromAscendant () [0x00000] in <filename unknown>:0
at (wrapper managed-to-native) System.Reflection.MonoMethod:InternalInvoke (System.Reflection.MonoMethod,object,object[],System.Exception&)
at System.Reflection.MonoMethod.Invoke (System.Object obj, BindingFlags invokeAttr, System.Reflection.Binder binder, System.Object[] parameters, System.Globalization.CultureInfo culture) [0x00000] in <filename unknown>:0
]]></stack-trace>
                        </failure>
                      </test-case>
                      <test-case name="presto.oops.runtime.TestCategories.testCopyFromAscendantWithOverride" executed="True" success="False" time="0.004" asserts="1">
                        <failure>
                          <message><![CDATA[System.NullReferenceException : Object reference not set to an instance of an object]]></message>
                          <stack-trace><![CDATA[at presto.declaration.AttributeDeclaration.register (presto.runtime.Context context) [0x00000] in <filename unknown>:0
at presto.grammar.DeclarationList.register (presto.runtime.Context context) [0x00000] in <filename unknown>:0
at presto.parser.BaseOopsParserTest.loadResource (System.String resourceName) [0x00000] in <filename unknown>:0
at presto.parser.BaseOopsParserTest.runResource (System.String resourceName) [0x00000] in <filename unknown>:0
at presto.parser.BaseOopsParserTest.CheckOutput (System.String resourceName) [0x00000] in <filename unknown>:0
at presto.oops.runtime.TestCategories.testCopyFromAscendantWithOverride () [0x00000] in <filename unknown>:0
at (wrapper managed-to-native) System.Reflection.MonoMethod:InternalInvoke (System.Reflection.MonoMethod,object,object[],System.Exception&)
at System.Reflection.MonoMethod.Invoke (System.Object obj, BindingFlags invokeAttr, System.Reflection.Binder binder, System.Object[] parameters, System.Globalization.CultureInfo culture) [0x00000] in <filename unknown>:0
]]></stack-trace>
                        </failure>
                      </test-case>
                      <test-case name="presto.oops.runtime.TestCategories.testCopyFromDescendant" executed="True" success="False" time="0.004" asserts="1">
                        <failure>
                          <message><![CDATA[System.NullReferenceException : Object reference not set to an instance of an object]]></message>
                          <stack-trace><![CDATA[at presto.declaration.AttributeDeclaration.register (presto.runtime.Context context) [0x00000] in <filename unknown>:0
at presto.grammar.DeclarationList.register (presto.runtime.Context context) [0x00000] in <filename unknown>:0
at presto.parser.BaseOopsParserTest.loadResource (System.String resourceName) [0x00000] in <filename unknown>:0
at presto.parser.BaseOopsParserTest.runResource (System.String resourceName) [0x00000] in <filename unknown>:0
at presto.parser.BaseOopsParserTest.CheckOutput (System.String resourceName) [0x00000] in <filename unknown>:0
at presto.oops.runtime.TestCategories.testCopyFromDescendant () [0x00000] in <filename unknown>:0
at (wrapper managed-to-native) System.Reflection.MonoMethod:InternalInvoke (System.Reflection.MonoMethod,object,object[],System.Exception&)
at System.Reflection.MonoMethod.Invoke (System.Object obj, BindingFlags invokeAttr, System.Reflection.Binder binder, System.Object[] parameters, System.Globalization.CultureInfo culture) [0x00000] in <filename unknown>:0
]]></stack-trace>
                        </failure>
                      </test-case>
                      <test-case name="presto.oops.runtime.TestCategories.testCopyFromDescendantWithOverride" executed="True" success="False" time="0.004" asserts="1">
                        <failure>
                          <message><![CDATA[System.NullReferenceException : Object reference not set to an instance of an object]]></message>
                          <stack-trace><![CDATA[at presto.declaration.AttributeDeclaration.register (presto.runtime.Context context) [0x00000] in <filename unknown>:0
at presto.grammar.DeclarationList.register (presto.runtime.Context context) [0x00000] in <filename unknown>:0
at presto.parser.BaseOopsParserTest.loadResource (System.String resourceName) [0x00000] in <filename unknown>:0
at presto.parser.BaseOopsParserTest.runResource (System.String resourceName) [0x00000] in <filename unknown>:0
at presto.parser.BaseOopsParserTest.CheckOutput (System.String resourceName) [0x00000] in <filename unknown>:0
at presto.oops.runtime.TestCategories.testCopyFromDescendantWithOverride () [0x00000] in <filename unknown>:0
at (wrapper managed-to-native) System.Reflection.MonoMethod:InternalInvoke (System.Reflection.MonoMethod,object,object[],System.Exception&)
at System.Reflection.MonoMethod.Invoke (System.Object obj, BindingFlags invokeAttr, System.Reflection.Binder binder, System.Object[] parameters, System.Globalization.CultureInfo culture) [0x00000] in <filename unknown>:0
]]></stack-trace>
                        </failure>
                      </test-case>
                    </results>
                  </test-suite>
                  <test-suite name="TestCheck" success="True" time="0.019" asserts="0">
                    <results>
                      <test-case name="presto.oops.runtime.TestCheck.testCategory" executed="True" success="True" time="0.000" asserts="0" />
                      <test-case name="presto.oops.runtime.TestCheck.testCategoryAttribute" executed="True" success="True" time="0.000" asserts="0" />
                      <test-case name="presto.oops.runtime.TestCheck.testCategoryWithUndeclaredAttribute" executed="True" success="True" time="0.000" asserts="0" />
                      <test-case name="presto.oops.runtime.TestCheck.testCategoryWithUndeclaredDerived" executed="True" success="True" time="0.000" asserts="0" />
                      <test-case name="presto.oops.runtime.TestCheck.testDict" executed="True" success="True" time="0.006" asserts="0" />
                      <test-case name="presto.oops.runtime.TestCheck.testList" executed="True" success="True" time="0.002" asserts="0" />
                      <test-case name="presto.oops.runtime.TestCheck.testMethod" executed="True" success="True" time="0.002" asserts="0" />
                      <test-case name="presto.oops.runtime.TestCheck.testMethodAttribute" executed="True" success="True" time="0.001" asserts="0" />
                      <test-case name="presto.oops.runtime.TestCheck.testMethodWithUndeclaredAttribute" executed="True" success="True" time="0.000" asserts="0" />
                      <test-case name="presto.oops.runtime.TestCheck.testNativeAttribute" executed="True" success="True" time="0.000" asserts="0" />
                      <test-case name="presto.oops.runtime.TestCheck.testUndeclaredCategoryAttribute" executed="True" success="True" time="0.000" asserts="0" />
                    </results>
                  </test-suite>
                  <test-suite name="TestClosures" success="False" time="0.029" asserts="0">
                    <results>
                      <test-case name="presto.oops.runtime.TestClosures.testGlobalClosureNoArg" executed="True" success="False" time="0.010" asserts="1">
                        <failure>
                          <message><![CDATA[System.NullReferenceException : Object reference not set to an instance of an object]]></message>
                          <stack-trace><![CDATA[at presto.declaration.BaseMethodDeclaration.register (presto.runtime.Context context) [0x00000] in <filename unknown>:0
at presto.grammar.DeclarationList.register (presto.runtime.Context context) [0x00000] in <filename unknown>:0
at presto.parser.BaseOopsParserTest.loadResource (System.String resourceName) [0x00000] in <filename unknown>:0
at presto.parser.BaseOopsParserTest.runResource (System.String resourceName) [0x00000] in <filename unknown>:0
at presto.parser.BaseOopsParserTest.CheckOutput (System.String resourceName) [0x00000] in <filename unknown>:0
at presto.oops.runtime.TestClosures.testGlobalClosureNoArg () [0x00000] in <filename unknown>:0
at (wrapper managed-to-native) System.Reflection.MonoMethod:InternalInvoke (System.Reflection.MonoMethod,object,object[],System.Exception&)
at System.Reflection.MonoMethod.Invoke (System.Object obj, BindingFlags invokeAttr, System.Reflection.Binder binder, System.Object[] parameters, System.Globalization.CultureInfo culture) [0x00000] in <filename unknown>:0
]]></stack-trace>
                        </failure>
                      </test-case>
                      <test-case name="presto.oops.runtime.TestClosures.testGlobalClosureWithArg" executed="True" success="False" time="0.002" asserts="1">
                        <failure>
                          <message><![CDATA[System.NullReferenceException : Object reference not set to an instance of an object]]></message>
                          <stack-trace><![CDATA[at presto.declaration.BaseMethodDeclaration.register (presto.runtime.Context context) [0x00000] in <filename unknown>:0
at presto.grammar.DeclarationList.register (presto.runtime.Context context) [0x00000] in <filename unknown>:0
at presto.parser.BaseOopsParserTest.loadResource (System.String resourceName) [0x00000] in <filename unknown>:0
at presto.parser.BaseOopsParserTest.runResource (System.String resourceName) [0x00000] in <filename unknown>:0
at presto.parser.BaseOopsParserTest.CheckOutput (System.String resourceName) [0x00000] in <filename unknown>:0
at presto.oops.runtime.TestClosures.testGlobalClosureWithArg () [0x00000] in <filename unknown>:0
at (wrapper managed-to-native) System.Reflection.MonoMethod:InternalInvoke (System.Reflection.MonoMethod,object,object[],System.Exception&)
at System.Reflection.MonoMethod.Invoke (System.Object obj, BindingFlags invokeAttr, System.Reflection.Binder binder, System.Object[] parameters, System.Globalization.CultureInfo culture) [0x00000] in <filename unknown>:0
]]></stack-trace>
                        </failure>
                      </test-case>
                      <test-case name="presto.oops.runtime.TestClosures.testInstanceClosureNoArg" executed="True" success="False" time="0.010" asserts="1">
                        <failure>
                          <message><![CDATA[System.NullReferenceException : Object reference not set to an instance of an object]]></message>
                          <stack-trace><![CDATA[at presto.declaration.BaseMethodDeclaration.register (presto.runtime.Context context) [0x00000] in <filename unknown>:0
at presto.grammar.DeclarationList.register (presto.runtime.Context context) [0x00000] in <filename unknown>:0
at presto.parser.BaseOopsParserTest.loadResource (System.String resourceName) [0x00000] in <filename unknown>:0
at presto.parser.BaseOopsParserTest.runResource (System.String resourceName) [0x00000] in <filename unknown>:0
at presto.parser.BaseOopsParserTest.CheckOutput (System.String resourceName) [0x00000] in <filename unknown>:0
at presto.oops.runtime.TestClosures.testInstanceClosureNoArg () [0x00000] in <filename unknown>:0
at (wrapper managed-to-native) System.Reflection.MonoMethod:InternalInvoke (System.Reflection.MonoMethod,object,object[],System.Exception&)
at System.Reflection.MonoMethod.Invoke (System.Object obj, BindingFlags invokeAttr, System.Reflection.Binder binder, System.Object[] parameters, System.Globalization.CultureInfo culture) [0x00000] in <filename unknown>:0
]]></stack-trace>
                        </failure>
                      </test-case>
                    </results>
                  </test-suite>
                  <test-suite name="TestConditions" success="False" time="0.057" asserts="0">
                    <results>
                      <test-case name="presto.oops.runtime.TestConditions.testComplexIf" executed="True" success="False" time="0.014" asserts="1">
                        <failure>
                          <message><![CDATA[System.NullReferenceException : Object reference not set to an instance of an object]]></message>
                          <stack-trace><![CDATA[at presto.declaration.BaseMethodDeclaration.register (presto.runtime.Context context) [0x00000] in <filename unknown>:0
at presto.grammar.DeclarationList.register (presto.runtime.Context context) [0x00000] in <filename unknown>:0
at presto.parser.BaseOopsParserTest.loadResource (System.String resourceName) [0x00000] in <filename unknown>:0
at presto.parser.BaseOopsParserTest.runResource (System.String resourceName) [0x00000] in <filename unknown>:0
at presto.parser.BaseOopsParserTest.CheckOutput (System.String resourceName) [0x00000] in <filename unknown>:0
at presto.oops.runtime.TestConditions.testComplexIf () [0x00000] in <filename unknown>:0
at (wrapper managed-to-native) System.Reflection.MonoMethod:InternalInvoke (System.Reflection.MonoMethod,object,object[],System.Exception&)
at System.Reflection.MonoMethod.Invoke (System.Object obj, BindingFlags invokeAttr, System.Reflection.Binder binder, System.Object[] parameters, System.Globalization.CultureInfo culture) [0x00000] in <filename unknown>:0
]]></stack-trace>
                        </failure>
                      </test-case>
                      <test-case name="presto.oops.runtime.TestConditions.testElseIf" executed="True" success="False" time="0.004" asserts="1">
                        <failure>
                          <message><![CDATA[System.NullReferenceException : Object reference not set to an instance of an object]]></message>
                          <stack-trace><![CDATA[at presto.declaration.BaseMethodDeclaration.register (presto.runtime.Context context) [0x00000] in <filename unknown>:0
at presto.grammar.DeclarationList.register (presto.runtime.Context context) [0x00000] in <filename unknown>:0
at presto.parser.BaseOopsParserTest.loadResource (System.String resourceName) [0x00000] in <filename unknown>:0
at presto.parser.BaseOopsParserTest.runResource (System.String resourceName) [0x00000] in <filename unknown>:0
at presto.parser.BaseOopsParserTest.CheckOutput (System.String resourceName) [0x00000] in <filename unknown>:0
at presto.oops.runtime.TestConditions.testElseIf () [0x00000] in <filename unknown>:0
at (wrapper managed-to-native) System.Reflection.MonoMethod:InternalInvoke (System.Reflection.MonoMethod,object,object[],System.Exception&)
at System.Reflection.MonoMethod.Invoke (System.Object obj, BindingFlags invokeAttr, System.Reflection.Binder binder, System.Object[] parameters, System.Globalization.CultureInfo culture) [0x00000] in <filename unknown>:0
]]></stack-trace>
                        </failure>
                      </test-case>
                      <test-case name="presto.oops.runtime.TestConditions.testSimpleIf" executed="True" success="False" time="0.002" asserts="1">
                        <failure>
                          <message><![CDATA[System.NullReferenceException : Object reference not set to an instance of an object]]></message>
                          <stack-trace><![CDATA[at presto.declaration.BaseMethodDeclaration.register (presto.runtime.Context context) [0x00000] in <filename unknown>:0
at presto.grammar.DeclarationList.register (presto.runtime.Context context) [0x00000] in <filename unknown>:0
at presto.parser.BaseOopsParserTest.loadResource (System.String resourceName) [0x00000] in <filename unknown>:0
at presto.parser.BaseOopsParserTest.runResource (System.String resourceName) [0x00000] in <filename unknown>:0
at presto.parser.BaseOopsParserTest.CheckOutput (System.String resourceName) [0x00000] in <filename unknown>:0
at presto.oops.runtime.TestConditions.testSimpleIf () [0x00000] in <filename unknown>:0
at (wrapper managed-to-native) System.Reflection.MonoMethod:InternalInvoke (System.Reflection.MonoMethod,object,object[],System.Exception&)
at System.Reflection.MonoMethod.Invoke (System.Object obj, BindingFlags invokeAttr, System.Reflection.Binder binder, System.Object[] parameters, System.Globalization.CultureInfo culture) [0x00000] in <filename unknown>:0
]]></stack-trace>
                        </failure>
                      </test-case>
                      <test-case name="presto.oops.runtime.TestConditions.testSwitch" executed="True" success="False" time="0.015" asserts="1">
                        <failure>
                          <message><![CDATA[System.NullReferenceException : Object reference not set to an instance of an object]]></message>
                          <stack-trace><![CDATA[at presto.declaration.BaseMethodDeclaration.register (presto.runtime.Context context) [0x00000] in <filename unknown>:0
at presto.grammar.DeclarationList.register (presto.runtime.Context context) [0x00000] in <filename unknown>:0
at presto.parser.BaseOopsParserTest.loadResource (System.String resourceName) [0x00000] in <filename unknown>:0
at presto.parser.BaseOopsParserTest.runResource (System.String resourceName) [0x00000] in <filename unknown>:0
at presto.parser.BaseOopsParserTest.CheckOutput (System.String resourceName) [0x00000] in <filename unknown>:0
at presto.oops.runtime.TestConditions.testSwitch () [0x00000] in <filename unknown>:0
at (wrapper managed-to-native) System.Reflection.MonoMethod:InternalInvoke (System.Reflection.MonoMethod,object,object[],System.Exception&)
at System.Reflection.MonoMethod.Invoke (System.Object obj, BindingFlags invokeAttr, System.Reflection.Binder binder, System.Object[] parameters, System.Globalization.CultureInfo culture) [0x00000] in <filename unknown>:0
]]></stack-trace>
                        </failure>
                      </test-case>
                    </results>
                  </test-suite>
                  <test-suite name="TestContains" success="False" time="0.243" asserts="0">
                    <results>
                      <test-case name="presto.oops.runtime.TestContains.testContainsAllList" executed="True" success="False" time="0.013" asserts="1">
                        <failure>
                          <message><![CDATA[System.NullReferenceException : Object reference not set to an instance of an object]]></message>
                          <stack-trace><![CDATA[at presto.declaration.BaseMethodDeclaration.register (presto.runtime.Context context) [0x00000] in <filename unknown>:0
at presto.grammar.DeclarationList.register (presto.runtime.Context context) [0x00000] in <filename unknown>:0
at presto.parser.BaseOopsParserTest.loadResource (System.String resourceName) [0x00000] in <filename unknown>:0
at presto.parser.BaseOopsParserTest.runResource (System.String resourceName) [0x00000] in <filename unknown>:0
at presto.parser.BaseOopsParserTest.CheckOutput (System.String resourceName) [0x00000] in <filename unknown>:0
at presto.oops.runtime.TestContains.testContainsAllList () [0x00000] in <filename unknown>:0
at (wrapper managed-to-native) System.Reflection.MonoMethod:InternalInvoke (System.Reflection.MonoMethod,object,object[],System.Exception&)
at System.Reflection.MonoMethod.Invoke (System.Object obj, BindingFlags invokeAttr, System.Reflection.Binder binder, System.Object[] parameters, System.Globalization.CultureInfo culture) [0x00000] in <filename unknown>:0
]]></stack-trace>
                        </failure>
                      </test-case>
                      <test-case name="presto.oops.runtime.TestContains.testContainsAllText" executed="True" success="False" time="0.009" asserts="1">
                        <failure>
                          <message><![CDATA[System.NullReferenceException : Object reference not set to an instance of an object]]></message>
                          <stack-trace><![CDATA[at presto.declaration.BaseMethodDeclaration.register (presto.runtime.Context context) [0x00000] in <filename unknown>:0
at presto.grammar.DeclarationList.register (presto.runtime.Context context) [0x00000] in <filename unknown>:0
at presto.parser.BaseOopsParserTest.loadResource (System.String resourceName) [0x00000] in <filename unknown>:0
at presto.parser.BaseOopsParserTest.runResource (System.String resourceName) [0x00000] in <filename unknown>:0
at presto.parser.BaseOopsParserTest.CheckOutput (System.String resourceName) [0x00000] in <filename unknown>:0
at presto.oops.runtime.TestContains.testContainsAllText () [0x00000] in <filename unknown>:0
at (wrapper managed-to-native) System.Reflection.MonoMethod:InternalInvoke (System.Reflection.MonoMethod,object,object[],System.Exception&)
at System.Reflection.MonoMethod.Invoke (System.Object obj, BindingFlags invokeAttr, System.Reflection.Binder binder, System.Object[] parameters, System.Globalization.CultureInfo culture) [0x00000] in <filename unknown>:0
]]></stack-trace>
                        </failure>
                      </test-case>
                      <test-case name="presto.oops.runtime.TestContains.testContainsAllTuple" executed="True" success="False" time="0.007" asserts="1">
                        <failure>
                          <message><![CDATA[System.NullReferenceException : Object reference not set to an instance of an object]]></message>
                          <stack-trace><![CDATA[at presto.declaration.BaseMethodDeclaration.register (presto.runtime.Context context) [0x00000] in <filename unknown>:0
at presto.grammar.DeclarationList.register (presto.runtime.Context context) [0x00000] in <filename unknown>:0
at presto.parser.BaseOopsParserTest.loadResource (System.String resourceName) [0x00000] in <filename unknown>:0
at presto.parser.BaseOopsParserTest.runResource (System.String resourceName) [0x00000] in <filename unknown>:0
at presto.parser.BaseOopsParserTest.CheckOutput (System.String resourceName) [0x00000] in <filename unknown>:0
at presto.oops.runtime.TestContains.testContainsAllTuple () [0x00000] in <filename unknown>:0
at (wrapper managed-to-native) System.Reflection.MonoMethod:InternalInvoke (System.Reflection.MonoMethod,object,object[],System.Exception&)
at System.Reflection.MonoMethod.Invoke (System.Object obj, BindingFlags invokeAttr, System.Reflection.Binder binder, System.Object[] parameters, System.Globalization.CultureInfo culture) [0x00000] in <filename unknown>:0
]]></stack-trace>
                        </failure>
                      </test-case>
                      <test-case name="presto.oops.runtime.TestContains.testContainsAnyList" executed="True" success="False" time="0.014" asserts="1">
                        <failure>
                          <message><![CDATA[System.NullReferenceException : Object reference not set to an instance of an object]]></message>
                          <stack-trace><![CDATA[at presto.declaration.BaseMethodDeclaration.register (presto.runtime.Context context) [0x00000] in <filename unknown>:0
at presto.grammar.DeclarationList.register (presto.runtime.Context context) [0x00000] in <filename unknown>:0
at presto.parser.BaseOopsParserTest.loadResource (System.String resourceName) [0x00000] in <filename unknown>:0
at presto.parser.BaseOopsParserTest.runResource (System.String resourceName) [0x00000] in <filename unknown>:0
at presto.parser.BaseOopsParserTest.CheckOutput (System.String resourceName) [0x00000] in <filename unknown>:0
at presto.oops.runtime.TestContains.testContainsAnyList () [0x00000] in <filename unknown>:0
at (wrapper managed-to-native) System.Reflection.MonoMethod:InternalInvoke (System.Reflection.MonoMethod,object,object[],System.Exception&)
at System.Reflection.MonoMethod.Invoke (System.Object obj, BindingFlags invokeAttr, System.Reflection.Binder binder, System.Object[] parameters, System.Globalization.CultureInfo culture) [0x00000] in <filename unknown>:0
]]></stack-trace>
                        </failure>
                      </test-case>
                      <test-case name="presto.oops.runtime.TestContains.testContainsAnyText" executed="True" success="False" time="0.007" asserts="1">
                        <failure>
                          <message><![CDATA[System.NullReferenceException : Object reference not set to an instance of an object]]></message>
                          <stack-trace><![CDATA[at presto.declaration.BaseMethodDeclaration.register (presto.runtime.Context context) [0x00000] in <filename unknown>:0
at presto.grammar.DeclarationList.register (presto.runtime.Context context) [0x00000] in <filename unknown>:0
at presto.parser.BaseOopsParserTest.loadResource (System.String resourceName) [0x00000] in <filename unknown>:0
at presto.parser.BaseOopsParserTest.runResource (System.String resourceName) [0x00000] in <filename unknown>:0
at presto.parser.BaseOopsParserTest.CheckOutput (System.String resourceName) [0x00000] in <filename unknown>:0
at presto.oops.runtime.TestContains.testContainsAnyText () [0x00000] in <filename unknown>:0
at (wrapper managed-to-native) System.Reflection.MonoMethod:InternalInvoke (System.Reflection.MonoMethod,object,object[],System.Exception&)
at System.Reflection.MonoMethod.Invoke (System.Object obj, BindingFlags invokeAttr, System.Reflection.Binder binder, System.Object[] parameters, System.Globalization.CultureInfo culture) [0x00000] in <filename unknown>:0
]]></stack-trace>
                        </failure>
                      </test-case>
                      <test-case name="presto.oops.runtime.TestContains.testContainsAnyTuple" executed="True" success="False" time="0.009" asserts="1">
                        <failure>
                          <message><![CDATA[System.NullReferenceException : Object reference not set to an instance of an object]]></message>
                          <stack-trace><![CDATA[at presto.declaration.BaseMethodDeclaration.register (presto.runtime.Context context) [0x00000] in <filename unknown>:0
at presto.grammar.DeclarationList.register (presto.runtime.Context context) [0x00000] in <filename unknown>:0
at presto.parser.BaseOopsParserTest.loadResource (System.String resourceName) [0x00000] in <filename unknown>:0
at presto.parser.BaseOopsParserTest.runResource (System.String resourceName) [0x00000] in <filename unknown>:0
at presto.parser.BaseOopsParserTest.CheckOutput (System.String resourceName) [0x00000] in <filename unknown>:0
at presto.oops.runtime.TestContains.testContainsAnyTuple () [0x00000] in <filename unknown>:0
at (wrapper managed-to-native) System.Reflection.MonoMethod:InternalInvoke (System.Reflection.MonoMethod,object,object[],System.Exception&)
at System.Reflection.MonoMethod.Invoke (System.Object obj, BindingFlags invokeAttr, System.Reflection.Binder binder, System.Object[] parameters, System.Globalization.CultureInfo culture) [0x00000] in <filename unknown>:0
]]></stack-trace>
                        </failure>
                      </test-case>
                      <test-case name="presto.oops.runtime.TestContains.testInCharacterRange" executed="True" success="False" time="0.008" asserts="1">
                        <failure>
                          <message><![CDATA[System.NullReferenceException : Object reference not set to an instance of an object]]></message>
                          <stack-trace><![CDATA[at presto.declaration.BaseMethodDeclaration.register (presto.runtime.Context context) [0x00000] in <filename unknown>:0
at presto.grammar.DeclarationList.register (presto.runtime.Context context) [0x00000] in <filename unknown>:0
at presto.parser.BaseOopsParserTest.loadResource (System.String resourceName) [0x00000] in <filename unknown>:0
at presto.parser.BaseOopsParserTest.runResource (System.String resourceName) [0x00000] in <filename unknown>:0
at presto.parser.BaseOopsParserTest.CheckOutput (System.String resourceName) [0x00000] in <filename unknown>:0
at presto.oops.runtime.TestContains.testInCharacterRange () [0x00000] in <filename unknown>:0
at (wrapper managed-to-native) System.Reflection.MonoMethod:InternalInvoke (System.Reflection.MonoMethod,object,object[],System.Exception&)
at System.Reflection.MonoMethod.Invoke (System.Object obj, BindingFlags invokeAttr, System.Reflection.Binder binder, System.Object[] parameters, System.Globalization.CultureInfo culture) [0x00000] in <filename unknown>:0
]]></stack-trace>
                        </failure>
                      </test-case>
                      <test-case name="presto.oops.runtime.TestContains.testInDateRange" executed="True" success="False" time="0.003" asserts="1">
                        <failure>
                          <message><![CDATA[System.NullReferenceException : Object reference not set to an instance of an object]]></message>
                          <stack-trace><![CDATA[at presto.declaration.BaseMethodDeclaration.register (presto.runtime.Context context) [0x00000] in <filename unknown>:0
at presto.grammar.DeclarationList.register (presto.runtime.Context context) [0x00000] in <filename unknown>:0
at presto.parser.BaseOopsParserTest.loadResource (System.String resourceName) [0x00000] in <filename unknown>:0
at presto.parser.BaseOopsParserTest.runResource (System.String resourceName) [0x00000] in <filename unknown>:0
at presto.parser.BaseOopsParserTest.CheckOutput (System.String resourceName) [0x00000] in <filename unknown>:0
at presto.oops.runtime.TestContains.testInDateRange () [0x00000] in <filename unknown>:0
at (wrapper managed-to-native) System.Reflection.MonoMethod:InternalInvoke (System.Reflection.MonoMethod,object,object[],System.Exception&)
at System.Reflection.MonoMethod.Invoke (System.Object obj, BindingFlags invokeAttr, System.Reflection.Binder binder, System.Object[] parameters, System.Globalization.CultureInfo culture) [0x00000] in <filename unknown>:0
]]></stack-trace>
                        </failure>
                      </test-case>
                      <test-case name="presto.oops.runtime.TestContains.testInDict" executed="True" success="False" time="0.005" asserts="1">
                        <failure>
                          <message><![CDATA[System.NullReferenceException : Object reference not set to an instance of an object]]></message>
                          <stack-trace><![CDATA[at presto.declaration.BaseMethodDeclaration.register (presto.runtime.Context context) [0x00000] in <filename unknown>:0
at presto.grammar.DeclarationList.register (presto.runtime.Context context) [0x00000] in <filename unknown>:0
at presto.parser.BaseOopsParserTest.loadResource (System.String resourceName) [0x00000] in <filename unknown>:0
at presto.parser.BaseOopsParserTest.runResource (System.String resourceName) [0x00000] in <filename unknown>:0
at presto.parser.BaseOopsParserTest.CheckOutput (System.String resourceName) [0x00000] in <filename unknown>:0
at presto.oops.runtime.TestContains.testInDict () [0x00000] in <filename unknown>:0
at (wrapper managed-to-native) System.Reflection.MonoMethod:InternalInvoke (System.Reflection.MonoMethod,object,object[],System.Exception&)
at System.Reflection.MonoMethod.Invoke (System.Object obj, BindingFlags invokeAttr, System.Reflection.Binder binder, System.Object[] parameters, System.Globalization.CultureInfo culture) [0x00000] in <filename unknown>:0
]]></stack-trace>
                        </failure>
                      </test-case>
                      <test-case name="presto.oops.runtime.TestContains.testInIntegerRange" executed="True" success="False" time="0.003" asserts="1">
                        <failure>
                          <message><![CDATA[System.NullReferenceException : Object reference not set to an instance of an object]]></message>
                          <stack-trace><![CDATA[at presto.declaration.BaseMethodDeclaration.register (presto.runtime.Context context) [0x00000] in <filename unknown>:0
at presto.grammar.DeclarationList.register (presto.runtime.Context context) [0x00000] in <filename unknown>:0
at presto.parser.BaseOopsParserTest.loadResource (System.String resourceName) [0x00000] in <filename unknown>:0
at presto.parser.BaseOopsParserTest.runResource (System.String resourceName) [0x00000] in <filename unknown>:0
at presto.parser.BaseOopsParserTest.CheckOutput (System.String resourceName) [0x00000] in <filename unknown>:0
at presto.oops.runtime.TestContains.testInIntegerRange () [0x00000] in <filename unknown>:0
at (wrapper managed-to-native) System.Reflection.MonoMethod:InternalInvoke (System.Reflection.MonoMethod,object,object[],System.Exception&)
at System.Reflection.MonoMethod.Invoke (System.Object obj, BindingFlags invokeAttr, System.Reflection.Binder binder, System.Object[] parameters, System.Globalization.CultureInfo culture) [0x00000] in <filename unknown>:0
]]></stack-trace>
                        </failure>
                      </test-case>
                      <test-case name="presto.oops.runtime.TestContains.testInList" executed="True" success="False" time="0.003" asserts="1">
                        <failure>
                          <message><![CDATA[System.NullReferenceException : Object reference not set to an instance of an object]]></message>
                          <stack-trace><![CDATA[at presto.declaration.BaseMethodDeclaration.register (presto.runtime.Context context) [0x00000] in <filename unknown>:0
at presto.grammar.DeclarationList.register (presto.runtime.Context context) [0x00000] in <filename unknown>:0
at presto.parser.BaseOopsParserTest.loadResource (System.String resourceName) [0x00000] in <filename unknown>:0
at presto.parser.BaseOopsParserTest.runResource (System.String resourceName) [0x00000] in <filename unknown>:0
at presto.parser.BaseOopsParserTest.CheckOutput (System.String resourceName) [0x00000] in <filename unknown>:0
at presto.oops.runtime.TestContains.testInList () [0x00000] in <filename unknown>:0
at (wrapper managed-to-native) System.Reflection.MonoMethod:InternalInvoke (System.Reflection.MonoMethod,object,object[],System.Exception&)
at System.Reflection.MonoMethod.Invoke (System.Object obj, BindingFlags invokeAttr, System.Reflection.Binder binder, System.Object[] parameters, System.Globalization.CultureInfo culture) [0x00000] in <filename unknown>:0
]]></stack-trace>
                        </failure>
                      </test-case>
                      <test-case name="presto.oops.runtime.TestContains.testInText" executed="True" success="False" time="0.003" asserts="1">
                        <failure>
                          <message><![CDATA[System.NullReferenceException : Object reference not set to an instance of an object]]></message>
                          <stack-trace><![CDATA[at presto.declaration.BaseMethodDeclaration.register (presto.runtime.Context context) [0x00000] in <filename unknown>:0
at presto.grammar.DeclarationList.register (presto.runtime.Context context) [0x00000] in <filename unknown>:0
at presto.parser.BaseOopsParserTest.loadResource (System.String resourceName) [0x00000] in <filename unknown>:0
at presto.parser.BaseOopsParserTest.runResource (System.String resourceName) [0x00000] in <filename unknown>:0
at presto.parser.BaseOopsParserTest.CheckOutput (System.String resourceName) [0x00000] in <filename unknown>:0
at presto.oops.runtime.TestContains.testInText () [0x00000] in <filename unknown>:0
at (wrapper managed-to-native) System.Reflection.MonoMethod:InternalInvoke (System.Reflection.MonoMethod,object,object[],System.Exception&)
at System.Reflection.MonoMethod.Invoke (System.Object obj, BindingFlags invokeAttr, System.Reflection.Binder binder, System.Object[] parameters, System.Globalization.CultureInfo culture) [0x00000] in <filename unknown>:0
]]></stack-trace>
                        </failure>
                      </test-case>
                      <test-case name="presto.oops.runtime.TestContains.testInTimeRange" executed="True" success="False" time="0.003" asserts="1">
                        <failure>
                          <message><![CDATA[System.NullReferenceException : Object reference not set to an instance of an object]]></message>
                          <stack-trace><![CDATA[at presto.declaration.BaseMethodDeclaration.register (presto.runtime.Context context) [0x00000] in <filename unknown>:0
at presto.grammar.DeclarationList.register (presto.runtime.Context context) [0x00000] in <filename unknown>:0
at presto.parser.BaseOopsParserTest.loadResource (System.String resourceName) [0x00000] in <filename unknown>:0
at presto.parser.BaseOopsParserTest.runResource (System.String resourceName) [0x00000] in <filename unknown>:0
at presto.parser.BaseOopsParserTest.CheckOutput (System.String resourceName) [0x00000] in <filename unknown>:0
at presto.oops.runtime.TestContains.testInTimeRange () [0x00000] in <filename unknown>:0
at (wrapper managed-to-native) System.Reflection.MonoMethod:InternalInvoke (System.Reflection.MonoMethod,object,object[],System.Exception&)
at System.Reflection.MonoMethod.Invoke (System.Object obj, BindingFlags invokeAttr, System.Reflection.Binder binder, System.Object[] parameters, System.Globalization.CultureInfo culture) [0x00000] in <filename unknown>:0
]]></stack-trace>
                        </failure>
                      </test-case>
                      <test-case name="presto.oops.runtime.TestContains.testInTuple" executed="True" success="False" time="0.004" asserts="1">
                        <failure>
                          <message><![CDATA[System.NullReferenceException : Object reference not set to an instance of an object]]></message>
                          <stack-trace><![CDATA[at presto.declaration.BaseMethodDeclaration.register (presto.runtime.Context context) [0x00000] in <filename unknown>:0
at presto.grammar.DeclarationList.register (presto.runtime.Context context) [0x00000] in <filename unknown>:0
at presto.parser.BaseOopsParserTest.loadResource (System.String resourceName) [0x00000] in <filename unknown>:0
at presto.parser.BaseOopsParserTest.runResource (System.String resourceName) [0x00000] in <filename unknown>:0
at presto.parser.BaseOopsParserTest.CheckOutput (System.String resourceName) [0x00000] in <filename unknown>:0
at presto.oops.runtime.TestContains.testInTuple () [0x00000] in <filename unknown>:0
at (wrapper managed-to-native) System.Reflection.MonoMethod:InternalInvoke (System.Reflection.MonoMethod,object,object[],System.Exception&)
at System.Reflection.MonoMethod.Invoke (System.Object obj, BindingFlags invokeAttr, System.Reflection.Binder binder, System.Object[] parameters, System.Globalization.CultureInfo culture) [0x00000] in <filename unknown>:0
]]></stack-trace>
                        </failure>
                      </test-case>
                      <test-case name="presto.oops.runtime.TestContains.testNotInCharacterRange" executed="True" success="False" time="0.008" asserts="1">
                        <failure>
                          <message><![CDATA[System.NullReferenceException : Object reference not set to an instance of an object]]></message>
                          <stack-trace><![CDATA[at presto.declaration.BaseMethodDeclaration.register (presto.runtime.Context context) [0x00000] in <filename unknown>:0
at presto.grammar.DeclarationList.register (presto.runtime.Context context) [0x00000] in <filename unknown>:0
at presto.parser.BaseOopsParserTest.loadResource (System.String resourceName) [0x00000] in <filename unknown>:0
at presto.parser.BaseOopsParserTest.runResource (System.String resourceName) [0x00000] in <filename unknown>:0
at presto.parser.BaseOopsParserTest.CheckOutput (System.String resourceName) [0x00000] in <filename unknown>:0
at presto.oops.runtime.TestContains.testNotInCharacterRange () [0x00000] in <filename unknown>:0
at (wrapper managed-to-native) System.Reflection.MonoMethod:InternalInvoke (System.Reflection.MonoMethod,object,object[],System.Exception&)
at System.Reflection.MonoMethod.Invoke (System.Object obj, BindingFlags invokeAttr, System.Reflection.Binder binder, System.Object[] parameters, System.Globalization.CultureInfo culture) [0x00000] in <filename unknown>:0
]]></stack-trace>
                        </failure>
                      </test-case>
                      <test-case name="presto.oops.runtime.TestContains.testNotInDateRange" executed="True" success="False" time="0.003" asserts="1">
                        <failure>
                          <message><![CDATA[System.NullReferenceException : Object reference not set to an instance of an object]]></message>
                          <stack-trace><![CDATA[at presto.declaration.BaseMethodDeclaration.register (presto.runtime.Context context) [0x00000] in <filename unknown>:0
at presto.grammar.DeclarationList.register (presto.runtime.Context context) [0x00000] in <filename unknown>:0
at presto.parser.BaseOopsParserTest.loadResource (System.String resourceName) [0x00000] in <filename unknown>:0
at presto.parser.BaseOopsParserTest.runResource (System.String resourceName) [0x00000] in <filename unknown>:0
at presto.parser.BaseOopsParserTest.CheckOutput (System.String resourceName) [0x00000] in <filename unknown>:0
at presto.oops.runtime.TestContains.testNotInDateRange () [0x00000] in <filename unknown>:0
at (wrapper managed-to-native) System.Reflection.MonoMethod:InternalInvoke (System.Reflection.MonoMethod,object,object[],System.Exception&)
at System.Reflection.MonoMethod.Invoke (System.Object obj, BindingFlags invokeAttr, System.Reflection.Binder binder, System.Object[] parameters, System.Globalization.CultureInfo culture) [0x00000] in <filename unknown>:0
]]></stack-trace>
                        </failure>
                      </test-case>
                      <test-case name="presto.oops.runtime.TestContains.testNotInDict" executed="True" success="False" time="0.003" asserts="1">
                        <failure>
                          <message><![CDATA[System.NullReferenceException : Object reference not set to an instance of an object]]></message>
                          <stack-trace><![CDATA[at presto.declaration.BaseMethodDeclaration.register (presto.runtime.Context context) [0x00000] in <filename unknown>:0
at presto.grammar.DeclarationList.register (presto.runtime.Context context) [0x00000] in <filename unknown>:0
at presto.parser.BaseOopsParserTest.loadResource (System.String resourceName) [0x00000] in <filename unknown>:0
at presto.parser.BaseOopsParserTest.runResource (System.String resourceName) [0x00000] in <filename unknown>:0
at presto.parser.BaseOopsParserTest.CheckOutput (System.String resourceName) [0x00000] in <filename unknown>:0
at presto.oops.runtime.TestContains.testNotInDict () [0x00000] in <filename unknown>:0
at (wrapper managed-to-native) System.Reflection.MonoMethod:InternalInvoke (System.Reflection.MonoMethod,object,object[],System.Exception&)
at System.Reflection.MonoMethod.Invoke (System.Object obj, BindingFlags invokeAttr, System.Reflection.Binder binder, System.Object[] parameters, System.Globalization.CultureInfo culture) [0x00000] in <filename unknown>:0
]]></stack-trace>
                        </failure>
                      </test-case>
                      <test-case name="presto.oops.runtime.TestContains.testNotInIntegerRange" executed="True" success="False" time="0.003" asserts="1">
                        <failure>
                          <message><![CDATA[System.NullReferenceException : Object reference not set to an instance of an object]]></message>
                          <stack-trace><![CDATA[at presto.declaration.BaseMethodDeclaration.register (presto.runtime.Context context) [0x00000] in <filename unknown>:0
at presto.grammar.DeclarationList.register (presto.runtime.Context context) [0x00000] in <filename unknown>:0
at presto.parser.BaseOopsParserTest.loadResource (System.String resourceName) [0x00000] in <filename unknown>:0
at presto.parser.BaseOopsParserTest.runResource (System.String resourceName) [0x00000] in <filename unknown>:0
at presto.parser.BaseOopsParserTest.CheckOutput (System.String resourceName) [0x00000] in <filename unknown>:0
at presto.oops.runtime.TestContains.testNotInIntegerRange () [0x00000] in <filename unknown>:0
at (wrapper managed-to-native) System.Reflection.MonoMethod:InternalInvoke (System.Reflection.MonoMethod,object,object[],System.Exception&)
at System.Reflection.MonoMethod.Invoke (System.Object obj, BindingFlags invokeAttr, System.Reflection.Binder binder, System.Object[] parameters, System.Globalization.CultureInfo culture) [0x00000] in <filename unknown>:0
]]></stack-trace>
                        </failure>
                      </test-case>
                      <test-case name="presto.oops.runtime.TestContains.testNotInList" executed="True" success="False" time="0.004" asserts="1">
                        <failure>
                          <message><![CDATA[System.NullReferenceException : Object reference not set to an instance of an object]]></message>
                          <stack-trace><![CDATA[at presto.declaration.BaseMethodDeclaration.register (presto.runtime.Context context) [0x00000] in <filename unknown>:0
at presto.grammar.DeclarationList.register (presto.runtime.Context context) [0x00000] in <filename unknown>:0
at presto.parser.BaseOopsParserTest.loadResource (System.String resourceName) [0x00000] in <filename unknown>:0
at presto.parser.BaseOopsParserTest.runResource (System.String resourceName) [0x00000] in <filename unknown>:0
at presto.parser.BaseOopsParserTest.CheckOutput (System.String resourceName) [0x00000] in <filename unknown>:0
at presto.oops.runtime.TestContains.testNotInList () [0x00000] in <filename unknown>:0
at (wrapper managed-to-native) System.Reflection.MonoMethod:InternalInvoke (System.Reflection.MonoMethod,object,object[],System.Exception&)
at System.Reflection.MonoMethod.Invoke (System.Object obj, BindingFlags invokeAttr, System.Reflection.Binder binder, System.Object[] parameters, System.Globalization.CultureInfo culture) [0x00000] in <filename unknown>:0
]]></stack-trace>
                        </failure>
                      </test-case>
                      <test-case name="presto.oops.runtime.TestContains.testNotInText" executed="True" success="False" time="0.004" asserts="1">
                        <failure>
                          <message><![CDATA[System.NullReferenceException : Object reference not set to an instance of an object]]></message>
                          <stack-trace><![CDATA[at presto.declaration.BaseMethodDeclaration.register (presto.runtime.Context context) [0x00000] in <filename unknown>:0
at presto.grammar.DeclarationList.register (presto.runtime.Context context) [0x00000] in <filename unknown>:0
at presto.parser.BaseOopsParserTest.loadResource (System.String resourceName) [0x00000] in <filename unknown>:0
at presto.parser.BaseOopsParserTest.runResource (System.String resourceName) [0x00000] in <filename unknown>:0
at presto.parser.BaseOopsParserTest.CheckOutput (System.String resourceName) [0x00000] in <filename unknown>:0
at presto.oops.runtime.TestContains.testNotInText () [0x00000] in <filename unknown>:0
at (wrapper managed-to-native) System.Reflection.MonoMethod:InternalInvoke (System.Reflection.MonoMethod,object,object[],System.Exception&)
at System.Reflection.MonoMethod.Invoke (System.Object obj, BindingFlags invokeAttr, System.Reflection.Binder binder, System.Object[] parameters, System.Globalization.CultureInfo culture) [0x00000] in <filename unknown>:0
]]></stack-trace>
                        </failure>
                      </test-case>
                      <test-case name="presto.oops.runtime.TestContains.testNotInTimeRange" executed="True" success="False" time="0.003" asserts="1">
                        <failure>
                          <message><![CDATA[System.NullReferenceException : Object reference not set to an instance of an object]]></message>
                          <stack-trace><![CDATA[at presto.declaration.BaseMethodDeclaration.register (presto.runtime.Context context) [0x00000] in <filename unknown>:0
at presto.grammar.DeclarationList.register (presto.runtime.Context context) [0x00000] in <filename unknown>:0
at presto.parser.BaseOopsParserTest.loadResource (System.String resourceName) [0x00000] in <filename unknown>:0
at presto.parser.BaseOopsParserTest.runResource (System.String resourceName) [0x00000] in <filename unknown>:0
at presto.parser.BaseOopsParserTest.CheckOutput (System.String resourceName) [0x00000] in <filename unknown>:0
at presto.oops.runtime.TestContains.testNotInTimeRange () [0x00000] in <filename unknown>:0
at (wrapper managed-to-native) System.Reflection.MonoMethod:InternalInvoke (System.Reflection.MonoMethod,object,object[],System.Exception&)
at System.Reflection.MonoMethod.Invoke (System.Object obj, BindingFlags invokeAttr, System.Reflection.Binder binder, System.Object[] parameters, System.Globalization.CultureInfo culture) [0x00000] in <filename unknown>:0
]]></stack-trace>
                        </failure>
                      </test-case>
                    </results>
                  </test-suite>
                  <test-suite name="TestDeclaredTypes" success="False" time="0.048" asserts="0">
                    <results>
                      <test-case name="presto.oops.runtime.TestDeclaredTypes.testBooleanType" executed="True" success="False" time="0.001" asserts="0">
                        <failure>
                          <message><![CDATA[System.NullReferenceException : Object reference not set to an instance of an object]]></message>
                          <stack-trace><![CDATA[at presto.declaration.AttributeDeclaration.register (presto.runtime.Context context) [0x00000] in <filename unknown>:0
at presto.grammar.DeclarationList.register (presto.runtime.Context context) [0x00000] in <filename unknown>:0
at presto.oops.runtime.TestDeclaredTypes.registerCategoryTypes () [0x00000] in <filename unknown>:0
at (wrapper managed-to-native) System.Reflection.MonoMethod:InternalInvoke (System.Reflection.MonoMethod,object,object[],System.Exception&)
at System.Reflection.MonoMethod.Invoke (System.Object obj, BindingFlags invokeAttr, System.Reflection.Binder binder, System.Object[] parameters, System.Globalization.CultureInfo culture) [0x00000] in <filename unknown>:0
]]></stack-trace>
                        </failure>
                      </test-case>
                      <test-case name="presto.oops.runtime.TestDeclaredTypes.testDateType" executed="True" success="False" time="0.000" asserts="0">
                        <failure>
                          <message><![CDATA[System.NullReferenceException : Object reference not set to an instance of an object]]></message>
                          <stack-trace><![CDATA[at presto.declaration.AttributeDeclaration.register (presto.runtime.Context context) [0x00000] in <filename unknown>:0
at presto.grammar.DeclarationList.register (presto.runtime.Context context) [0x00000] in <filename unknown>:0
at presto.oops.runtime.TestDeclaredTypes.registerCategoryTypes () [0x00000] in <filename unknown>:0
at (wrapper managed-to-native) System.Reflection.MonoMethod:InternalInvoke (System.Reflection.MonoMethod,object,object[],System.Exception&)
at System.Reflection.MonoMethod.Invoke (System.Object obj, BindingFlags invokeAttr, System.Reflection.Binder binder, System.Object[] parameters, System.Globalization.CultureInfo culture) [0x00000] in <filename unknown>:0
]]></stack-trace>
                        </failure>
                      </test-case>
                      <test-case name="presto.oops.runtime.TestDeclaredTypes.testDecimalType" executed="True" success="False" time="0.000" asserts="0">
                        <failure>
                          <message><![CDATA[System.NullReferenceException : Object reference not set to an instance of an object]]></message>
                          <stack-trace><![CDATA[at presto.declaration.AttributeDeclaration.register (presto.runtime.Context context) [0x00000] in <filename unknown>:0
at presto.grammar.DeclarationList.register (presto.runtime.Context context) [0x00000] in <filename unknown>:0
at presto.oops.runtime.TestDeclaredTypes.registerCategoryTypes () [0x00000] in <filename unknown>:0
at (wrapper managed-to-native) System.Reflection.MonoMethod:InternalInvoke (System.Reflection.MonoMethod,object,object[],System.Exception&)
at System.Reflection.MonoMethod.Invoke (System.Object obj, BindingFlags invokeAttr, System.Reflection.Binder binder, System.Object[] parameters, System.Globalization.CultureInfo culture) [0x00000] in <filename unknown>:0
]]></stack-trace>
                        </failure>
                      </test-case>
                      <test-case name="presto.oops.runtime.TestDeclaredTypes.testDerivedCategoryType" executed="True" success="False" time="0.000" asserts="0">
                        <failure>
                          <message><![CDATA[System.NullReferenceException : Object reference not set to an instance of an object]]></message>
                          <stack-trace><![CDATA[at presto.declaration.AttributeDeclaration.register (presto.runtime.Context context) [0x00000] in <filename unknown>:0
at presto.grammar.DeclarationList.register (presto.runtime.Context context) [0x00000] in <filename unknown>:0
at presto.oops.runtime.TestDeclaredTypes.registerCategoryTypes () [0x00000] in <filename unknown>:0
at (wrapper managed-to-native) System.Reflection.MonoMethod:InternalInvoke (System.Reflection.MonoMethod,object,object[],System.Exception&)
at System.Reflection.MonoMethod.Invoke (System.Object obj, BindingFlags invokeAttr, System.Reflection.Binder binder, System.Object[] parameters, System.Globalization.CultureInfo culture) [0x00000] in <filename unknown>:0
]]></stack-trace>
                        </failure>
                      </test-case>
                      <test-case name="presto.oops.runtime.TestDeclaredTypes.testInstantType" executed="True" success="False" time="0.000" asserts="0">
                        <failure>
                          <message><![CDATA[System.NullReferenceException : Object reference not set to an instance of an object]]></message>
                          <stack-trace><![CDATA[at presto.declaration.AttributeDeclaration.register (presto.runtime.Context context) [0x00000] in <filename unknown>:0
at presto.grammar.DeclarationList.register (presto.runtime.Context context) [0x00000] in <filename unknown>:0
at presto.oops.runtime.TestDeclaredTypes.registerCategoryTypes () [0x00000] in <filename unknown>:0
at (wrapper managed-to-native) System.Reflection.MonoMethod:InternalInvoke (System.Reflection.MonoMethod,object,object[],System.Exception&)
at System.Reflection.MonoMethod.Invoke (System.Object obj, BindingFlags invokeAttr, System.Reflection.Binder binder, System.Object[] parameters, System.Globalization.CultureInfo culture) [0x00000] in <filename unknown>:0
]]></stack-trace>
                        </failure>
                      </test-case>
                      <test-case name="presto.oops.runtime.TestDeclaredTypes.testIntegerType" executed="True" success="False" time="0.000" asserts="0">
                        <failure>
                          <message><![CDATA[System.NullReferenceException : Object reference not set to an instance of an object]]></message>
                          <stack-trace><![CDATA[at presto.declaration.AttributeDeclaration.register (presto.runtime.Context context) [0x00000] in <filename unknown>:0
at presto.grammar.DeclarationList.register (presto.runtime.Context context) [0x00000] in <filename unknown>:0
at presto.oops.runtime.TestDeclaredTypes.registerCategoryTypes () [0x00000] in <filename unknown>:0
at (wrapper managed-to-native) System.Reflection.MonoMethod:InternalInvoke (System.Reflection.MonoMethod,object,object[],System.Exception&)
at System.Reflection.MonoMethod.Invoke (System.Object obj, BindingFlags invokeAttr, System.Reflection.Binder binder, System.Object[] parameters, System.Globalization.CultureInfo culture) [0x00000] in <filename unknown>:0
]]></stack-trace>
                        </failure>
                      </test-case>
                      <test-case name="presto.oops.runtime.TestDeclaredTypes.testMissingType" executed="True" success="False" time="0.000" asserts="0">
                        <failure>
                          <message><![CDATA[System.NullReferenceException : Object reference not set to an instance of an object]]></message>
                          <stack-trace><![CDATA[at presto.declaration.AttributeDeclaration.register (presto.runtime.Context context) [0x00000] in <filename unknown>:0
at presto.grammar.DeclarationList.register (presto.runtime.Context context) [0x00000] in <filename unknown>:0
at presto.oops.runtime.TestDeclaredTypes.registerCategoryTypes () [0x00000] in <filename unknown>:0
at (wrapper managed-to-native) System.Reflection.MonoMethod:InternalInvoke (System.Reflection.MonoMethod,object,object[],System.Exception&)
at System.Reflection.MonoMethod.Invoke (System.Object obj, BindingFlags invokeAttr, System.Reflection.Binder binder, System.Object[] parameters, System.Globalization.CultureInfo culture) [0x00000] in <filename unknown>:0
]]></stack-trace>
                        </failure>
                      </test-case>
                      <test-case name="presto.oops.runtime.TestDeclaredTypes.testRootCategoryType" executed="True" success="False" time="0.000" asserts="0">
                        <failure>
                          <message><![CDATA[System.NullReferenceException : Object reference not set to an instance of an object]]></message>
                          <stack-trace><![CDATA[at presto.declaration.AttributeDeclaration.register (presto.runtime.Context context) [0x00000] in <filename unknown>:0
at presto.grammar.DeclarationList.register (presto.runtime.Context context) [0x00000] in <filename unknown>:0
at presto.oops.runtime.TestDeclaredTypes.registerCategoryTypes () [0x00000] in <filename unknown>:0
at (wrapper managed-to-native) System.Reflection.MonoMethod:InternalInvoke (System.Reflection.MonoMethod,object,object[],System.Exception&)
at System.Reflection.MonoMethod.Invoke (System.Object obj, BindingFlags invokeAttr, System.Reflection.Binder binder, System.Object[] parameters, System.Globalization.CultureInfo culture) [0x00000] in <filename unknown>:0
]]></stack-trace>
                        </failure>
                      </test-case>
                      <test-case name="presto.oops.runtime.TestDeclaredTypes.testStringType" executed="True" success="False" time="0.000" asserts="0">
                        <failure>
                          <message><![CDATA[System.NullReferenceException : Object reference not set to an instance of an object]]></message>
                          <stack-trace><![CDATA[at presto.declaration.AttributeDeclaration.register (presto.runtime.Context context) [0x00000] in <filename unknown>:0
at presto.grammar.DeclarationList.register (presto.runtime.Context context) [0x00000] in <filename unknown>:0
at presto.oops.runtime.TestDeclaredTypes.registerCategoryTypes () [0x00000] in <filename unknown>:0
at (wrapper managed-to-native) System.Reflection.MonoMethod:InternalInvoke (System.Reflection.MonoMethod,object,object[],System.Exception&)
at System.Reflection.MonoMethod.Invoke (System.Object obj, BindingFlags invokeAttr, System.Reflection.Binder binder, System.Object[] parameters, System.Globalization.CultureInfo culture) [0x00000] in <filename unknown>:0
]]></stack-trace>
                        </failure>
                      </test-case>
                      <test-case name="presto.oops.runtime.TestDeclaredTypes.testUnrelatedCategoryType" executed="True" success="False" time="0.000" asserts="0">
                        <failure>
                          <message><![CDATA[System.NullReferenceException : Object reference not set to an instance of an object]]></message>
                          <stack-trace><![CDATA[at presto.declaration.AttributeDeclaration.register (presto.runtime.Context context) [0x00000] in <filename unknown>:0
at presto.grammar.DeclarationList.register (presto.runtime.Context context) [0x00000] in <filename unknown>:0
at presto.oops.runtime.TestDeclaredTypes.registerCategoryTypes () [0x00000] in <filename unknown>:0
at (wrapper managed-to-native) System.Reflection.MonoMethod:InternalInvoke (System.Reflection.MonoMethod,object,object[],System.Exception&)
at System.Reflection.MonoMethod.Invoke (System.Object obj, BindingFlags invokeAttr, System.Reflection.Binder binder, System.Object[] parameters, System.Globalization.CultureInfo culture) [0x00000] in <filename unknown>:0
]]></stack-trace>
                        </failure>
                      </test-case>
                    </results>
                  </test-suite>
                  <test-suite name="TestDiv" success="False" time="0.051" asserts="0">
                    <results>
                      <test-case name="presto.oops.runtime.TestDiv.testDivDecimal" executed="True" success="False" time="0.009" asserts="1">
                        <failure>
                          <message><![CDATA[System.NullReferenceException : Object reference not set to an instance of an object]]></message>
                          <stack-trace><![CDATA[at presto.declaration.BaseMethodDeclaration.register (presto.runtime.Context context) [0x00000] in <filename unknown>:0
at presto.grammar.DeclarationList.register (presto.runtime.Context context) [0x00000] in <filename unknown>:0
at presto.parser.BaseOopsParserTest.loadResource (System.String resourceName) [0x00000] in <filename unknown>:0
at presto.parser.BaseOopsParserTest.runResource (System.String resourceName) [0x00000] in <filename unknown>:0
at presto.parser.BaseOopsParserTest.CheckOutput (System.String resourceName) [0x00000] in <filename unknown>:0
at presto.oops.runtime.TestDiv.testDivDecimal () [0x00000] in <filename unknown>:0
at (wrapper managed-to-native) System.Reflection.MonoMethod:InternalInvoke (System.Reflection.MonoMethod,object,object[],System.Exception&)
at System.Reflection.MonoMethod.Invoke (System.Object obj, BindingFlags invokeAttr, System.Reflection.Binder binder, System.Object[] parameters, System.Globalization.CultureInfo culture) [0x00000] in <filename unknown>:0
]]></stack-trace>
                        </failure>
                      </test-case>
                      <test-case name="presto.oops.runtime.TestDiv.testDivInteger" executed="True" success="False" time="0.003" asserts="1">
                        <failure>
                          <message><![CDATA[System.NullReferenceException : Object reference not set to an instance of an object]]></message>
                          <stack-trace><![CDATA[at presto.declaration.BaseMethodDeclaration.register (presto.runtime.Context context) [0x00000] in <filename unknown>:0
at presto.grammar.DeclarationList.register (presto.runtime.Context context) [0x00000] in <filename unknown>:0
at presto.parser.BaseOopsParserTest.loadResource (System.String resourceName) [0x00000] in <filename unknown>:0
at presto.parser.BaseOopsParserTest.runResource (System.String resourceName) [0x00000] in <filename unknown>:0
at presto.parser.BaseOopsParserTest.CheckOutput (System.String resourceName) [0x00000] in <filename unknown>:0
at presto.oops.runtime.TestDiv.testDivInteger () [0x00000] in <filename unknown>:0
at (wrapper managed-to-native) System.Reflection.MonoMethod:InternalInvoke (System.Reflection.MonoMethod,object,object[],System.Exception&)
at System.Reflection.MonoMethod.Invoke (System.Object obj, BindingFlags invokeAttr, System.Reflection.Binder binder, System.Object[] parameters, System.Globalization.CultureInfo culture) [0x00000] in <filename unknown>:0
]]></stack-trace>
                        </failure>
                      </test-case>
                      <test-case name="presto.oops.runtime.TestDiv.testIDivInteger" executed="True" success="False" time="0.007" asserts="1">
                        <failure>
                          <message><![CDATA[System.NullReferenceException : Object reference not set to an instance of an object]]></message>
                          <stack-trace><![CDATA[at presto.declaration.BaseMethodDeclaration.register (presto.runtime.Context context) [0x00000] in <filename unknown>:0
at presto.grammar.DeclarationList.register (presto.runtime.Context context) [0x00000] in <filename unknown>:0
at presto.parser.BaseOopsParserTest.loadResource (System.String resourceName) [0x00000] in <filename unknown>:0
at presto.parser.BaseOopsParserTest.runResource (System.String resourceName) [0x00000] in <filename unknown>:0
at presto.parser.BaseOopsParserTest.CheckOutput (System.String resourceName) [0x00000] in <filename unknown>:0
at presto.oops.runtime.TestDiv.testIDivInteger () [0x00000] in <filename unknown>:0
at (wrapper managed-to-native) System.Reflection.MonoMethod:InternalInvoke (System.Reflection.MonoMethod,object,object[],System.Exception&)
at System.Reflection.MonoMethod.Invoke (System.Object obj, BindingFlags invokeAttr, System.Reflection.Binder binder, System.Object[] parameters, System.Globalization.CultureInfo culture) [0x00000] in <filename unknown>:0
]]></stack-trace>
                        </failure>
                      </test-case>
                      <test-case name="presto.oops.runtime.TestDiv.testModInteger" executed="True" success="False" time="0.009" asserts="1">
                        <failure>
                          <message><![CDATA[System.NullReferenceException : Object reference not set to an instance of an object]]></message>
                          <stack-trace><![CDATA[at presto.declaration.BaseMethodDeclaration.register (presto.runtime.Context context) [0x00000] in <filename unknown>:0
at presto.grammar.DeclarationList.register (presto.runtime.Context context) [0x00000] in <filename unknown>:0
at presto.parser.BaseOopsParserTest.loadResource (System.String resourceName) [0x00000] in <filename unknown>:0
at presto.parser.BaseOopsParserTest.runResource (System.String resourceName) [0x00000] in <filename unknown>:0
at presto.parser.BaseOopsParserTest.CheckOutput (System.String resourceName) [0x00000] in <filename unknown>:0
at presto.oops.runtime.TestDiv.testModInteger () [0x00000] in <filename unknown>:0
at (wrapper managed-to-native) System.Reflection.MonoMethod:InternalInvoke (System.Reflection.MonoMethod,object,object[],System.Exception&)
at System.Reflection.MonoMethod.Invoke (System.Object obj, BindingFlags invokeAttr, System.Reflection.Binder binder, System.Object[] parameters, System.Globalization.CultureInfo culture) [0x00000] in <filename unknown>:0
]]></stack-trace>
                        </failure>
                      </test-case>
                    </results>
                  </test-suite>
                  <test-suite name="TestDocuments" success="False" time="0.036" asserts="0">
                    <results>
                      <test-case name="presto.oops.runtime.TestDocuments.testDeepItem" executed="True" success="False" time="0.006" asserts="1">
                        <failure>
                          <message><![CDATA[System.NullReferenceException : Object reference not set to an instance of an object]]></message>
                          <stack-trace><![CDATA[at presto.declaration.BaseMethodDeclaration.register (presto.runtime.Context context) [0x00000] in <filename unknown>:0
at presto.grammar.DeclarationList.register (presto.runtime.Context context) [0x00000] in <filename unknown>:0
at presto.parser.BaseOopsParserTest.loadResource (System.String resourceName) [0x00000] in <filename unknown>:0
at presto.parser.BaseOopsParserTest.runResource (System.String resourceName) [0x00000] in <filename unknown>:0
at presto.parser.BaseOopsParserTest.CheckOutput (System.String resourceName) [0x00000] in <filename unknown>:0
at presto.oops.runtime.TestDocuments.testDeepItem () [0x00000] in <filename unknown>:0
at (wrapper managed-to-native) System.Reflection.MonoMethod:InternalInvoke (System.Reflection.MonoMethod,object,object[],System.Exception&)
at System.Reflection.MonoMethod.Invoke (System.Object obj, BindingFlags invokeAttr, System.Reflection.Binder binder, System.Object[] parameters, System.Globalization.CultureInfo culture) [0x00000] in <filename unknown>:0
]]></stack-trace>
                        </failure>
                      </test-case>
                      <test-case name="presto.oops.runtime.TestDocuments.testDeepVariable" executed="True" success="False" time="0.002" asserts="1">
                        <failure>
                          <message><![CDATA[System.NullReferenceException : Object reference not set to an instance of an object]]></message>
                          <stack-trace><![CDATA[at presto.declaration.BaseMethodDeclaration.register (presto.runtime.Context context) [0x00000] in <filename unknown>:0
at presto.grammar.DeclarationList.register (presto.runtime.Context context) [0x00000] in <filename unknown>:0
at presto.parser.BaseOopsParserTest.loadResource (System.String resourceName) [0x00000] in <filename unknown>:0
at presto.parser.BaseOopsParserTest.runResource (System.String resourceName) [0x00000] in <filename unknown>:0
at presto.parser.BaseOopsParserTest.CheckOutput (System.String resourceName) [0x00000] in <filename unknown>:0
at presto.oops.runtime.TestDocuments.testDeepVariable () [0x00000] in <filename unknown>:0
at (wrapper managed-to-native) System.Reflection.MonoMethod:InternalInvoke (System.Reflection.MonoMethod,object,object[],System.Exception&)
at System.Reflection.MonoMethod.Invoke (System.Object obj, BindingFlags invokeAttr, System.Reflection.Binder binder, System.Object[] parameters, System.Globalization.CultureInfo culture) [0x00000] in <filename unknown>:0
]]></stack-trace>
                        </failure>
                      </test-case>
                      <test-case name="presto.oops.runtime.TestDocuments.testItem" executed="True" success="False" time="0.001" asserts="1">
                        <failure>
                          <message><![CDATA[System.NullReferenceException : Object reference not set to an instance of an object]]></message>
                          <stack-trace><![CDATA[at presto.declaration.BaseMethodDeclaration.register (presto.runtime.Context context) [0x00000] in <filename unknown>:0
at presto.grammar.DeclarationList.register (presto.runtime.Context context) [0x00000] in <filename unknown>:0
at presto.parser.BaseOopsParserTest.loadResource (System.String resourceName) [0x00000] in <filename unknown>:0
at presto.parser.BaseOopsParserTest.runResource (System.String resourceName) [0x00000] in <filename unknown>:0
at presto.parser.BaseOopsParserTest.CheckOutput (System.String resourceName) [0x00000] in <filename unknown>:0
at presto.oops.runtime.TestDocuments.testItem () [0x00000] in <filename unknown>:0
at (wrapper managed-to-native) System.Reflection.MonoMethod:InternalInvoke (System.Reflection.MonoMethod,object,object[],System.Exception&)
at System.Reflection.MonoMethod.Invoke (System.Object obj, BindingFlags invokeAttr, System.Reflection.Binder binder, System.Object[] parameters, System.Globalization.CultureInfo culture) [0x00000] in <filename unknown>:0
]]></stack-trace>
                        </failure>
                      </test-case>
                      <test-case name="presto.oops.runtime.TestDocuments.testVariable" executed="True" success="False" time="0.001" asserts="1">
                        <failure>
                          <message><![CDATA[System.NullReferenceException : Object reference not set to an instance of an object]]></message>
                          <stack-trace><![CDATA[at presto.declaration.BaseMethodDeclaration.register (presto.runtime.Context context) [0x00000] in <filename unknown>:0
at presto.grammar.DeclarationList.register (presto.runtime.Context context) [0x00000] in <filename unknown>:0
at presto.parser.BaseOopsParserTest.loadResource (System.String resourceName) [0x00000] in <filename unknown>:0
at presto.parser.BaseOopsParserTest.runResource (System.String resourceName) [0x00000] in <filename unknown>:0
at presto.parser.BaseOopsParserTest.CheckOutput (System.String resourceName) [0x00000] in <filename unknown>:0
at presto.oops.runtime.TestDocuments.testVariable () [0x00000] in <filename unknown>:0
at (wrapper managed-to-native) System.Reflection.MonoMethod:InternalInvoke (System.Reflection.MonoMethod,object,object[],System.Exception&)
at System.Reflection.MonoMethod.Invoke (System.Object obj, BindingFlags invokeAttr, System.Reflection.Binder binder, System.Object[] parameters, System.Globalization.CultureInfo culture) [0x00000] in <filename unknown>:0
]]></stack-trace>
                        </failure>
                      </test-case>
                    </results>
                  </test-suite>
                  <test-suite name="TestEnums" success="False" time="0.022" asserts="0">
                    <results>
                      <test-case name="presto.oops.runtime.TestEnums.testCategoryEnum" executed="True" success="False" time="0.005" asserts="1">
                        <failure>
                          <message><![CDATA[System.NullReferenceException : Object reference not set to an instance of an object]]></message>
                          <stack-trace><![CDATA[at presto.declaration.AttributeDeclaration.register (presto.runtime.Context context) [0x00000] in <filename unknown>:0
at presto.grammar.DeclarationList.register (presto.runtime.Context context) [0x00000] in <filename unknown>:0
at presto.parser.BaseOopsParserTest.loadResource (System.String resourceName) [0x00000] in <filename unknown>:0
at presto.parser.BaseOopsParserTest.runResource (System.String resourceName) [0x00000] in <filename unknown>:0
at presto.parser.BaseOopsParserTest.CheckOutput (System.String resourceName) [0x00000] in <filename unknown>:0
at presto.oops.runtime.TestEnums.testCategoryEnum () [0x00000] in <filename unknown>:0
at (wrapper managed-to-native) System.Reflection.MonoMethod:InternalInvoke (System.Reflection.MonoMethod,object,object[],System.Exception&)
at System.Reflection.MonoMethod.Invoke (System.Object obj, BindingFlags invokeAttr, System.Reflection.Binder binder, System.Object[] parameters, System.Globalization.CultureInfo culture) [0x00000] in <filename unknown>:0
]]></stack-trace>
                        </failure>
                      </test-case>
                      <test-case name="presto.oops.runtime.TestEnums.testIntegerEnum" executed="True" success="False" time="0.001" asserts="1">
                        <failure>
                          <message><![CDATA[System.NullReferenceException : Object reference not set to an instance of an object]]></message>
                          <stack-trace><![CDATA[at presto.declaration.EnumeratedNativeDeclaration.register (presto.runtime.Context context) [0x00000] in <filename unknown>:0
at presto.grammar.DeclarationList.register (presto.runtime.Context context) [0x00000] in <filename unknown>:0
at presto.parser.BaseOopsParserTest.loadResource (System.String resourceName) [0x00000] in <filename unknown>:0
at presto.parser.BaseOopsParserTest.runResource (System.String resourceName) [0x00000] in <filename unknown>:0
at presto.parser.BaseOopsParserTest.CheckOutput (System.String resourceName) [0x00000] in <filename unknown>:0
at presto.oops.runtime.TestEnums.testIntegerEnum () [0x00000] in <filename unknown>:0
at (wrapper managed-to-native) System.Reflection.MonoMethod:InternalInvoke (System.Reflection.MonoMethod,object,object[],System.Exception&)
at System.Reflection.MonoMethod.Invoke (System.Object obj, BindingFlags invokeAttr, System.Reflection.Binder binder, System.Object[] parameters, System.Globalization.CultureInfo culture) [0x00000] in <filename unknown>:0
]]></stack-trace>
                        </failure>
                      </test-case>
                      <test-case name="presto.oops.runtime.TestEnums.testTextEnum" executed="True" success="False" time="0.001" asserts="1">
                        <failure>
                          <message><![CDATA[System.NullReferenceException : Object reference not set to an instance of an object]]></message>
                          <stack-trace><![CDATA[at presto.declaration.EnumeratedNativeDeclaration.register (presto.runtime.Context context) [0x00000] in <filename unknown>:0
at presto.grammar.DeclarationList.register (presto.runtime.Context context) [0x00000] in <filename unknown>:0
at presto.parser.BaseOopsParserTest.loadResource (System.String resourceName) [0x00000] in <filename unknown>:0
at presto.parser.BaseOopsParserTest.runResource (System.String resourceName) [0x00000] in <filename unknown>:0
at presto.parser.BaseOopsParserTest.CheckOutput (System.String resourceName) [0x00000] in <filename unknown>:0
at presto.oops.runtime.TestEnums.testTextEnum () [0x00000] in <filename unknown>:0
at (wrapper managed-to-native) System.Reflection.MonoMethod:InternalInvoke (System.Reflection.MonoMethod,object,object[],System.Exception&)
at System.Reflection.MonoMethod.Invoke (System.Object obj, BindingFlags invokeAttr, System.Reflection.Binder binder, System.Object[] parameters, System.Globalization.CultureInfo culture) [0x00000] in <filename unknown>:0
]]></stack-trace>
                        </failure>
                      </test-case>
                    </results>
                  </test-suite>
                  <test-suite name="TestEquals" success="False" time="0.212" asserts="0">
                    <results>
                      <test-case name="presto.oops.runtime.TestEquals.testEqualsBoolean" executed="True" success="False" time="0.003" asserts="1">
                        <failure>
                          <message><![CDATA[System.NullReferenceException : Object reference not set to an instance of an object]]></message>
                          <stack-trace><![CDATA[at presto.declaration.BaseMethodDeclaration.register (presto.runtime.Context context) [0x00000] in <filename unknown>:0
at presto.grammar.DeclarationList.register (presto.runtime.Context context) [0x00000] in <filename unknown>:0
at presto.parser.BaseOopsParserTest.loadResource (System.String resourceName) [0x00000] in <filename unknown>:0
at presto.parser.BaseOopsParserTest.runResource (System.String resourceName) [0x00000] in <filename unknown>:0
at presto.parser.BaseOopsParserTest.CheckOutput (System.String resourceName) [0x00000] in <filename unknown>:0
at presto.oops.runtime.TestEquals.testEqualsBoolean () [0x00000] in <filename unknown>:0
at (wrapper managed-to-native) System.Reflection.MonoMethod:InternalInvoke (System.Reflection.MonoMethod,object,object[],System.Exception&)
at System.Reflection.MonoMethod.Invoke (System.Object obj, BindingFlags invokeAttr, System.Reflection.Binder binder, System.Object[] parameters, System.Globalization.CultureInfo culture) [0x00000] in <filename unknown>:0
]]></stack-trace>
                        </failure>
                      </test-case>
                      <test-case name="presto.oops.runtime.TestEquals.testEqualsCharacter" executed="True" success="False" time="0.003" asserts="1">
                        <failure>
                          <message><![CDATA[System.NullReferenceException : Object reference not set to an instance of an object]]></message>
                          <stack-trace><![CDATA[at presto.declaration.BaseMethodDeclaration.register (presto.runtime.Context context) [0x00000] in <filename unknown>:0
at presto.grammar.DeclarationList.register (presto.runtime.Context context) [0x00000] in <filename unknown>:0
at presto.parser.BaseOopsParserTest.loadResource (System.String resourceName) [0x00000] in <filename unknown>:0
at presto.parser.BaseOopsParserTest.runResource (System.String resourceName) [0x00000] in <filename unknown>:0
at presto.parser.BaseOopsParserTest.CheckOutput (System.String resourceName) [0x00000] in <filename unknown>:0
at presto.oops.runtime.TestEquals.testEqualsCharacter () [0x00000] in <filename unknown>:0
at (wrapper managed-to-native) System.Reflection.MonoMethod:InternalInvoke (System.Reflection.MonoMethod,object,object[],System.Exception&)
at System.Reflection.MonoMethod.Invoke (System.Object obj, BindingFlags invokeAttr, System.Reflection.Binder binder, System.Object[] parameters, System.Globalization.CultureInfo culture) [0x00000] in <filename unknown>:0
]]></stack-trace>
                        </failure>
                      </test-case>
                      <test-case name="presto.oops.runtime.TestEquals.testEqualsDate" executed="True" success="False" time="0.003" asserts="1">
                        <failure>
                          <message><![CDATA[System.NullReferenceException : Object reference not set to an instance of an object]]></message>
                          <stack-trace><![CDATA[at presto.declaration.BaseMethodDeclaration.register (presto.runtime.Context context) [0x00000] in <filename unknown>:0
at presto.grammar.DeclarationList.register (presto.runtime.Context context) [0x00000] in <filename unknown>:0
at presto.parser.BaseOopsParserTest.loadResource (System.String resourceName) [0x00000] in <filename unknown>:0
at presto.parser.BaseOopsParserTest.runResource (System.String resourceName) [0x00000] in <filename unknown>:0
at presto.parser.BaseOopsParserTest.CheckOutput (System.String resourceName) [0x00000] in <filename unknown>:0
at presto.oops.runtime.TestEquals.testEqualsDate () [0x00000] in <filename unknown>:0
at (wrapper managed-to-native) System.Reflection.MonoMethod:InternalInvoke (System.Reflection.MonoMethod,object,object[],System.Exception&)
at System.Reflection.MonoMethod.Invoke (System.Object obj, BindingFlags invokeAttr, System.Reflection.Binder binder, System.Object[] parameters, System.Globalization.CultureInfo culture) [0x00000] in <filename unknown>:0
]]></stack-trace>
                        </failure>
                      </test-case>
                      <test-case name="presto.oops.runtime.TestEquals.testEqualsDateTime" executed="True" success="False" time="0.004" asserts="1">
                        <failure>
                          <message><![CDATA[System.NullReferenceException : Object reference not set to an instance of an object]]></message>
                          <stack-trace><![CDATA[at presto.declaration.BaseMethodDeclaration.register (presto.runtime.Context context) [0x00000] in <filename unknown>:0
at presto.grammar.DeclarationList.register (presto.runtime.Context context) [0x00000] in <filename unknown>:0
at presto.parser.BaseOopsParserTest.loadResource (System.String resourceName) [0x00000] in <filename unknown>:0
at presto.parser.BaseOopsParserTest.runResource (System.String resourceName) [0x00000] in <filename unknown>:0
at presto.parser.BaseOopsParserTest.CheckOutput (System.String resourceName) [0x00000] in <filename unknown>:0
at presto.oops.runtime.TestEquals.testEqualsDateTime () [0x00000] in <filename unknown>:0
at (wrapper managed-to-native) System.Reflection.MonoMethod:InternalInvoke (System.Reflection.MonoMethod,object,object[],System.Exception&)
at System.Reflection.MonoMethod.Invoke (System.Object obj, BindingFlags invokeAttr, System.Reflection.Binder binder, System.Object[] parameters, System.Globalization.CultureInfo culture) [0x00000] in <filename unknown>:0
]]></stack-trace>
                        </failure>
                      </test-case>
                      <test-case name="presto.oops.runtime.TestEquals.testEqualsDecimal" executed="True" success="False" time="0.003" asserts="1">
                        <failure>
                          <message><![CDATA[System.NullReferenceException : Object reference not set to an instance of an object]]></message>
                          <stack-trace><![CDATA[at presto.declaration.BaseMethodDeclaration.register (presto.runtime.Context context) [0x00000] in <filename unknown>:0
at presto.grammar.DeclarationList.register (presto.runtime.Context context) [0x00000] in <filename unknown>:0
at presto.parser.BaseOopsParserTest.loadResource (System.String resourceName) [0x00000] in <filename unknown>:0
at presto.parser.BaseOopsParserTest.runResource (System.String resourceName) [0x00000] in <filename unknown>:0
at presto.parser.BaseOopsParserTest.CheckOutput (System.String resourceName) [0x00000] in <filename unknown>:0
at presto.oops.runtime.TestEquals.testEqualsDecimal () [0x00000] in <filename unknown>:0
at (wrapper managed-to-native) System.Reflection.MonoMethod:InternalInvoke (System.Reflection.MonoMethod,object,object[],System.Exception&)
at System.Reflection.MonoMethod.Invoke (System.Object obj, BindingFlags invokeAttr, System.Reflection.Binder binder, System.Object[] parameters, System.Globalization.CultureInfo culture) [0x00000] in <filename unknown>:0
]]></stack-trace>
                        </failure>
                      </test-case>
                      <test-case name="presto.oops.runtime.TestEquals.testEqualsDict" executed="True" success="False" time="0.003" asserts="1">
                        <failure>
                          <message><![CDATA[System.NullReferenceException : Object reference not set to an instance of an object]]></message>
                          <stack-trace><![CDATA[at presto.declaration.BaseMethodDeclaration.register (presto.runtime.Context context) [0x00000] in <filename unknown>:0
at presto.grammar.DeclarationList.register (presto.runtime.Context context) [0x00000] in <filename unknown>:0
at presto.parser.BaseOopsParserTest.loadResource (System.String resourceName) [0x00000] in <filename unknown>:0
at presto.parser.BaseOopsParserTest.runResource (System.String resourceName) [0x00000] in <filename unknown>:0
at presto.parser.BaseOopsParserTest.CheckOutput (System.String resourceName) [0x00000] in <filename unknown>:0
at presto.oops.runtime.TestEquals.testEqualsDict () [0x00000] in <filename unknown>:0
at (wrapper managed-to-native) System.Reflection.MonoMethod:InternalInvoke (System.Reflection.MonoMethod,object,object[],System.Exception&)
at System.Reflection.MonoMethod.Invoke (System.Object obj, BindingFlags invokeAttr, System.Reflection.Binder binder, System.Object[] parameters, System.Globalization.CultureInfo culture) [0x00000] in <filename unknown>:0
]]></stack-trace>
                        </failure>
                      </test-case>
                      <test-case name="presto.oops.runtime.TestEquals.testEqualsInteger" executed="True" success="False" time="0.003" asserts="1">
                        <failure>
                          <message><![CDATA[System.NullReferenceException : Object reference not set to an instance of an object]]></message>
                          <stack-trace><![CDATA[at presto.declaration.BaseMethodDeclaration.register (presto.runtime.Context context) [0x00000] in <filename unknown>:0
at presto.grammar.DeclarationList.register (presto.runtime.Context context) [0x00000] in <filename unknown>:0
at presto.parser.BaseOopsParserTest.loadResource (System.String resourceName) [0x00000] in <filename unknown>:0
at presto.parser.BaseOopsParserTest.runResource (System.String resourceName) [0x00000] in <filename unknown>:0
at presto.parser.BaseOopsParserTest.CheckOutput (System.String resourceName) [0x00000] in <filename unknown>:0
at presto.oops.runtime.TestEquals.testEqualsInteger () [0x00000] in <filename unknown>:0
at (wrapper managed-to-native) System.Reflection.MonoMethod:InternalInvoke (System.Reflection.MonoMethod,object,object[],System.Exception&)
at System.Reflection.MonoMethod.Invoke (System.Object obj, BindingFlags invokeAttr, System.Reflection.Binder binder, System.Object[] parameters, System.Globalization.CultureInfo culture) [0x00000] in <filename unknown>:0
]]></stack-trace>
                        </failure>
                      </test-case>
                      <test-case name="presto.oops.runtime.TestEquals.testEqualsList" executed="True" success="False" time="0.002" asserts="1">
                        <failure>
                          <message><![CDATA[System.NullReferenceException : Object reference not set to an instance of an object]]></message>
                          <stack-trace><![CDATA[at presto.declaration.BaseMethodDeclaration.register (presto.runtime.Context context) [0x00000] in <filename unknown>:0
at presto.grammar.DeclarationList.register (presto.runtime.Context context) [0x00000] in <filename unknown>:0
at presto.parser.BaseOopsParserTest.loadResource (System.String resourceName) [0x00000] in <filename unknown>:0
at presto.parser.BaseOopsParserTest.runResource (System.String resourceName) [0x00000] in <filename unknown>:0
at presto.parser.BaseOopsParserTest.CheckOutput (System.String resourceName) [0x00000] in <filename unknown>:0
at presto.oops.runtime.TestEquals.testEqualsList () [0x00000] in <filename unknown>:0
at (wrapper managed-to-native) System.Reflection.MonoMethod:InternalInvoke (System.Reflection.MonoMethod,object,object[],System.Exception&)
at System.Reflection.MonoMethod.Invoke (System.Object obj, BindingFlags invokeAttr, System.Reflection.Binder binder, System.Object[] parameters, System.Globalization.CultureInfo culture) [0x00000] in <filename unknown>:0
]]></stack-trace>
                        </failure>
                      </test-case>
                      <test-case name="presto.oops.runtime.TestEquals.testEqualsPeriod" executed="True" success="False" time="0.003" asserts="1">
                        <failure>
                          <message><![CDATA[System.NullReferenceException : Object reference not set to an instance of an object]]></message>
                          <stack-trace><![CDATA[at presto.declaration.BaseMethodDeclaration.register (presto.runtime.Context context) [0x00000] in <filename unknown>:0
at presto.grammar.DeclarationList.register (presto.runtime.Context context) [0x00000] in <filename unknown>:0
at presto.parser.BaseOopsParserTest.loadResource (System.String resourceName) [0x00000] in <filename unknown>:0
at presto.parser.BaseOopsParserTest.runResource (System.String resourceName) [0x00000] in <filename unknown>:0
at presto.parser.BaseOopsParserTest.CheckOutput (System.String resourceName) [0x00000] in <filename unknown>:0
at presto.oops.runtime.TestEquals.testEqualsPeriod () [0x00000] in <filename unknown>:0
at (wrapper managed-to-native) System.Reflection.MonoMethod:InternalInvoke (System.Reflection.MonoMethod,object,object[],System.Exception&)
at System.Reflection.MonoMethod.Invoke (System.Object obj, BindingFlags invokeAttr, System.Reflection.Binder binder, System.Object[] parameters, System.Globalization.CultureInfo culture) [0x00000] in <filename unknown>:0
]]></stack-trace>
                        </failure>
                      </test-case>
                      <test-case name="presto.oops.runtime.TestEquals.testEqualsRange" executed="True" success="False" time="0.004" asserts="1">
                        <failure>
                          <message><![CDATA[System.NullReferenceException : Object reference not set to an instance of an object]]></message>
                          <stack-trace><![CDATA[at presto.declaration.BaseMethodDeclaration.register (presto.runtime.Context context) [0x00000] in <filename unknown>:0
at presto.grammar.DeclarationList.register (presto.runtime.Context context) [0x00000] in <filename unknown>:0
at presto.parser.BaseOopsParserTest.loadResource (System.String resourceName) [0x00000] in <filename unknown>:0
at presto.parser.BaseOopsParserTest.runResource (System.String resourceName) [0x00000] in <filename unknown>:0
at presto.parser.BaseOopsParserTest.CheckOutput (System.String resourceName) [0x00000] in <filename unknown>:0
at presto.oops.runtime.TestEquals.testEqualsRange () [0x00000] in <filename unknown>:0
at (wrapper managed-to-native) System.Reflection.MonoMethod:InternalInvoke (System.Reflection.MonoMethod,object,object[],System.Exception&)
at System.Reflection.MonoMethod.Invoke (System.Object obj, BindingFlags invokeAttr, System.Reflection.Binder binder, System.Object[] parameters, System.Globalization.CultureInfo culture) [0x00000] in <filename unknown>:0
]]></stack-trace>
                        </failure>
                      </test-case>
                      <test-case name="presto.oops.runtime.TestEquals.testEqualsString" executed="True" success="False" time="0.002" asserts="1">
                        <failure>
                          <message><![CDATA[System.NullReferenceException : Object reference not set to an instance of an object]]></message>
                          <stack-trace><![CDATA[at presto.declaration.BaseMethodDeclaration.register (presto.runtime.Context context) [0x00000] in <filename unknown>:0
at presto.grammar.DeclarationList.register (presto.runtime.Context context) [0x00000] in <filename unknown>:0
at presto.parser.BaseOopsParserTest.loadResource (System.String resourceName) [0x00000] in <filename unknown>:0
at presto.parser.BaseOopsParserTest.runResource (System.String resourceName) [0x00000] in <filename unknown>:0
at presto.parser.BaseOopsParserTest.CheckOutput (System.String resourceName) [0x00000] in <filename unknown>:0
at presto.oops.runtime.TestEquals.testEqualsString () [0x00000] in <filename unknown>:0
at (wrapper managed-to-native) System.Reflection.MonoMethod:InternalInvoke (System.Reflection.MonoMethod,object,object[],System.Exception&)
at System.Reflection.MonoMethod.Invoke (System.Object obj, BindingFlags invokeAttr, System.Reflection.Binder binder, System.Object[] parameters, System.Globalization.CultureInfo culture) [0x00000] in <filename unknown>:0
]]></stack-trace>
                        </failure>
                      </test-case>
                      <test-case name="presto.oops.runtime.TestEquals.testEqualsTime" executed="True" success="False" time="0.004" asserts="1">
                        <failure>
                          <message><![CDATA[System.NullReferenceException : Object reference not set to an instance of an object]]></message>
                          <stack-trace><![CDATA[at presto.declaration.BaseMethodDeclaration.register (presto.runtime.Context context) [0x00000] in <filename unknown>:0
at presto.grammar.DeclarationList.register (presto.runtime.Context context) [0x00000] in <filename unknown>:0
at presto.parser.BaseOopsParserTest.loadResource (System.String resourceName) [0x00000] in <filename unknown>:0
at presto.parser.BaseOopsParserTest.runResource (System.String resourceName) [0x00000] in <filename unknown>:0
at presto.parser.BaseOopsParserTest.CheckOutput (System.String resourceName) [0x00000] in <filename unknown>:0
at presto.oops.runtime.TestEquals.testEqualsTime () [0x00000] in <filename unknown>:0
at (wrapper managed-to-native) System.Reflection.MonoMethod:InternalInvoke (System.Reflection.MonoMethod,object,object[],System.Exception&)
at System.Reflection.MonoMethod.Invoke (System.Object obj, BindingFlags invokeAttr, System.Reflection.Binder binder, System.Object[] parameters, System.Globalization.CultureInfo culture) [0x00000] in <filename unknown>:0
]]></stack-trace>
                        </failure>
                      </test-case>
                      <test-case name="presto.oops.runtime.TestEquals.testNotEqualsBoolean" executed="True" success="False" time="0.008" asserts="1">
                        <failure>
                          <message><![CDATA[System.NullReferenceException : Object reference not set to an instance of an object]]></message>
                          <stack-trace><![CDATA[at presto.declaration.BaseMethodDeclaration.register (presto.runtime.Context context) [0x00000] in <filename unknown>:0
at presto.grammar.DeclarationList.register (presto.runtime.Context context) [0x00000] in <filename unknown>:0
at presto.parser.BaseOopsParserTest.loadResource (System.String resourceName) [0x00000] in <filename unknown>:0
at presto.parser.BaseOopsParserTest.runResource (System.String resourceName) [0x00000] in <filename unknown>:0
at presto.parser.BaseOopsParserTest.CheckOutput (System.String resourceName) [0x00000] in <filename unknown>:0
at presto.oops.runtime.TestEquals.testNotEqualsBoolean () [0x00000] in <filename unknown>:0
at (wrapper managed-to-native) System.Reflection.MonoMethod:InternalInvoke (System.Reflection.MonoMethod,object,object[],System.Exception&)
at System.Reflection.MonoMethod.Invoke (System.Object obj, BindingFlags invokeAttr, System.Reflection.Binder binder, System.Object[] parameters, System.Globalization.CultureInfo culture) [0x00000] in <filename unknown>:0
]]></stack-trace>
                        </failure>
                      </test-case>
                      <test-case name="presto.oops.runtime.TestEquals.testNotEqualsCharacter" executed="True" success="False" time="0.003" asserts="1">
                        <failure>
                          <message><![CDATA[System.NullReferenceException : Object reference not set to an instance of an object]]></message>
                          <stack-trace><![CDATA[at presto.declaration.BaseMethodDeclaration.register (presto.runtime.Context context) [0x00000] in <filename unknown>:0
at presto.grammar.DeclarationList.register (presto.runtime.Context context) [0x00000] in <filename unknown>:0
at presto.parser.BaseOopsParserTest.loadResource (System.String resourceName) [0x00000] in <filename unknown>:0
at presto.parser.BaseOopsParserTest.runResource (System.String resourceName) [0x00000] in <filename unknown>:0
at presto.parser.BaseOopsParserTest.CheckOutput (System.String resourceName) [0x00000] in <filename unknown>:0
at presto.oops.runtime.TestEquals.testNotEqualsCharacter () [0x00000] in <filename unknown>:0
at (wrapper managed-to-native) System.Reflection.MonoMethod:InternalInvoke (System.Reflection.MonoMethod,object,object[],System.Exception&)
at System.Reflection.MonoMethod.Invoke (System.Object obj, BindingFlags invokeAttr, System.Reflection.Binder binder, System.Object[] parameters, System.Globalization.CultureInfo culture) [0x00000] in <filename unknown>:0
]]></stack-trace>
                        </failure>
                      </test-case>
                      <test-case name="presto.oops.runtime.TestEquals.testNotEqualsDate" executed="True" success="False" time="0.003" asserts="1">
                        <failure>
                          <message><![CDATA[System.NullReferenceException : Object reference not set to an instance of an object]]></message>
                          <stack-trace><![CDATA[at presto.declaration.BaseMethodDeclaration.register (presto.runtime.Context context) [0x00000] in <filename unknown>:0
at presto.grammar.DeclarationList.register (presto.runtime.Context context) [0x00000] in <filename unknown>:0
at presto.parser.BaseOopsParserTest.loadResource (System.String resourceName) [0x00000] in <filename unknown>:0
at presto.parser.BaseOopsParserTest.runResource (System.String resourceName) [0x00000] in <filename unknown>:0
at presto.parser.BaseOopsParserTest.CheckOutput (System.String resourceName) [0x00000] in <filename unknown>:0
at presto.oops.runtime.TestEquals.testNotEqualsDate () [0x00000] in <filename unknown>:0
at (wrapper managed-to-native) System.Reflection.MonoMethod:InternalInvoke (System.Reflection.MonoMethod,object,object[],System.Exception&)
at System.Reflection.MonoMethod.Invoke (System.Object obj, BindingFlags invokeAttr, System.Reflection.Binder binder, System.Object[] parameters, System.Globalization.CultureInfo culture) [0x00000] in <filename unknown>:0
]]></stack-trace>
                        </failure>
                      </test-case>
                      <test-case name="presto.oops.runtime.TestEquals.testNotEqualsDateTime" executed="True" success="False" time="0.004" asserts="1">
                        <failure>
                          <message><![CDATA[System.NullReferenceException : Object reference not set to an instance of an object]]></message>
                          <stack-trace><![CDATA[at presto.declaration.BaseMethodDeclaration.register (presto.runtime.Context context) [0x00000] in <filename unknown>:0
at presto.grammar.DeclarationList.register (presto.runtime.Context context) [0x00000] in <filename unknown>:0
at presto.parser.BaseOopsParserTest.loadResource (System.String resourceName) [0x00000] in <filename unknown>:0
at presto.parser.BaseOopsParserTest.runResource (System.String resourceName) [0x00000] in <filename unknown>:0
at presto.parser.BaseOopsParserTest.CheckOutput (System.String resourceName) [0x00000] in <filename unknown>:0
at presto.oops.runtime.TestEquals.testNotEqualsDateTime () [0x00000] in <filename unknown>:0
at (wrapper managed-to-native) System.Reflection.MonoMethod:InternalInvoke (System.Reflection.MonoMethod,object,object[],System.Exception&)
at System.Reflection.MonoMethod.Invoke (System.Object obj, BindingFlags invokeAttr, System.Reflection.Binder binder, System.Object[] parameters, System.Globalization.CultureInfo culture) [0x00000] in <filename unknown>:0
]]></stack-trace>
                        </failure>
                      </test-case>
                      <test-case name="presto.oops.runtime.TestEquals.testNotEqualsDecimal" executed="True" success="False" time="0.004" asserts="1">
                        <failure>
                          <message><![CDATA[System.NullReferenceException : Object reference not set to an instance of an object]]></message>
                          <stack-trace><![CDATA[at presto.declaration.BaseMethodDeclaration.register (presto.runtime.Context context) [0x00000] in <filename unknown>:0
at presto.grammar.DeclarationList.register (presto.runtime.Context context) [0x00000] in <filename unknown>:0
at presto.parser.BaseOopsParserTest.loadResource (System.String resourceName) [0x00000] in <filename unknown>:0
at presto.parser.BaseOopsParserTest.runResource (System.String resourceName) [0x00000] in <filename unknown>:0
at presto.parser.BaseOopsParserTest.CheckOutput (System.String resourceName) [0x00000] in <filename unknown>:0
at presto.oops.runtime.TestEquals.testNotEqualsDecimal () [0x00000] in <filename unknown>:0
at (wrapper managed-to-native) System.Reflection.MonoMethod:InternalInvoke (System.Reflection.MonoMethod,object,object[],System.Exception&)
at System.Reflection.MonoMethod.Invoke (System.Object obj, BindingFlags invokeAttr, System.Reflection.Binder binder, System.Object[] parameters, System.Globalization.CultureInfo culture) [0x00000] in <filename unknown>:0
]]></stack-trace>
                        </failure>
                      </test-case>
                      <test-case name="presto.oops.runtime.TestEquals.testNotEqualsDict" executed="True" success="False" time="0.003" asserts="1">
                        <failure>
                          <message><![CDATA[System.NullReferenceException : Object reference not set to an instance of an object]]></message>
                          <stack-trace><![CDATA[at presto.declaration.BaseMethodDeclaration.register (presto.runtime.Context context) [0x00000] in <filename unknown>:0
at presto.grammar.DeclarationList.register (presto.runtime.Context context) [0x00000] in <filename unknown>:0
at presto.parser.BaseOopsParserTest.loadResource (System.String resourceName) [0x00000] in <filename unknown>:0
at presto.parser.BaseOopsParserTest.runResource (System.String resourceName) [0x00000] in <filename unknown>:0
at presto.parser.BaseOopsParserTest.CheckOutput (System.String resourceName) [0x00000] in <filename unknown>:0
at presto.oops.runtime.TestEquals.testNotEqualsDict () [0x00000] in <filename unknown>:0
at (wrapper managed-to-native) System.Reflection.MonoMethod:InternalInvoke (System.Reflection.MonoMethod,object,object[],System.Exception&)
at System.Reflection.MonoMethod.Invoke (System.Object obj, BindingFlags invokeAttr, System.Reflection.Binder binder, System.Object[] parameters, System.Globalization.CultureInfo culture) [0x00000] in <filename unknown>:0
]]></stack-trace>
                        </failure>
                      </test-case>
                      <test-case name="presto.oops.runtime.TestEquals.testNotEqualsInteger" executed="True" success="False" time="0.003" asserts="1">
                        <failure>
                          <message><![CDATA[System.NullReferenceException : Object reference not set to an instance of an object]]></message>
                          <stack-trace><![CDATA[at presto.declaration.BaseMethodDeclaration.register (presto.runtime.Context context) [0x00000] in <filename unknown>:0
at presto.grammar.DeclarationList.register (presto.runtime.Context context) [0x00000] in <filename unknown>:0
at presto.parser.BaseOopsParserTest.loadResource (System.String resourceName) [0x00000] in <filename unknown>:0
at presto.parser.BaseOopsParserTest.runResource (System.String resourceName) [0x00000] in <filename unknown>:0
at presto.parser.BaseOopsParserTest.CheckOutput (System.String resourceName) [0x00000] in <filename unknown>:0
at presto.oops.runtime.TestEquals.testNotEqualsInteger () [0x00000] in <filename unknown>:0
at (wrapper managed-to-native) System.Reflection.MonoMethod:InternalInvoke (System.Reflection.MonoMethod,object,object[],System.Exception&)
at System.Reflection.MonoMethod.Invoke (System.Object obj, BindingFlags invokeAttr, System.Reflection.Binder binder, System.Object[] parameters, System.Globalization.CultureInfo culture) [0x00000] in <filename unknown>:0
]]></stack-trace>
                        </failure>
                      </test-case>
                      <test-case name="presto.oops.runtime.TestEquals.testNotEqualsList" executed="True" success="False" time="0.004" asserts="1">
                        <failure>
                          <message><![CDATA[System.NullReferenceException : Object reference not set to an instance of an object]]></message>
                          <stack-trace><![CDATA[at presto.declaration.BaseMethodDeclaration.register (presto.runtime.Context context) [0x00000] in <filename unknown>:0
at presto.grammar.DeclarationList.register (presto.runtime.Context context) [0x00000] in <filename unknown>:0
at presto.parser.BaseOopsParserTest.loadResource (System.String resourceName) [0x00000] in <filename unknown>:0
at presto.parser.BaseOopsParserTest.runResource (System.String resourceName) [0x00000] in <filename unknown>:0
at presto.parser.BaseOopsParserTest.CheckOutput (System.String resourceName) [0x00000] in <filename unknown>:0
at presto.oops.runtime.TestEquals.testNotEqualsList () [0x00000] in <filename unknown>:0
at (wrapper managed-to-native) System.Reflection.MonoMethod:InternalInvoke (System.Reflection.MonoMethod,object,object[],System.Exception&)
at System.Reflection.MonoMethod.Invoke (System.Object obj, BindingFlags invokeAttr, System.Reflection.Binder binder, System.Object[] parameters, System.Globalization.CultureInfo culture) [0x00000] in <filename unknown>:0
]]></stack-trace>
                        </failure>
                      </test-case>
                      <test-case name="presto.oops.runtime.TestEquals.testNotEqualsPeriod" executed="True" success="False" time="0.004" asserts="1">
                        <failure>
                          <message><![CDATA[System.NullReferenceException : Object reference not set to an instance of an object]]></message>
                          <stack-trace><![CDATA[at presto.declaration.BaseMethodDeclaration.register (presto.runtime.Context context) [0x00000] in <filename unknown>:0
at presto.grammar.DeclarationList.register (presto.runtime.Context context) [0x00000] in <filename unknown>:0
at presto.parser.BaseOopsParserTest.loadResource (System.String resourceName) [0x00000] in <filename unknown>:0
at presto.parser.BaseOopsParserTest.runResource (System.String resourceName) [0x00000] in <filename unknown>:0
at presto.parser.BaseOopsParserTest.CheckOutput (System.String resourceName) [0x00000] in <filename unknown>:0
at presto.oops.runtime.TestEquals.testNotEqualsPeriod () [0x00000] in <filename unknown>:0
at (wrapper managed-to-native) System.Reflection.MonoMethod:InternalInvoke (System.Reflection.MonoMethod,object,object[],System.Exception&)
at System.Reflection.MonoMethod.Invoke (System.Object obj, BindingFlags invokeAttr, System.Reflection.Binder binder, System.Object[] parameters, System.Globalization.CultureInfo culture) [0x00000] in <filename unknown>:0
]]></stack-trace>
                        </failure>
                      </test-case>
                      <test-case name="presto.oops.runtime.TestEquals.testNotEqualsRange" executed="True" success="False" time="0.004" asserts="1">
                        <failure>
                          <message><![CDATA[System.NullReferenceException : Object reference not set to an instance of an object]]></message>
                          <stack-trace><![CDATA[at presto.declaration.BaseMethodDeclaration.register (presto.runtime.Context context) [0x00000] in <filename unknown>:0
at presto.grammar.DeclarationList.register (presto.runtime.Context context) [0x00000] in <filename unknown>:0
at presto.parser.BaseOopsParserTest.loadResource (System.String resourceName) [0x00000] in <filename unknown>:0
at presto.parser.BaseOopsParserTest.runResource (System.String resourceName) [0x00000] in <filename unknown>:0
at presto.parser.BaseOopsParserTest.CheckOutput (System.String resourceName) [0x00000] in <filename unknown>:0
at presto.oops.runtime.TestEquals.testNotEqualsRange () [0x00000] in <filename unknown>:0
at (wrapper managed-to-native) System.Reflection.MonoMethod:InternalInvoke (System.Reflection.MonoMethod,object,object[],System.Exception&)
at System.Reflection.MonoMethod.Invoke (System.Object obj, BindingFlags invokeAttr, System.Reflection.Binder binder, System.Object[] parameters, System.Globalization.CultureInfo culture) [0x00000] in <filename unknown>:0
]]></stack-trace>
                        </failure>
                      </test-case>
                      <test-case name="presto.oops.runtime.TestEquals.testNotEqualsText" executed="True" success="False" time="0.002" asserts="1">
                        <failure>
                          <message><![CDATA[System.NullReferenceException : Object reference not set to an instance of an object]]></message>
                          <stack-trace><![CDATA[at presto.declaration.BaseMethodDeclaration.register (presto.runtime.Context context) [0x00000] in <filename unknown>:0
at presto.grammar.DeclarationList.register (presto.runtime.Context context) [0x00000] in <filename unknown>:0
at presto.parser.BaseOopsParserTest.loadResource (System.String resourceName) [0x00000] in <filename unknown>:0
at presto.parser.BaseOopsParserTest.runResource (System.String resourceName) [0x00000] in <filename unknown>:0
at presto.parser.BaseOopsParserTest.CheckOutput (System.String resourceName) [0x00000] in <filename unknown>:0
at presto.oops.runtime.TestEquals.testNotEqualsText () [0x00000] in <filename unknown>:0
at (wrapper managed-to-native) System.Reflection.MonoMethod:InternalInvoke (System.Reflection.MonoMethod,object,object[],System.Exception&)
at System.Reflection.MonoMethod.Invoke (System.Object obj, BindingFlags invokeAttr, System.Reflection.Binder binder, System.Object[] parameters, System.Globalization.CultureInfo culture) [0x00000] in <filename unknown>:0
]]></stack-trace>
                        </failure>
                      </test-case>
                      <test-case name="presto.oops.runtime.TestEquals.testNotEqualsTime" executed="True" success="False" time="0.003" asserts="1">
                        <failure>
                          <message><![CDATA[System.NullReferenceException : Object reference not set to an instance of an object]]></message>
                          <stack-trace><![CDATA[at presto.declaration.BaseMethodDeclaration.register (presto.runtime.Context context) [0x00000] in <filename unknown>:0
at presto.grammar.DeclarationList.register (presto.runtime.Context context) [0x00000] in <filename unknown>:0
at presto.parser.BaseOopsParserTest.loadResource (System.String resourceName) [0x00000] in <filename unknown>:0
at presto.parser.BaseOopsParserTest.runResource (System.String resourceName) [0x00000] in <filename unknown>:0
at presto.parser.BaseOopsParserTest.CheckOutput (System.String resourceName) [0x00000] in <filename unknown>:0
at presto.oops.runtime.TestEquals.testNotEqualsTime () [0x00000] in <filename unknown>:0
at (wrapper managed-to-native) System.Reflection.MonoMethod:InternalInvoke (System.Reflection.MonoMethod,object,object[],System.Exception&)
at System.Reflection.MonoMethod.Invoke (System.Object obj, BindingFlags invokeAttr, System.Reflection.Binder binder, System.Object[] parameters, System.Globalization.CultureInfo culture) [0x00000] in <filename unknown>:0
]]></stack-trace>
                        </failure>
                      </test-case>
                    </results>
                  </test-suite>
                  <test-suite name="TestErrors" success="False" time="0.061" asserts="0">
                    <results>
                      <test-case name="presto.oops.runtime.TestErrors.testDivideByZero" executed="True" success="False" time="0.007" asserts="1">
                        <failure>
                          <message><![CDATA[System.NullReferenceException : Object reference not set to an instance of an object]]></message>
                          <stack-trace><![CDATA[at presto.declaration.AttributeDeclaration.register (presto.runtime.Context context) [0x00000] in <filename unknown>:0
at presto.grammar.DeclarationList.register (presto.runtime.Context context) [0x00000] in <filename unknown>:0
at presto.parser.BaseOopsParserTest.loadResource (System.String resourceName) [0x00000] in <filename unknown>:0
at presto.parser.BaseOopsParserTest.runResource (System.String resourceName) [0x00000] in <filename unknown>:0
at presto.parser.BaseOopsParserTest.CheckOutput (System.String resourceName) [0x00000] in <filename unknown>:0
at presto.oops.runtime.TestErrors.testDivideByZero () [0x00000] in <filename unknown>:0
at (wrapper managed-to-native) System.Reflection.MonoMethod:InternalInvoke (System.Reflection.MonoMethod,object,object[],System.Exception&)
at System.Reflection.MonoMethod.Invoke (System.Object obj, BindingFlags invokeAttr, System.Reflection.Binder binder, System.Object[] parameters, System.Globalization.CultureInfo culture) [0x00000] in <filename unknown>:0
]]></stack-trace>
                        </failure>
                      </test-case>
                      <test-case name="presto.oops.runtime.TestErrors.testIndexOutOfRangeListItem" executed="True" success="False" time="0.002" asserts="1">
                        <failure>
                          <message><![CDATA[System.NullReferenceException : Object reference not set to an instance of an object]]></message>
                          <stack-trace><![CDATA[at presto.declaration.AttributeDeclaration.register (presto.runtime.Context context) [0x00000] in <filename unknown>:0
at presto.grammar.DeclarationList.register (presto.runtime.Context context) [0x00000] in <filename unknown>:0
at presto.parser.BaseOopsParserTest.loadResource (System.String resourceName) [0x00000] in <filename unknown>:0
at presto.parser.BaseOopsParserTest.runResource (System.String resourceName) [0x00000] in <filename unknown>:0
at presto.parser.BaseOopsParserTest.CheckOutput (System.String resourceName) [0x00000] in <filename unknown>:0
at presto.oops.runtime.TestErrors.testIndexOutOfRangeListItem () [0x00000] in <filename unknown>:0
at (wrapper managed-to-native) System.Reflection.MonoMethod:InternalInvoke (System.Reflection.MonoMethod,object,object[],System.Exception&)
at System.Reflection.MonoMethod.Invoke (System.Object obj, BindingFlags invokeAttr, System.Reflection.Binder binder, System.Object[] parameters, System.Globalization.CultureInfo culture) [0x00000] in <filename unknown>:0
]]></stack-trace>
                        </failure>
                      </test-case>
                      <test-case name="presto.oops.runtime.TestErrors.testIndexOutOfRangeSliceList" executed="True" success="False" time="0.006" asserts="1">
                        <failure>
                          <message><![CDATA[System.NullReferenceException : Object reference not set to an instance of an object]]></message>
                          <stack-trace><![CDATA[at presto.declaration.AttributeDeclaration.register (presto.runtime.Context context) [0x00000] in <filename unknown>:0
at presto.grammar.DeclarationList.register (presto.runtime.Context context) [0x00000] in <filename unknown>:0
at presto.parser.BaseOopsParserTest.loadResource (System.String resourceName) [0x00000] in <filename unknown>:0
at presto.parser.BaseOopsParserTest.runResource (System.String resourceName) [0x00000] in <filename unknown>:0
at presto.parser.BaseOopsParserTest.CheckOutput (System.String resourceName) [0x00000] in <filename unknown>:0
at presto.oops.runtime.TestErrors.testIndexOutOfRangeSliceList () [0x00000] in <filename unknown>:0
at (wrapper managed-to-native) System.Reflection.MonoMethod:InternalInvoke (System.Reflection.MonoMethod,object,object[],System.Exception&)
at System.Reflection.MonoMethod.Invoke (System.Object obj, BindingFlags invokeAttr, System.Reflection.Binder binder, System.Object[] parameters, System.Globalization.CultureInfo culture) [0x00000] in <filename unknown>:0
]]></stack-trace>
                        </failure>
                      </test-case>
                      <test-case name="presto.oops.runtime.TestErrors.testIndexOutOfRangeSliceRange" executed="True" success="False" time="0.003" asserts="1">
                        <failure>
                          <message><![CDATA[System.NullReferenceException : Object reference not set to an instance of an object]]></message>
                          <stack-trace><![CDATA[at presto.declaration.AttributeDeclaration.register (presto.runtime.Context context) [0x00000] in <filename unknown>:0
at presto.grammar.DeclarationList.register (presto.runtime.Context context) [0x00000] in <filename unknown>:0
at presto.parser.BaseOopsParserTest.loadResource (System.String resourceName) [0x00000] in <filename unknown>:0
at presto.parser.BaseOopsParserTest.runResource (System.String resourceName) [0x00000] in <filename unknown>:0
at presto.parser.BaseOopsParserTest.CheckOutput (System.String resourceName) [0x00000] in <filename unknown>:0
at presto.oops.runtime.TestErrors.testIndexOutOfRangeSliceRange () [0x00000] in <filename unknown>:0
at (wrapper managed-to-native) System.Reflection.MonoMethod:InternalInvoke (System.Reflection.MonoMethod,object,object[],System.Exception&)
at System.Reflection.MonoMethod.Invoke (System.Object obj, BindingFlags invokeAttr, System.Reflection.Binder binder, System.Object[] parameters, System.Globalization.CultureInfo culture) [0x00000] in <filename unknown>:0
]]></stack-trace>
                        </failure>
                      </test-case>
                      <test-case name="presto.oops.runtime.TestErrors.testIndexOutOfRangeSliceText" executed="True" success="False" time="0.001" asserts="1">
                        <failure>
                          <message><![CDATA[System.NullReferenceException : Object reference not set to an instance of an object]]></message>
                          <stack-trace><![CDATA[at presto.declaration.AttributeDeclaration.register (presto.runtime.Context context) [0x00000] in <filename unknown>:0
at presto.grammar.DeclarationList.register (presto.runtime.Context context) [0x00000] in <filename unknown>:0
at presto.parser.BaseOopsParserTest.loadResource (System.String resourceName) [0x00000] in <filename unknown>:0
at presto.parser.BaseOopsParserTest.runResource (System.String resourceName) [0x00000] in <filename unknown>:0
at presto.parser.BaseOopsParserTest.CheckOutput (System.String resourceName) [0x00000] in <filename unknown>:0
at presto.oops.runtime.TestErrors.testIndexOutOfRangeSliceText () [0x00000] in <filename unknown>:0
at (wrapper managed-to-native) System.Reflection.MonoMethod:InternalInvoke (System.Reflection.MonoMethod,object,object[],System.Exception&)
at System.Reflection.MonoMethod.Invoke (System.Object obj, BindingFlags invokeAttr, System.Reflection.Binder binder, System.Object[] parameters, System.Globalization.CultureInfo culture) [0x00000] in <filename unknown>:0
]]></stack-trace>
                        </failure>
                      </test-case>
                      <test-case name="presto.oops.runtime.TestErrors.testNullReference" executed="True" success="False" time="0.003" asserts="1">
                        <failure>
                          <message><![CDATA[System.NullReferenceException : Object reference not set to an instance of an object]]></message>
                          <stack-trace><![CDATA[at presto.declaration.AttributeDeclaration.register (presto.runtime.Context context) [0x00000] in <filename unknown>:0
at presto.grammar.DeclarationList.register (presto.runtime.Context context) [0x00000] in <filename unknown>:0
at presto.parser.BaseOopsParserTest.loadResource (System.String resourceName) [0x00000] in <filename unknown>:0
at presto.parser.BaseOopsParserTest.runResource (System.String resourceName) [0x00000] in <filename unknown>:0
at presto.parser.BaseOopsParserTest.CheckOutput (System.String resourceName) [0x00000] in <filename unknown>:0
at presto.oops.runtime.TestErrors.testNullReference () [0x00000] in <filename unknown>:0
at (wrapper managed-to-native) System.Reflection.MonoMethod:InternalInvoke (System.Reflection.MonoMethod,object,object[],System.Exception&)
at System.Reflection.MonoMethod.Invoke (System.Object obj, BindingFlags invokeAttr, System.Reflection.Binder binder, System.Object[] parameters, System.Globalization.CultureInfo culture) [0x00000] in <filename unknown>:0
]]></stack-trace>
                        </failure>
                      </test-case>
                      <test-case name="presto.oops.runtime.TestErrors.testUserException" executed="True" success="False" time="0.003" asserts="1">
                        <failure>
                          <message><![CDATA[System.NullReferenceException : Object reference not set to an instance of an object]]></message>
                          <stack-trace><![CDATA[at presto.declaration.AttributeDeclaration.register (presto.runtime.Context context) [0x00000] in <filename unknown>:0
at presto.grammar.DeclarationList.register (presto.runtime.Context context) [0x00000] in <filename unknown>:0
at presto.parser.BaseOopsParserTest.loadResource (System.String resourceName) [0x00000] in <filename unknown>:0
at presto.parser.BaseOopsParserTest.runResource (System.String resourceName) [0x00000] in <filename unknown>:0
at presto.parser.BaseOopsParserTest.CheckOutput (System.String resourceName) [0x00000] in <filename unknown>:0
at presto.oops.runtime.TestErrors.testUserException () [0x00000] in <filename unknown>:0
at (wrapper managed-to-native) System.Reflection.MonoMethod:InternalInvoke (System.Reflection.MonoMethod,object,object[],System.Exception&)
at System.Reflection.MonoMethod.Invoke (System.Object obj, BindingFlags invokeAttr, System.Reflection.Binder binder, System.Object[] parameters, System.Globalization.CultureInfo culture) [0x00000] in <filename unknown>:0
]]></stack-trace>
                        </failure>
                      </test-case>
                    </results>
                  </test-suite>
                  <test-suite name="TestFetch" success="False" time="0.014" asserts="0">
                    <results>
                      <test-case name="presto.oops.runtime.TestFetch.testFetch" executed="True" success="False" time="0.014" asserts="1">
                        <failure>
                          <message><![CDATA[System.NullReferenceException : Object reference not set to an instance of an object]]></message>
                          <stack-trace><![CDATA[at presto.declaration.BaseMethodDeclaration.register (presto.runtime.Context context) [0x00000] in <filename unknown>:0
at presto.grammar.DeclarationList.register (presto.runtime.Context context) [0x00000] in <filename unknown>:0
at presto.parser.BaseOopsParserTest.loadResource (System.String resourceName) [0x00000] in <filename unknown>:0
at presto.parser.BaseOopsParserTest.runResource (System.String resourceName) [0x00000] in <filename unknown>:0
at presto.parser.BaseOopsParserTest.CheckOutput (System.String resourceName) [0x00000] in <filename unknown>:0
at presto.oops.runtime.TestFetch.testFetch () [0x00000] in <filename unknown>:0
at (wrapper managed-to-native) System.Reflection.MonoMethod:InternalInvoke (System.Reflection.MonoMethod,object,object[],System.Exception&)
at System.Reflection.MonoMethod.Invoke (System.Object obj, BindingFlags invokeAttr, System.Reflection.Binder binder, System.Object[] parameters, System.Globalization.CultureInfo culture) [0x00000] in <filename unknown>:0
]]></stack-trace>
                        </failure>
                      </test-case>
                    </results>
                  </test-suite>
                  <test-suite name="TestForward" success="False" time="0.004" asserts="0">
                    <results>
                      <test-case name="presto.oops.runtime.TestForward.testForward" executed="True" success="False" time="0.004" asserts="1">
                        <failure>
                          <message><![CDATA[System.NullReferenceException : Object reference not set to an instance of an object]]></message>
                          <stack-trace><![CDATA[at presto.declaration.CategoryDeclaration.register (presto.runtime.Context context) [0x00000] in <filename unknown>:0
at presto.grammar.DeclarationList.register (presto.runtime.Context context) [0x00000] in <filename unknown>:0
at presto.parser.BaseOopsParserTest.loadResource (System.String resourceName) [0x00000] in <filename unknown>:0
at presto.parser.BaseOopsParserTest.runResource (System.String resourceName) [0x00000] in <filename unknown>:0
at presto.parser.BaseOopsParserTest.CheckOutput (System.String resourceName) [0x00000] in <filename unknown>:0
at presto.oops.runtime.TestForward.testForward () [0x00000] in <filename unknown>:0
at (wrapper managed-to-native) System.Reflection.MonoMethod:InternalInvoke (System.Reflection.MonoMethod,object,object[],System.Exception&)
at System.Reflection.MonoMethod.Invoke (System.Object obj, BindingFlags invokeAttr, System.Reflection.Binder binder, System.Object[] parameters, System.Globalization.CultureInfo culture) [0x00000] in <filename unknown>:0
]]></stack-trace>
                        </failure>
                      </test-case>
                    </results>
                  </test-suite>
                  <test-suite name="TestGreater" success="False" time="0.141" asserts="0">
                    <results>
                      <test-case name="presto.oops.runtime.TestGreater.testGreaterOrEqualThanCharacter" executed="True" success="False" time="0.009" asserts="1">
                        <failure>
                          <message><![CDATA[System.NullReferenceException : Object reference not set to an instance of an object]]></message>
                          <stack-trace><![CDATA[at presto.declaration.BaseMethodDeclaration.register (presto.runtime.Context context) [0x00000] in <filename unknown>:0
at presto.grammar.DeclarationList.register (presto.runtime.Context context) [0x00000] in <filename unknown>:0
at presto.parser.BaseOopsParserTest.loadResource (System.String resourceName) [0x00000] in <filename unknown>:0
at presto.parser.BaseOopsParserTest.runResource (System.String resourceName) [0x00000] in <filename unknown>:0
at presto.parser.BaseOopsParserTest.CheckOutput (System.String resourceName) [0x00000] in <filename unknown>:0
at presto.oops.runtime.TestGreater.testGreaterOrEqualThanCharacter () [0x00000] in <filename unknown>:0
at (wrapper managed-to-native) System.Reflection.MonoMethod:InternalInvoke (System.Reflection.MonoMethod,object,object[],System.Exception&)
at System.Reflection.MonoMethod.Invoke (System.Object obj, BindingFlags invokeAttr, System.Reflection.Binder binder, System.Object[] parameters, System.Globalization.CultureInfo culture) [0x00000] in <filename unknown>:0
]]></stack-trace>
                        </failure>
                      </test-case>
                      <test-case name="presto.oops.runtime.TestGreater.testGreaterOrEqualThanDate" executed="True" success="False" time="0.004" asserts="1">
                        <failure>
                          <message><![CDATA[System.NullReferenceException : Object reference not set to an instance of an object]]></message>
                          <stack-trace><![CDATA[at presto.declaration.BaseMethodDeclaration.register (presto.runtime.Context context) [0x00000] in <filename unknown>:0
at presto.grammar.DeclarationList.register (presto.runtime.Context context) [0x00000] in <filename unknown>:0
at presto.parser.BaseOopsParserTest.loadResource (System.String resourceName) [0x00000] in <filename unknown>:0
at presto.parser.BaseOopsParserTest.runResource (System.String resourceName) [0x00000] in <filename unknown>:0
at presto.parser.BaseOopsParserTest.CheckOutput (System.String resourceName) [0x00000] in <filename unknown>:0
at presto.oops.runtime.TestGreater.testGreaterOrEqualThanDate () [0x00000] in <filename unknown>:0
at (wrapper managed-to-native) System.Reflection.MonoMethod:InternalInvoke (System.Reflection.MonoMethod,object,object[],System.Exception&)
at System.Reflection.MonoMethod.Invoke (System.Object obj, BindingFlags invokeAttr, System.Reflection.Binder binder, System.Object[] parameters, System.Globalization.CultureInfo culture) [0x00000] in <filename unknown>:0
]]></stack-trace>
                        </failure>
                      </test-case>
                      <test-case name="presto.oops.runtime.TestGreater.testGreaterOrEqualThanDateTime" executed="True" success="False" time="0.003" asserts="1">
                        <failure>
                          <message><![CDATA[System.NullReferenceException : Object reference not set to an instance of an object]]></message>
                          <stack-trace><![CDATA[at presto.declaration.BaseMethodDeclaration.register (presto.runtime.Context context) [0x00000] in <filename unknown>:0
at presto.grammar.DeclarationList.register (presto.runtime.Context context) [0x00000] in <filename unknown>:0
at presto.parser.BaseOopsParserTest.loadResource (System.String resourceName) [0x00000] in <filename unknown>:0
at presto.parser.BaseOopsParserTest.runResource (System.String resourceName) [0x00000] in <filename unknown>:0
at presto.parser.BaseOopsParserTest.CheckOutput (System.String resourceName) [0x00000] in <filename unknown>:0
at presto.oops.runtime.TestGreater.testGreaterOrEqualThanDateTime () [0x00000] in <filename unknown>:0
at (wrapper managed-to-native) System.Reflection.MonoMethod:InternalInvoke (System.Reflection.MonoMethod,object,object[],System.Exception&)
at System.Reflection.MonoMethod.Invoke (System.Object obj, BindingFlags invokeAttr, System.Reflection.Binder binder, System.Object[] parameters, System.Globalization.CultureInfo culture) [0x00000] in <filename unknown>:0
]]></stack-trace>
                        </failure>
                      </test-case>
                      <test-case name="presto.oops.runtime.TestGreater.testGreaterOrEqualThanDecimal" executed="True" success="False" time="0.006" asserts="1">
                        <failure>
                          <message><![CDATA[System.NullReferenceException : Object reference not set to an instance of an object]]></message>
                          <stack-trace><![CDATA[at presto.declaration.BaseMethodDeclaration.register (presto.runtime.Context context) [0x00000] in <filename unknown>:0
at presto.grammar.DeclarationList.register (presto.runtime.Context context) [0x00000] in <filename unknown>:0
at presto.parser.BaseOopsParserTest.loadResource (System.String resourceName) [0x00000] in <filename unknown>:0
at presto.parser.BaseOopsParserTest.runResource (System.String resourceName) [0x00000] in <filename unknown>:0
at presto.parser.BaseOopsParserTest.CheckOutput (System.String resourceName) [0x00000] in <filename unknown>:0
at presto.oops.runtime.TestGreater.testGreaterOrEqualThanDecimal () [0x00000] in <filename unknown>:0
at (wrapper managed-to-native) System.Reflection.MonoMethod:InternalInvoke (System.Reflection.MonoMethod,object,object[],System.Exception&)
at System.Reflection.MonoMethod.Invoke (System.Object obj, BindingFlags invokeAttr, System.Reflection.Binder binder, System.Object[] parameters, System.Globalization.CultureInfo culture) [0x00000] in <filename unknown>:0
]]></stack-trace>
                        </failure>
                      </test-case>
                      <test-case name="presto.oops.runtime.TestGreater.testGreaterOrEqualThanInteger" executed="True" success="False" time="0.005" asserts="1">
                        <failure>
                          <message><![CDATA[System.NullReferenceException : Object reference not set to an instance of an object]]></message>
                          <stack-trace><![CDATA[at presto.declaration.BaseMethodDeclaration.register (presto.runtime.Context context) [0x00000] in <filename unknown>:0
at presto.grammar.DeclarationList.register (presto.runtime.Context context) [0x00000] in <filename unknown>:0
at presto.parser.BaseOopsParserTest.loadResource (System.String resourceName) [0x00000] in <filename unknown>:0
at presto.parser.BaseOopsParserTest.runResource (System.String resourceName) [0x00000] in <filename unknown>:0
at presto.parser.BaseOopsParserTest.CheckOutput (System.String resourceName) [0x00000] in <filename unknown>:0
at presto.oops.runtime.TestGreater.testGreaterOrEqualThanInteger () [0x00000] in <filename unknown>:0
at (wrapper managed-to-native) System.Reflection.MonoMethod:InternalInvoke (System.Reflection.MonoMethod,object,object[],System.Exception&)
at System.Reflection.MonoMethod.Invoke (System.Object obj, BindingFlags invokeAttr, System.Reflection.Binder binder, System.Object[] parameters, System.Globalization.CultureInfo culture) [0x00000] in <filename unknown>:0
]]></stack-trace>
                        </failure>
                      </test-case>
                      <test-case name="presto.oops.runtime.TestGreater.testGreaterOrEqualThanText" executed="True" success="False" time="0.004" asserts="1">
                        <failure>
                          <message><![CDATA[System.NullReferenceException : Object reference not set to an instance of an object]]></message>
                          <stack-trace><![CDATA[at presto.declaration.BaseMethodDeclaration.register (presto.runtime.Context context) [0x00000] in <filename unknown>:0
at presto.grammar.DeclarationList.register (presto.runtime.Context context) [0x00000] in <filename unknown>:0
at presto.parser.BaseOopsParserTest.loadResource (System.String resourceName) [0x00000] in <filename unknown>:0
at presto.parser.BaseOopsParserTest.runResource (System.String resourceName) [0x00000] in <filename unknown>:0
at presto.parser.BaseOopsParserTest.CheckOutput (System.String resourceName) [0x00000] in <filename unknown>:0
at presto.oops.runtime.TestGreater.testGreaterOrEqualThanText () [0x00000] in <filename unknown>:0
at (wrapper managed-to-native) System.Reflection.MonoMethod:InternalInvoke (System.Reflection.MonoMethod,object,object[],System.Exception&)
at System.Reflection.MonoMethod.Invoke (System.Object obj, BindingFlags invokeAttr, System.Reflection.Binder binder, System.Object[] parameters, System.Globalization.CultureInfo culture) [0x00000] in <filename unknown>:0
]]></stack-trace>
                        </failure>
                      </test-case>
                      <test-case name="presto.oops.runtime.TestGreater.testGreaterOrEqualThanTime" executed="True" success="False" time="0.003" asserts="1">
                        <failure>
                          <message><![CDATA[System.NullReferenceException : Object reference not set to an instance of an object]]></message>
                          <stack-trace><![CDATA[at presto.declaration.BaseMethodDeclaration.register (presto.runtime.Context context) [0x00000] in <filename unknown>:0
at presto.grammar.DeclarationList.register (presto.runtime.Context context) [0x00000] in <filename unknown>:0
at presto.parser.BaseOopsParserTest.loadResource (System.String resourceName) [0x00000] in <filename unknown>:0
at presto.parser.BaseOopsParserTest.runResource (System.String resourceName) [0x00000] in <filename unknown>:0
at presto.parser.BaseOopsParserTest.CheckOutput (System.String resourceName) [0x00000] in <filename unknown>:0
at presto.oops.runtime.TestGreater.testGreaterOrEqualThanTime () [0x00000] in <filename unknown>:0
at (wrapper managed-to-native) System.Reflection.MonoMethod:InternalInvoke (System.Reflection.MonoMethod,object,object[],System.Exception&)
at System.Reflection.MonoMethod.Invoke (System.Object obj, BindingFlags invokeAttr, System.Reflection.Binder binder, System.Object[] parameters, System.Globalization.CultureInfo culture) [0x00000] in <filename unknown>:0
]]></stack-trace>
                        </failure>
                      </test-case>
                      <test-case name="presto.oops.runtime.TestGreater.testGreaterThanCharacter" executed="True" success="False" time="0.007" asserts="1">
                        <failure>
                          <message><![CDATA[System.NullReferenceException : Object reference not set to an instance of an object]]></message>
                          <stack-trace><![CDATA[at presto.declaration.BaseMethodDeclaration.register (presto.runtime.Context context) [0x00000] in <filename unknown>:0
at presto.grammar.DeclarationList.register (presto.runtime.Context context) [0x00000] in <filename unknown>:0
at presto.parser.BaseOopsParserTest.loadResource (System.String resourceName) [0x00000] in <filename unknown>:0
at presto.parser.BaseOopsParserTest.runResource (System.String resourceName) [0x00000] in <filename unknown>:0
at presto.parser.BaseOopsParserTest.CheckOutput (System.String resourceName) [0x00000] in <filename unknown>:0
at presto.oops.runtime.TestGreater.testGreaterThanCharacter () [0x00000] in <filename unknown>:0
at (wrapper managed-to-native) System.Reflection.MonoMethod:InternalInvoke (System.Reflection.MonoMethod,object,object[],System.Exception&)
at System.Reflection.MonoMethod.Invoke (System.Object obj, BindingFlags invokeAttr, System.Reflection.Binder binder, System.Object[] parameters, System.Globalization.CultureInfo culture) [0x00000] in <filename unknown>:0
]]></stack-trace>
                        </failure>
                      </test-case>
                      <test-case name="presto.oops.runtime.TestGreater.testGreaterThanDate" executed="True" success="False" time="0.003" asserts="1">
                        <failure>
                          <message><![CDATA[System.NullReferenceException : Object reference not set to an instance of an object]]></message>
                          <stack-trace><![CDATA[at presto.declaration.BaseMethodDeclaration.register (presto.runtime.Context context) [0x00000] in <filename unknown>:0
at presto.grammar.DeclarationList.register (presto.runtime.Context context) [0x00000] in <filename unknown>:0
at presto.parser.BaseOopsParserTest.loadResource (System.String resourceName) [0x00000] in <filename unknown>:0
at presto.parser.BaseOopsParserTest.runResource (System.String resourceName) [0x00000] in <filename unknown>:0
at presto.parser.BaseOopsParserTest.CheckOutput (System.String resourceName) [0x00000] in <filename unknown>:0
at presto.oops.runtime.TestGreater.testGreaterThanDate () [0x00000] in <filename unknown>:0
at (wrapper managed-to-native) System.Reflection.MonoMethod:InternalInvoke (System.Reflection.MonoMethod,object,object[],System.Exception&)
at System.Reflection.MonoMethod.Invoke (System.Object obj, BindingFlags invokeAttr, System.Reflection.Binder binder, System.Object[] parameters, System.Globalization.CultureInfo culture) [0x00000] in <filename unknown>:0
]]></stack-trace>
                        </failure>
                      </test-case>
                      <test-case name="presto.oops.runtime.TestGreater.testGreaterThanDateTime" executed="True" success="False" time="0.002" asserts="1">
                        <failure>
                          <message><![CDATA[System.NullReferenceException : Object reference not set to an instance of an object]]></message>
                          <stack-trace><![CDATA[at presto.declaration.BaseMethodDeclaration.register (presto.runtime.Context context) [0x00000] in <filename unknown>:0
at presto.grammar.DeclarationList.register (presto.runtime.Context context) [0x00000] in <filename unknown>:0
at presto.parser.BaseOopsParserTest.loadResource (System.String resourceName) [0x00000] in <filename unknown>:0
at presto.parser.BaseOopsParserTest.runResource (System.String resourceName) [0x00000] in <filename unknown>:0
at presto.parser.BaseOopsParserTest.CheckOutput (System.String resourceName) [0x00000] in <filename unknown>:0
at presto.oops.runtime.TestGreater.testGreaterThanDateTime () [0x00000] in <filename unknown>:0
at (wrapper managed-to-native) System.Reflection.MonoMethod:InternalInvoke (System.Reflection.MonoMethod,object,object[],System.Exception&)
at System.Reflection.MonoMethod.Invoke (System.Object obj, BindingFlags invokeAttr, System.Reflection.Binder binder, System.Object[] parameters, System.Globalization.CultureInfo culture) [0x00000] in <filename unknown>:0
]]></stack-trace>
                        </failure>
                      </test-case>
                      <test-case name="presto.oops.runtime.TestGreater.testGreaterThanDecimal" executed="True" success="False" time="0.004" asserts="1">
                        <failure>
                          <message><![CDATA[System.NullReferenceException : Object reference not set to an instance of an object]]></message>
                          <stack-trace><![CDATA[at presto.declaration.BaseMethodDeclaration.register (presto.runtime.Context context) [0x00000] in <filename unknown>:0
at presto.grammar.DeclarationList.register (presto.runtime.Context context) [0x00000] in <filename unknown>:0
at presto.parser.BaseOopsParserTest.loadResource (System.String resourceName) [0x00000] in <filename unknown>:0
at presto.parser.BaseOopsParserTest.runResource (System.String resourceName) [0x00000] in <filename unknown>:0
at presto.parser.BaseOopsParserTest.CheckOutput (System.String resourceName) [0x00000] in <filename unknown>:0
at presto.oops.runtime.TestGreater.testGreaterThanDecimal () [0x00000] in <filename unknown>:0
at (wrapper managed-to-native) System.Reflection.MonoMethod:InternalInvoke (System.Reflection.MonoMethod,object,object[],System.Exception&)
at System.Reflection.MonoMethod.Invoke (System.Object obj, BindingFlags invokeAttr, System.Reflection.Binder binder, System.Object[] parameters, System.Globalization.CultureInfo culture) [0x00000] in <filename unknown>:0
]]></stack-trace>
                        </failure>
                      </test-case>
                      <test-case name="presto.oops.runtime.TestGreater.testGreaterThanInteger" executed="True" success="False" time="0.005" asserts="1">
                        <failure>
                          <message><![CDATA[System.NullReferenceException : Object reference not set to an instance of an object]]></message>
                          <stack-trace><![CDATA[at presto.declaration.BaseMethodDeclaration.register (presto.runtime.Context context) [0x00000] in <filename unknown>:0
at presto.grammar.DeclarationList.register (presto.runtime.Context context) [0x00000] in <filename unknown>:0
at presto.parser.BaseOopsParserTest.loadResource (System.String resourceName) [0x00000] in <filename unknown>:0
at presto.parser.BaseOopsParserTest.runResource (System.String resourceName) [0x00000] in <filename unknown>:0
at presto.parser.BaseOopsParserTest.CheckOutput (System.String resourceName) [0x00000] in <filename unknown>:0
at presto.oops.runtime.TestGreater.testGreaterThanInteger () [0x00000] in <filename unknown>:0
at (wrapper managed-to-native) System.Reflection.MonoMethod:InternalInvoke (System.Reflection.MonoMethod,object,object[],System.Exception&)
at System.Reflection.MonoMethod.Invoke (System.Object obj, BindingFlags invokeAttr, System.Reflection.Binder binder, System.Object[] parameters, System.Globalization.CultureInfo culture) [0x00000] in <filename unknown>:0
]]></stack-trace>
                        </failure>
                      </test-case>
                      <test-case name="presto.oops.runtime.TestGreater.testGreaterThanText" executed="True" success="False" time="0.002" asserts="1">
                        <failure>
                          <message><![CDATA[System.NullReferenceException : Object reference not set to an instance of an object]]></message>
                          <stack-trace><![CDATA[at presto.declaration.BaseMethodDeclaration.register (presto.runtime.Context context) [0x00000] in <filename unknown>:0
at presto.grammar.DeclarationList.register (presto.runtime.Context context) [0x00000] in <filename unknown>:0
at presto.parser.BaseOopsParserTest.loadResource (System.String resourceName) [0x00000] in <filename unknown>:0
at presto.parser.BaseOopsParserTest.runResource (System.String resourceName) [0x00000] in <filename unknown>:0
at presto.parser.BaseOopsParserTest.CheckOutput (System.String resourceName) [0x00000] in <filename unknown>:0
at presto.oops.runtime.TestGreater.testGreaterThanText () [0x00000] in <filename unknown>:0
at (wrapper managed-to-native) System.Reflection.MonoMethod:InternalInvoke (System.Reflection.MonoMethod,object,object[],System.Exception&)
at System.Reflection.MonoMethod.Invoke (System.Object obj, BindingFlags invokeAttr, System.Reflection.Binder binder, System.Object[] parameters, System.Globalization.CultureInfo culture) [0x00000] in <filename unknown>:0
]]></stack-trace>
                        </failure>
                      </test-case>
                      <test-case name="presto.oops.runtime.TestGreater.testGreaterThanTime" executed="True" success="False" time="0.002" asserts="1">
                        <failure>
                          <message><![CDATA[System.NullReferenceException : Object reference not set to an instance of an object]]></message>
                          <stack-trace><![CDATA[at presto.declaration.BaseMethodDeclaration.register (presto.runtime.Context context) [0x00000] in <filename unknown>:0
at presto.grammar.DeclarationList.register (presto.runtime.Context context) [0x00000] in <filename unknown>:0
at presto.parser.BaseOopsParserTest.loadResource (System.String resourceName) [0x00000] in <filename unknown>:0
at presto.parser.BaseOopsParserTest.runResource (System.String resourceName) [0x00000] in <filename unknown>:0
at presto.parser.BaseOopsParserTest.CheckOutput (System.String resourceName) [0x00000] in <filename unknown>:0
at presto.oops.runtime.TestGreater.testGreaterThanTime () [0x00000] in <filename unknown>:0
at (wrapper managed-to-native) System.Reflection.MonoMethod:InternalInvoke (System.Reflection.MonoMethod,object,object[],System.Exception&)
at System.Reflection.MonoMethod.Invoke (System.Object obj, BindingFlags invokeAttr, System.Reflection.Binder binder, System.Object[] parameters, System.Globalization.CultureInfo culture) [0x00000] in <filename unknown>:0
]]></stack-trace>
                        </failure>
                      </test-case>
                    </results>
                  </test-suite>
                  <test-suite name="TestInjections" success="False" time="0.007" asserts="0">
                    <results>
                      <test-case name="presto.oops.runtime.TestInjections.testExpression" executed="True" success="False" time="0.006" asserts="1">
                        <failure>
                          <message><![CDATA[System.NullReferenceException : Object reference not set to an instance of an object]]></message>
                          <stack-trace><![CDATA[at presto.declaration.BaseMethodDeclaration.register (presto.runtime.Context context) [0x00000] in <filename unknown>:0
at presto.grammar.DeclarationList.register (presto.runtime.Context context) [0x00000] in <filename unknown>:0
at presto.parser.BaseOopsParserTest.loadResource (System.String resourceName) [0x00000] in <filename unknown>:0
at presto.parser.BaseOopsParserTest.runResource (System.String resourceName) [0x00000] in <filename unknown>:0
at presto.parser.BaseOopsParserTest.CheckOutput (System.String resourceName) [0x00000] in <filename unknown>:0
at presto.oops.runtime.TestInjections.testExpression () [0x00000] in <filename unknown>:0
at (wrapper managed-to-native) System.Reflection.MonoMethod:InternalInvoke (System.Reflection.MonoMethod,object,object[],System.Exception&)
at System.Reflection.MonoMethod.Invoke (System.Object obj, BindingFlags invokeAttr, System.Reflection.Binder binder, System.Object[] parameters, System.Globalization.CultureInfo culture) [0x00000] in <filename unknown>:0
]]></stack-trace>
                        </failure>
                      </test-case>
                    </results>
                  </test-suite>
                  <test-suite name="TestItem" success="False" time="0.029" asserts="0">
                    <results>
                      <test-case name="presto.oops.runtime.TestItem.testItemDict" executed="True" success="False" time="0.002" asserts="1">
                        <failure>
                          <message><![CDATA[System.NullReferenceException : Object reference not set to an instance of an object]]></message>
                          <stack-trace><![CDATA[at presto.declaration.BaseMethodDeclaration.register (presto.runtime.Context context) [0x00000] in <filename unknown>:0
at presto.grammar.DeclarationList.register (presto.runtime.Context context) [0x00000] in <filename unknown>:0
at presto.parser.BaseOopsParserTest.loadResource (System.String resourceName) [0x00000] in <filename unknown>:0
at presto.parser.BaseOopsParserTest.runResource (System.String resourceName) [0x00000] in <filename unknown>:0
at presto.parser.BaseOopsParserTest.CheckOutput (System.String resourceName) [0x00000] in <filename unknown>:0
at presto.oops.runtime.TestItem.testItemDict () [0x00000] in <filename unknown>:0
at (wrapper managed-to-native) System.Reflection.MonoMethod:InternalInvoke (System.Reflection.MonoMethod,object,object[],System.Exception&)
at System.Reflection.MonoMethod.Invoke (System.Object obj, BindingFlags invokeAttr, System.Reflection.Binder binder, System.Object[] parameters, System.Globalization.CultureInfo culture) [0x00000] in <filename unknown>:0
]]></stack-trace>
                        </failure>
                      </test-case>
                      <test-case name="presto.oops.runtime.TestItem.testItemList" executed="True" success="False" time="0.001" asserts="1">
                        <failure>
                          <message><![CDATA[System.NullReferenceException : Object reference not set to an instance of an object]]></message>
                          <stack-trace><![CDATA[at presto.declaration.BaseMethodDeclaration.register (presto.runtime.Context context) [0x00000] in <filename unknown>:0
at presto.grammar.DeclarationList.register (presto.runtime.Context context) [0x00000] in <filename unknown>:0
at presto.parser.BaseOopsParserTest.loadResource (System.String resourceName) [0x00000] in <filename unknown>:0
at presto.parser.BaseOopsParserTest.runResource (System.String resourceName) [0x00000] in <filename unknown>:0
at presto.parser.BaseOopsParserTest.CheckOutput (System.String resourceName) [0x00000] in <filename unknown>:0
at presto.oops.runtime.TestItem.testItemList () [0x00000] in <filename unknown>:0
at (wrapper managed-to-native) System.Reflection.MonoMethod:InternalInvoke (System.Reflection.MonoMethod,object,object[],System.Exception&)
at System.Reflection.MonoMethod.Invoke (System.Object obj, BindingFlags invokeAttr, System.Reflection.Binder binder, System.Object[] parameters, System.Globalization.CultureInfo culture) [0x00000] in <filename unknown>:0
]]></stack-trace>
                        </failure>
                      </test-case>
                      <test-case name="presto.oops.runtime.TestItem.testItemRange" executed="True" success="False" time="0.001" asserts="1">
                        <failure>
                          <message><![CDATA[System.NullReferenceException : Object reference not set to an instance of an object]]></message>
                          <stack-trace><![CDATA[at presto.declaration.BaseMethodDeclaration.register (presto.runtime.Context context) [0x00000] in <filename unknown>:0
at presto.grammar.DeclarationList.register (presto.runtime.Context context) [0x00000] in <filename unknown>:0
at presto.parser.BaseOopsParserTest.loadResource (System.String resourceName) [0x00000] in <filename unknown>:0
at presto.parser.BaseOopsParserTest.runResource (System.String resourceName) [0x00000] in <filename unknown>:0
at presto.parser.BaseOopsParserTest.CheckOutput (System.String resourceName) [0x00000] in <filename unknown>:0
at presto.oops.runtime.TestItem.testItemRange () [0x00000] in <filename unknown>:0
at (wrapper managed-to-native) System.Reflection.MonoMethod:InternalInvoke (System.Reflection.MonoMethod,object,object[],System.Exception&)
at System.Reflection.MonoMethod.Invoke (System.Object obj, BindingFlags invokeAttr, System.Reflection.Binder binder, System.Object[] parameters, System.Globalization.CultureInfo culture) [0x00000] in <filename unknown>:0
]]></stack-trace>
                        </failure>
                      </test-case>
                      <test-case name="presto.oops.runtime.TestItem.testItemText" executed="True" success="False" time="0.001" asserts="1">
                        <failure>
                          <message><![CDATA[System.NullReferenceException : Object reference not set to an instance of an object]]></message>
                          <stack-trace><![CDATA[at presto.declaration.BaseMethodDeclaration.register (presto.runtime.Context context) [0x00000] in <filename unknown>:0
at presto.grammar.DeclarationList.register (presto.runtime.Context context) [0x00000] in <filename unknown>:0
at presto.parser.BaseOopsParserTest.loadResource (System.String resourceName) [0x00000] in <filename unknown>:0
at presto.parser.BaseOopsParserTest.runResource (System.String resourceName) [0x00000] in <filename unknown>:0
at presto.parser.BaseOopsParserTest.CheckOutput (System.String resourceName) [0x00000] in <filename unknown>:0
at presto.oops.runtime.TestItem.testItemText () [0x00000] in <filename unknown>:0
at (wrapper managed-to-native) System.Reflection.MonoMethod:InternalInvoke (System.Reflection.MonoMethod,object,object[],System.Exception&)
at System.Reflection.MonoMethod.Invoke (System.Object obj, BindingFlags invokeAttr, System.Reflection.Binder binder, System.Object[] parameters, System.Globalization.CultureInfo culture) [0x00000] in <filename unknown>:0
]]></stack-trace>
                        </failure>
                      </test-case>
                    </results>
                  </test-suite>
                  <test-suite name="TestLazy" success="False" time="0.028" asserts="0">
                    <results>
                      <test-case name="presto.oops.runtime.TestLazy.testCyclic" executed="True" success="False" time="0.002" asserts="1">
                        <failure>
                          <message><![CDATA[System.NullReferenceException : Object reference not set to an instance of an object]]></message>
                          <stack-trace><![CDATA[at presto.declaration.BaseMethodDeclaration.register (presto.runtime.Context context) [0x00000] in <filename unknown>:0
at presto.grammar.DeclarationList.register (presto.runtime.Context context) [0x00000] in <filename unknown>:0
at presto.parser.BaseOopsParserTest.loadResource (System.String resourceName) [0x00000] in <filename unknown>:0
at presto.parser.BaseOopsParserTest.runResource (System.String resourceName) [0x00000] in <filename unknown>:0
at presto.parser.BaseOopsParserTest.CheckOutput (System.String resourceName) [0x00000] in <filename unknown>:0
at presto.oops.runtime.TestLazy.testCyclic () [0x00000] in <filename unknown>:0
at (wrapper managed-to-native) System.Reflection.MonoMethod:InternalInvoke (System.Reflection.MonoMethod,object,object[],System.Exception&)
at System.Reflection.MonoMethod.Invoke (System.Object obj, BindingFlags invokeAttr, System.Reflection.Binder binder, System.Object[] parameters, System.Globalization.CultureInfo culture) [0x00000] in <filename unknown>:0
]]></stack-trace>
                        </failure>
                      </test-case>
                      <test-case name="presto.oops.runtime.TestLazy.testDict" executed="True" success="False" time="0.003" asserts="1">
                        <failure>
                          <message><![CDATA[System.NullReferenceException : Object reference not set to an instance of an object]]></message>
                          <stack-trace><![CDATA[at presto.declaration.BaseMethodDeclaration.register (presto.runtime.Context context) [0x00000] in <filename unknown>:0
at presto.grammar.DeclarationList.register (presto.runtime.Context context) [0x00000] in <filename unknown>:0
at presto.parser.BaseOopsParserTest.loadResource (System.String resourceName) [0x00000] in <filename unknown>:0
at presto.parser.BaseOopsParserTest.runResource (System.String resourceName) [0x00000] in <filename unknown>:0
at presto.parser.BaseOopsParserTest.CheckOutput (System.String resourceName) [0x00000] in <filename unknown>:0
at presto.oops.runtime.TestLazy.testDict () [0x00000] in <filename unknown>:0
at (wrapper managed-to-native) System.Reflection.MonoMethod:InternalInvoke (System.Reflection.MonoMethod,object,object[],System.Exception&)
at System.Reflection.MonoMethod.Invoke (System.Object obj, BindingFlags invokeAttr, System.Reflection.Binder binder, System.Object[] parameters, System.Globalization.CultureInfo culture) [0x00000] in <filename unknown>:0
]]></stack-trace>
                        </failure>
                      </test-case>
                      <test-case name="presto.oops.runtime.TestLazy.testList" executed="True" success="False" time="0.003" asserts="1">
                        <failure>
                          <message><![CDATA[System.NullReferenceException : Object reference not set to an instance of an object]]></message>
                          <stack-trace><![CDATA[at presto.declaration.BaseMethodDeclaration.register (presto.runtime.Context context) [0x00000] in <filename unknown>:0
at presto.grammar.DeclarationList.register (presto.runtime.Context context) [0x00000] in <filename unknown>:0
at presto.parser.BaseOopsParserTest.loadResource (System.String resourceName) [0x00000] in <filename unknown>:0
at presto.parser.BaseOopsParserTest.runResource (System.String resourceName) [0x00000] in <filename unknown>:0
at presto.parser.BaseOopsParserTest.CheckOutput (System.String resourceName) [0x00000] in <filename unknown>:0
at presto.oops.runtime.TestLazy.testList () [0x00000] in <filename unknown>:0
at (wrapper managed-to-native) System.Reflection.MonoMethod:InternalInvoke (System.Reflection.MonoMethod,object,object[],System.Exception&)
at System.Reflection.MonoMethod.Invoke (System.Object obj, BindingFlags invokeAttr, System.Reflection.Binder binder, System.Object[] parameters, System.Globalization.CultureInfo culture) [0x00000] in <filename unknown>:0
]]></stack-trace>
                        </failure>
                      </test-case>
                      <test-case name="presto.oops.runtime.TestLazy.testTransient" executed="True" success="False" time="0.002" asserts="1">
                        <failure>
                          <message><![CDATA[System.NullReferenceException : Object reference not set to an instance of an object]]></message>
                          <stack-trace><![CDATA[at presto.declaration.BaseMethodDeclaration.register (presto.runtime.Context context) [0x00000] in <filename unknown>:0
at presto.grammar.DeclarationList.register (presto.runtime.Context context) [0x00000] in <filename unknown>:0
at presto.parser.BaseOopsParserTest.loadResource (System.String resourceName) [0x00000] in <filename unknown>:0
at presto.parser.BaseOopsParserTest.runResource (System.String resourceName) [0x00000] in <filename unknown>:0
at presto.parser.BaseOopsParserTest.CheckOutput (System.String resourceName) [0x00000] in <filename unknown>:0
at presto.oops.runtime.TestLazy.testTransient () [0x00000] in <filename unknown>:0
at (wrapper managed-to-native) System.Reflection.MonoMethod:InternalInvoke (System.Reflection.MonoMethod,object,object[],System.Exception&)
at System.Reflection.MonoMethod.Invoke (System.Object obj, BindingFlags invokeAttr, System.Reflection.Binder binder, System.Object[] parameters, System.Globalization.CultureInfo culture) [0x00000] in <filename unknown>:0
]]></stack-trace>
                        </failure>
                      </test-case>
                    </results>
                  </test-suite>
                  <test-suite name="TestLess" success="False" time="0.131" asserts="0">
                    <results>
                      <test-case name="presto.oops.runtime.TestLess.testLessOrEqualThanCharacter" executed="True" success="False" time="0.009" asserts="1">
                        <failure>
                          <message><![CDATA[System.NullReferenceException : Object reference not set to an instance of an object]]></message>
                          <stack-trace><![CDATA[at presto.declaration.BaseMethodDeclaration.register (presto.runtime.Context context) [0x00000] in <filename unknown>:0
at presto.grammar.DeclarationList.register (presto.runtime.Context context) [0x00000] in <filename unknown>:0
at presto.parser.BaseOopsParserTest.loadResource (System.String resourceName) [0x00000] in <filename unknown>:0
at presto.parser.BaseOopsParserTest.runResource (System.String resourceName) [0x00000] in <filename unknown>:0
at presto.parser.BaseOopsParserTest.CheckOutput (System.String resourceName) [0x00000] in <filename unknown>:0
at presto.oops.runtime.TestLess.testLessOrEqualThanCharacter () [0x00000] in <filename unknown>:0
at (wrapper managed-to-native) System.Reflection.MonoMethod:InternalInvoke (System.Reflection.MonoMethod,object,object[],System.Exception&)
at System.Reflection.MonoMethod.Invoke (System.Object obj, BindingFlags invokeAttr, System.Reflection.Binder binder, System.Object[] parameters, System.Globalization.CultureInfo culture) [0x00000] in <filename unknown>:0
]]></stack-trace>
                        </failure>
                      </test-case>
                      <test-case name="presto.oops.runtime.TestLess.testLessOrEqualThanDate" executed="True" success="False" time="0.004" asserts="1">
                        <failure>
                          <message><![CDATA[System.NullReferenceException : Object reference not set to an instance of an object]]></message>
                          <stack-trace><![CDATA[at presto.declaration.BaseMethodDeclaration.register (presto.runtime.Context context) [0x00000] in <filename unknown>:0
at presto.grammar.DeclarationList.register (presto.runtime.Context context) [0x00000] in <filename unknown>:0
at presto.parser.BaseOopsParserTest.loadResource (System.String resourceName) [0x00000] in <filename unknown>:0
at presto.parser.BaseOopsParserTest.runResource (System.String resourceName) [0x00000] in <filename unknown>:0
at presto.parser.BaseOopsParserTest.CheckOutput (System.String resourceName) [0x00000] in <filename unknown>:0
at presto.oops.runtime.TestLess.testLessOrEqualThanDate () [0x00000] in <filename unknown>:0
at (wrapper managed-to-native) System.Reflection.MonoMethod:InternalInvoke (System.Reflection.MonoMethod,object,object[],System.Exception&)
at System.Reflection.MonoMethod.Invoke (System.Object obj, BindingFlags invokeAttr, System.Reflection.Binder binder, System.Object[] parameters, System.Globalization.CultureInfo culture) [0x00000] in <filename unknown>:0
]]></stack-trace>
                        </failure>
                      </test-case>
                      <test-case name="presto.oops.runtime.TestLess.testLessOrEqualThanDateTime" executed="True" success="False" time="0.003" asserts="1">
                        <failure>
                          <message><![CDATA[System.NullReferenceException : Object reference not set to an instance of an object]]></message>
                          <stack-trace><![CDATA[at presto.declaration.BaseMethodDeclaration.register (presto.runtime.Context context) [0x00000] in <filename unknown>:0
at presto.grammar.DeclarationList.register (presto.runtime.Context context) [0x00000] in <filename unknown>:0
at presto.parser.BaseOopsParserTest.loadResource (System.String resourceName) [0x00000] in <filename unknown>:0
at presto.parser.BaseOopsParserTest.runResource (System.String resourceName) [0x00000] in <filename unknown>:0
at presto.parser.BaseOopsParserTest.CheckOutput (System.String resourceName) [0x00000] in <filename unknown>:0
at presto.oops.runtime.TestLess.testLessOrEqualThanDateTime () [0x00000] in <filename unknown>:0
at (wrapper managed-to-native) System.Reflection.MonoMethod:InternalInvoke (System.Reflection.MonoMethod,object,object[],System.Exception&)
at System.Reflection.MonoMethod.Invoke (System.Object obj, BindingFlags invokeAttr, System.Reflection.Binder binder, System.Object[] parameters, System.Globalization.CultureInfo culture) [0x00000] in <filename unknown>:0
]]></stack-trace>
                        </failure>
                      </test-case>
                      <test-case name="presto.oops.runtime.TestLess.testLessOrEqualThanDecimal" executed="True" success="False" time="0.005" asserts="1">
                        <failure>
                          <message><![CDATA[System.NullReferenceException : Object reference not set to an instance of an object]]></message>
                          <stack-trace><![CDATA[at presto.declaration.BaseMethodDeclaration.register (presto.runtime.Context context) [0x00000] in <filename unknown>:0
at presto.grammar.DeclarationList.register (presto.runtime.Context context) [0x00000] in <filename unknown>:0
at presto.parser.BaseOopsParserTest.loadResource (System.String resourceName) [0x00000] in <filename unknown>:0
at presto.parser.BaseOopsParserTest.runResource (System.String resourceName) [0x00000] in <filename unknown>:0
at presto.parser.BaseOopsParserTest.CheckOutput (System.String resourceName) [0x00000] in <filename unknown>:0
at presto.oops.runtime.TestLess.testLessOrEqualThanDecimal () [0x00000] in <filename unknown>:0
at (wrapper managed-to-native) System.Reflection.MonoMethod:InternalInvoke (System.Reflection.MonoMethod,object,object[],System.Exception&)
at System.Reflection.MonoMethod.Invoke (System.Object obj, BindingFlags invokeAttr, System.Reflection.Binder binder, System.Object[] parameters, System.Globalization.CultureInfo culture) [0x00000] in <filename unknown>:0
]]></stack-trace>
                        </failure>
                      </test-case>
                      <test-case name="presto.oops.runtime.TestLess.testLessOrEqualThanInteger" executed="True" success="False" time="0.005" asserts="1">
                        <failure>
                          <message><![CDATA[System.NullReferenceException : Object reference not set to an instance of an object]]></message>
                          <stack-trace><![CDATA[at presto.declaration.BaseMethodDeclaration.register (presto.runtime.Context context) [0x00000] in <filename unknown>:0
at presto.grammar.DeclarationList.register (presto.runtime.Context context) [0x00000] in <filename unknown>:0
at presto.parser.BaseOopsParserTest.loadResource (System.String resourceName) [0x00000] in <filename unknown>:0
at presto.parser.BaseOopsParserTest.runResource (System.String resourceName) [0x00000] in <filename unknown>:0
at presto.parser.BaseOopsParserTest.CheckOutput (System.String resourceName) [0x00000] in <filename unknown>:0
at presto.oops.runtime.TestLess.testLessOrEqualThanInteger () [0x00000] in <filename unknown>:0
at (wrapper managed-to-native) System.Reflection.MonoMethod:InternalInvoke (System.Reflection.MonoMethod,object,object[],System.Exception&)
at System.Reflection.MonoMethod.Invoke (System.Object obj, BindingFlags invokeAttr, System.Reflection.Binder binder, System.Object[] parameters, System.Globalization.CultureInfo culture) [0x00000] in <filename unknown>:0
]]></stack-trace>
                        </failure>
                      </test-case>
                      <test-case name="presto.oops.runtime.TestLess.testLessOrEqualThanText" executed="True" success="False" time="0.004" asserts="1">
                        <failure>
                          <message><![CDATA[System.NullReferenceException : Object reference not set to an instance of an object]]></message>
                          <stack-trace><![CDATA[at presto.declaration.BaseMethodDeclaration.register (presto.runtime.Context context) [0x00000] in <filename unknown>:0
at presto.grammar.DeclarationList.register (presto.runtime.Context context) [0x00000] in <filename unknown>:0
at presto.parser.BaseOopsParserTest.loadResource (System.String resourceName) [0x00000] in <filename unknown>:0
at presto.parser.BaseOopsParserTest.runResource (System.String resourceName) [0x00000] in <filename unknown>:0
at presto.parser.BaseOopsParserTest.CheckOutput (System.String resourceName) [0x00000] in <filename unknown>:0
at presto.oops.runtime.TestLess.testLessOrEqualThanText () [0x00000] in <filename unknown>:0
at (wrapper managed-to-native) System.Reflection.MonoMethod:InternalInvoke (System.Reflection.MonoMethod,object,object[],System.Exception&)
at System.Reflection.MonoMethod.Invoke (System.Object obj, BindingFlags invokeAttr, System.Reflection.Binder binder, System.Object[] parameters, System.Globalization.CultureInfo culture) [0x00000] in <filename unknown>:0
]]></stack-trace>
                        </failure>
                      </test-case>
                      <test-case name="presto.oops.runtime.TestLess.testLessOrEqualThanTime" executed="True" success="False" time="0.003" asserts="1">
                        <failure>
                          <message><![CDATA[System.NullReferenceException : Object reference not set to an instance of an object]]></message>
                          <stack-trace><![CDATA[at presto.declaration.BaseMethodDeclaration.register (presto.runtime.Context context) [0x00000] in <filename unknown>:0
at presto.grammar.DeclarationList.register (presto.runtime.Context context) [0x00000] in <filename unknown>:0
at presto.parser.BaseOopsParserTest.loadResource (System.String resourceName) [0x00000] in <filename unknown>:0
at presto.parser.BaseOopsParserTest.runResource (System.String resourceName) [0x00000] in <filename unknown>:0
at presto.parser.BaseOopsParserTest.CheckOutput (System.String resourceName) [0x00000] in <filename unknown>:0
at presto.oops.runtime.TestLess.testLessOrEqualThanTime () [0x00000] in <filename unknown>:0
at (wrapper managed-to-native) System.Reflection.MonoMethod:InternalInvoke (System.Reflection.MonoMethod,object,object[],System.Exception&)
at System.Reflection.MonoMethod.Invoke (System.Object obj, BindingFlags invokeAttr, System.Reflection.Binder binder, System.Object[] parameters, System.Globalization.CultureInfo culture) [0x00000] in <filename unknown>:0
]]></stack-trace>
                        </failure>
                      </test-case>
                      <test-case name="presto.oops.runtime.TestLess.testLessThanCharacter" executed="True" success="False" time="0.008" asserts="1">
                        <failure>
                          <message><![CDATA[System.NullReferenceException : Object reference not set to an instance of an object]]></message>
                          <stack-trace><![CDATA[at presto.declaration.BaseMethodDeclaration.register (presto.runtime.Context context) [0x00000] in <filename unknown>:0
at presto.grammar.DeclarationList.register (presto.runtime.Context context) [0x00000] in <filename unknown>:0
at presto.parser.BaseOopsParserTest.loadResource (System.String resourceName) [0x00000] in <filename unknown>:0
at presto.parser.BaseOopsParserTest.runResource (System.String resourceName) [0x00000] in <filename unknown>:0
at presto.parser.BaseOopsParserTest.CheckOutput (System.String resourceName) [0x00000] in <filename unknown>:0
at presto.oops.runtime.TestLess.testLessThanCharacter () [0x00000] in <filename unknown>:0
at (wrapper managed-to-native) System.Reflection.MonoMethod:InternalInvoke (System.Reflection.MonoMethod,object,object[],System.Exception&)
at System.Reflection.MonoMethod.Invoke (System.Object obj, BindingFlags invokeAttr, System.Reflection.Binder binder, System.Object[] parameters, System.Globalization.CultureInfo culture) [0x00000] in <filename unknown>:0
]]></stack-trace>
                        </failure>
                      </test-case>
                      <test-case name="presto.oops.runtime.TestLess.testLessThanDate" executed="True" success="False" time="0.003" asserts="1">
                        <failure>
                          <message><![CDATA[System.NullReferenceException : Object reference not set to an instance of an object]]></message>
                          <stack-trace><![CDATA[at presto.declaration.BaseMethodDeclaration.register (presto.runtime.Context context) [0x00000] in <filename unknown>:0
at presto.grammar.DeclarationList.register (presto.runtime.Context context) [0x00000] in <filename unknown>:0
at presto.parser.BaseOopsParserTest.loadResource (System.String resourceName) [0x00000] in <filename unknown>:0
at presto.parser.BaseOopsParserTest.runResource (System.String resourceName) [0x00000] in <filename unknown>:0
at presto.parser.BaseOopsParserTest.CheckOutput (System.String resourceName) [0x00000] in <filename unknown>:0
at presto.oops.runtime.TestLess.testLessThanDate () [0x00000] in <filename unknown>:0
at (wrapper managed-to-native) System.Reflection.MonoMethod:InternalInvoke (System.Reflection.MonoMethod,object,object[],System.Exception&)
at System.Reflection.MonoMethod.Invoke (System.Object obj, BindingFlags invokeAttr, System.Reflection.Binder binder, System.Object[] parameters, System.Globalization.CultureInfo culture) [0x00000] in <filename unknown>:0
]]></stack-trace>
                        </failure>
                      </test-case>
                      <test-case name="presto.oops.runtime.TestLess.testLessThanDateTime" executed="True" success="False" time="0.002" asserts="1">
                        <failure>
                          <message><![CDATA[System.NullReferenceException : Object reference not set to an instance of an object]]></message>
                          <stack-trace><![CDATA[at presto.declaration.BaseMethodDeclaration.register (presto.runtime.Context context) [0x00000] in <filename unknown>:0
at presto.grammar.DeclarationList.register (presto.runtime.Context context) [0x00000] in <filename unknown>:0
at presto.parser.BaseOopsParserTest.loadResource (System.String resourceName) [0x00000] in <filename unknown>:0
at presto.parser.BaseOopsParserTest.runResource (System.String resourceName) [0x00000] in <filename unknown>:0
at presto.parser.BaseOopsParserTest.CheckOutput (System.String resourceName) [0x00000] in <filename unknown>:0
at presto.oops.runtime.TestLess.testLessThanDateTime () [0x00000] in <filename unknown>:0
at (wrapper managed-to-native) System.Reflection.MonoMethod:InternalInvoke (System.Reflection.MonoMethod,object,object[],System.Exception&)
at System.Reflection.MonoMethod.Invoke (System.Object obj, BindingFlags invokeAttr, System.Reflection.Binder binder, System.Object[] parameters, System.Globalization.CultureInfo culture) [0x00000] in <filename unknown>:0
]]></stack-trace>
                        </failure>
                      </test-case>
                      <test-case name="presto.oops.runtime.TestLess.testLessThanDecimal" executed="True" success="False" time="0.005" asserts="1">
                        <failure>
                          <message><![CDATA[System.NullReferenceException : Object reference not set to an instance of an object]]></message>
                          <stack-trace><![CDATA[at presto.declaration.BaseMethodDeclaration.register (presto.runtime.Context context) [0x00000] in <filename unknown>:0
at presto.grammar.DeclarationList.register (presto.runtime.Context context) [0x00000] in <filename unknown>:0
at presto.parser.BaseOopsParserTest.loadResource (System.String resourceName) [0x00000] in <filename unknown>:0
at presto.parser.BaseOopsParserTest.runResource (System.String resourceName) [0x00000] in <filename unknown>:0
at presto.parser.BaseOopsParserTest.CheckOutput (System.String resourceName) [0x00000] in <filename unknown>:0
at presto.oops.runtime.TestLess.testLessThanDecimal () [0x00000] in <filename unknown>:0
at (wrapper managed-to-native) System.Reflection.MonoMethod:InternalInvoke (System.Reflection.MonoMethod,object,object[],System.Exception&)
at System.Reflection.MonoMethod.Invoke (System.Object obj, BindingFlags invokeAttr, System.Reflection.Binder binder, System.Object[] parameters, System.Globalization.CultureInfo culture) [0x00000] in <filename unknown>:0
]]></stack-trace>
                        </failure>
                      </test-case>
                      <test-case name="presto.oops.runtime.TestLess.testLessThanInteger" executed="True" success="False" time="0.004" asserts="1">
                        <failure>
                          <message><![CDATA[System.NullReferenceException : Object reference not set to an instance of an object]]></message>
                          <stack-trace><![CDATA[at presto.declaration.BaseMethodDeclaration.register (presto.runtime.Context context) [0x00000] in <filename unknown>:0
at presto.grammar.DeclarationList.register (presto.runtime.Context context) [0x00000] in <filename unknown>:0
at presto.parser.BaseOopsParserTest.loadResource (System.String resourceName) [0x00000] in <filename unknown>:0
at presto.parser.BaseOopsParserTest.runResource (System.String resourceName) [0x00000] in <filename unknown>:0
at presto.parser.BaseOopsParserTest.CheckOutput (System.String resourceName) [0x00000] in <filename unknown>:0
at presto.oops.runtime.TestLess.testLessThanInteger () [0x00000] in <filename unknown>:0
at (wrapper managed-to-native) System.Reflection.MonoMethod:InternalInvoke (System.Reflection.MonoMethod,object,object[],System.Exception&)
at System.Reflection.MonoMethod.Invoke (System.Object obj, BindingFlags invokeAttr, System.Reflection.Binder binder, System.Object[] parameters, System.Globalization.CultureInfo culture) [0x00000] in <filename unknown>:0
]]></stack-trace>
                        </failure>
                      </test-case>
                      <test-case name="presto.oops.runtime.TestLess.testLessThanText" executed="True" success="False" time="0.002" asserts="1">
                        <failure>
                          <message><![CDATA[System.NullReferenceException : Object reference not set to an instance of an object]]></message>
                          <stack-trace><![CDATA[at presto.declaration.BaseMethodDeclaration.register (presto.runtime.Context context) [0x00000] in <filename unknown>:0
at presto.grammar.DeclarationList.register (presto.runtime.Context context) [0x00000] in <filename unknown>:0
at presto.parser.BaseOopsParserTest.loadResource (System.String resourceName) [0x00000] in <filename unknown>:0
at presto.parser.BaseOopsParserTest.runResource (System.String resourceName) [0x00000] in <filename unknown>:0
at presto.parser.BaseOopsParserTest.CheckOutput (System.String resourceName) [0x00000] in <filename unknown>:0
at presto.oops.runtime.TestLess.testLessThanText () [0x00000] in <filename unknown>:0
at (wrapper managed-to-native) System.Reflection.MonoMethod:InternalInvoke (System.Reflection.MonoMethod,object,object[],System.Exception&)
at System.Reflection.MonoMethod.Invoke (System.Object obj, BindingFlags invokeAttr, System.Reflection.Binder binder, System.Object[] parameters, System.Globalization.CultureInfo culture) [0x00000] in <filename unknown>:0
]]></stack-trace>
                        </failure>
                      </test-case>
                      <test-case name="presto.oops.runtime.TestLess.testLessThanTime" executed="True" success="False" time="0.002" asserts="1">
                        <failure>
                          <message><![CDATA[System.NullReferenceException : Object reference not set to an instance of an object]]></message>
                          <stack-trace><![CDATA[at presto.declaration.BaseMethodDeclaration.register (presto.runtime.Context context) [0x00000] in <filename unknown>:0
at presto.grammar.DeclarationList.register (presto.runtime.Context context) [0x00000] in <filename unknown>:0
at presto.parser.BaseOopsParserTest.loadResource (System.String resourceName) [0x00000] in <filename unknown>:0
at presto.parser.BaseOopsParserTest.runResource (System.String resourceName) [0x00000] in <filename unknown>:0
at presto.parser.BaseOopsParserTest.CheckOutput (System.String resourceName) [0x00000] in <filename unknown>:0
at presto.oops.runtime.TestLess.testLessThanTime () [0x00000] in <filename unknown>:0
at (wrapper managed-to-native) System.Reflection.MonoMethod:InternalInvoke (System.Reflection.MonoMethod,object,object[],System.Exception&)
at System.Reflection.MonoMethod.Invoke (System.Object obj, BindingFlags invokeAttr, System.Reflection.Binder binder, System.Object[] parameters, System.Globalization.CultureInfo culture) [0x00000] in <filename unknown>:0
]]></stack-trace>
                        </failure>
                      </test-case>
                    </results>
                  </test-suite>
                  <test-suite name="TestLogic" success="False" time="0.042" asserts="0">
                    <results>
                      <test-case name="presto.oops.runtime.TestLogic.testAndBoolean" executed="True" success="False" time="0.010" asserts="1">
                        <failure>
                          <message><![CDATA[System.NullReferenceException : Object reference not set to an instance of an object]]></message>
                          <stack-trace><![CDATA[at presto.declaration.BaseMethodDeclaration.register (presto.runtime.Context context) [0x00000] in <filename unknown>:0
at presto.grammar.DeclarationList.register (presto.runtime.Context context) [0x00000] in <filename unknown>:0
at presto.parser.BaseOopsParserTest.loadResource (System.String resourceName) [0x00000] in <filename unknown>:0
at presto.parser.BaseOopsParserTest.runResource (System.String resourceName) [0x00000] in <filename unknown>:0
at presto.parser.BaseOopsParserTest.CheckOutput (System.String resourceName) [0x00000] in <filename unknown>:0
at presto.oops.runtime.TestLogic.testAndBoolean () [0x00000] in <filename unknown>:0
at (wrapper managed-to-native) System.Reflection.MonoMethod:InternalInvoke (System.Reflection.MonoMethod,object,object[],System.Exception&)
at System.Reflection.MonoMethod.Invoke (System.Object obj, BindingFlags invokeAttr, System.Reflection.Binder binder, System.Object[] parameters, System.Globalization.CultureInfo culture) [0x00000] in <filename unknown>:0
]]></stack-trace>
                        </failure>
                      </test-case>
                      <test-case name="presto.oops.runtime.TestLogic.testNotBoolean" executed="True" success="False" time="0.007" asserts="1">
                        <failure>
                          <message><![CDATA[System.NullReferenceException : Object reference not set to an instance of an object]]></message>
                          <stack-trace><![CDATA[at presto.declaration.BaseMethodDeclaration.register (presto.runtime.Context context) [0x00000] in <filename unknown>:0
at presto.grammar.DeclarationList.register (presto.runtime.Context context) [0x00000] in <filename unknown>:0
at presto.parser.BaseOopsParserTest.loadResource (System.String resourceName) [0x00000] in <filename unknown>:0
at presto.parser.BaseOopsParserTest.runResource (System.String resourceName) [0x00000] in <filename unknown>:0
at presto.parser.BaseOopsParserTest.CheckOutput (System.String resourceName) [0x00000] in <filename unknown>:0
at presto.oops.runtime.TestLogic.testNotBoolean () [0x00000] in <filename unknown>:0
at (wrapper managed-to-native) System.Reflection.MonoMethod:InternalInvoke (System.Reflection.MonoMethod,object,object[],System.Exception&)
at System.Reflection.MonoMethod.Invoke (System.Object obj, BindingFlags invokeAttr, System.Reflection.Binder binder, System.Object[] parameters, System.Globalization.CultureInfo culture) [0x00000] in <filename unknown>:0
]]></stack-trace>
                        </failure>
                      </test-case>
                      <test-case name="presto.oops.runtime.TestLogic.testOrBoolean" executed="True" success="False" time="0.009" asserts="1">
                        <failure>
                          <message><![CDATA[System.NullReferenceException : Object reference not set to an instance of an object]]></message>
                          <stack-trace><![CDATA[at presto.declaration.BaseMethodDeclaration.register (presto.runtime.Context context) [0x00000] in <filename unknown>:0
at presto.grammar.DeclarationList.register (presto.runtime.Context context) [0x00000] in <filename unknown>:0
at presto.parser.BaseOopsParserTest.loadResource (System.String resourceName) [0x00000] in <filename unknown>:0
at presto.parser.BaseOopsParserTest.runResource (System.String resourceName) [0x00000] in <filename unknown>:0
at presto.parser.BaseOopsParserTest.CheckOutput (System.String resourceName) [0x00000] in <filename unknown>:0
at presto.oops.runtime.TestLogic.testOrBoolean () [0x00000] in <filename unknown>:0
at (wrapper managed-to-native) System.Reflection.MonoMethod:InternalInvoke (System.Reflection.MonoMethod,object,object[],System.Exception&)
at System.Reflection.MonoMethod.Invoke (System.Object obj, BindingFlags invokeAttr, System.Reflection.Binder binder, System.Object[] parameters, System.Globalization.CultureInfo culture) [0x00000] in <filename unknown>:0
]]></stack-trace>
                        </failure>
                      </test-case>
                    </results>
                  </test-suite>
                  <test-suite name="TestLoops" success="False" time="0.195" asserts="0">
                    <results>
                      <test-case name="presto.oops.runtime.TestLoops.testDoWhile" executed="True" success="False" time="0.004" asserts="1">
                        <failure>
                          <message><![CDATA[System.NullReferenceException : Object reference not set to an instance of an object]]></message>
                          <stack-trace><![CDATA[at presto.declaration.BaseMethodDeclaration.register (presto.runtime.Context context) [0x00000] in <filename unknown>:0
at presto.grammar.DeclarationList.register (presto.runtime.Context context) [0x00000] in <filename unknown>:0
at presto.parser.BaseOopsParserTest.loadResource (System.String resourceName) [0x00000] in <filename unknown>:0
at presto.parser.BaseOopsParserTest.runResource (System.String resourceName) [0x00000] in <filename unknown>:0
at presto.parser.BaseOopsParserTest.CheckOutput (System.String resourceName) [0x00000] in <filename unknown>:0
at presto.oops.runtime.TestLoops.testDoWhile () [0x00000] in <filename unknown>:0
at (wrapper managed-to-native) System.Reflection.MonoMethod:InternalInvoke (System.Reflection.MonoMethod,object,object[],System.Exception&)
at System.Reflection.MonoMethod.Invoke (System.Object obj, BindingFlags invokeAttr, System.Reflection.Binder binder, System.Object[] parameters, System.Globalization.CultureInfo culture) [0x00000] in <filename unknown>:0
]]></stack-trace>
                        </failure>
                      </test-case>
                      <test-case name="presto.oops.runtime.TestLoops.testForEachCharacterRange" executed="True" success="False" time="0.001" asserts="1">
                        <failure>
                          <message><![CDATA[System.NullReferenceException : Object reference not set to an instance of an object]]></message>
                          <stack-trace><![CDATA[at presto.declaration.BaseMethodDeclaration.register (presto.runtime.Context context) [0x00000] in <filename unknown>:0
at presto.grammar.DeclarationList.register (presto.runtime.Context context) [0x00000] in <filename unknown>:0
at presto.parser.BaseOopsParserTest.loadResource (System.String resourceName) [0x00000] in <filename unknown>:0
at presto.parser.BaseOopsParserTest.runResource (System.String resourceName) [0x00000] in <filename unknown>:0
at presto.parser.BaseOopsParserTest.CheckOutput (System.String resourceName) [0x00000] in <filename unknown>:0
at presto.oops.runtime.TestLoops.testForEachCharacterRange () [0x00000] in <filename unknown>:0
at (wrapper managed-to-native) System.Reflection.MonoMethod:InternalInvoke (System.Reflection.MonoMethod,object,object[],System.Exception&)
at System.Reflection.MonoMethod.Invoke (System.Object obj, BindingFlags invokeAttr, System.Reflection.Binder binder, System.Object[] parameters, System.Globalization.CultureInfo culture) [0x00000] in <filename unknown>:0
]]></stack-trace>
                        </failure>
                      </test-case>
                      <test-case name="presto.oops.runtime.TestLoops.testForEachCharacterRangeWithIndex" executed="True" success="False" time="0.002" asserts="1">
                        <failure>
                          <message><![CDATA[System.NullReferenceException : Object reference not set to an instance of an object]]></message>
                          <stack-trace><![CDATA[at presto.declaration.BaseMethodDeclaration.register (presto.runtime.Context context) [0x00000] in <filename unknown>:0
at presto.grammar.DeclarationList.register (presto.runtime.Context context) [0x00000] in <filename unknown>:0
at presto.parser.BaseOopsParserTest.loadResource (System.String resourceName) [0x00000] in <filename unknown>:0
at presto.parser.BaseOopsParserTest.runResource (System.String resourceName) [0x00000] in <filename unknown>:0
at presto.parser.BaseOopsParserTest.CheckOutput (System.String resourceName) [0x00000] in <filename unknown>:0
at presto.oops.runtime.TestLoops.testForEachCharacterRangeWithIndex () [0x00000] in <filename unknown>:0
at (wrapper managed-to-native) System.Reflection.MonoMethod:InternalInvoke (System.Reflection.MonoMethod,object,object[],System.Exception&)
at System.Reflection.MonoMethod.Invoke (System.Object obj, BindingFlags invokeAttr, System.Reflection.Binder binder, System.Object[] parameters, System.Globalization.CultureInfo culture) [0x00000] in <filename unknown>:0
]]></stack-trace>
                        </failure>
                      </test-case>
                      <test-case name="presto.oops.runtime.TestLoops.testForEachDateRange" executed="True" success="False" time="0.001" asserts="1">
                        <failure>
                          <message><![CDATA[System.NullReferenceException : Object reference not set to an instance of an object]]></message>
                          <stack-trace><![CDATA[at presto.declaration.BaseMethodDeclaration.register (presto.runtime.Context context) [0x00000] in <filename unknown>:0
at presto.grammar.DeclarationList.register (presto.runtime.Context context) [0x00000] in <filename unknown>:0
at presto.parser.BaseOopsParserTest.loadResource (System.String resourceName) [0x00000] in <filename unknown>:0
at presto.parser.BaseOopsParserTest.runResource (System.String resourceName) [0x00000] in <filename unknown>:0
at presto.parser.BaseOopsParserTest.CheckOutput (System.String resourceName) [0x00000] in <filename unknown>:0
at presto.oops.runtime.TestLoops.testForEachDateRange () [0x00000] in <filename unknown>:0
at (wrapper managed-to-native) System.Reflection.MonoMethod:InternalInvoke (System.Reflection.MonoMethod,object,object[],System.Exception&)
at System.Reflection.MonoMethod.Invoke (System.Object obj, BindingFlags invokeAttr, System.Reflection.Binder binder, System.Object[] parameters, System.Globalization.CultureInfo culture) [0x00000] in <filename unknown>:0
]]></stack-trace>
                        </failure>
                      </test-case>
                      <test-case name="presto.oops.runtime.TestLoops.testForEachDateRangeWithIndex" executed="True" success="False" time="0.001" asserts="1">
                        <failure>
                          <message><![CDATA[System.NullReferenceException : Object reference not set to an instance of an object]]></message>
                          <stack-trace><![CDATA[at presto.declaration.BaseMethodDeclaration.register (presto.runtime.Context context) [0x00000] in <filename unknown>:0
at presto.grammar.DeclarationList.register (presto.runtime.Context context) [0x00000] in <filename unknown>:0
at presto.parser.BaseOopsParserTest.loadResource (System.String resourceName) [0x00000] in <filename unknown>:0
at presto.parser.BaseOopsParserTest.runResource (System.String resourceName) [0x00000] in <filename unknown>:0
at presto.parser.BaseOopsParserTest.CheckOutput (System.String resourceName) [0x00000] in <filename unknown>:0
at presto.oops.runtime.TestLoops.testForEachDateRangeWithIndex () [0x00000] in <filename unknown>:0
at (wrapper managed-to-native) System.Reflection.MonoMethod:InternalInvoke (System.Reflection.MonoMethod,object,object[],System.Exception&)
at System.Reflection.MonoMethod.Invoke (System.Object obj, BindingFlags invokeAttr, System.Reflection.Binder binder, System.Object[] parameters, System.Globalization.CultureInfo culture) [0x00000] in <filename unknown>:0
]]></stack-trace>
                        </failure>
                      </test-case>
                      <test-case name="presto.oops.runtime.TestLoops.testForEachDictionaryItem" executed="True" success="False" time="0.002" asserts="1">
                        <failure>
                          <message><![CDATA[System.NullReferenceException : Object reference not set to an instance of an object]]></message>
                          <stack-trace><![CDATA[at presto.declaration.BaseMethodDeclaration.register (presto.runtime.Context context) [0x00000] in <filename unknown>:0
at presto.grammar.DeclarationList.register (presto.runtime.Context context) [0x00000] in <filename unknown>:0
at presto.parser.BaseOopsParserTest.loadResource (System.String resourceName) [0x00000] in <filename unknown>:0
at presto.parser.BaseOopsParserTest.runResource (System.String resourceName) [0x00000] in <filename unknown>:0
at presto.parser.BaseOopsParserTest.CheckOutput (System.String resourceName) [0x00000] in <filename unknown>:0
at presto.oops.runtime.TestLoops.testForEachDictionaryItem () [0x00000] in <filename unknown>:0
at (wrapper managed-to-native) System.Reflection.MonoMethod:InternalInvoke (System.Reflection.MonoMethod,object,object[],System.Exception&)
at System.Reflection.MonoMethod.Invoke (System.Object obj, BindingFlags invokeAttr, System.Reflection.Binder binder, System.Object[] parameters, System.Globalization.CultureInfo culture) [0x00000] in <filename unknown>:0
]]></stack-trace>
                        </failure>
                      </test-case>
                      <test-case name="presto.oops.runtime.TestLoops.testForEachDictionaryItemWithIndex" executed="True" success="False" time="0.002" asserts="1">
                        <failure>
                          <message><![CDATA[System.NullReferenceException : Object reference not set to an instance of an object]]></message>
                          <stack-trace><![CDATA[at presto.declaration.BaseMethodDeclaration.register (presto.runtime.Context context) [0x00000] in <filename unknown>:0
at presto.grammar.DeclarationList.register (presto.runtime.Context context) [0x00000] in <filename unknown>:0
at presto.parser.BaseOopsParserTest.loadResource (System.String resourceName) [0x00000] in <filename unknown>:0
at presto.parser.BaseOopsParserTest.runResource (System.String resourceName) [0x00000] in <filename unknown>:0
at presto.parser.BaseOopsParserTest.CheckOutput (System.String resourceName) [0x00000] in <filename unknown>:0
at presto.oops.runtime.TestLoops.testForEachDictionaryItemWithIndex () [0x00000] in <filename unknown>:0
at (wrapper managed-to-native) System.Reflection.MonoMethod:InternalInvoke (System.Reflection.MonoMethod,object,object[],System.Exception&)
at System.Reflection.MonoMethod.Invoke (System.Object obj, BindingFlags invokeAttr, System.Reflection.Binder binder, System.Object[] parameters, System.Globalization.CultureInfo culture) [0x00000] in <filename unknown>:0
]]></stack-trace>
                        </failure>
                      </test-case>
                      <test-case name="presto.oops.runtime.TestLoops.testForEachDictionaryKey" executed="True" success="False" time="0.002" asserts="1">
                        <failure>
                          <message><![CDATA[System.NullReferenceException : Object reference not set to an instance of an object]]></message>
                          <stack-trace><![CDATA[at presto.declaration.BaseMethodDeclaration.register (presto.runtime.Context context) [0x00000] in <filename unknown>:0
at presto.grammar.DeclarationList.register (presto.runtime.Context context) [0x00000] in <filename unknown>:0
at presto.parser.BaseOopsParserTest.loadResource (System.String resourceName) [0x00000] in <filename unknown>:0
at presto.parser.BaseOopsParserTest.runResource (System.String resourceName) [0x00000] in <filename unknown>:0
at presto.parser.BaseOopsParserTest.CheckOutput (System.String resourceName) [0x00000] in <filename unknown>:0
at presto.oops.runtime.TestLoops.testForEachDictionaryKey () [0x00000] in <filename unknown>:0
at (wrapper managed-to-native) System.Reflection.MonoMethod:InternalInvoke (System.Reflection.MonoMethod,object,object[],System.Exception&)
at System.Reflection.MonoMethod.Invoke (System.Object obj, BindingFlags invokeAttr, System.Reflection.Binder binder, System.Object[] parameters, System.Globalization.CultureInfo culture) [0x00000] in <filename unknown>:0
]]></stack-trace>
                        </failure>
                      </test-case>
                      <test-case name="presto.oops.runtime.TestLoops.testForEachDictionaryKeyWithIndex" executed="True" success="False" time="0.003" asserts="1">
                        <failure>
                          <message><![CDATA[System.NullReferenceException : Object reference not set to an instance of an object]]></message>
                          <stack-trace><![CDATA[at presto.declaration.BaseMethodDeclaration.register (presto.runtime.Context context) [0x00000] in <filename unknown>:0
at presto.grammar.DeclarationList.register (presto.runtime.Context context) [0x00000] in <filename unknown>:0
at presto.parser.BaseOopsParserTest.loadResource (System.String resourceName) [0x00000] in <filename unknown>:0
at presto.parser.BaseOopsParserTest.runResource (System.String resourceName) [0x00000] in <filename unknown>:0
at presto.parser.BaseOopsParserTest.CheckOutput (System.String resourceName) [0x00000] in <filename unknown>:0
at presto.oops.runtime.TestLoops.testForEachDictionaryKeyWithIndex () [0x00000] in <filename unknown>:0
at (wrapper managed-to-native) System.Reflection.MonoMethod:InternalInvoke (System.Reflection.MonoMethod,object,object[],System.Exception&)
at System.Reflection.MonoMethod.Invoke (System.Object obj, BindingFlags invokeAttr, System.Reflection.Binder binder, System.Object[] parameters, System.Globalization.CultureInfo culture) [0x00000] in <filename unknown>:0
]]></stack-trace>
                        </failure>
                      </test-case>
                      <test-case name="presto.oops.runtime.TestLoops.testForEachDictionaryValue" executed="True" success="False" time="0.002" asserts="1">
                        <failure>
                          <message><![CDATA[System.NullReferenceException : Object reference not set to an instance of an object]]></message>
                          <stack-trace><![CDATA[at presto.declaration.BaseMethodDeclaration.register (presto.runtime.Context context) [0x00000] in <filename unknown>:0
at presto.grammar.DeclarationList.register (presto.runtime.Context context) [0x00000] in <filename unknown>:0
at presto.parser.BaseOopsParserTest.loadResource (System.String resourceName) [0x00000] in <filename unknown>:0
at presto.parser.BaseOopsParserTest.runResource (System.String resourceName) [0x00000] in <filename unknown>:0
at presto.parser.BaseOopsParserTest.CheckOutput (System.String resourceName) [0x00000] in <filename unknown>:0
at presto.oops.runtime.TestLoops.testForEachDictionaryValue () [0x00000] in <filename unknown>:0
at (wrapper managed-to-native) System.Reflection.MonoMethod:InternalInvoke (System.Reflection.MonoMethod,object,object[],System.Exception&)
at System.Reflection.MonoMethod.Invoke (System.Object obj, BindingFlags invokeAttr, System.Reflection.Binder binder, System.Object[] parameters, System.Globalization.CultureInfo culture) [0x00000] in <filename unknown>:0
]]></stack-trace>
                        </failure>
                      </test-case>
                      <test-case name="presto.oops.runtime.TestLoops.testForEachDictionaryValueWithIndex" executed="True" success="False" time="0.003" asserts="1">
                        <failure>
                          <message><![CDATA[System.NullReferenceException : Object reference not set to an instance of an object]]></message>
                          <stack-trace><![CDATA[at presto.declaration.BaseMethodDeclaration.register (presto.runtime.Context context) [0x00000] in <filename unknown>:0
at presto.grammar.DeclarationList.register (presto.runtime.Context context) [0x00000] in <filename unknown>:0
at presto.parser.BaseOopsParserTest.loadResource (System.String resourceName) [0x00000] in <filename unknown>:0
at presto.parser.BaseOopsParserTest.runResource (System.String resourceName) [0x00000] in <filename unknown>:0
at presto.parser.BaseOopsParserTest.CheckOutput (System.String resourceName) [0x00000] in <filename unknown>:0
at presto.oops.runtime.TestLoops.testForEachDictionaryValueWithIndex () [0x00000] in <filename unknown>:0
at (wrapper managed-to-native) System.Reflection.MonoMethod:InternalInvoke (System.Reflection.MonoMethod,object,object[],System.Exception&)
at System.Reflection.MonoMethod.Invoke (System.Object obj, BindingFlags invokeAttr, System.Reflection.Binder binder, System.Object[] parameters, System.Globalization.CultureInfo culture) [0x00000] in <filename unknown>:0
]]></stack-trace>
                        </failure>
                      </test-case>
                      <test-case name="presto.oops.runtime.TestLoops.testForEachInstanceList" executed="True" success="False" time="0.005" asserts="1">
                        <failure>
                          <message><![CDATA[System.NullReferenceException : Object reference not set to an instance of an object]]></message>
                          <stack-trace><![CDATA[at presto.declaration.BaseMethodDeclaration.register (presto.runtime.Context context) [0x00000] in <filename unknown>:0
at presto.grammar.DeclarationList.register (presto.runtime.Context context) [0x00000] in <filename unknown>:0
at presto.parser.BaseOopsParserTest.loadResource (System.String resourceName) [0x00000] in <filename unknown>:0
at presto.parser.BaseOopsParserTest.runResource (System.String resourceName) [0x00000] in <filename unknown>:0
at presto.parser.BaseOopsParserTest.CheckOutput (System.String resourceName) [0x00000] in <filename unknown>:0
at presto.oops.runtime.TestLoops.testForEachInstanceList () [0x00000] in <filename unknown>:0
at (wrapper managed-to-native) System.Reflection.MonoMethod:InternalInvoke (System.Reflection.MonoMethod,object,object[],System.Exception&)
at System.Reflection.MonoMethod.Invoke (System.Object obj, BindingFlags invokeAttr, System.Reflection.Binder binder, System.Object[] parameters, System.Globalization.CultureInfo culture) [0x00000] in <filename unknown>:0
]]></stack-trace>
                        </failure>
                      </test-case>
                      <test-case name="presto.oops.runtime.TestLoops.testForEachInstanceListWithIndex" executed="True" success="False" time="0.005" asserts="1">
                        <failure>
                          <message><![CDATA[System.NullReferenceException : Object reference not set to an instance of an object]]></message>
                          <stack-trace><![CDATA[at presto.declaration.BaseMethodDeclaration.register (presto.runtime.Context context) [0x00000] in <filename unknown>:0
at presto.grammar.DeclarationList.register (presto.runtime.Context context) [0x00000] in <filename unknown>:0
at presto.parser.BaseOopsParserTest.loadResource (System.String resourceName) [0x00000] in <filename unknown>:0
at presto.parser.BaseOopsParserTest.runResource (System.String resourceName) [0x00000] in <filename unknown>:0
at presto.parser.BaseOopsParserTest.CheckOutput (System.String resourceName) [0x00000] in <filename unknown>:0
at presto.oops.runtime.TestLoops.testForEachInstanceListWithIndex () [0x00000] in <filename unknown>:0
at (wrapper managed-to-native) System.Reflection.MonoMethod:InternalInvoke (System.Reflection.MonoMethod,object,object[],System.Exception&)
at System.Reflection.MonoMethod.Invoke (System.Object obj, BindingFlags invokeAttr, System.Reflection.Binder binder, System.Object[] parameters, System.Globalization.CultureInfo culture) [0x00000] in <filename unknown>:0
]]></stack-trace>
                        </failure>
                      </test-case>
                      <test-case name="presto.oops.runtime.TestLoops.testForEachIntegerList" executed="True" success="False" time="0.001" asserts="1">
                        <failure>
                          <message><![CDATA[System.NullReferenceException : Object reference not set to an instance of an object]]></message>
                          <stack-trace><![CDATA[at presto.declaration.BaseMethodDeclaration.register (presto.runtime.Context context) [0x00000] in <filename unknown>:0
at presto.grammar.DeclarationList.register (presto.runtime.Context context) [0x00000] in <filename unknown>:0
at presto.parser.BaseOopsParserTest.loadResource (System.String resourceName) [0x00000] in <filename unknown>:0
at presto.parser.BaseOopsParserTest.runResource (System.String resourceName) [0x00000] in <filename unknown>:0
at presto.parser.BaseOopsParserTest.CheckOutput (System.String resourceName) [0x00000] in <filename unknown>:0
at presto.oops.runtime.TestLoops.testForEachIntegerList () [0x00000] in <filename unknown>:0
at (wrapper managed-to-native) System.Reflection.MonoMethod:InternalInvoke (System.Reflection.MonoMethod,object,object[],System.Exception&)
at System.Reflection.MonoMethod.Invoke (System.Object obj, BindingFlags invokeAttr, System.Reflection.Binder binder, System.Object[] parameters, System.Globalization.CultureInfo culture) [0x00000] in <filename unknown>:0
]]></stack-trace>
                        </failure>
                      </test-case>
                      <test-case name="presto.oops.runtime.TestLoops.testForEachIntegerListWithIndex" executed="True" success="False" time="0.001" asserts="1">
                        <failure>
                          <message><![CDATA[System.NullReferenceException : Object reference not set to an instance of an object]]></message>
                          <stack-trace><![CDATA[at presto.declaration.BaseMethodDeclaration.register (presto.runtime.Context context) [0x00000] in <filename unknown>:0
at presto.grammar.DeclarationList.register (presto.runtime.Context context) [0x00000] in <filename unknown>:0
at presto.parser.BaseOopsParserTest.loadResource (System.String resourceName) [0x00000] in <filename unknown>:0
at presto.parser.BaseOopsParserTest.runResource (System.String resourceName) [0x00000] in <filename unknown>:0
at presto.parser.BaseOopsParserTest.CheckOutput (System.String resourceName) [0x00000] in <filename unknown>:0
at presto.oops.runtime.TestLoops.testForEachIntegerListWithIndex () [0x00000] in <filename unknown>:0
at (wrapper managed-to-native) System.Reflection.MonoMethod:InternalInvoke (System.Reflection.MonoMethod,object,object[],System.Exception&)
at System.Reflection.MonoMethod.Invoke (System.Object obj, BindingFlags invokeAttr, System.Reflection.Binder binder, System.Object[] parameters, System.Globalization.CultureInfo culture) [0x00000] in <filename unknown>:0
]]></stack-trace>
                        </failure>
                      </test-case>
                      <test-case name="presto.oops.runtime.TestLoops.testForEachIntegerRange" executed="True" success="False" time="0.001" asserts="1">
                        <failure>
                          <message><![CDATA[System.NullReferenceException : Object reference not set to an instance of an object]]></message>
                          <stack-trace><![CDATA[at presto.declaration.BaseMethodDeclaration.register (presto.runtime.Context context) [0x00000] in <filename unknown>:0
at presto.grammar.DeclarationList.register (presto.runtime.Context context) [0x00000] in <filename unknown>:0
at presto.parser.BaseOopsParserTest.loadResource (System.String resourceName) [0x00000] in <filename unknown>:0
at presto.parser.BaseOopsParserTest.runResource (System.String resourceName) [0x00000] in <filename unknown>:0
at presto.parser.BaseOopsParserTest.CheckOutput (System.String resourceName) [0x00000] in <filename unknown>:0
at presto.oops.runtime.TestLoops.testForEachIntegerRange () [0x00000] in <filename unknown>:0
at (wrapper managed-to-native) System.Reflection.MonoMethod:InternalInvoke (System.Reflection.MonoMethod,object,object[],System.Exception&)
at System.Reflection.MonoMethod.Invoke (System.Object obj, BindingFlags invokeAttr, System.Reflection.Binder binder, System.Object[] parameters, System.Globalization.CultureInfo culture) [0x00000] in <filename unknown>:0
]]></stack-trace>
                        </failure>
                      </test-case>
                      <test-case name="presto.oops.runtime.TestLoops.testForEachIntegerRangeWithIndex" executed="True" success="False" time="0.001" asserts="1">
                        <failure>
                          <message><![CDATA[System.NullReferenceException : Object reference not set to an instance of an object]]></message>
                          <stack-trace><![CDATA[at presto.declaration.BaseMethodDeclaration.register (presto.runtime.Context context) [0x00000] in <filename unknown>:0
at presto.grammar.DeclarationList.register (presto.runtime.Context context) [0x00000] in <filename unknown>:0
at presto.parser.BaseOopsParserTest.loadResource (System.String resourceName) [0x00000] in <filename unknown>:0
at presto.parser.BaseOopsParserTest.runResource (System.String resourceName) [0x00000] in <filename unknown>:0
at presto.parser.BaseOopsParserTest.CheckOutput (System.String resourceName) [0x00000] in <filename unknown>:0
at presto.oops.runtime.TestLoops.testForEachIntegerRangeWithIndex () [0x00000] in <filename unknown>:0
at (wrapper managed-to-native) System.Reflection.MonoMethod:InternalInvoke (System.Reflection.MonoMethod,object,object[],System.Exception&)
at System.Reflection.MonoMethod.Invoke (System.Object obj, BindingFlags invokeAttr, System.Reflection.Binder binder, System.Object[] parameters, System.Globalization.CultureInfo culture) [0x00000] in <filename unknown>:0
]]></stack-trace>
                        </failure>
                      </test-case>
                      <test-case name="presto.oops.runtime.TestLoops.testForEachTimeRange" executed="True" success="False" time="0.001" asserts="1">
                        <failure>
                          <message><![CDATA[System.NullReferenceException : Object reference not set to an instance of an object]]></message>
                          <stack-trace><![CDATA[at presto.declaration.BaseMethodDeclaration.register (presto.runtime.Context context) [0x00000] in <filename unknown>:0
at presto.grammar.DeclarationList.register (presto.runtime.Context context) [0x00000] in <filename unknown>:0
at presto.parser.BaseOopsParserTest.loadResource (System.String resourceName) [0x00000] in <filename unknown>:0
at presto.parser.BaseOopsParserTest.runResource (System.String resourceName) [0x00000] in <filename unknown>:0
at presto.parser.BaseOopsParserTest.CheckOutput (System.String resourceName) [0x00000] in <filename unknown>:0
at presto.oops.runtime.TestLoops.testForEachTimeRange () [0x00000] in <filename unknown>:0
at (wrapper managed-to-native) System.Reflection.MonoMethod:InternalInvoke (System.Reflection.MonoMethod,object,object[],System.Exception&)
at System.Reflection.MonoMethod.Invoke (System.Object obj, BindingFlags invokeAttr, System.Reflection.Binder binder, System.Object[] parameters, System.Globalization.CultureInfo culture) [0x00000] in <filename unknown>:0
]]></stack-trace>
                        </failure>
                      </test-case>
                      <test-case name="presto.oops.runtime.TestLoops.testForEachTimeRangeWithIndex" executed="True" success="False" time="0.004" asserts="1">
                        <failure>
                          <message><![CDATA[System.NullReferenceException : Object reference not set to an instance of an object]]></message>
                          <stack-trace><![CDATA[at presto.declaration.BaseMethodDeclaration.register (presto.runtime.Context context) [0x00000] in <filename unknown>:0
at presto.grammar.DeclarationList.register (presto.runtime.Context context) [0x00000] in <filename unknown>:0
at presto.parser.BaseOopsParserTest.loadResource (System.String resourceName) [0x00000] in <filename unknown>:0
at presto.parser.BaseOopsParserTest.runResource (System.String resourceName) [0x00000] in <filename unknown>:0
at presto.parser.BaseOopsParserTest.CheckOutput (System.String resourceName) [0x00000] in <filename unknown>:0
at presto.oops.runtime.TestLoops.testForEachTimeRangeWithIndex () [0x00000] in <filename unknown>:0
at (wrapper managed-to-native) System.Reflection.MonoMethod:InternalInvoke (System.Reflection.MonoMethod,object,object[],System.Exception&)
at System.Reflection.MonoMethod.Invoke (System.Object obj, BindingFlags invokeAttr, System.Reflection.Binder binder, System.Object[] parameters, System.Globalization.CultureInfo culture) [0x00000] in <filename unknown>:0
]]></stack-trace>
                        </failure>
                      </test-case>
                      <test-case name="presto.oops.runtime.TestLoops.testForEachTupleList" executed="True" success="False" time="0.004" asserts="1">
                        <failure>
                          <message><![CDATA[System.NullReferenceException : Object reference not set to an instance of an object]]></message>
                          <stack-trace><![CDATA[at presto.declaration.BaseMethodDeclaration.register (presto.runtime.Context context) [0x00000] in <filename unknown>:0
at presto.grammar.DeclarationList.register (presto.runtime.Context context) [0x00000] in <filename unknown>:0
at presto.parser.BaseOopsParserTest.loadResource (System.String resourceName) [0x00000] in <filename unknown>:0
at presto.parser.BaseOopsParserTest.runResource (System.String resourceName) [0x00000] in <filename unknown>:0
at presto.parser.BaseOopsParserTest.CheckOutput (System.String resourceName) [0x00000] in <filename unknown>:0
at presto.oops.runtime.TestLoops.testForEachTupleList () [0x00000] in <filename unknown>:0
at (wrapper managed-to-native) System.Reflection.MonoMethod:InternalInvoke (System.Reflection.MonoMethod,object,object[],System.Exception&)
at System.Reflection.MonoMethod.Invoke (System.Object obj, BindingFlags invokeAttr, System.Reflection.Binder binder, System.Object[] parameters, System.Globalization.CultureInfo culture) [0x00000] in <filename unknown>:0
]]></stack-trace>
                        </failure>
                      </test-case>
                      <test-case name="presto.oops.runtime.TestLoops.testForEachTupleListWithIndex" executed="True" success="False" time="0.003" asserts="1">
                        <failure>
                          <message><![CDATA[System.NullReferenceException : Object reference not set to an instance of an object]]></message>
                          <stack-trace><![CDATA[at presto.declaration.BaseMethodDeclaration.register (presto.runtime.Context context) [0x00000] in <filename unknown>:0
at presto.grammar.DeclarationList.register (presto.runtime.Context context) [0x00000] in <filename unknown>:0
at presto.parser.BaseOopsParserTest.loadResource (System.String resourceName) [0x00000] in <filename unknown>:0
at presto.parser.BaseOopsParserTest.runResource (System.String resourceName) [0x00000] in <filename unknown>:0
at presto.parser.BaseOopsParserTest.CheckOutput (System.String resourceName) [0x00000] in <filename unknown>:0
at presto.oops.runtime.TestLoops.testForEachTupleListWithIndex () [0x00000] in <filename unknown>:0
at (wrapper managed-to-native) System.Reflection.MonoMethod:InternalInvoke (System.Reflection.MonoMethod,object,object[],System.Exception&)
at System.Reflection.MonoMethod.Invoke (System.Object obj, BindingFlags invokeAttr, System.Reflection.Binder binder, System.Object[] parameters, System.Globalization.CultureInfo culture) [0x00000] in <filename unknown>:0
]]></stack-trace>
                        </failure>
                      </test-case>
                      <test-case name="presto.oops.runtime.TestLoops.testWhile" executed="True" success="False" time="0.005" asserts="1">
                        <failure>
                          <message><![CDATA[System.NullReferenceException : Object reference not set to an instance of an object]]></message>
                          <stack-trace><![CDATA[at presto.declaration.BaseMethodDeclaration.register (presto.runtime.Context context) [0x00000] in <filename unknown>:0
at presto.grammar.DeclarationList.register (presto.runtime.Context context) [0x00000] in <filename unknown>:0
at presto.parser.BaseOopsParserTest.loadResource (System.String resourceName) [0x00000] in <filename unknown>:0
at presto.parser.BaseOopsParserTest.runResource (System.String resourceName) [0x00000] in <filename unknown>:0
at presto.parser.BaseOopsParserTest.CheckOutput (System.String resourceName) [0x00000] in <filename unknown>:0
at presto.oops.runtime.TestLoops.testWhile () [0x00000] in <filename unknown>:0
at (wrapper managed-to-native) System.Reflection.MonoMethod:InternalInvoke (System.Reflection.MonoMethod,object,object[],System.Exception&)
at System.Reflection.MonoMethod.Invoke (System.Object obj, BindingFlags invokeAttr, System.Reflection.Binder binder, System.Object[] parameters, System.Globalization.CultureInfo culture) [0x00000] in <filename unknown>:0
]]></stack-trace>
                        </failure>
                      </test-case>
                    </results>
                  </test-suite>
                  <test-suite name="TestMethods" success="False" time="0.120" asserts="0">
                    <results>
                      <test-case name="presto.oops.runtime.TestMethods.test_e_as_e_bug" executed="True" success="False" time="0.005" asserts="1">
                        <failure>
                          <message><![CDATA[System.NullReferenceException : Object reference not set to an instance of an object]]></message>
                          <stack-trace><![CDATA[at presto.declaration.AttributeDeclaration.register (presto.runtime.Context context) [0x00000] in <filename unknown>:0
at presto.grammar.DeclarationList.register (presto.runtime.Context context) [0x00000] in <filename unknown>:0
at presto.parser.BaseOopsParserTest.loadResource (System.String resourceName) [0x00000] in <filename unknown>:0
at presto.parser.BaseOopsParserTest.runResource (System.String resourceName) [0x00000] in <filename unknown>:0
at presto.parser.BaseOopsParserTest.CheckOutput (System.String resourceName) [0x00000] in <filename unknown>:0
at presto.oops.runtime.TestMethods.test_e_as_e_bug () [0x00000] in <filename unknown>:0
at (wrapper managed-to-native) System.Reflection.MonoMethod:InternalInvoke (System.Reflection.MonoMethod,object,object[],System.Exception&)
at System.Reflection.MonoMethod.Invoke (System.Object obj, BindingFlags invokeAttr, System.Reflection.Binder binder, System.Object[] parameters, System.Globalization.CultureInfo culture) [0x00000] in <filename unknown>:0
]]></stack-trace>
                        </failure>
                      </test-case>
                      <test-case name="presto.oops.runtime.TestMethods.testAnonymous" executed="True" success="False" time="0.004" asserts="1">
                        <failure>
                          <message><![CDATA[System.NullReferenceException : Object reference not set to an instance of an object]]></message>
                          <stack-trace><![CDATA[at presto.declaration.AttributeDeclaration.register (presto.runtime.Context context) [0x00000] in <filename unknown>:0
at presto.grammar.DeclarationList.register (presto.runtime.Context context) [0x00000] in <filename unknown>:0
at presto.parser.BaseOopsParserTest.loadResource (System.String resourceName) [0x00000] in <filename unknown>:0
at presto.parser.BaseOopsParserTest.runResource (System.String resourceName) [0x00000] in <filename unknown>:0
at presto.parser.BaseOopsParserTest.CheckOutput (System.String resourceName) [0x00000] in <filename unknown>:0
at presto.oops.runtime.TestMethods.testAnonymous () [0x00000] in <filename unknown>:0
at (wrapper managed-to-native) System.Reflection.MonoMethod:InternalInvoke (System.Reflection.MonoMethod,object,object[],System.Exception&)
at System.Reflection.MonoMethod.Invoke (System.Object obj, BindingFlags invokeAttr, System.Reflection.Binder binder, System.Object[] parameters, System.Globalization.CultureInfo culture) [0x00000] in <filename unknown>:0
]]></stack-trace>
                        </failure>
                      </test-case>
                      <test-case name="presto.oops.runtime.TestMethods.testAttributeCall" executed="True" success="False" time="0.004" asserts="1">
                        <failure>
                          <message><![CDATA[System.NullReferenceException : Object reference not set to an instance of an object]]></message>
                          <stack-trace><![CDATA[at presto.declaration.AttributeDeclaration.register (presto.runtime.Context context) [0x00000] in <filename unknown>:0
at presto.grammar.DeclarationList.register (presto.runtime.Context context) [0x00000] in <filename unknown>:0
at presto.parser.BaseOopsParserTest.loadResource (System.String resourceName) [0x00000] in <filename unknown>:0
at presto.parser.BaseOopsParserTest.runResource (System.String resourceName) [0x00000] in <filename unknown>:0
at presto.parser.BaseOopsParserTest.CheckOutput (System.String resourceName) [0x00000] in <filename unknown>:0
at presto.oops.runtime.TestMethods.testAttributeCall () [0x00000] in <filename unknown>:0
at (wrapper managed-to-native) System.Reflection.MonoMethod:InternalInvoke (System.Reflection.MonoMethod,object,object[],System.Exception&)
at System.Reflection.MonoMethod.Invoke (System.Object obj, BindingFlags invokeAttr, System.Reflection.Binder binder, System.Object[] parameters, System.Globalization.CultureInfo culture) [0x00000] in <filename unknown>:0
]]></stack-trace>
                        </failure>
                      </test-case>
                      <test-case name="presto.oops.runtime.TestMethods.testExpressionWith" executed="True" success="False" time="0.002" asserts="1">
                        <failure>
                          <message><![CDATA[System.NullReferenceException : Object reference not set to an instance of an object]]></message>
                          <stack-trace><![CDATA[at presto.declaration.BaseMethodDeclaration.register (presto.runtime.Context context) [0x00000] in <filename unknown>:0
at presto.grammar.DeclarationList.register (presto.runtime.Context context) [0x00000] in <filename unknown>:0
at presto.parser.BaseOopsParserTest.loadResource (System.String resourceName) [0x00000] in <filename unknown>:0
at presto.parser.BaseOopsParserTest.runResource (System.String resourceName) [0x00000] in <filename unknown>:0
at presto.parser.BaseOopsParserTest.CheckOutput (System.String resourceName) [0x00000] in <filename unknown>:0
at presto.oops.runtime.TestMethods.testExpressionWith () [0x00000] in <filename unknown>:0
at (wrapper managed-to-native) System.Reflection.MonoMethod:InternalInvoke (System.Reflection.MonoMethod,object,object[],System.Exception&)
at System.Reflection.MonoMethod.Invoke (System.Object obj, BindingFlags invokeAttr, System.Reflection.Binder binder, System.Object[] parameters, System.Globalization.CultureInfo culture) [0x00000] in <filename unknown>:0
]]></stack-trace>
                        </failure>
                      </test-case>
                      <test-case name="presto.oops.runtime.TestMethods.testImplicitCall" executed="True" success="False" time="0.002" asserts="1">
                        <failure>
                          <message><![CDATA[System.NullReferenceException : Object reference not set to an instance of an object]]></message>
                          <stack-trace><![CDATA[at presto.declaration.AttributeDeclaration.register (presto.runtime.Context context) [0x00000] in <filename unknown>:0
at presto.grammar.DeclarationList.register (presto.runtime.Context context) [0x00000] in <filename unknown>:0
at presto.parser.BaseOopsParserTest.loadResource (System.String resourceName) [0x00000] in <filename unknown>:0
at presto.parser.BaseOopsParserTest.runResource (System.String resourceName) [0x00000] in <filename unknown>:0
at presto.parser.BaseOopsParserTest.CheckOutput (System.String resourceName) [0x00000] in <filename unknown>:0
at presto.oops.runtime.TestMethods.testImplicitCall () [0x00000] in <filename unknown>:0
at (wrapper managed-to-native) System.Reflection.MonoMethod:InternalInvoke (System.Reflection.MonoMethod,object,object[],System.Exception&)
at System.Reflection.MonoMethod.Invoke (System.Object obj, BindingFlags invokeAttr, System.Reflection.Binder binder, System.Object[] parameters, System.Globalization.CultureInfo culture) [0x00000] in <filename unknown>:0
]]></stack-trace>
                        </failure>
                      </test-case>
                      <test-case name="presto.oops.runtime.TestMethods.testMember" executed="True" success="False" time="0.006" asserts="1">
                        <failure>
                          <message><![CDATA[System.NullReferenceException : Object reference not set to an instance of an object]]></message>
                          <stack-trace><![CDATA[at presto.declaration.BaseMethodDeclaration.register (presto.runtime.Context context) [0x00000] in <filename unknown>:0
at presto.grammar.DeclarationList.register (presto.runtime.Context context) [0x00000] in <filename unknown>:0
at presto.parser.BaseOopsParserTest.loadResource (System.String resourceName) [0x00000] in <filename unknown>:0
at presto.parser.BaseOopsParserTest.runResource (System.String resourceName) [0x00000] in <filename unknown>:0
at presto.parser.BaseOopsParserTest.CheckOutput (System.String resourceName) [0x00000] in <filename unknown>:0
at presto.oops.runtime.TestMethods.testMember () [0x00000] in <filename unknown>:0
at (wrapper managed-to-native) System.Reflection.MonoMethod:InternalInvoke (System.Reflection.MonoMethod,object,object[],System.Exception&)
at System.Reflection.MonoMethod.Invoke (System.Object obj, BindingFlags invokeAttr, System.Reflection.Binder binder, System.Object[] parameters, System.Globalization.CultureInfo culture) [0x00000] in <filename unknown>:0
]]></stack-trace>
                        </failure>
                      </test-case>
                      <test-case name="presto.oops.runtime.TestMethods.testPolymorphicAbstract" executed="True" success="False" time="0.004" asserts="1">
                        <failure>
                          <message><![CDATA[System.NullReferenceException : Object reference not set to an instance of an object]]></message>
                          <stack-trace><![CDATA[at presto.declaration.AttributeDeclaration.register (presto.runtime.Context context) [0x00000] in <filename unknown>:0
at presto.grammar.DeclarationList.register (presto.runtime.Context context) [0x00000] in <filename unknown>:0
at presto.parser.BaseOopsParserTest.loadResource (System.String resourceName) [0x00000] in <filename unknown>:0
at presto.parser.BaseOopsParserTest.runResource (System.String resourceName) [0x00000] in <filename unknown>:0
at presto.parser.BaseOopsParserTest.CheckOutput (System.String resourceName) [0x00000] in <filename unknown>:0
at presto.oops.runtime.TestMethods.testPolymorphicAbstract () [0x00000] in <filename unknown>:0
at (wrapper managed-to-native) System.Reflection.MonoMethod:InternalInvoke (System.Reflection.MonoMethod,object,object[],System.Exception&)
at System.Reflection.MonoMethod.Invoke (System.Object obj, BindingFlags invokeAttr, System.Reflection.Binder binder, System.Object[] parameters, System.Globalization.CultureInfo culture) [0x00000] in <filename unknown>:0
]]></stack-trace>
                        </failure>
                      </test-case>
                      <test-case name="presto.oops.runtime.TestMethods.testPolymorphicImplicit" executed="True" success="False" time="0.009" asserts="1">
                        <failure>
                          <message><![CDATA[System.NullReferenceException : Object reference not set to an instance of an object]]></message>
                          <stack-trace><![CDATA[at presto.declaration.AttributeDeclaration.register (presto.runtime.Context context) [0x00000] in <filename unknown>:0
at presto.grammar.DeclarationList.register (presto.runtime.Context context) [0x00000] in <filename unknown>:0
at presto.parser.BaseOopsParserTest.loadResource (System.String resourceName) [0x00000] in <filename unknown>:0
at presto.parser.BaseOopsParserTest.runResource (System.String resourceName) [0x00000] in <filename unknown>:0
at presto.parser.BaseOopsParserTest.CheckOutput (System.String resourceName) [0x00000] in <filename unknown>:0
at presto.oops.runtime.TestMethods.testPolymorphicImplicit () [0x00000] in <filename unknown>:0
at (wrapper managed-to-native) System.Reflection.MonoMethod:InternalInvoke (System.Reflection.MonoMethod,object,object[],System.Exception&)
at System.Reflection.MonoMethod.Invoke (System.Object obj, BindingFlags invokeAttr, System.Reflection.Binder binder, System.Object[] parameters, System.Globalization.CultureInfo culture) [0x00000] in <filename unknown>:0
]]></stack-trace>
                        </failure>
                      </test-case>
                      <test-case name="presto.oops.runtime.TestMethods.testPolymorphicNamed" executed="True" success="False" time="0.003" asserts="1">
                        <failure>
                          <message><![CDATA[System.NullReferenceException : Object reference not set to an instance of an object]]></message>
                          <stack-trace><![CDATA[at presto.declaration.AttributeDeclaration.register (presto.runtime.Context context) [0x00000] in <filename unknown>:0
at presto.grammar.DeclarationList.register (presto.runtime.Context context) [0x00000] in <filename unknown>:0
at presto.parser.BaseOopsParserTest.loadResource (System.String resourceName) [0x00000] in <filename unknown>:0
at presto.parser.BaseOopsParserTest.runResource (System.String resourceName) [0x00000] in <filename unknown>:0
at presto.parser.BaseOopsParserTest.CheckOutput (System.String resourceName) [0x00000] in <filename unknown>:0
at presto.oops.runtime.TestMethods.testPolymorphicNamed () [0x00000] in <filename unknown>:0
at (wrapper managed-to-native) System.Reflection.MonoMethod:InternalInvoke (System.Reflection.MonoMethod,object,object[],System.Exception&)
at System.Reflection.MonoMethod.Invoke (System.Object obj, BindingFlags invokeAttr, System.Reflection.Binder binder, System.Object[] parameters, System.Globalization.CultureInfo culture) [0x00000] in <filename unknown>:0
]]></stack-trace>
                        </failure>
                      </test-case>
                      <test-case name="presto.oops.runtime.TestMethods.testPolymorphicRuntime" executed="True" success="False" time="0.004" asserts="1">
                        <failure>
                          <message><![CDATA[System.NullReferenceException : Object reference not set to an instance of an object]]></message>
                          <stack-trace><![CDATA[at presto.declaration.AttributeDeclaration.register (presto.runtime.Context context) [0x00000] in <filename unknown>:0
at presto.grammar.DeclarationList.register (presto.runtime.Context context) [0x00000] in <filename unknown>:0
at presto.parser.BaseOopsParserTest.loadResource (System.String resourceName) [0x00000] in <filename unknown>:0
at presto.parser.BaseOopsParserTest.runResource (System.String resourceName) [0x00000] in <filename unknown>:0
at presto.parser.BaseOopsParserTest.CheckOutput (System.String resourceName) [0x00000] in <filename unknown>:0
at presto.oops.runtime.TestMethods.testPolymorphicRuntime () [0x00000] in <filename unknown>:0
at (wrapper managed-to-native) System.Reflection.MonoMethod:InternalInvoke (System.Reflection.MonoMethod,object,object[],System.Exception&)
at System.Reflection.MonoMethod.Invoke (System.Object obj, BindingFlags invokeAttr, System.Reflection.Binder binder, System.Object[] parameters, System.Globalization.CultureInfo culture) [0x00000] in <filename unknown>:0
]]></stack-trace>
                        </failure>
                      </test-case>
                      <test-case name="presto.oops.runtime.TestMethods.testReturn" executed="True" success="False" time="0.002" asserts="1">
                        <failure>
                          <message><![CDATA[System.NullReferenceException : Object reference not set to an instance of an object]]></message>
                          <stack-trace><![CDATA[at presto.declaration.AttributeDeclaration.register (presto.runtime.Context context) [0x00000] in <filename unknown>:0
at presto.grammar.DeclarationList.register (presto.runtime.Context context) [0x00000] in <filename unknown>:0
at presto.parser.BaseOopsParserTest.loadResource (System.String resourceName) [0x00000] in <filename unknown>:0
at presto.parser.BaseOopsParserTest.runResource (System.String resourceName) [0x00000] in <filename unknown>:0
at presto.parser.BaseOopsParserTest.CheckOutput (System.String resourceName) [0x00000] in <filename unknown>:0
at presto.oops.runtime.TestMethods.testReturn () [0x00000] in <filename unknown>:0
at (wrapper managed-to-native) System.Reflection.MonoMethod:InternalInvoke (System.Reflection.MonoMethod,object,object[],System.Exception&)
at System.Reflection.MonoMethod.Invoke (System.Object obj, BindingFlags invokeAttr, System.Reflection.Binder binder, System.Object[] parameters, System.Globalization.CultureInfo culture) [0x00000] in <filename unknown>:0
]]></stack-trace>
                        </failure>
                      </test-case>
                      <test-case name="presto.oops.runtime.TestMethods.testSpecifiedCall" executed="True" success="False" time="0.004" asserts="1">
                        <failure>
                          <message><![CDATA[System.NullReferenceException : Object reference not set to an instance of an object]]></message>
                          <stack-trace><![CDATA[at presto.declaration.AttributeDeclaration.register (presto.runtime.Context context) [0x00000] in <filename unknown>:0
at presto.grammar.DeclarationList.register (presto.runtime.Context context) [0x00000] in <filename unknown>:0
at presto.parser.BaseOopsParserTest.loadResource (System.String resourceName) [0x00000] in <filename unknown>:0
at presto.parser.BaseOopsParserTest.runResource (System.String resourceName) [0x00000] in <filename unknown>:0
at presto.parser.BaseOopsParserTest.CheckOutput (System.String resourceName) [0x00000] in <filename unknown>:0
at presto.oops.runtime.TestMethods.testSpecifiedCall () [0x00000] in <filename unknown>:0
at (wrapper managed-to-native) System.Reflection.MonoMethod:InternalInvoke (System.Reflection.MonoMethod,object,object[],System.Exception&)
at System.Reflection.MonoMethod.Invoke (System.Object obj, BindingFlags invokeAttr, System.Reflection.Binder binder, System.Object[] parameters, System.Globalization.CultureInfo culture) [0x00000] in <filename unknown>:0
]]></stack-trace>
                        </failure>
                      </test-case>
                    </results>
                  </test-suite>
                  <test-suite name="TestMinus" success="False" time="0.027" asserts="0">
                    <results>
                      <test-case name="presto.oops.runtime.TestMinus.testMinusDecimal" executed="True" success="False" time="0.008" asserts="1">
                        <failure>
                          <message><![CDATA[System.NullReferenceException : Object reference not set to an instance of an object]]></message>
                          <stack-trace><![CDATA[at presto.declaration.BaseMethodDeclaration.register (presto.runtime.Context context) [0x00000] in <filename unknown>:0
at presto.grammar.DeclarationList.register (presto.runtime.Context context) [0x00000] in <filename unknown>:0
at presto.parser.BaseOopsParserTest.loadResource (System.String resourceName) [0x00000] in <filename unknown>:0
at presto.parser.BaseOopsParserTest.runResource (System.String resourceName) [0x00000] in <filename unknown>:0
at presto.parser.BaseOopsParserTest.CheckOutput (System.String resourceName) [0x00000] in <filename unknown>:0
at presto.oops.runtime.TestMinus.testMinusDecimal () [0x00000] in <filename unknown>:0
at (wrapper managed-to-native) System.Reflection.MonoMethod:InternalInvoke (System.Reflection.MonoMethod,object,object[],System.Exception&)
at System.Reflection.MonoMethod.Invoke (System.Object obj, BindingFlags invokeAttr, System.Reflection.Binder binder, System.Object[] parameters, System.Globalization.CultureInfo culture) [0x00000] in <filename unknown>:0
]]></stack-trace>
                        </failure>
                      </test-case>
                      <test-case name="presto.oops.runtime.TestMinus.testMinusInteger" executed="True" success="False" time="0.001" asserts="1">
                        <failure>
                          <message><![CDATA[System.NullReferenceException : Object reference not set to an instance of an object]]></message>
                          <stack-trace><![CDATA[at presto.declaration.BaseMethodDeclaration.register (presto.runtime.Context context) [0x00000] in <filename unknown>:0
at presto.grammar.DeclarationList.register (presto.runtime.Context context) [0x00000] in <filename unknown>:0
at presto.parser.BaseOopsParserTest.loadResource (System.String resourceName) [0x00000] in <filename unknown>:0
at presto.parser.BaseOopsParserTest.runResource (System.String resourceName) [0x00000] in <filename unknown>:0
at presto.parser.BaseOopsParserTest.CheckOutput (System.String resourceName) [0x00000] in <filename unknown>:0
at presto.oops.runtime.TestMinus.testMinusInteger () [0x00000] in <filename unknown>:0
at (wrapper managed-to-native) System.Reflection.MonoMethod:InternalInvoke (System.Reflection.MonoMethod,object,object[],System.Exception&)
at System.Reflection.MonoMethod.Invoke (System.Object obj, BindingFlags invokeAttr, System.Reflection.Binder binder, System.Object[] parameters, System.Globalization.CultureInfo culture) [0x00000] in <filename unknown>:0
]]></stack-trace>
                        </failure>
                      </test-case>
                      <test-case name="presto.oops.runtime.TestMinus.testMinusPeriod" executed="True" success="False" time="0.002" asserts="1">
                        <failure>
                          <message><![CDATA[System.NullReferenceException : Object reference not set to an instance of an object]]></message>
                          <stack-trace><![CDATA[at presto.declaration.BaseMethodDeclaration.register (presto.runtime.Context context) [0x00000] in <filename unknown>:0
at presto.grammar.DeclarationList.register (presto.runtime.Context context) [0x00000] in <filename unknown>:0
at presto.parser.BaseOopsParserTest.loadResource (System.String resourceName) [0x00000] in <filename unknown>:0
at presto.parser.BaseOopsParserTest.runResource (System.String resourceName) [0x00000] in <filename unknown>:0
at presto.parser.BaseOopsParserTest.CheckOutput (System.String resourceName) [0x00000] in <filename unknown>:0
at presto.oops.runtime.TestMinus.testMinusPeriod () [0x00000] in <filename unknown>:0
at (wrapper managed-to-native) System.Reflection.MonoMethod:InternalInvoke (System.Reflection.MonoMethod,object,object[],System.Exception&)
at System.Reflection.MonoMethod.Invoke (System.Object obj, BindingFlags invokeAttr, System.Reflection.Binder binder, System.Object[] parameters, System.Globalization.CultureInfo culture) [0x00000] in <filename unknown>:0
]]></stack-trace>
                        </failure>
                      </test-case>
                    </results>
                  </test-suite>
                  <test-suite name="TestMult" success="False" time="0.049" asserts="0">
                    <results>
                      <test-case name="presto.oops.runtime.TestMult.testMultCharacter" executed="True" success="False" time="0.004" asserts="1">
                        <failure>
                          <message><![CDATA[System.NullReferenceException : Object reference not set to an instance of an object]]></message>
                          <stack-trace><![CDATA[at presto.declaration.BaseMethodDeclaration.register (presto.runtime.Context context) [0x00000] in <filename unknown>:0
at presto.grammar.DeclarationList.register (presto.runtime.Context context) [0x00000] in <filename unknown>:0
at presto.parser.BaseOopsParserTest.loadResource (System.String resourceName) [0x00000] in <filename unknown>:0
at presto.parser.BaseOopsParserTest.runResource (System.String resourceName) [0x00000] in <filename unknown>:0
at presto.parser.BaseOopsParserTest.CheckOutput (System.String resourceName) [0x00000] in <filename unknown>:0
at presto.oops.runtime.TestMult.testMultCharacter () [0x00000] in <filename unknown>:0
at (wrapper managed-to-native) System.Reflection.MonoMethod:InternalInvoke (System.Reflection.MonoMethod,object,object[],System.Exception&)
at System.Reflection.MonoMethod.Invoke (System.Object obj, BindingFlags invokeAttr, System.Reflection.Binder binder, System.Object[] parameters, System.Globalization.CultureInfo culture) [0x00000] in <filename unknown>:0
]]></stack-trace>
                        </failure>
                      </test-case>
                      <test-case name="presto.oops.runtime.TestMult.testMultDecimal" executed="True" success="False" time="0.003" asserts="1">
                        <failure>
                          <message><![CDATA[System.NullReferenceException : Object reference not set to an instance of an object]]></message>
                          <stack-trace><![CDATA[at presto.declaration.BaseMethodDeclaration.register (presto.runtime.Context context) [0x00000] in <filename unknown>:0
at presto.grammar.DeclarationList.register (presto.runtime.Context context) [0x00000] in <filename unknown>:0
at presto.parser.BaseOopsParserTest.loadResource (System.String resourceName) [0x00000] in <filename unknown>:0
at presto.parser.BaseOopsParserTest.runResource (System.String resourceName) [0x00000] in <filename unknown>:0
at presto.parser.BaseOopsParserTest.CheckOutput (System.String resourceName) [0x00000] in <filename unknown>:0
at presto.oops.runtime.TestMult.testMultDecimal () [0x00000] in <filename unknown>:0
at (wrapper managed-to-native) System.Reflection.MonoMethod:InternalInvoke (System.Reflection.MonoMethod,object,object[],System.Exception&)
at System.Reflection.MonoMethod.Invoke (System.Object obj, BindingFlags invokeAttr, System.Reflection.Binder binder, System.Object[] parameters, System.Globalization.CultureInfo culture) [0x00000] in <filename unknown>:0
]]></stack-trace>
                        </failure>
                      </test-case>
                      <test-case name="presto.oops.runtime.TestMult.testMultInteger" executed="True" success="False" time="0.002" asserts="1">
                        <failure>
                          <message><![CDATA[System.NullReferenceException : Object reference not set to an instance of an object]]></message>
                          <stack-trace><![CDATA[at presto.declaration.BaseMethodDeclaration.register (presto.runtime.Context context) [0x00000] in <filename unknown>:0
at presto.grammar.DeclarationList.register (presto.runtime.Context context) [0x00000] in <filename unknown>:0
at presto.parser.BaseOopsParserTest.loadResource (System.String resourceName) [0x00000] in <filename unknown>:0
at presto.parser.BaseOopsParserTest.runResource (System.String resourceName) [0x00000] in <filename unknown>:0
at presto.parser.BaseOopsParserTest.CheckOutput (System.String resourceName) [0x00000] in <filename unknown>:0
at presto.oops.runtime.TestMult.testMultInteger () [0x00000] in <filename unknown>:0
at (wrapper managed-to-native) System.Reflection.MonoMethod:InternalInvoke (System.Reflection.MonoMethod,object,object[],System.Exception&)
at System.Reflection.MonoMethod.Invoke (System.Object obj, BindingFlags invokeAttr, System.Reflection.Binder binder, System.Object[] parameters, System.Globalization.CultureInfo culture) [0x00000] in <filename unknown>:0
]]></stack-trace>
                        </failure>
                      </test-case>
                      <test-case name="presto.oops.runtime.TestMult.testMultList" executed="True" success="False" time="0.005" asserts="1">
                        <failure>
                          <message><![CDATA[System.NullReferenceException : Object reference not set to an instance of an object]]></message>
                          <stack-trace><![CDATA[at presto.declaration.BaseMethodDeclaration.register (presto.runtime.Context context) [0x00000] in <filename unknown>:0
at presto.grammar.DeclarationList.register (presto.runtime.Context context) [0x00000] in <filename unknown>:0
at presto.parser.BaseOopsParserTest.loadResource (System.String resourceName) [0x00000] in <filename unknown>:0
at presto.parser.BaseOopsParserTest.runResource (System.String resourceName) [0x00000] in <filename unknown>:0
at presto.parser.BaseOopsParserTest.CheckOutput (System.String resourceName) [0x00000] in <filename unknown>:0
at presto.oops.runtime.TestMult.testMultList () [0x00000] in <filename unknown>:0
at (wrapper managed-to-native) System.Reflection.MonoMethod:InternalInvoke (System.Reflection.MonoMethod,object,object[],System.Exception&)
at System.Reflection.MonoMethod.Invoke (System.Object obj, BindingFlags invokeAttr, System.Reflection.Binder binder, System.Object[] parameters, System.Globalization.CultureInfo culture) [0x00000] in <filename unknown>:0
]]></stack-trace>
                        </failure>
                      </test-case>
                      <test-case name="presto.oops.runtime.TestMult.testMultPeriod" executed="True" success="False" time="0.002" asserts="1">
                        <failure>
                          <message><![CDATA[System.NullReferenceException : Object reference not set to an instance of an object]]></message>
                          <stack-trace><![CDATA[at presto.declaration.BaseMethodDeclaration.register (presto.runtime.Context context) [0x00000] in <filename unknown>:0
at presto.grammar.DeclarationList.register (presto.runtime.Context context) [0x00000] in <filename unknown>:0
at presto.parser.BaseOopsParserTest.loadResource (System.String resourceName) [0x00000] in <filename unknown>:0
at presto.parser.BaseOopsParserTest.runResource (System.String resourceName) [0x00000] in <filename unknown>:0
at presto.parser.BaseOopsParserTest.CheckOutput (System.String resourceName) [0x00000] in <filename unknown>:0
at presto.oops.runtime.TestMult.testMultPeriod () [0x00000] in <filename unknown>:0
at (wrapper managed-to-native) System.Reflection.MonoMethod:InternalInvoke (System.Reflection.MonoMethod,object,object[],System.Exception&)
at System.Reflection.MonoMethod.Invoke (System.Object obj, BindingFlags invokeAttr, System.Reflection.Binder binder, System.Object[] parameters, System.Globalization.CultureInfo culture) [0x00000] in <filename unknown>:0
]]></stack-trace>
                        </failure>
                      </test-case>
                      <test-case name="presto.oops.runtime.TestMult.testMultText" executed="True" success="False" time="0.003" asserts="1">
                        <failure>
                          <message><![CDATA[System.NullReferenceException : Object reference not set to an instance of an object]]></message>
                          <stack-trace><![CDATA[at presto.declaration.BaseMethodDeclaration.register (presto.runtime.Context context) [0x00000] in <filename unknown>:0
at presto.grammar.DeclarationList.register (presto.runtime.Context context) [0x00000] in <filename unknown>:0
at presto.parser.BaseOopsParserTest.loadResource (System.String resourceName) [0x00000] in <filename unknown>:0
at presto.parser.BaseOopsParserTest.runResource (System.String resourceName) [0x00000] in <filename unknown>:0
at presto.parser.BaseOopsParserTest.CheckOutput (System.String resourceName) [0x00000] in <filename unknown>:0
at presto.oops.runtime.TestMult.testMultText () [0x00000] in <filename unknown>:0
at (wrapper managed-to-native) System.Reflection.MonoMethod:InternalInvoke (System.Reflection.MonoMethod,object,object[],System.Exception&)
at System.Reflection.MonoMethod.Invoke (System.Object obj, BindingFlags invokeAttr, System.Reflection.Binder binder, System.Object[] parameters, System.Globalization.CultureInfo culture) [0x00000] in <filename unknown>:0
]]></stack-trace>
                        </failure>
                      </test-case>
                    </results>
                  </test-suite>
                  <test-suite name="TestNative" success="False" time="0.114" asserts="0">
                    <results>
                      <test-case name="presto.oops.runtime.TestNative.testCall" executed="True" success="False" time="0.001" asserts="1">
                        <failure>
                          <message><![CDATA[System.NullReferenceException : Object reference not set to an instance of an object]]></message>
                          <stack-trace><![CDATA[at presto.declaration.BaseMethodDeclaration.register (presto.runtime.Context context) [0x00000] in <filename unknown>:0
at presto.grammar.DeclarationList.register (presto.runtime.Context context) [0x00000] in <filename unknown>:0
at presto.parser.BaseOopsParserTest.loadResource (System.String resourceName) [0x00000] in <filename unknown>:0
at presto.parser.BaseOopsParserTest.runResource (System.String resourceName) [0x00000] in <filename unknown>:0
at presto.parser.BaseOopsParserTest.CheckOutput (System.String resourceName) [0x00000] in <filename unknown>:0
at presto.oops.runtime.TestNative.testCall () [0x00000] in <filename unknown>:0
at (wrapper managed-to-native) System.Reflection.MonoMethod:InternalInvoke (System.Reflection.MonoMethod,object,object[],System.Exception&)
at System.Reflection.MonoMethod.Invoke (System.Object obj, BindingFlags invokeAttr, System.Reflection.Binder binder, System.Object[] parameters, System.Globalization.CultureInfo culture) [0x00000] in <filename unknown>:0
]]></stack-trace>
                        </failure>
                      </test-case>
                      <test-case name="presto.oops.runtime.TestNative.testCategory" executed="True" success="False" time="0.014" asserts="1">
                        <failure>
                          <message><![CDATA[System.NullReferenceException : Object reference not set to an instance of an object]]></message>
                          <stack-trace><![CDATA[at presto.declaration.AttributeDeclaration.register (presto.runtime.Context context) [0x00000] in <filename unknown>:0
at presto.grammar.DeclarationList.register (presto.runtime.Context context) [0x00000] in <filename unknown>:0
at presto.parser.BaseOopsParserTest.loadResource (System.String resourceName) [0x00000] in <filename unknown>:0
at presto.parser.BaseOopsParserTest.runResource (System.String resourceName) [0x00000] in <filename unknown>:0
at presto.parser.BaseOopsParserTest.CheckOutput (System.String resourceName) [0x00000] in <filename unknown>:0
at presto.oops.runtime.TestNative.testCategory () [0x00000] in <filename unknown>:0
at (wrapper managed-to-native) System.Reflection.MonoMethod:InternalInvoke (System.Reflection.MonoMethod,object,object[],System.Exception&)
at System.Reflection.MonoMethod.Invoke (System.Object obj, BindingFlags invokeAttr, System.Reflection.Binder binder, System.Object[] parameters, System.Globalization.CultureInfo culture) [0x00000] in <filename unknown>:0
]]></stack-trace>
                        </failure>
                      </test-case>
                      <test-case name="presto.oops.runtime.TestNative.testReturnBooleanObject" executed="True" success="False" time="0.007" asserts="1">
                        <failure>
                          <message><![CDATA[System.NullReferenceException : Object reference not set to an instance of an object]]></message>
                          <stack-trace><![CDATA[at presto.declaration.BaseMethodDeclaration.register (presto.runtime.Context context) [0x00000] in <filename unknown>:0
at presto.grammar.DeclarationList.register (presto.runtime.Context context) [0x00000] in <filename unknown>:0
at presto.parser.BaseOopsParserTest.loadResource (System.String resourceName) [0x00000] in <filename unknown>:0
at presto.parser.BaseOopsParserTest.runResource (System.String resourceName) [0x00000] in <filename unknown>:0
at presto.parser.BaseOopsParserTest.CheckOutput (System.String resourceName) [0x00000] in <filename unknown>:0
at presto.oops.runtime.TestNative.testReturnBooleanObject () [0x00000] in <filename unknown>:0
at (wrapper managed-to-native) System.Reflection.MonoMethod:InternalInvoke (System.Reflection.MonoMethod,object,object[],System.Exception&)
at System.Reflection.MonoMethod.Invoke (System.Object obj, BindingFlags invokeAttr, System.Reflection.Binder binder, System.Object[] parameters, System.Globalization.CultureInfo culture) [0x00000] in <filename unknown>:0
]]></stack-trace>
                        </failure>
                      </test-case>
                      <test-case name="presto.oops.runtime.TestNative.testReturnBooleanValue" executed="True" success="False" time="0.003" asserts="1">
                        <failure>
                          <message><![CDATA[System.NullReferenceException : Object reference not set to an instance of an object]]></message>
                          <stack-trace><![CDATA[at presto.declaration.BaseMethodDeclaration.register (presto.runtime.Context context) [0x00000] in <filename unknown>:0
at presto.grammar.DeclarationList.register (presto.runtime.Context context) [0x00000] in <filename unknown>:0
at presto.parser.BaseOopsParserTest.loadResource (System.String resourceName) [0x00000] in <filename unknown>:0
at presto.parser.BaseOopsParserTest.runResource (System.String resourceName) [0x00000] in <filename unknown>:0
at presto.parser.BaseOopsParserTest.CheckOutput (System.String resourceName) [0x00000] in <filename unknown>:0
at presto.oops.runtime.TestNative.testReturnBooleanValue () [0x00000] in <filename unknown>:0
at (wrapper managed-to-native) System.Reflection.MonoMethod:InternalInvoke (System.Reflection.MonoMethod,object,object[],System.Exception&)
at System.Reflection.MonoMethod.Invoke (System.Object obj, BindingFlags invokeAttr, System.Reflection.Binder binder, System.Object[] parameters, System.Globalization.CultureInfo culture) [0x00000] in <filename unknown>:0
]]></stack-trace>
                        </failure>
                      </test-case>
                      <test-case name="presto.oops.runtime.TestNative.testReturnCharacterObject" executed="True" success="False" time="0.003" asserts="1">
                        <failure>
                          <message><![CDATA[System.NullReferenceException : Object reference not set to an instance of an object]]></message>
                          <stack-trace><![CDATA[at presto.declaration.BaseMethodDeclaration.register (presto.runtime.Context context) [0x00000] in <filename unknown>:0
at presto.grammar.DeclarationList.register (presto.runtime.Context context) [0x00000] in <filename unknown>:0
at presto.parser.BaseOopsParserTest.loadResource (System.String resourceName) [0x00000] in <filename unknown>:0
at presto.parser.BaseOopsParserTest.runResource (System.String resourceName) [0x00000] in <filename unknown>:0
at presto.parser.BaseOopsParserTest.CheckOutput (System.String resourceName) [0x00000] in <filename unknown>:0
at presto.oops.runtime.TestNative.testReturnCharacterObject () [0x00000] in <filename unknown>:0
at (wrapper managed-to-native) System.Reflection.MonoMethod:InternalInvoke (System.Reflection.MonoMethod,object,object[],System.Exception&)
at System.Reflection.MonoMethod.Invoke (System.Object obj, BindingFlags invokeAttr, System.Reflection.Binder binder, System.Object[] parameters, System.Globalization.CultureInfo culture) [0x00000] in <filename unknown>:0
]]></stack-trace>
                        </failure>
                      </test-case>
                      <test-case name="presto.oops.runtime.TestNative.testReturnCharacterValue" executed="True" success="False" time="0.001" asserts="1">
                        <failure>
                          <message><![CDATA[System.NullReferenceException : Object reference not set to an instance of an object]]></message>
                          <stack-trace><![CDATA[at presto.declaration.BaseMethodDeclaration.register (presto.runtime.Context context) [0x00000] in <filename unknown>:0
at presto.grammar.DeclarationList.register (presto.runtime.Context context) [0x00000] in <filename unknown>:0
at presto.parser.BaseOopsParserTest.loadResource (System.String resourceName) [0x00000] in <filename unknown>:0
at presto.parser.BaseOopsParserTest.runResource (System.String resourceName) [0x00000] in <filename unknown>:0
at presto.parser.BaseOopsParserTest.CheckOutput (System.String resourceName) [0x00000] in <filename unknown>:0
at presto.oops.runtime.TestNative.testReturnCharacterValue () [0x00000] in <filename unknown>:0
at (wrapper managed-to-native) System.Reflection.MonoMethod:InternalInvoke (System.Reflection.MonoMethod,object,object[],System.Exception&)
at System.Reflection.MonoMethod.Invoke (System.Object obj, BindingFlags invokeAttr, System.Reflection.Binder binder, System.Object[] parameters, System.Globalization.CultureInfo culture) [0x00000] in <filename unknown>:0
]]></stack-trace>
                        </failure>
                      </test-case>
                      <test-case name="presto.oops.runtime.TestNative.testReturnIntegerObject" executed="True" success="False" time="0.002" asserts="1">
                        <failure>
                          <message><![CDATA[System.NullReferenceException : Object reference not set to an instance of an object]]></message>
                          <stack-trace><![CDATA[at presto.declaration.BaseMethodDeclaration.register (presto.runtime.Context context) [0x00000] in <filename unknown>:0
at presto.grammar.DeclarationList.register (presto.runtime.Context context) [0x00000] in <filename unknown>:0
at presto.parser.BaseOopsParserTest.loadResource (System.String resourceName) [0x00000] in <filename unknown>:0
at presto.parser.BaseOopsParserTest.runResource (System.String resourceName) [0x00000] in <filename unknown>:0
at presto.parser.BaseOopsParserTest.CheckOutput (System.String resourceName) [0x00000] in <filename unknown>:0
at presto.oops.runtime.TestNative.testReturnIntegerObject () [0x00000] in <filename unknown>:0
at (wrapper managed-to-native) System.Reflection.MonoMethod:InternalInvoke (System.Reflection.MonoMethod,object,object[],System.Exception&)
at System.Reflection.MonoMethod.Invoke (System.Object obj, BindingFlags invokeAttr, System.Reflection.Binder binder, System.Object[] parameters, System.Globalization.CultureInfo culture) [0x00000] in <filename unknown>:0
]]></stack-trace>
                        </failure>
                      </test-case>
                      <test-case name="presto.oops.runtime.TestNative.testReturnIntegerValue" executed="True" success="False" time="0.001" asserts="1">
                        <failure>
                          <message><![CDATA[System.NullReferenceException : Object reference not set to an instance of an object]]></message>
                          <stack-trace><![CDATA[at presto.declaration.BaseMethodDeclaration.register (presto.runtime.Context context) [0x00000] in <filename unknown>:0
at presto.grammar.DeclarationList.register (presto.runtime.Context context) [0x00000] in <filename unknown>:0
at presto.parser.BaseOopsParserTest.loadResource (System.String resourceName) [0x00000] in <filename unknown>:0
at presto.parser.BaseOopsParserTest.runResource (System.String resourceName) [0x00000] in <filename unknown>:0
at presto.parser.BaseOopsParserTest.CheckOutput (System.String resourceName) [0x00000] in <filename unknown>:0
at presto.oops.runtime.TestNative.testReturnIntegerValue () [0x00000] in <filename unknown>:0
at (wrapper managed-to-native) System.Reflection.MonoMethod:InternalInvoke (System.Reflection.MonoMethod,object,object[],System.Exception&)
at System.Reflection.MonoMethod.Invoke (System.Object obj, BindingFlags invokeAttr, System.Reflection.Binder binder, System.Object[] parameters, System.Globalization.CultureInfo culture) [0x00000] in <filename unknown>:0
]]></stack-trace>
                        </failure>
                      </test-case>
                      <test-case name="presto.oops.runtime.TestNative.testReturnLongObject" executed="True" success="False" time="0.002" asserts="1">
                        <failure>
                          <message><![CDATA[System.NullReferenceException : Object reference not set to an instance of an object]]></message>
                          <stack-trace><![CDATA[at presto.declaration.BaseMethodDeclaration.register (presto.runtime.Context context) [0x00000] in <filename unknown>:0
at presto.grammar.DeclarationList.register (presto.runtime.Context context) [0x00000] in <filename unknown>:0
at presto.parser.BaseOopsParserTest.loadResource (System.String resourceName) [0x00000] in <filename unknown>:0
at presto.parser.BaseOopsParserTest.runResource (System.String resourceName) [0x00000] in <filename unknown>:0
at presto.parser.BaseOopsParserTest.CheckOutput (System.String resourceName) [0x00000] in <filename unknown>:0
at presto.oops.runtime.TestNative.testReturnLongObject () [0x00000] in <filename unknown>:0
at (wrapper managed-to-native) System.Reflection.MonoMethod:InternalInvoke (System.Reflection.MonoMethod,object,object[],System.Exception&)
at System.Reflection.MonoMethod.Invoke (System.Object obj, BindingFlags invokeAttr, System.Reflection.Binder binder, System.Object[] parameters, System.Globalization.CultureInfo culture) [0x00000] in <filename unknown>:0
]]></stack-trace>
                        </failure>
                      </test-case>
                      <test-case name="presto.oops.runtime.TestNative.testReturnLongValue" executed="True" success="False" time="0.001" asserts="1">
                        <failure>
                          <message><![CDATA[System.NullReferenceException : Object reference not set to an instance of an object]]></message>
                          <stack-trace><![CDATA[at presto.declaration.BaseMethodDeclaration.register (presto.runtime.Context context) [0x00000] in <filename unknown>:0
at presto.grammar.DeclarationList.register (presto.runtime.Context context) [0x00000] in <filename unknown>:0
at presto.parser.BaseOopsParserTest.loadResource (System.String resourceName) [0x00000] in <filename unknown>:0
at presto.parser.BaseOopsParserTest.runResource (System.String resourceName) [0x00000] in <filename unknown>:0
at presto.parser.BaseOopsParserTest.CheckOutput (System.String resourceName) [0x00000] in <filename unknown>:0
at presto.oops.runtime.TestNative.testReturnLongValue () [0x00000] in <filename unknown>:0
at (wrapper managed-to-native) System.Reflection.MonoMethod:InternalInvoke (System.Reflection.MonoMethod,object,object[],System.Exception&)
at System.Reflection.MonoMethod.Invoke (System.Object obj, BindingFlags invokeAttr, System.Reflection.Binder binder, System.Object[] parameters, System.Globalization.CultureInfo culture) [0x00000] in <filename unknown>:0
]]></stack-trace>
                        </failure>
                      </test-case>
                      <test-case name="presto.oops.runtime.TestNative.testReturnText" executed="True" success="False" time="0.002" asserts="1">
                        <failure>
                          <message><![CDATA[System.NullReferenceException : Object reference not set to an instance of an object]]></message>
                          <stack-trace><![CDATA[at presto.declaration.BaseMethodDeclaration.register (presto.runtime.Context context) [0x00000] in <filename unknown>:0
at presto.grammar.DeclarationList.register (presto.runtime.Context context) [0x00000] in <filename unknown>:0
at presto.parser.BaseOopsParserTest.loadResource (System.String resourceName) [0x00000] in <filename unknown>:0
at presto.parser.BaseOopsParserTest.runResource (System.String resourceName) [0x00000] in <filename unknown>:0
at presto.oops.runtime.TestNative.testReturnText () [0x00000] in <filename unknown>:0
at (wrapper managed-to-native) System.Reflection.MonoMethod:InternalInvoke (System.Reflection.MonoMethod,object,object[],System.Exception&)
at System.Reflection.MonoMethod.Invoke (System.Object obj, BindingFlags invokeAttr, System.Reflection.Binder binder, System.Object[] parameters, System.Globalization.CultureInfo culture) [0x00000] in <filename unknown>:0
]]></stack-trace>
                        </failure>
                      </test-case>
                      <test-case name="presto.oops.runtime.TestNative.testSystemOutPrint" executed="True" success="True" time="0.001" asserts="2" />
                    </results>
                  </test-suite>
                  <test-suite name="TestOperators" success="False" time="0.051" asserts="0">
                    <results>
                      <test-case name="presto.oops.runtime.TestOperators.testSubDate" executed="True" success="False" time="0.005" asserts="1">
                        <failure>
                          <message><![CDATA[System.NullReferenceException : Object reference not set to an instance of an object]]></message>
                          <stack-trace><![CDATA[at presto.declaration.BaseMethodDeclaration.register (presto.runtime.Context context) [0x00000] in <filename unknown>:0
at presto.grammar.DeclarationList.register (presto.runtime.Context context) [0x00000] in <filename unknown>:0
at presto.parser.BaseOopsParserTest.loadResource (System.String resourceName) [0x00000] in <filename unknown>:0
at presto.parser.BaseOopsParserTest.runResource (System.String resourceName) [0x00000] in <filename unknown>:0
at presto.parser.BaseOopsParserTest.CheckOutput (System.String resourceName) [0x00000] in <filename unknown>:0
at presto.oops.runtime.TestOperators.testSubDate () [0x00000] in <filename unknown>:0
at (wrapper managed-to-native) System.Reflection.MonoMethod:InternalInvoke (System.Reflection.MonoMethod,object,object[],System.Exception&)
at System.Reflection.MonoMethod.Invoke (System.Object obj, BindingFlags invokeAttr, System.Reflection.Binder binder, System.Object[] parameters, System.Globalization.CultureInfo culture) [0x00000] in <filename unknown>:0
]]></stack-trace>
                        </failure>
                      </test-case>
                      <test-case name="presto.oops.runtime.TestOperators.testSubDateTime" executed="True" success="False" time="0.003" asserts="1">
                        <failure>
                          <message><![CDATA[System.NullReferenceException : Object reference not set to an instance of an object]]></message>
                          <stack-trace><![CDATA[at presto.declaration.BaseMethodDeclaration.register (presto.runtime.Context context) [0x00000] in <filename unknown>:0
at presto.grammar.DeclarationList.register (presto.runtime.Context context) [0x00000] in <filename unknown>:0
at presto.parser.BaseOopsParserTest.loadResource (System.String resourceName) [0x00000] in <filename unknown>:0
at presto.parser.BaseOopsParserTest.runResource (System.String resourceName) [0x00000] in <filename unknown>:0
at presto.parser.BaseOopsParserTest.CheckOutput (System.String resourceName) [0x00000] in <filename unknown>:0
at presto.oops.runtime.TestOperators.testSubDateTime () [0x00000] in <filename unknown>:0
at (wrapper managed-to-native) System.Reflection.MonoMethod:InternalInvoke (System.Reflection.MonoMethod,object,object[],System.Exception&)
at System.Reflection.MonoMethod.Invoke (System.Object obj, BindingFlags invokeAttr, System.Reflection.Binder binder, System.Object[] parameters, System.Globalization.CultureInfo culture) [0x00000] in <filename unknown>:0
]]></stack-trace>
                        </failure>
                      </test-case>
                      <test-case name="presto.oops.runtime.TestOperators.testSubDecimal" executed="True" success="False" time="0.002" asserts="1">
                        <failure>
                          <message><![CDATA[System.NullReferenceException : Object reference not set to an instance of an object]]></message>
                          <stack-trace><![CDATA[at presto.declaration.BaseMethodDeclaration.register (presto.runtime.Context context) [0x00000] in <filename unknown>:0
at presto.grammar.DeclarationList.register (presto.runtime.Context context) [0x00000] in <filename unknown>:0
at presto.parser.BaseOopsParserTest.loadResource (System.String resourceName) [0x00000] in <filename unknown>:0
at presto.parser.BaseOopsParserTest.runResource (System.String resourceName) [0x00000] in <filename unknown>:0
at presto.parser.BaseOopsParserTest.CheckOutput (System.String resourceName) [0x00000] in <filename unknown>:0
at presto.oops.runtime.TestOperators.testSubDecimal () [0x00000] in <filename unknown>:0
at (wrapper managed-to-native) System.Reflection.MonoMethod:InternalInvoke (System.Reflection.MonoMethod,object,object[],System.Exception&)
at System.Reflection.MonoMethod.Invoke (System.Object obj, BindingFlags invokeAttr, System.Reflection.Binder binder, System.Object[] parameters, System.Globalization.CultureInfo culture) [0x00000] in <filename unknown>:0
]]></stack-trace>
                        </failure>
                      </test-case>
                      <test-case name="presto.oops.runtime.TestOperators.testSubInteger" executed="True" success="False" time="0.003" asserts="1">
                        <failure>
                          <message><![CDATA[System.NullReferenceException : Object reference not set to an instance of an object]]></message>
                          <stack-trace><![CDATA[at presto.declaration.BaseMethodDeclaration.register (presto.runtime.Context context) [0x00000] in <filename unknown>:0
at presto.grammar.DeclarationList.register (presto.runtime.Context context) [0x00000] in <filename unknown>:0
at presto.parser.BaseOopsParserTest.loadResource (System.String resourceName) [0x00000] in <filename unknown>:0
at presto.parser.BaseOopsParserTest.runResource (System.String resourceName) [0x00000] in <filename unknown>:0
at presto.parser.BaseOopsParserTest.CheckOutput (System.String resourceName) [0x00000] in <filename unknown>:0
at presto.oops.runtime.TestOperators.testSubInteger () [0x00000] in <filename unknown>:0
at (wrapper managed-to-native) System.Reflection.MonoMethod:InternalInvoke (System.Reflection.MonoMethod,object,object[],System.Exception&)
at System.Reflection.MonoMethod.Invoke (System.Object obj, BindingFlags invokeAttr, System.Reflection.Binder binder, System.Object[] parameters, System.Globalization.CultureInfo culture) [0x00000] in <filename unknown>:0
]]></stack-trace>
                        </failure>
                      </test-case>
                      <test-case name="presto.oops.runtime.TestOperators.testSubPeriod" executed="True" success="False" time="0.003" asserts="1">
                        <failure>
                          <message><![CDATA[System.NullReferenceException : Object reference not set to an instance of an object]]></message>
                          <stack-trace><![CDATA[at presto.declaration.BaseMethodDeclaration.register (presto.runtime.Context context) [0x00000] in <filename unknown>:0
at presto.grammar.DeclarationList.register (presto.runtime.Context context) [0x00000] in <filename unknown>:0
at presto.parser.BaseOopsParserTest.loadResource (System.String resourceName) [0x00000] in <filename unknown>:0
at presto.parser.BaseOopsParserTest.runResource (System.String resourceName) [0x00000] in <filename unknown>:0
at presto.parser.BaseOopsParserTest.CheckOutput (System.String resourceName) [0x00000] in <filename unknown>:0
at presto.oops.runtime.TestOperators.testSubPeriod () [0x00000] in <filename unknown>:0
at (wrapper managed-to-native) System.Reflection.MonoMethod:InternalInvoke (System.Reflection.MonoMethod,object,object[],System.Exception&)
at System.Reflection.MonoMethod.Invoke (System.Object obj, BindingFlags invokeAttr, System.Reflection.Binder binder, System.Object[] parameters, System.Globalization.CultureInfo culture) [0x00000] in <filename unknown>:0
]]></stack-trace>
                        </failure>
                      </test-case>
                      <test-case name="presto.oops.runtime.TestOperators.testSubTime" executed="True" success="False" time="0.002" asserts="1">
                        <failure>
                          <message><![CDATA[System.NullReferenceException : Object reference not set to an instance of an object]]></message>
                          <stack-trace><![CDATA[at presto.declaration.BaseMethodDeclaration.register (presto.runtime.Context context) [0x00000] in <filename unknown>:0
at presto.grammar.DeclarationList.register (presto.runtime.Context context) [0x00000] in <filename unknown>:0
at presto.parser.BaseOopsParserTest.loadResource (System.String resourceName) [0x00000] in <filename unknown>:0
at presto.parser.BaseOopsParserTest.runResource (System.String resourceName) [0x00000] in <filename unknown>:0
at presto.parser.BaseOopsParserTest.CheckOutput (System.String resourceName) [0x00000] in <filename unknown>:0
at presto.oops.runtime.TestOperators.testSubTime () [0x00000] in <filename unknown>:0
at (wrapper managed-to-native) System.Reflection.MonoMethod:InternalInvoke (System.Reflection.MonoMethod,object,object[],System.Exception&)
at System.Reflection.MonoMethod.Invoke (System.Object obj, BindingFlags invokeAttr, System.Reflection.Binder binder, System.Object[] parameters, System.Globalization.CultureInfo culture) [0x00000] in <filename unknown>:0
]]></stack-trace>
                        </failure>
                      </test-case>
                    </results>
                  </test-suite>
                  <test-suite name="TestPatterns" success="False" time="0.048" asserts="0">
                    <results>
                      <test-case name="presto.oops.runtime.TestPatterns.testIntegerPattern" executed="True" success="False" time="0.006" asserts="1">
                        <failure>
                          <message><![CDATA[System.NullReferenceException : Object reference not set to an instance of an object]]></message>
                          <stack-trace><![CDATA[at presto.declaration.AttributeDeclaration.register (presto.runtime.Context context) [0x00000] in <filename unknown>:0
at presto.grammar.DeclarationList.register (presto.runtime.Context context) [0x00000] in <filename unknown>:0
at presto.parser.BaseOopsParserTest.loadResource (System.String resourceName) [0x00000] in <filename unknown>:0
at presto.parser.BaseOopsParserTest.runResource (System.String resourceName) [0x00000] in <filename unknown>:0
at presto.parser.BaseOopsParserTest.CheckOutput (System.String resourceName) [0x00000] in <filename unknown>:0
at presto.oops.runtime.TestPatterns.testIntegerPattern () [0x00000] in <filename unknown>:0
at (wrapper managed-to-native) System.Reflection.MonoMethod:InternalInvoke (System.Reflection.MonoMethod,object,object[],System.Exception&)
at System.Reflection.MonoMethod.Invoke (System.Object obj, BindingFlags invokeAttr, System.Reflection.Binder binder, System.Object[] parameters, System.Globalization.CultureInfo culture) [0x00000] in <filename unknown>:0
]]></stack-trace>
                        </failure>
                      </test-case>
                      <test-case name="presto.oops.runtime.TestPatterns.testNegativeIntegerRange" executed="True" success="False" time="0.003" asserts="1">
                        <failure>
                          <message><![CDATA[System.NullReferenceException : Object reference not set to an instance of an object]]></message>
                          <stack-trace><![CDATA[at presto.declaration.AttributeDeclaration.register (presto.runtime.Context context) [0x00000] in <filename unknown>:0
at presto.grammar.DeclarationList.register (presto.runtime.Context context) [0x00000] in <filename unknown>:0
at presto.parser.BaseOopsParserTest.loadResource (System.String resourceName) [0x00000] in <filename unknown>:0
at presto.parser.BaseOopsParserTest.runResource (System.String resourceName) [0x00000] in <filename unknown>:0
at presto.parser.BaseOopsParserTest.CheckOutput (System.String resourceName) [0x00000] in <filename unknown>:0
at presto.oops.runtime.TestPatterns.testNegativeIntegerRange () [0x00000] in <filename unknown>:0
at (wrapper managed-to-native) System.Reflection.MonoMethod:InternalInvoke (System.Reflection.MonoMethod,object,object[],System.Exception&)
at System.Reflection.MonoMethod.Invoke (System.Object obj, BindingFlags invokeAttr, System.Reflection.Binder binder, System.Object[] parameters, System.Globalization.CultureInfo culture) [0x00000] in <filename unknown>:0
]]></stack-trace>
                        </failure>
                      </test-case>
                      <test-case name="presto.oops.runtime.TestPatterns.testPositiveIntegerEnumeration" executed="True" success="False" time="0.002" asserts="1">
                        <failure>
                          <message><![CDATA[System.NullReferenceException : Object reference not set to an instance of an object]]></message>
                          <stack-trace><![CDATA[at presto.declaration.AttributeDeclaration.register (presto.runtime.Context context) [0x00000] in <filename unknown>:0
at presto.grammar.DeclarationList.register (presto.runtime.Context context) [0x00000] in <filename unknown>:0
at presto.parser.BaseOopsParserTest.loadResource (System.String resourceName) [0x00000] in <filename unknown>:0
at presto.parser.BaseOopsParserTest.runResource (System.String resourceName) [0x00000] in <filename unknown>:0
at presto.parser.BaseOopsParserTest.CheckOutput (System.String resourceName) [0x00000] in <filename unknown>:0
at presto.oops.runtime.TestPatterns.testPositiveIntegerEnumeration () [0x00000] in <filename unknown>:0
at (wrapper managed-to-native) System.Reflection.MonoMethod:InternalInvoke (System.Reflection.MonoMethod,object,object[],System.Exception&)
at System.Reflection.MonoMethod.Invoke (System.Object obj, BindingFlags invokeAttr, System.Reflection.Binder binder, System.Object[] parameters, System.Globalization.CultureInfo culture) [0x00000] in <filename unknown>:0
]]></stack-trace>
                        </failure>
                      </test-case>
                      <test-case name="presto.oops.runtime.TestPatterns.testPositiveIntegerRange" executed="True" success="False" time="0.002" asserts="1">
                        <failure>
                          <message><![CDATA[System.NullReferenceException : Object reference not set to an instance of an object]]></message>
                          <stack-trace><![CDATA[at presto.declaration.AttributeDeclaration.register (presto.runtime.Context context) [0x00000] in <filename unknown>:0
at presto.grammar.DeclarationList.register (presto.runtime.Context context) [0x00000] in <filename unknown>:0
at presto.parser.BaseOopsParserTest.loadResource (System.String resourceName) [0x00000] in <filename unknown>:0
at presto.parser.BaseOopsParserTest.runResource (System.String resourceName) [0x00000] in <filename unknown>:0
at presto.parser.BaseOopsParserTest.CheckOutput (System.String resourceName) [0x00000] in <filename unknown>:0
at presto.oops.runtime.TestPatterns.testPositiveIntegerRange () [0x00000] in <filename unknown>:0
at (wrapper managed-to-native) System.Reflection.MonoMethod:InternalInvoke (System.Reflection.MonoMethod,object,object[],System.Exception&)
at System.Reflection.MonoMethod.Invoke (System.Object obj, BindingFlags invokeAttr, System.Reflection.Binder binder, System.Object[] parameters, System.Globalization.CultureInfo culture) [0x00000] in <filename unknown>:0
]]></stack-trace>
                        </failure>
                      </test-case>
                      <test-case name="presto.oops.runtime.TestPatterns.testTextEnumeration" executed="True" success="False" time="0.001" asserts="1">
                        <failure>
                          <message><![CDATA[System.NullReferenceException : Object reference not set to an instance of an object]]></message>
                          <stack-trace><![CDATA[at presto.declaration.AttributeDeclaration.register (presto.runtime.Context context) [0x00000] in <filename unknown>:0
at presto.grammar.DeclarationList.register (presto.runtime.Context context) [0x00000] in <filename unknown>:0
at presto.parser.BaseOopsParserTest.loadResource (System.String resourceName) [0x00000] in <filename unknown>:0
at presto.parser.BaseOopsParserTest.runResource (System.String resourceName) [0x00000] in <filename unknown>:0
at presto.parser.BaseOopsParserTest.CheckOutput (System.String resourceName) [0x00000] in <filename unknown>:0
at presto.oops.runtime.TestPatterns.testTextEnumeration () [0x00000] in <filename unknown>:0
at (wrapper managed-to-native) System.Reflection.MonoMethod:InternalInvoke (System.Reflection.MonoMethod,object,object[],System.Exception&)
at System.Reflection.MonoMethod.Invoke (System.Object obj, BindingFlags invokeAttr, System.Reflection.Binder binder, System.Object[] parameters, System.Globalization.CultureInfo culture) [0x00000] in <filename unknown>:0
]]></stack-trace>
                        </failure>
                      </test-case>
                      <test-case name="presto.oops.runtime.TestPatterns.testTextPattern" executed="True" success="False" time="0.002" asserts="1">
                        <failure>
                          <message><![CDATA[System.NullReferenceException : Object reference not set to an instance of an object]]></message>
                          <stack-trace><![CDATA[at presto.declaration.AttributeDeclaration.register (presto.runtime.Context context) [0x00000] in <filename unknown>:0
at presto.grammar.DeclarationList.register (presto.runtime.Context context) [0x00000] in <filename unknown>:0
at presto.parser.BaseOopsParserTest.loadResource (System.String resourceName) [0x00000] in <filename unknown>:0
at presto.parser.BaseOopsParserTest.runResource (System.String resourceName) [0x00000] in <filename unknown>:0
at presto.parser.BaseOopsParserTest.CheckOutput (System.String resourceName) [0x00000] in <filename unknown>:0
at presto.oops.runtime.TestPatterns.testTextPattern () [0x00000] in <filename unknown>:0
at (wrapper managed-to-native) System.Reflection.MonoMethod:InternalInvoke (System.Reflection.MonoMethod,object,object[],System.Exception&)
at System.Reflection.MonoMethod.Invoke (System.Object obj, BindingFlags invokeAttr, System.Reflection.Binder binder, System.Object[] parameters, System.Globalization.CultureInfo culture) [0x00000] in <filename unknown>:0
]]></stack-trace>
                        </failure>
                      </test-case>
                    </results>
                  </test-suite>
                  <test-suite name="TestPrecedence" success="True" time="0.005" asserts="0">
                    <results>
                      <test-case name="presto.oops.runtime.TestPrecedence.test1Star1Plus" executed="True" success="True" time="0.001" asserts="1" />
                      <test-case name="presto.oops.runtime.TestPrecedence.test2Plus3Minuses" executed="True" success="True" time="0.002" asserts="1" />
                      <test-case name="presto.oops.runtime.TestPrecedence.test3Minuses" executed="True" success="True" time="0.001" asserts="1" />
                    </results>
                  </test-suite>
                  <test-suite name="TestResource" success="False" time="0.047" asserts="0">
                    <results>
                      <test-case name="presto.oops.runtime.TestResource.testBadRead" executed="True" success="True" time="0.004" asserts="1" />
                      <test-case name="presto.oops.runtime.TestResource.testBadResource" executed="True" success="True" time="0.003" asserts="1" />
                      <test-case name="presto.oops.runtime.TestResource.testBadWrite" executed="True" success="True" time="0.002" asserts="1" />
                      <test-case name="presto.oops.runtime.TestResource.testReadResource" executed="True" success="False" time="0.002" asserts="1">
                        <failure>
                          <message><![CDATA[System.NullReferenceException : Object reference not set to an instance of an object]]></message>
                          <stack-trace><![CDATA[at presto.declaration.AttributeDeclaration.register (presto.runtime.Context context) [0x00000] in <filename unknown>:0
at presto.grammar.DeclarationList.register (presto.runtime.Context context) [0x00000] in <filename unknown>:0
at presto.parser.BaseOopsParserTest.loadResource (System.String resourceName) [0x00000] in <filename unknown>:0
at presto.parser.BaseOopsParserTest.runResource (System.String resourceName) [0x00000] in <filename unknown>:0
at presto.parser.BaseOopsParserTest.CheckOutput (System.String resourceName) [0x00000] in <filename unknown>:0
at presto.oops.runtime.TestResource.testReadResource () [0x00000] in <filename unknown>:0
at (wrapper managed-to-native) System.Reflection.MonoMethod:InternalInvoke (System.Reflection.MonoMethod,object,object[],System.Exception&)
at System.Reflection.MonoMethod.Invoke (System.Object obj, BindingFlags invokeAttr, System.Reflection.Binder binder, System.Object[] parameters, System.Globalization.CultureInfo culture) [0x00000] in <filename unknown>:0
]]></stack-trace>
                        </failure>
                      </test-case>
                      <test-case name="presto.oops.runtime.TestResource.testReadWithResource" executed="True" success="False" time="0.006" asserts="1">
                        <failure>
                          <message><![CDATA[System.NullReferenceException : Object reference not set to an instance of an object]]></message>
                          <stack-trace><![CDATA[at presto.declaration.AttributeDeclaration.register (presto.runtime.Context context) [0x00000] in <filename unknown>:0
at presto.grammar.DeclarationList.register (presto.runtime.Context context) [0x00000] in <filename unknown>:0
at presto.parser.BaseOopsParserTest.loadResource (System.String resourceName) [0x00000] in <filename unknown>:0
at presto.parser.BaseOopsParserTest.runResource (System.String resourceName) [0x00000] in <filename unknown>:0
at presto.parser.BaseOopsParserTest.CheckOutput (System.String resourceName) [0x00000] in <filename unknown>:0
at presto.oops.runtime.TestResource.testReadWithResource () [0x00000] in <filename unknown>:0
at (wrapper managed-to-native) System.Reflection.MonoMethod:InternalInvoke (System.Reflection.MonoMethod,object,object[],System.Exception&)
at System.Reflection.MonoMethod.Invoke (System.Object obj, BindingFlags invokeAttr, System.Reflection.Binder binder, System.Object[] parameters, System.Globalization.CultureInfo culture) [0x00000] in <filename unknown>:0
]]></stack-trace>
                        </failure>
                      </test-case>
                      <test-case name="presto.oops.runtime.TestResource.testWriteResource" executed="True" success="False" time="0.004" asserts="1">
                        <failure>
                          <message><![CDATA[System.NullReferenceException : Object reference not set to an instance of an object]]></message>
                          <stack-trace><![CDATA[at presto.declaration.AttributeDeclaration.register (presto.runtime.Context context) [0x00000] in <filename unknown>:0
at presto.grammar.DeclarationList.register (presto.runtime.Context context) [0x00000] in <filename unknown>:0
at presto.parser.BaseOopsParserTest.loadResource (System.String resourceName) [0x00000] in <filename unknown>:0
at presto.parser.BaseOopsParserTest.runResource (System.String resourceName) [0x00000] in <filename unknown>:0
at presto.parser.BaseOopsParserTest.CheckOutput (System.String resourceName) [0x00000] in <filename unknown>:0
at presto.oops.runtime.TestResource.testWriteResource () [0x00000] in <filename unknown>:0
at (wrapper managed-to-native) System.Reflection.MonoMethod:InternalInvoke (System.Reflection.MonoMethod,object,object[],System.Exception&)
at System.Reflection.MonoMethod.Invoke (System.Object obj, BindingFlags invokeAttr, System.Reflection.Binder binder, System.Object[] parameters, System.Globalization.CultureInfo culture) [0x00000] in <filename unknown>:0
]]></stack-trace>
                        </failure>
                      </test-case>
                      <test-case name="presto.oops.runtime.TestResource.testWriteWithResource" executed="True" success="False" time="0.005" asserts="1">
                        <failure>
                          <message><![CDATA[System.NullReferenceException : Object reference not set to an instance of an object]]></message>
                          <stack-trace><![CDATA[at presto.declaration.AttributeDeclaration.register (presto.runtime.Context context) [0x00000] in <filename unknown>:0
at presto.grammar.DeclarationList.register (presto.runtime.Context context) [0x00000] in <filename unknown>:0
at presto.parser.BaseOopsParserTest.loadResource (System.String resourceName) [0x00000] in <filename unknown>:0
at presto.parser.BaseOopsParserTest.runResource (System.String resourceName) [0x00000] in <filename unknown>:0
at presto.parser.BaseOopsParserTest.CheckOutput (System.String resourceName) [0x00000] in <filename unknown>:0
at presto.oops.runtime.TestResource.testWriteWithResource () [0x00000] in <filename unknown>:0
at (wrapper managed-to-native) System.Reflection.MonoMethod:InternalInvoke (System.Reflection.MonoMethod,object,object[],System.Exception&)
at System.Reflection.MonoMethod.Invoke (System.Object obj, BindingFlags invokeAttr, System.Reflection.Binder binder, System.Object[] parameters, System.Globalization.CultureInfo culture) [0x00000] in <filename unknown>:0
]]></stack-trace>
                        </failure>
                      </test-case>
                    </results>
                  </test-suite>
                  <test-suite name="TestScope" success="True" time="0.003" asserts="0">
                    <results>
                      <test-case name="presto.oops.runtime.TestScope.testAttribute" executed="True" success="True" time="0.000" asserts="4" />
                      <test-case name="presto.oops.runtime.TestScope.testCategory" executed="True" success="True" time="0.000" asserts="4" />
                      <test-case name="presto.oops.runtime.TestScope.testMethod" executed="True" success="True" time="0.001" asserts="5" />
                    </results>
                  </test-suite>
                  <test-suite name="TestSetter" success="False" time="0.013" asserts="0">
                    <results>
                      <test-case name="presto.oops.runtime.TestSetter.testGetter" executed="True" success="False" time="0.003" asserts="1">
                        <failure>
                          <message><![CDATA[System.NullReferenceException : Object reference not set to an instance of an object]]></message>
                          <stack-trace><![CDATA[at presto.declaration.AttributeDeclaration.register (presto.runtime.Context context) [0x00000] in <filename unknown>:0
at presto.grammar.DeclarationList.register (presto.runtime.Context context) [0x00000] in <filename unknown>:0
at presto.parser.BaseOopsParserTest.loadResource (System.String resourceName) [0x00000] in <filename unknown>:0
at presto.parser.BaseOopsParserTest.runResource (System.String resourceName) [0x00000] in <filename unknown>:0
at presto.parser.BaseOopsParserTest.CheckOutput (System.String resourceName) [0x00000] in <filename unknown>:0
at presto.oops.runtime.TestSetter.testGetter () [0x00000] in <filename unknown>:0
at (wrapper managed-to-native) System.Reflection.MonoMethod:InternalInvoke (System.Reflection.MonoMethod,object,object[],System.Exception&)
at System.Reflection.MonoMethod.Invoke (System.Object obj, BindingFlags invokeAttr, System.Reflection.Binder binder, System.Object[] parameters, System.Globalization.CultureInfo culture) [0x00000] in <filename unknown>:0
]]></stack-trace>
                        </failure>
                      </test-case>
                      <test-case name="presto.oops.runtime.TestSetter.testSetter" executed="True" success="False" time="0.003" asserts="1">
                        <failure>
                          <message><![CDATA[System.NullReferenceException : Object reference not set to an instance of an object]]></message>
                          <stack-trace><![CDATA[at presto.declaration.AttributeDeclaration.register (presto.runtime.Context context) [0x00000] in <filename unknown>:0
at presto.grammar.DeclarationList.register (presto.runtime.Context context) [0x00000] in <filename unknown>:0
at presto.parser.BaseOopsParserTest.loadResource (System.String resourceName) [0x00000] in <filename unknown>:0
at presto.parser.BaseOopsParserTest.runResource (System.String resourceName) [0x00000] in <filename unknown>:0
at presto.parser.BaseOopsParserTest.CheckOutput (System.String resourceName) [0x00000] in <filename unknown>:0
at presto.oops.runtime.TestSetter.testSetter () [0x00000] in <filename unknown>:0
at (wrapper managed-to-native) System.Reflection.MonoMethod:InternalInvoke (System.Reflection.MonoMethod,object,object[],System.Exception&)
at System.Reflection.MonoMethod.Invoke (System.Object obj, BindingFlags invokeAttr, System.Reflection.Binder binder, System.Object[] parameters, System.Globalization.CultureInfo culture) [0x00000] in <filename unknown>:0
]]></stack-trace>
                        </failure>
                      </test-case>
                    </results>
                  </test-suite>
                  <test-suite name="TestSlice" success="False" time="0.017" asserts="0">
                    <results>
                      <test-case name="presto.oops.runtime.TestSlice.testSliceList" executed="True" success="False" time="0.004" asserts="1">
                        <failure>
                          <message><![CDATA[System.NullReferenceException : Object reference not set to an instance of an object]]></message>
                          <stack-trace><![CDATA[at presto.declaration.BaseMethodDeclaration.register (presto.runtime.Context context) [0x00000] in <filename unknown>:0
at presto.grammar.DeclarationList.register (presto.runtime.Context context) [0x00000] in <filename unknown>:0
at presto.parser.BaseOopsParserTest.loadResource (System.String resourceName) [0x00000] in <filename unknown>:0
at presto.parser.BaseOopsParserTest.runResource (System.String resourceName) [0x00000] in <filename unknown>:0
at presto.parser.BaseOopsParserTest.CheckOutput (System.String resourceName) [0x00000] in <filename unknown>:0
at presto.oops.runtime.TestSlice.testSliceList () [0x00000] in <filename unknown>:0
at (wrapper managed-to-native) System.Reflection.MonoMethod:InternalInvoke (System.Reflection.MonoMethod,object,object[],System.Exception&)
at System.Reflection.MonoMethod.Invoke (System.Object obj, BindingFlags invokeAttr, System.Reflection.Binder binder, System.Object[] parameters, System.Globalization.CultureInfo culture) [0x00000] in <filename unknown>:0
]]></stack-trace>
                        </failure>
                      </test-case>
                      <test-case name="presto.oops.runtime.TestSlice.testSliceRange" executed="True" success="False" time="0.002" asserts="1">
                        <failure>
                          <message><![CDATA[System.NullReferenceException : Object reference not set to an instance of an object]]></message>
                          <stack-trace><![CDATA[at presto.declaration.BaseMethodDeclaration.register (presto.runtime.Context context) [0x00000] in <filename unknown>:0
at presto.grammar.DeclarationList.register (presto.runtime.Context context) [0x00000] in <filename unknown>:0
at presto.parser.BaseOopsParserTest.loadResource (System.String resourceName) [0x00000] in <filename unknown>:0
at presto.parser.BaseOopsParserTest.runResource (System.String resourceName) [0x00000] in <filename unknown>:0
at presto.parser.BaseOopsParserTest.CheckOutput (System.String resourceName) [0x00000] in <filename unknown>:0
at presto.oops.runtime.TestSlice.testSliceRange () [0x00000] in <filename unknown>:0
at (wrapper managed-to-native) System.Reflection.MonoMethod:InternalInvoke (System.Reflection.MonoMethod,object,object[],System.Exception&)
at System.Reflection.MonoMethod.Invoke (System.Object obj, BindingFlags invokeAttr, System.Reflection.Binder binder, System.Object[] parameters, System.Globalization.CultureInfo culture) [0x00000] in <filename unknown>:0
]]></stack-trace>
                        </failure>
                      </test-case>
                      <test-case name="presto.oops.runtime.TestSlice.testSliceText" executed="True" success="False" time="0.001" asserts="1">
                        <failure>
                          <message><![CDATA[System.NullReferenceException : Object reference not set to an instance of an object]]></message>
                          <stack-trace><![CDATA[at presto.declaration.BaseMethodDeclaration.register (presto.runtime.Context context) [0x00000] in <filename unknown>:0
at presto.grammar.DeclarationList.register (presto.runtime.Context context) [0x00000] in <filename unknown>:0
at presto.parser.BaseOopsParserTest.loadResource (System.String resourceName) [0x00000] in <filename unknown>:0
at presto.parser.BaseOopsParserTest.runResource (System.String resourceName) [0x00000] in <filename unknown>:0
at presto.parser.BaseOopsParserTest.CheckOutput (System.String resourceName) [0x00000] in <filename unknown>:0
at presto.oops.runtime.TestSlice.testSliceText () [0x00000] in <filename unknown>:0
at (wrapper managed-to-native) System.Reflection.MonoMethod:InternalInvoke (System.Reflection.MonoMethod,object,object[],System.Exception&)
at System.Reflection.MonoMethod.Invoke (System.Object obj, BindingFlags invokeAttr, System.Reflection.Binder binder, System.Object[] parameters, System.Globalization.CultureInfo culture) [0x00000] in <filename unknown>:0
]]></stack-trace>
                        </failure>
                      </test-case>
                    </results>
                  </test-suite>
                  <test-suite name="TestSort" success="False" time="0.109" asserts="0">
                    <results>
                      <test-case name="presto.oops.runtime.TestSort.testSortBooleans" executed="True" success="False" time="0.005" asserts="1">
                        <failure>
                          <message><![CDATA[System.NullReferenceException : Object reference not set to an instance of an object]]></message>
                          <stack-trace><![CDATA[at presto.declaration.BaseMethodDeclaration.register (presto.runtime.Context context) [0x00000] in <filename unknown>:0
at presto.grammar.DeclarationList.register (presto.runtime.Context context) [0x00000] in <filename unknown>:0
at presto.parser.BaseOopsParserTest.loadResource (System.String resourceName) [0x00000] in <filename unknown>:0
at presto.parser.BaseOopsParserTest.runResource (System.String resourceName) [0x00000] in <filename unknown>:0
at presto.parser.BaseOopsParserTest.CheckOutput (System.String resourceName) [0x00000] in <filename unknown>:0
at presto.oops.runtime.TestSort.testSortBooleans () [0x00000] in <filename unknown>:0
at (wrapper managed-to-native) System.Reflection.MonoMethod:InternalInvoke (System.Reflection.MonoMethod,object,object[],System.Exception&)
at System.Reflection.MonoMethod.Invoke (System.Object obj, BindingFlags invokeAttr, System.Reflection.Binder binder, System.Object[] parameters, System.Globalization.CultureInfo culture) [0x00000] in <filename unknown>:0
]]></stack-trace>
                        </failure>
                      </test-case>
                      <test-case name="presto.oops.runtime.TestSort.testSortDates" executed="True" success="False" time="0.002" asserts="1">
                        <failure>
                          <message><![CDATA[System.NullReferenceException : Object reference not set to an instance of an object]]></message>
                          <stack-trace><![CDATA[at presto.declaration.BaseMethodDeclaration.register (presto.runtime.Context context) [0x00000] in <filename unknown>:0
at presto.grammar.DeclarationList.register (presto.runtime.Context context) [0x00000] in <filename unknown>:0
at presto.parser.BaseOopsParserTest.loadResource (System.String resourceName) [0x00000] in <filename unknown>:0
at presto.parser.BaseOopsParserTest.runResource (System.String resourceName) [0x00000] in <filename unknown>:0
at presto.parser.BaseOopsParserTest.CheckOutput (System.String resourceName) [0x00000] in <filename unknown>:0
at presto.oops.runtime.TestSort.testSortDates () [0x00000] in <filename unknown>:0
at (wrapper managed-to-native) System.Reflection.MonoMethod:InternalInvoke (System.Reflection.MonoMethod,object,object[],System.Exception&)
at System.Reflection.MonoMethod.Invoke (System.Object obj, BindingFlags invokeAttr, System.Reflection.Binder binder, System.Object[] parameters, System.Globalization.CultureInfo culture) [0x00000] in <filename unknown>:0
]]></stack-trace>
                        </failure>
                      </test-case>
                      <test-case name="presto.oops.runtime.TestSort.testSortDateTimes" executed="True" success="False" time="0.002" asserts="1">
                        <failure>
                          <message><![CDATA[System.NullReferenceException : Object reference not set to an instance of an object]]></message>
                          <stack-trace><![CDATA[at presto.declaration.BaseMethodDeclaration.register (presto.runtime.Context context) [0x00000] in <filename unknown>:0
at presto.grammar.DeclarationList.register (presto.runtime.Context context) [0x00000] in <filename unknown>:0
at presto.parser.BaseOopsParserTest.loadResource (System.String resourceName) [0x00000] in <filename unknown>:0
at presto.parser.BaseOopsParserTest.runResource (System.String resourceName) [0x00000] in <filename unknown>:0
at presto.parser.BaseOopsParserTest.CheckOutput (System.String resourceName) [0x00000] in <filename unknown>:0
at presto.oops.runtime.TestSort.testSortDateTimes () [0x00000] in <filename unknown>:0
at (wrapper managed-to-native) System.Reflection.MonoMethod:InternalInvoke (System.Reflection.MonoMethod,object,object[],System.Exception&)
at System.Reflection.MonoMethod.Invoke (System.Object obj, BindingFlags invokeAttr, System.Reflection.Binder binder, System.Object[] parameters, System.Globalization.CultureInfo culture) [0x00000] in <filename unknown>:0
]]></stack-trace>
                        </failure>
                      </test-case>
                      <test-case name="presto.oops.runtime.TestSort.testSortDecimals" executed="True" success="False" time="0.002" asserts="1">
                        <failure>
                          <message><![CDATA[System.NullReferenceException : Object reference not set to an instance of an object]]></message>
                          <stack-trace><![CDATA[at presto.declaration.BaseMethodDeclaration.register (presto.runtime.Context context) [0x00000] in <filename unknown>:0
at presto.grammar.DeclarationList.register (presto.runtime.Context context) [0x00000] in <filename unknown>:0
at presto.parser.BaseOopsParserTest.loadResource (System.String resourceName) [0x00000] in <filename unknown>:0
at presto.parser.BaseOopsParserTest.runResource (System.String resourceName) [0x00000] in <filename unknown>:0
at presto.parser.BaseOopsParserTest.CheckOutput (System.String resourceName) [0x00000] in <filename unknown>:0
at presto.oops.runtime.TestSort.testSortDecimals () [0x00000] in <filename unknown>:0
at (wrapper managed-to-native) System.Reflection.MonoMethod:InternalInvoke (System.Reflection.MonoMethod,object,object[],System.Exception&)
at System.Reflection.MonoMethod.Invoke (System.Object obj, BindingFlags invokeAttr, System.Reflection.Binder binder, System.Object[] parameters, System.Globalization.CultureInfo culture) [0x00000] in <filename unknown>:0
]]></stack-trace>
                        </failure>
                      </test-case>
                      <test-case name="presto.oops.runtime.TestSort.testSortExpressions" executed="True" success="False" time="0.007" asserts="1">
                        <failure>
                          <message><![CDATA[System.NullReferenceException : Object reference not set to an instance of an object]]></message>
                          <stack-trace><![CDATA[at presto.declaration.AttributeDeclaration.register (presto.runtime.Context context) [0x00000] in <filename unknown>:0
at presto.grammar.DeclarationList.register (presto.runtime.Context context) [0x00000] in <filename unknown>:0
at presto.parser.BaseOopsParserTest.loadResource (System.String resourceName) [0x00000] in <filename unknown>:0
at presto.parser.BaseOopsParserTest.runResource (System.String resourceName) [0x00000] in <filename unknown>:0
at presto.parser.BaseOopsParserTest.CheckOutput (System.String resourceName) [0x00000] in <filename unknown>:0
at presto.oops.runtime.TestSort.testSortExpressions () [0x00000] in <filename unknown>:0
at (wrapper managed-to-native) System.Reflection.MonoMethod:InternalInvoke (System.Reflection.MonoMethod,object,object[],System.Exception&)
at System.Reflection.MonoMethod.Invoke (System.Object obj, BindingFlags invokeAttr, System.Reflection.Binder binder, System.Object[] parameters, System.Globalization.CultureInfo culture) [0x00000] in <filename unknown>:0
]]></stack-trace>
                        </failure>
                      </test-case>
                      <test-case name="presto.oops.runtime.TestSort.testSortIntegers" executed="True" success="False" time="0.002" asserts="1">
                        <failure>
                          <message><![CDATA[System.NullReferenceException : Object reference not set to an instance of an object]]></message>
                          <stack-trace><![CDATA[at presto.declaration.BaseMethodDeclaration.register (presto.runtime.Context context) [0x00000] in <filename unknown>:0
at presto.grammar.DeclarationList.register (presto.runtime.Context context) [0x00000] in <filename unknown>:0
at presto.parser.BaseOopsParserTest.loadResource (System.String resourceName) [0x00000] in <filename unknown>:0
at presto.parser.BaseOopsParserTest.runResource (System.String resourceName) [0x00000] in <filename unknown>:0
at presto.parser.BaseOopsParserTest.CheckOutput (System.String resourceName) [0x00000] in <filename unknown>:0
at presto.oops.runtime.TestSort.testSortIntegers () [0x00000] in <filename unknown>:0
at (wrapper managed-to-native) System.Reflection.MonoMethod:InternalInvoke (System.Reflection.MonoMethod,object,object[],System.Exception&)
at System.Reflection.MonoMethod.Invoke (System.Object obj, BindingFlags invokeAttr, System.Reflection.Binder binder, System.Object[] parameters, System.Globalization.CultureInfo culture) [0x00000] in <filename unknown>:0
]]></stack-trace>
                        </failure>
                      </test-case>
                      <test-case name="presto.oops.runtime.TestSort.testSortKeys" executed="True" success="False" time="0.007" asserts="1">
                        <failure>
                          <message><![CDATA[System.NullReferenceException : Object reference not set to an instance of an object]]></message>
                          <stack-trace><![CDATA[at presto.declaration.AttributeDeclaration.register (presto.runtime.Context context) [0x00000] in <filename unknown>:0
at presto.grammar.DeclarationList.register (presto.runtime.Context context) [0x00000] in <filename unknown>:0
at presto.parser.BaseOopsParserTest.loadResource (System.String resourceName) [0x00000] in <filename unknown>:0
at presto.parser.BaseOopsParserTest.runResource (System.String resourceName) [0x00000] in <filename unknown>:0
at presto.parser.BaseOopsParserTest.CheckOutput (System.String resourceName) [0x00000] in <filename unknown>:0
at presto.oops.runtime.TestSort.testSortKeys () [0x00000] in <filename unknown>:0
at (wrapper managed-to-native) System.Reflection.MonoMethod:InternalInvoke (System.Reflection.MonoMethod,object,object[],System.Exception&)
at System.Reflection.MonoMethod.Invoke (System.Object obj, BindingFlags invokeAttr, System.Reflection.Binder binder, System.Object[] parameters, System.Globalization.CultureInfo culture) [0x00000] in <filename unknown>:0
]]></stack-trace>
                        </failure>
                      </test-case>
                      <test-case name="presto.oops.runtime.TestSort.testSortMethods" executed="True" success="False" time="0.006" asserts="1">
                        <failure>
                          <message><![CDATA[System.NullReferenceException : Object reference not set to an instance of an object]]></message>
                          <stack-trace><![CDATA[at presto.declaration.AttributeDeclaration.register (presto.runtime.Context context) [0x00000] in <filename unknown>:0
at presto.grammar.DeclarationList.register (presto.runtime.Context context) [0x00000] in <filename unknown>:0
at presto.parser.BaseOopsParserTest.loadResource (System.String resourceName) [0x00000] in <filename unknown>:0
at presto.parser.BaseOopsParserTest.runResource (System.String resourceName) [0x00000] in <filename unknown>:0
at presto.parser.BaseOopsParserTest.CheckOutput (System.String resourceName) [0x00000] in <filename unknown>:0
at presto.oops.runtime.TestSort.testSortMethods () [0x00000] in <filename unknown>:0
at (wrapper managed-to-native) System.Reflection.MonoMethod:InternalInvoke (System.Reflection.MonoMethod,object,object[],System.Exception&)
at System.Reflection.MonoMethod.Invoke (System.Object obj, BindingFlags invokeAttr, System.Reflection.Binder binder, System.Object[] parameters, System.Globalization.CultureInfo culture) [0x00000] in <filename unknown>:0
]]></stack-trace>
                        </failure>
                      </test-case>
                      <test-case name="presto.oops.runtime.TestSort.testSortNames" executed="True" success="False" time="0.006" asserts="1">
                        <failure>
                          <message><![CDATA[System.NullReferenceException : Object reference not set to an instance of an object]]></message>
                          <stack-trace><![CDATA[at presto.declaration.AttributeDeclaration.register (presto.runtime.Context context) [0x00000] in <filename unknown>:0
at presto.grammar.DeclarationList.register (presto.runtime.Context context) [0x00000] in <filename unknown>:0
at presto.parser.BaseOopsParserTest.loadResource (System.String resourceName) [0x00000] in <filename unknown>:0
at presto.parser.BaseOopsParserTest.runResource (System.String resourceName) [0x00000] in <filename unknown>:0
at presto.parser.BaseOopsParserTest.CheckOutput (System.String resourceName) [0x00000] in <filename unknown>:0
at presto.oops.runtime.TestSort.testSortNames () [0x00000] in <filename unknown>:0
at (wrapper managed-to-native) System.Reflection.MonoMethod:InternalInvoke (System.Reflection.MonoMethod,object,object[],System.Exception&)
at System.Reflection.MonoMethod.Invoke (System.Object obj, BindingFlags invokeAttr, System.Reflection.Binder binder, System.Object[] parameters, System.Globalization.CultureInfo culture) [0x00000] in <filename unknown>:0
]]></stack-trace>
                        </failure>
                      </test-case>
                      <test-case name="presto.oops.runtime.TestSort.testSortTexts" executed="True" success="False" time="0.003" asserts="1">
                        <failure>
                          <message><![CDATA[System.NullReferenceException : Object reference not set to an instance of an object]]></message>
                          <stack-trace><![CDATA[at presto.declaration.BaseMethodDeclaration.register (presto.runtime.Context context) [0x00000] in <filename unknown>:0
at presto.grammar.DeclarationList.register (presto.runtime.Context context) [0x00000] in <filename unknown>:0
at presto.parser.BaseOopsParserTest.loadResource (System.String resourceName) [0x00000] in <filename unknown>:0
at presto.parser.BaseOopsParserTest.runResource (System.String resourceName) [0x00000] in <filename unknown>:0
at presto.parser.BaseOopsParserTest.CheckOutput (System.String resourceName) [0x00000] in <filename unknown>:0
at presto.oops.runtime.TestSort.testSortTexts () [0x00000] in <filename unknown>:0
at (wrapper managed-to-native) System.Reflection.MonoMethod:InternalInvoke (System.Reflection.MonoMethod,object,object[],System.Exception&)
at System.Reflection.MonoMethod.Invoke (System.Object obj, BindingFlags invokeAttr, System.Reflection.Binder binder, System.Object[] parameters, System.Globalization.CultureInfo culture) [0x00000] in <filename unknown>:0
]]></stack-trace>
                        </failure>
                      </test-case>
                      <test-case name="presto.oops.runtime.TestSort.testSortTimes" executed="True" success="False" time="0.002" asserts="1">
                        <failure>
                          <message><![CDATA[System.NullReferenceException : Object reference not set to an instance of an object]]></message>
                          <stack-trace><![CDATA[at presto.declaration.BaseMethodDeclaration.register (presto.runtime.Context context) [0x00000] in <filename unknown>:0
at presto.grammar.DeclarationList.register (presto.runtime.Context context) [0x00000] in <filename unknown>:0
at presto.parser.BaseOopsParserTest.loadResource (System.String resourceName) [0x00000] in <filename unknown>:0
at presto.parser.BaseOopsParserTest.runResource (System.String resourceName) [0x00000] in <filename unknown>:0
at presto.parser.BaseOopsParserTest.CheckOutput (System.String resourceName) [0x00000] in <filename unknown>:0
at presto.oops.runtime.TestSort.testSortTimes () [0x00000] in <filename unknown>:0
at (wrapper managed-to-native) System.Reflection.MonoMethod:InternalInvoke (System.Reflection.MonoMethod,object,object[],System.Exception&)
at System.Reflection.MonoMethod.Invoke (System.Object obj, BindingFlags invokeAttr, System.Reflection.Binder binder, System.Object[] parameters, System.Globalization.CultureInfo culture) [0x00000] in <filename unknown>:0
]]></stack-trace>
                        </failure>
                      </test-case>
                    </results>
                  </test-suite>
                  <test-suite name="TestTuples" success="False" time="0.023" asserts="0">
                    <results>
                      <test-case name="presto.oops.runtime.TestTuples.testMultiAssignment" executed="True" success="False" time="0.008" asserts="1">
                        <failure>
                          <message><![CDATA[System.NullReferenceException : Object reference not set to an instance of an object]]></message>
                          <stack-trace><![CDATA[at presto.declaration.BaseMethodDeclaration.register (presto.runtime.Context context) [0x00000] in <filename unknown>:0
at presto.grammar.DeclarationList.register (presto.runtime.Context context) [0x00000] in <filename unknown>:0
at presto.parser.BaseOopsParserTest.loadResource (System.String resourceName) [0x00000] in <filename unknown>:0
at presto.parser.BaseOopsParserTest.runResource (System.String resourceName) [0x00000] in <filename unknown>:0
at presto.parser.BaseOopsParserTest.CheckOutput (System.String resourceName) [0x00000] in <filename unknown>:0
at presto.oops.runtime.TestTuples.testMultiAssignment () [0x00000] in <filename unknown>:0
at (wrapper managed-to-native) System.Reflection.MonoMethod:InternalInvoke (System.Reflection.MonoMethod,object,object[],System.Exception&)
at System.Reflection.MonoMethod.Invoke (System.Object obj, BindingFlags invokeAttr, System.Reflection.Binder binder, System.Object[] parameters, System.Globalization.CultureInfo culture) [0x00000] in <filename unknown>:0
]]></stack-trace>
                        </failure>
                      </test-case>
                      <test-case name="presto.oops.runtime.TestTuples.testSingleAssignment" executed="True" success="False" time="0.002" asserts="1">
                        <failure>
                          <message><![CDATA[System.NullReferenceException : Object reference not set to an instance of an object]]></message>
                          <stack-trace><![CDATA[at presto.declaration.BaseMethodDeclaration.register (presto.runtime.Context context) [0x00000] in <filename unknown>:0
at presto.grammar.DeclarationList.register (presto.runtime.Context context) [0x00000] in <filename unknown>:0
at presto.parser.BaseOopsParserTest.loadResource (System.String resourceName) [0x00000] in <filename unknown>:0
at presto.parser.BaseOopsParserTest.runResource (System.String resourceName) [0x00000] in <filename unknown>:0
at presto.parser.BaseOopsParserTest.CheckOutput (System.String resourceName) [0x00000] in <filename unknown>:0
at presto.oops.runtime.TestTuples.testSingleAssignment () [0x00000] in <filename unknown>:0
at (wrapper managed-to-native) System.Reflection.MonoMethod:InternalInvoke (System.Reflection.MonoMethod,object,object[],System.Exception&)
at System.Reflection.MonoMethod.Invoke (System.Object obj, BindingFlags invokeAttr, System.Reflection.Binder binder, System.Object[] parameters, System.Globalization.CultureInfo culture) [0x00000] in <filename unknown>:0
]]></stack-trace>
                        </failure>
                      </test-case>
                      <test-case name="presto.oops.runtime.TestTuples.testTupleElement" executed="True" success="False" time="0.002" asserts="1">
                        <failure>
                          <message><![CDATA[System.NullReferenceException : Object reference not set to an instance of an object]]></message>
                          <stack-trace><![CDATA[at presto.declaration.BaseMethodDeclaration.register (presto.runtime.Context context) [0x00000] in <filename unknown>:0
at presto.grammar.DeclarationList.register (presto.runtime.Context context) [0x00000] in <filename unknown>:0
at presto.parser.BaseOopsParserTest.loadResource (System.String resourceName) [0x00000] in <filename unknown>:0
at presto.parser.BaseOopsParserTest.runResource (System.String resourceName) [0x00000] in <filename unknown>:0
at presto.parser.BaseOopsParserTest.CheckOutput (System.String resourceName) [0x00000] in <filename unknown>:0
at presto.oops.runtime.TestTuples.testTupleElement () [0x00000] in <filename unknown>:0
at (wrapper managed-to-native) System.Reflection.MonoMethod:InternalInvoke (System.Reflection.MonoMethod,object,object[],System.Exception&)
at System.Reflection.MonoMethod.Invoke (System.Object obj, BindingFlags invokeAttr, System.Reflection.Binder binder, System.Object[] parameters, System.Globalization.CultureInfo culture) [0x00000] in <filename unknown>:0
]]></stack-trace>
                        </failure>
                      </test-case>
                    </results>
                  </test-suite>
                </results>
              </test-suite>
            </results>
          </test-suite>
          <test-suite name="parser" success="True" time="0.194" asserts="0">
            <results>
              <test-suite name="BaseBoaParserTest" success="True" time="0.000" asserts="0">
                <results />
              </test-suite>
              <test-suite name="BaseOopsParserTest" success="True" time="0.000" asserts="0">
                <results />
              </test-suite>
              <test-suite name="TestBoaLexer" success="True" time="0.013" asserts="0">
                <results>
                  <test-case name="presto.parser.TestBoaLexer.test1Indent" executed="True" success="True" time="0.001" asserts="1" />
                  <test-case name="presto.parser.TestBoaLexer.test2Indents" executed="True" success="True" time="0.000" asserts="1" />
                  <test-case name="presto.parser.TestBoaLexer.testCharLiteral" executed="True" success="True" time="0.000" asserts="1" />
                  <test-case name="presto.parser.TestBoaLexer.testDateLiteral" executed="True" success="True" time="0.000" asserts="1" />
                  <test-case name="presto.parser.TestBoaLexer.testDateTimeLiteral" executed="True" success="True" time="0.000" asserts="1" />
                  <test-case name="presto.parser.TestBoaLexer.testEmployeeCategoryExtendsPerson" executed="True" success="True" time="0.000" asserts="1" />
                  <test-case name="presto.parser.TestBoaLexer.testEmptyLine" executed="True" success="True" time="0.000" asserts="1" />
                  <test-case name="presto.parser.TestBoaLexer.testEnumIdentifier" executed="True" success="True" time="0.000" asserts="1" />
                  <test-case name="presto.parser.TestBoaLexer.testIntegerAttribute" executed="True" success="True" time="0.000" asserts="1" />
                  <test-case name="presto.parser.TestBoaLexer.testMethodCallWith" executed="True" success="True" time="0.000" asserts="1" />
                  <test-case name="presto.parser.TestBoaLexer.testPeriodLiteral" executed="True" success="True" time="0.000" asserts="1" />
                  <test-case name="presto.parser.TestBoaLexer.testPersonCategory" executed="True" success="True" time="0.000" asserts="1" />
                  <test-case name="presto.parser.TestBoaLexer.testRangeLiteral" executed="True" success="True" time="0.000" asserts="1" />
                  <test-case name="presto.parser.TestBoaLexer.testStringAttribute" executed="True" success="True" time="0.000" asserts="1" />
                  <test-case name="presto.parser.TestBoaLexer.testTimeLiteral" executed="True" success="True" time="0.000" asserts="1" />
                  <test-case name="presto.parser.TestBoaLexer.testTryStatement" executed="True" success="True" time="0.000" asserts="0" />
                </results>
              </test-suite>
              <test-suite name="TestBoaParserAtoms" success="True" time="0.088" asserts="0">
                <results>
                  <test-case name="presto.parser.TestBoaParserAtoms.testArgument" executed="True" success="True" time="0.001" asserts="3" />
                  <test-case name="presto.parser.TestBoaParserAtoms.testArgumentAssignmentList1Arg" executed="True" success="True" time="0.002" asserts="3" />
                  <test-case name="presto.parser.TestBoaParserAtoms.testArrayAttribute" executed="True" success="True" time="0.001" asserts="3" />
                  <test-case name="presto.parser.TestBoaParserAtoms.testAssignmentConstructor" executed="True" success="True" time="0.010" asserts="2" />
                  <test-case name="presto.parser.TestBoaParserAtoms.testAttribute" executed="True" success="True" time="0.000" asserts="3" />
                  <test-case name="presto.parser.TestBoaParserAtoms.testBooleanLiteral" executed="True" success="True" time="0.003" asserts="8" />
                  <test-case name="presto.parser.TestBoaParserAtoms.testCategory1Attribute" executed="True" success="True" time="0.001" asserts="5" />
                  <test-case name="presto.parser.TestBoaParserAtoms.testCategory1Derived1Attribute" executed="True" success="True" time="0.000" asserts="6" />
                  <test-case name="presto.parser.TestBoaParserAtoms.testCategory2Attributes" executed="True" success="True" time="0.000" asserts="6" />
                  <test-case name="presto.parser.TestBoaParserAtoms.testCategory2DerivedNoAttribute" executed="True" success="True" time="0.000" asserts="6" />
                  <test-case name="presto.parser.TestBoaParserAtoms.testComplexArgumentAssignment" executed="True" success="True" time="0.001" asserts="3" />
                  <test-case name="presto.parser.TestBoaParserAtoms.testConstructor1Attribute" executed="True" success="True" time="0.003" asserts="1" />
                  <test-case name="presto.parser.TestBoaParserAtoms.testConstructor2AttributesAnd" executed="True" success="True" time="0.003" asserts="11" />
                  <test-case name="presto.parser.TestBoaParserAtoms.testConstructor2AttributesComma" executed="True" success="True" time="0.002" asserts="11" />
                  <test-case name="presto.parser.TestBoaParserAtoms.testConstructorFrom1Attribute" executed="True" success="True" time="0.001" asserts="1" />
                  <test-case name="presto.parser.TestBoaParserAtoms.testDateTime" executed="True" success="True" time="0.001" asserts="4" />
                  <test-case name="presto.parser.TestBoaParserAtoms.testDateTimeWithMillis" executed="True" success="True" time="0.000" asserts="4" />
                  <test-case name="presto.parser.TestBoaParserAtoms.testDateTimeWithTZ" executed="True" success="True" time="0.000" asserts="4" />
                  <test-case name="presto.parser.TestBoaParserAtoms.testDecimalLiteral" executed="True" success="True" time="0.001" asserts="4" />
                  <test-case name="presto.parser.TestBoaParserAtoms.testEmptyDictLiteral" executed="True" success="True" time="0.001" asserts="3" />
                  <test-case name="presto.parser.TestBoaParserAtoms.testEmptyListLiteral" executed="True" success="True" time="0.001" asserts="4" />
                  <test-case name="presto.parser.TestBoaParserAtoms.testExpressionWith" executed="True" success="True" time="0.001" asserts="2" />
                  <test-case name="presto.parser.TestBoaParserAtoms.testHexaLiteral" executed="True" success="True" time="0.001" asserts="4" />
                  <test-case name="presto.parser.TestBoaParserAtoms.testIntegerLiteral" executed="True" success="True" time="0.000" asserts="4" />
                  <test-case name="presto.parser.TestBoaParserAtoms.testList1Argument" executed="True" success="True" time="0.000" asserts="2" />
                  <test-case name="presto.parser.TestBoaParserAtoms.testList2ArgumentsAnd" executed="True" success="True" time="0.000" asserts="2" />
                  <test-case name="presto.parser.TestBoaParserAtoms.testList2ArgumentsComma" executed="True" success="True" time="0.001" asserts="2" />
                  <test-case name="presto.parser.TestBoaParserAtoms.testMemberExpression" executed="True" success="True" time="0.000" asserts="4" />
                  <test-case name="presto.parser.TestBoaParserAtoms.testMethod1Array1Statement" executed="True" success="True" time="0.002" asserts="6" />
                  <test-case name="presto.parser.TestBoaParserAtoms.testMethod1Extended1Statement" executed="True" success="True" time="0.001" asserts="6" />
                  <test-case name="presto.parser.TestBoaParserAtoms.testMethod1Parameter1Statement" executed="True" success="True" time="0.001" asserts="6" />
                  <test-case name="presto.parser.TestBoaParserAtoms.testMethodCallExpression" executed="True" success="True" time="0.001" asserts="1" />
                  <test-case name="presto.parser.TestBoaParserAtoms.testMethodCallWith" executed="True" success="True" time="0.016" asserts="6" />
                  <test-case name="presto.parser.TestBoaParserAtoms.testMethodWith" executed="True" success="True" time="0.001" asserts="2" />
                  <test-case name="presto.parser.TestBoaParserAtoms.testNativeCSharp" executed="True" success="True" time="0.000" asserts="2" />
                  <test-case name="presto.parser.TestBoaParserAtoms.testNativeJava" executed="True" success="True" time="0.000" asserts="2" />
                  <test-case name="presto.parser.TestBoaParserAtoms.testNativeMethod" executed="True" success="True" time="0.000" asserts="2" />
                  <test-case name="presto.parser.TestBoaParserAtoms.testNativeSymbol" executed="True" success="True" time="0.001" asserts="3" />
                  <test-case name="presto.parser.TestBoaParserAtoms.testParseHexa" executed="True" success="True" time="0.000" asserts="1" />
                  <test-case name="presto.parser.TestBoaParserAtoms.testPeriod" executed="True" success="True" time="0.000" asserts="4" />
                  <test-case name="presto.parser.TestBoaParserAtoms.testRange" executed="True" success="True" time="0.001" asserts="4" />
                  <test-case name="presto.parser.TestBoaParserAtoms.testSimpleArgumentAssignment" executed="True" success="True" time="0.001" asserts="3" />
                  <test-case name="presto.parser.TestBoaParserAtoms.testSimpleDate" executed="True" success="True" time="0.001" asserts="4" />
                  <test-case name="presto.parser.TestBoaParserAtoms.testSimpleDictLiteral" executed="True" success="True" time="0.001" asserts="3" />
                  <test-case name="presto.parser.TestBoaParserAtoms.testSimpleListLiteral" executed="True" success="True" time="0.001" asserts="6" />
                  <test-case name="presto.parser.TestBoaParserAtoms.testSimpleTime" executed="True" success="True" time="0.000" asserts="4" />
                  <test-case name="presto.parser.TestBoaParserAtoms.testStringLiteral" executed="True" success="True" time="0.000" asserts="4" />
                  <test-case name="presto.parser.TestBoaParserAtoms.testTuple" executed="True" success="True" time="0.001" asserts="5" />
                </results>
              </test-suite>
              <test-suite name="TestBoaParserFiles" success="True" time="0.018" asserts="0">
                <results>
                  <test-case name="presto.parser.TestBoaParserFiles.testAttribute" executed="True" success="True" time="0.003" asserts="3" />
                  <test-case name="presto.parser.TestBoaParserFiles.testEmpty" executed="True" success="True" time="0.000" asserts="2" />
                  <test-case name="presto.parser.TestBoaParserFiles.testImplicit" executed="True" success="True" time="0.002" asserts="3" />
                  <test-case name="presto.parser.TestBoaParserFiles.testNative" executed="True" success="True" time="0.001" asserts="3" />
                  <test-case name="presto.parser.TestBoaParserFiles.testPolymorphicImplicit" executed="True" success="True" time="0.008" asserts="3" />
                  <test-case name="presto.parser.TestBoaParserFiles.testSpecified" executed="True" success="True" time="0.003" asserts="3" />
                </results>
              </test-suite>
              <test-suite name="TestJavaParser" success="True" time="0.006" asserts="0">
                <results>
                  <test-case name="presto.parser.TestJavaParser.testArray" executed="True" success="True" time="0.003" asserts="2" />
                  <test-case name="presto.parser.TestJavaParser.testExpression" executed="True" success="True" time="0.000" asserts="2" />
                  <test-case name="presto.parser.TestJavaParser.testFunction" executed="True" success="True" time="0.001" asserts="2" />
                  <test-case name="presto.parser.TestJavaParser.testReturn" executed="True" success="True" time="0.000" asserts="2" />
                </results>
              </test-suite>
              <test-suite name="TestOopsParserAtoms" success="True" time="0.051" asserts="0">
                <results>
                  <test-case name="presto.parser.TestOopsParserAtoms.testArgument" executed="True" success="True" time="0.000" asserts="3" />
                  <test-case name="presto.parser.TestOopsParserAtoms.testArrayAttribute" executed="True" success="True" time="0.001" asserts="3" />
                  <test-case name="presto.parser.TestOopsParserAtoms.testAssignmentConstructor" executed="True" success="True" time="0.001" asserts="2" />
                  <test-case name="presto.parser.TestOopsParserAtoms.testAttribute" executed="True" success="True" time="0.000" asserts="3" />
                  <test-case name="presto.parser.TestOopsParserAtoms.testBooleanLiteral" executed="True" success="True" time="0.001" asserts="8" />
                  <test-case name="presto.parser.TestOopsParserAtoms.testCategory1Attribute" executed="True" success="True" time="0.001" asserts="5" />
                  <test-case name="presto.parser.TestOopsParserAtoms.testCategory1Derived1Attribute" executed="True" success="True" time="0.000" asserts="6" />
                  <test-case name="presto.parser.TestOopsParserAtoms.testCategory2Attributes" executed="True" success="True" time="0.000" asserts="6" />
                  <test-case name="presto.parser.TestOopsParserAtoms.testCategory2DerivedNoAttribute" executed="True" success="True" time="0.000" asserts="6" />
                  <test-case name="presto.parser.TestOopsParserAtoms.testConstructor1Attribute" executed="True" success="True" time="0.000" asserts="1" />
                  <test-case name="presto.parser.TestOopsParserAtoms.testConstructor2AttributesComma" executed="True" success="True" time="0.001" asserts="11" />
                  <test-case name="presto.parser.TestOopsParserAtoms.testConstructorFrom1Attribute" executed="True" success="True" time="0.000" asserts="1" />
                  <test-case name="presto.parser.TestOopsParserAtoms.testContainsAnyExpression" executed="True" success="True" time="0.001" asserts="1" />
                  <test-case name="presto.parser.TestOopsParserAtoms.testDateTime" executed="True" success="True" time="0.000" asserts="4" />
                  <test-case name="presto.parser.TestOopsParserAtoms.testDateTimeWithMillis" executed="True" success="True" time="0.000" asserts="4" />
                  <test-case name="presto.parser.TestOopsParserAtoms.testDateTimeWithTZ" executed="True" success="True" time="0.000" asserts="4" />
                  <test-case name="presto.parser.TestOopsParserAtoms.testDecimalLiteral" executed="True" success="True" time="0.000" asserts="4" />
                  <test-case name="presto.parser.TestOopsParserAtoms.testEmptyDictLiteral" executed="True" success="True" time="0.000" asserts="3" />
                  <test-case name="presto.parser.TestOopsParserAtoms.testEmptyListLiteral" executed="True" success="True" time="0.000" asserts="4" />
                  <test-case name="presto.parser.TestOopsParserAtoms.testExpressionWith" executed="True" success="True" time="0.001" asserts="2" />
                  <test-case name="presto.parser.TestOopsParserAtoms.testHexaLiteral" executed="True" success="True" time="0.001" asserts="4" />
                  <test-case name="presto.parser.TestOopsParserAtoms.testInstanceExpression" executed="True" success="True" time="0.000" asserts="1" />
                  <test-case name="presto.parser.TestOopsParserAtoms.testIntegerLiteral" executed="True" success="True" time="0.000" asserts="4" />
                  <test-case name="presto.parser.TestOopsParserAtoms.testList1Argument" executed="True" success="True" time="0.005" asserts="2" />
                  <test-case name="presto.parser.TestOopsParserAtoms.testList2ArgumentsComma" executed="True" success="True" time="0.002" asserts="2" />
                  <test-case name="presto.parser.TestOopsParserAtoms.testMemberExpression" executed="True" success="True" time="0.001" asserts="4" />
                  <test-case name="presto.parser.TestOopsParserAtoms.testMethod1Array1Statement" executed="True" success="True" time="0.001" asserts="6" />
                  <test-case name="presto.parser.TestOopsParserAtoms.testMethod1Extended1Statement" executed="True" success="True" time="0.001" asserts="6" />
                  <test-case name="presto.parser.TestOopsParserAtoms.testMethod1Parameter1Statement" executed="True" success="True" time="0.001" asserts="6" />
                  <test-case name="presto.parser.TestOopsParserAtoms.testMethodCallExpression" executed="True" success="True" time="0.000" asserts="1" />
                  <test-case name="presto.parser.TestOopsParserAtoms.testMethodCallWith" executed="True" success="True" time="0.001" asserts="6" />
                  <test-case name="presto.parser.TestOopsParserAtoms.testMethodWith" executed="True" success="True" time="0.000" asserts="2" />
                  <test-case name="presto.parser.TestOopsParserAtoms.testNativeCSharp" executed="True" success="True" time="0.000" asserts="2" />
                  <test-case name="presto.parser.TestOopsParserAtoms.testNativeJava" executed="True" success="True" time="0.000" asserts="2" />
                  <test-case name="presto.parser.TestOopsParserAtoms.testNativeMethod" executed="True" success="True" time="0.000" asserts="2" />
                  <test-case name="presto.parser.TestOopsParserAtoms.testNativeSymbol" executed="True" success="True" time="0.000" asserts="3" />
                  <test-case name="presto.parser.TestOopsParserAtoms.testParseHexa" executed="True" success="True" time="0.000" asserts="1" />
                  <test-case name="presto.parser.TestOopsParserAtoms.testPeriod" executed="True" success="True" time="0.000" asserts="4" />
                  <test-case name="presto.parser.TestOopsParserAtoms.testRange" executed="True" success="True" time="0.001" asserts="4" />
                  <test-case name="presto.parser.TestOopsParserAtoms.testSimpleDate" executed="True" success="True" time="0.000" asserts="4" />
                  <test-case name="presto.parser.TestOopsParserAtoms.testSimpleDictLiteral" executed="True" success="True" time="0.000" asserts="3" />
                  <test-case name="presto.parser.TestOopsParserAtoms.testSimpleListLiteral" executed="True" success="True" time="0.001" asserts="6" />
                  <test-case name="presto.parser.TestOopsParserAtoms.testSimpleTime" executed="True" success="True" time="0.000" asserts="4" />
                  <test-case name="presto.parser.TestOopsParserAtoms.testStringLiteral" executed="True" success="True" time="0.000" asserts="4" />
                  <test-case name="presto.parser.TestOopsParserAtoms.testTuple" executed="True" success="True" time="0.001" asserts="5" />
                </results>
              </test-suite>
              <test-suite name="TestOopsParserFiles" success="True" time="0.000" asserts="0">
                <results>
                  <test-case name="presto.parser.TestOopsParserFiles.testEmpty" executed="True" success="True" time="0.000" asserts="2" />
                </results>
              </test-suite>
            </results>
          </test-suite>
          <test-suite name="utils" success="True" time="0.010" asserts="0">
            <results>
              <test-suite name="PeriodTest" success="True" time="0.002" asserts="0">
                <results>
                  <test-case name="presto.utils.PeriodTest.TestMany" executed="True" success="True" time="0.002" asserts="6" />
                </results>
              </test-suite>
            </results>
          </test-suite>
        </results>
      </test-suite>
    </results>
  </test-suite>
</test-results>